[0.105s] Invoking command in '/home/taj71/ur5_ws/build/ur5_controller': CMAKE_PREFIX_PATH=/opt/ros/iron:/opt/ros/humble /usr/bin/cmake --build /home/taj71/ur5_ws/build/ur5_controller -- -j8 -l8
[1.091s] Invoked command in '/home/taj71/ur5_ws/build/ur5_controller' returned '0': CMAKE_PREFIX_PATH=/opt/ros/iron:/opt/ros/humble /usr/bin/cmake --build /home/taj71/ur5_ws/build/ur5_controller -- -j8 -l8
[1.106s] Invoking command in '/home/taj71/ur5_ws/build/ur5_controller': CMAKE_PREFIX_PATH=/opt/ros/iron:/opt/ros/humble /usr/bin/cmake --install /home/taj71/ur5_ws/build/ur5_controller
[1.175s] -- Install configuration: ""
[1.176s] -- Up-to-date: /home/taj71/ur5_ws/install/ur5_controller/share/ur5_controller/config
[1.176s] -- Up-to-date: /home/taj71/ur5_ws/install/ur5_controller/share/ur5_controller/config/ur5_controller.yaml
[1.177s] -- Up-to-date: /home/taj71/ur5_ws/install/ur5_controller/share/ur5_controller/config/new.yaml
[1.178s] -- Up-to-date: /home/taj71/ur5_ws/install/ur5_controller/share/ament_index/resource_index/package_run_dependencies/ur5_controller
[1.179s] -- Up-to-date: /home/taj71/ur5_ws/install/ur5_controller/share/ament_index/resource_index/parent_prefix_path/ur5_controller
[1.179s] -- Up-to-date: /home/taj71/ur5_ws/install/ur5_controller/share/ur5_controller/environment/ament_prefix_path.sh
[1.182s] -- Up-to-date: /home/taj71/ur5_ws/install/ur5_controller/share/ur5_controller/environment/ament_prefix_path.dsv
[1.183s] -- Up-to-date: /home/taj71/ur5_ws/install/ur5_controller/share/ur5_controller/environment/path.sh
[1.183s] -- Up-to-date: /home/taj71/ur5_ws/install/ur5_controller/share/ur5_controller/environment/path.dsv
[1.183s] -- Up-to-date: /home/taj71/ur5_ws/install/ur5_controller/share/ur5_controller/local_setup.bash
[1.184s] -- Up-to-date: /home/taj71/ur5_ws/install/ur5_controller/share/ur5_controller/local_setup.sh
[1.184s] -- Up-to-date: /home/taj71/ur5_ws/install/ur5_controller/share/ur5_controller/local_setup.zsh
[1.185s] -- Up-to-date: /home/taj71/ur5_ws/install/ur5_controller/share/ur5_controller/local_setup.dsv
[1.185s] -- Installing: /home/taj71/ur5_ws/install/ur5_controller/share/ur5_controller/package.dsv
[1.185s] -- Up-to-date: /home/taj71/ur5_ws/install/ur5_controller/share/ament_index/resource_index/packages/ur5_controller
[1.186s] -- Up-to-date: /home/taj71/ur5_ws/install/ur5_controller/share/ur5_controller/cmake/ur5_controllerConfig.cmake
[1.188s] -- Up-to-date: /home/taj71/ur5_ws/install/ur5_controller/share/ur5_controller/cmake/ur5_controllerConfig-version.cmake
[1.189s] -- Up-to-date: /home/taj71/ur5_ws/install/ur5_controller/share/ur5_controller/package.xml
[1.321s] Invoked command in '/home/taj71/ur5_ws/build/ur5_controller' returned '0': CMAKE_PREFIX_PATH=/opt/ros/iron:/opt/ros/humble /usr/bin/cmake --install /home/taj71/ur5_ws/build/ur5_controller
