[1.055s] Invoking command in '/home/taj71/ur5_ws/src/ur5_robot_py': PYTHONPATH=/home/taj71/ur5_ws/build/ur5_robot_py/prefix_override:/home/taj71/.local/lib/python3.10/site-packages/colcon_core/task/python/colcon_distutils_commands:/home/taj71/ur5_ws/install/ur5_robot_py/lib/python3.10/site-packages:${PYTHONPATH} /usr/bin/python3 -W ignore:setup.py install is deprecated -W ignore:easy_install command is deprecated setup.py egg_info --egg-base ../../build/ur5_robot_py build --build-base /home/taj71/ur5_ws/build/ur5_robot_py/build install --record /home/taj71/ur5_ws/build/ur5_robot_py/install.log --single-version-externally-managed install_data
[1.377s] running egg_info
[1.378s] writing ../../build/ur5_robot_py/ur5_robot_py.egg-info/PKG-INFO
[1.379s] writing dependency_links to ../../build/ur5_robot_py/ur5_robot_py.egg-info/dependency_links.txt
[1.379s] writing entry points to ../../build/ur5_robot_py/ur5_robot_py.egg-info/entry_points.txt
[1.380s] writing requirements to ../../build/ur5_robot_py/ur5_robot_py.egg-info/requires.txt
[1.380s] writing top-level names to ../../build/ur5_robot_py/ur5_robot_py.egg-info/top_level.txt
[1.383s] reading manifest file '../../build/ur5_robot_py/ur5_robot_py.egg-info/SOURCES.txt'
[1.384s] writing manifest file '../../build/ur5_robot_py/ur5_robot_py.egg-info/SOURCES.txt'
[1.384s] running build
[1.385s] running build_py
[1.385s] running install
[1.385s] running install_lib
[1.386s] running install_data
[1.387s] running install_egg_info
[1.388s] removing '/home/taj71/ur5_ws/install/ur5_robot_py/lib/python3.10/site-packages/ur5_robot_py-0.0.0-py3.10.egg-info' (and everything under it)
[1.389s] Copying ../../build/ur5_robot_py/ur5_robot_py.egg-info to /home/taj71/ur5_ws/install/ur5_robot_py/lib/python3.10/site-packages/ur5_robot_py-0.0.0-py3.10.egg-info
[1.390s] running install_scripts
[1.413s] writing list of installed files to '/home/taj71/ur5_ws/build/ur5_robot_py/install.log'
[1.463s] Invoked command in '/home/taj71/ur5_ws/src/ur5_robot_py' returned '0': PYTHONPATH=/home/taj71/ur5_ws/build/ur5_robot_py/prefix_override:/home/taj71/.local/lib/python3.10/site-packages/colcon_core/task/python/colcon_distutils_commands:/home/taj71/ur5_ws/install/ur5_robot_py/lib/python3.10/site-packages:${PYTHONPATH} /usr/bin/python3 -W ignore:setup.py install is deprecated -W ignore:easy_install command is deprecated setup.py egg_info --egg-base ../../build/ur5_robot_py build --build-base /home/taj71/ur5_ws/build/ur5_robot_py/build install --record /home/taj71/ur5_ws/build/ur5_robot_py/install.log --single-version-externally-managed install_data
