[0.039s] Invoking command in '/home/taj71/octo_ws/src/build/robotiq_description': CMAKE_PREFIX_PATH=${CMAKE_PREFIX_PATH}:/opt/ros/iron /usr/bin/cmake --build /home/taj71/octo_ws/src/build/robotiq_description -- -j8 -l8
[0.059s] [0mCMake Error: The current CMakeCache.txt directory /home/taj71/octo_ws/src/build/robotiq_description/CMakeCache.txt is different than the directory /home/taj71/ur5_ws/src/build/robotiq_description where CMakeCache.txt was created. This may result in binaries being created in the wrong place. If you are not sure, reedit the CMakeCache.txt[0m
[0.119s] -- Found ament_cmake: 2.0.7 (/opt/ros/iron/share/ament_cmake/cmake)
[0.456s] -- Found ament_cmake_pytest: 2.0.7 (/opt/ros/iron/share/ament_cmake_pytest/cmake)
[0.574s] -- Configuring done
[0.593s] -- Generating done
[0.597s] -- Build files have been written to: /home/taj71/ur5_ws/src/build/robotiq_description
[0.622s] Invoked command in '/home/taj71/octo_ws/src/build/robotiq_description' returned '0': CMAKE_PREFIX_PATH=${CMAKE_PREFIX_PATH}:/opt/ros/iron /usr/bin/cmake --build /home/taj71/octo_ws/src/build/robotiq_description -- -j8 -l8
[0.638s] Invoking command in '/home/taj71/octo_ws/src/build/robotiq_description': CMAKE_PREFIX_PATH=${CMAKE_PREFIX_PATH}:/opt/ros/iron /usr/bin/cmake --install /home/taj71/octo_ws/src/build/robotiq_description
[0.656s] -- Install configuration: ""
[0.657s] -- Up-to-date: /home/taj71/ur5_ws/src/install/robotiq_description/share/robotiq_description/config
[0.657s] -- Up-to-date: /home/taj71/ur5_ws/src/install/robotiq_description/share/robotiq_description/config/config.rviz
[0.657s] -- Up-to-date: /home/taj71/ur5_ws/src/install/robotiq_description/share/robotiq_description/launch
[0.658s] -- Up-to-date: /home/taj71/ur5_ws/src/install/robotiq_description/share/robotiq_description/launch/display.launch.py
[0.658s] -- Up-to-date: /home/taj71/ur5_ws/src/install/robotiq_description/share/robotiq_description/meshes
[0.658s] -- Up-to-date: /home/taj71/ur5_ws/src/install/robotiq_description/share/robotiq_description/meshes/collision
[0.659s] -- Up-to-date: /home/taj71/ur5_ws/src/install/robotiq_description/share/robotiq_description/meshes/collision/robotiq_85_inner_knuckle_link.stl
[0.660s] -- Up-to-date: /home/taj71/ur5_ws/src/install/robotiq_description/share/robotiq_description/meshes/collision/robotiq_85_base_link.stl
[0.664s] -- Up-to-date: /home/taj71/ur5_ws/src/install/robotiq_description/share/robotiq_description/meshes/collision/robotiq_85_finger_tip_link.stl
[0.666s] -- Up-to-date: /home/taj71/ur5_ws/src/install/robotiq_description/share/robotiq_description/meshes/collision/robotiq_85_finger_link.stl
[0.669s] -- Up-to-date: /home/taj71/ur5_ws/src/install/robotiq_description/share/robotiq_description/meshes/collision/robotiq_85_knuckle_link.stl
[0.671s] -- Up-to-date: /home/taj71/ur5_ws/src/install/robotiq_description/share/robotiq_description/meshes/visual
[0.672s] -- Up-to-date: /home/taj71/ur5_ws/src/install/robotiq_description/share/robotiq_description/meshes/visual/robotiq_85_inner_knuckle_link.dae
[0.673s] -- Up-to-date: /home/taj71/ur5_ws/src/install/robotiq_description/share/robotiq_description/meshes/visual/robotiq_85_knuckle_link.dae
[0.675s] -- Up-to-date: /home/taj71/ur5_ws/src/install/robotiq_description/share/robotiq_description/meshes/visual/robotiq_85_finger_link.dae
[0.676s] -- Up-to-date: /home/taj71/ur5_ws/src/install/robotiq_description/share/robotiq_description/meshes/visual/d455.stl
[0.677s] -- Up-to-date: /home/taj71/ur5_ws/src/install/robotiq_description/share/robotiq_description/meshes/visual/robotiq_85_finger_tip_link.dae
[0.677s] -- Up-to-date: /home/taj71/ur5_ws/src/install/robotiq_description/share/robotiq_description/meshes/visual/d455.stl:Zone.Identifier
[0.677s] -- Up-to-date: /home/taj71/ur5_ws/src/install/robotiq_description/share/robotiq_description/meshes/visual/robotiq_85_base_link.dae
[0.678s] -- Up-to-date: /home/taj71/ur5_ws/src/install/robotiq_description/share/robotiq_description/rviz
[0.678s] -- Up-to-date: /home/taj71/ur5_ws/src/install/robotiq_description/share/robotiq_description/rviz/display.rviz
[0.679s] -- Up-to-date: /home/taj71/ur5_ws/src/install/robotiq_description/share/robotiq_description/urdf
[0.679s] -- Up-to-date: /home/taj71/ur5_ws/src/install/robotiq_description/share/robotiq_description/urdf/robotiq_85_gripper2.xacro
[0.679s] -- Up-to-date: /home/taj71/ur5_ws/src/install/robotiq_description/share/robotiq_description/urdf/robotiq_85_gripper.xacro
[0.680s] -- Up-to-date: /home/taj71/ur5_ws/src/install/robotiq_description/share/robotiq_description/urdf/robotiq_85_gripper.transmission.xacro
[0.680s] -- Up-to-date: /home/taj71/ur5_ws/src/install/robotiq_description/share/robotiq_description/urdf/robotiq_85_gripper.urdf.xacro
[0.680s] -- Up-to-date: /home/taj71/ur5_ws/src/install/robotiq_description/share/robotiq_description/urdf/robotiq_85_gripper_sim_base.urdf.xacro
[0.680s] -- Up-to-date: /home/taj71/ur5_ws/src/install/robotiq_description/share/ament_index/resource_index/package_run_dependencies/robotiq_description
[0.681s] -- Installing: /home/taj71/ur5_ws/src/install/robotiq_description/share/ament_index/resource_index/parent_prefix_path/robotiq_description
[0.682s] -- Up-to-date: /home/taj71/ur5_ws/src/install/robotiq_description/share/robotiq_description/environment/ament_prefix_path.sh
[0.683s] -- Up-to-date: /home/taj71/ur5_ws/src/install/robotiq_description/share/robotiq_description/environment/ament_prefix_path.dsv
[0.684s] -- Up-to-date: /home/taj71/ur5_ws/src/install/robotiq_description/share/robotiq_description/environment/path.sh
[0.685s] -- Up-to-date: /home/taj71/ur5_ws/src/install/robotiq_description/share/robotiq_description/environment/path.dsv
[0.686s] -- Up-to-date: /home/taj71/ur5_ws/src/install/robotiq_description/share/robotiq_description/local_setup.bash
[0.686s] -- Up-to-date: /home/taj71/ur5_ws/src/install/robotiq_description/share/robotiq_description/local_setup.sh
[0.687s] -- Up-to-date: /home/taj71/ur5_ws/src/install/robotiq_description/share/robotiq_description/local_setup.zsh
[0.687s] -- Up-to-date: /home/taj71/ur5_ws/src/install/robotiq_description/share/robotiq_description/local_setup.dsv
[0.688s] -- Up-to-date: /home/taj71/ur5_ws/src/install/robotiq_description/share/robotiq_description/package.dsv
[0.689s] -- Up-to-date: /home/taj71/ur5_ws/src/install/robotiq_description/share/ament_index/resource_index/packages/robotiq_description
[0.689s] -- Up-to-date: /home/taj71/ur5_ws/src/install/robotiq_description/share/robotiq_description/cmake/robotiq_descriptionConfig.cmake
[0.689s] -- Up-to-date: /home/taj71/ur5_ws/src/install/robotiq_description/share/robotiq_description/cmake/robotiq_descriptionConfig-version.cmake
[0.690s] -- Up-to-date: /home/taj71/ur5_ws/src/install/robotiq_description/share/robotiq_description/package.xml
[0.706s] Invoked command in '/home/taj71/octo_ws/src/build/robotiq_description' returned '0': CMAKE_PREFIX_PATH=${CMAKE_PREFIX_PATH}:/opt/ros/iron /usr/bin/cmake --install /home/taj71/octo_ws/src/build/robotiq_description
