[0.038s] Invoking command in '/home/taj71/ur5_ws/build/robotiq_gripper': CMAKE_PREFIX_PATH=/home/taj71/ur5_ws/install/ur5_robot_py:/opt/ros/iron:${CMAKE_PREFIX_PATH} /usr/bin/cmake --build /home/taj71/ur5_ws/build/robotiq_gripper -- -j8 -l8
[0.066s] -- Found ament_cmake: 2.0.7 (/opt/ros/iron/share/ament_cmake/cmake)
[0.253s] -- Found ament_lint_auto: 0.14.4 (/opt/ros/iron/share/ament_lint_auto/cmake)
[0.367s] -- Added test 'flake8' to check Python code syntax and style conventions
[0.367s] -- Configured 'flake8' exclude dirs and/or files: 
[0.367s] -- Added test 'lint_cmake' to check CMake code style
[0.368s] -- Added test 'pep257' to check Python code against some of the docstring style conventions in PEP 257
[0.371s] -- Added test 'xmllint' to check XML markup files
[0.372s] -- Configuring done
[0.376s] -- Generating done
[0.378s] -- Build files have been written to: /home/taj71/ur5_ws/build/robotiq_gripper
[0.471s] Invoked command in '/home/taj71/ur5_ws/build/robotiq_gripper' returned '0': CMAKE_PREFIX_PATH=/home/taj71/ur5_ws/install/ur5_robot_py:/opt/ros/iron:${CMAKE_PREFIX_PATH} /usr/bin/cmake --build /home/taj71/ur5_ws/build/robotiq_gripper -- -j8 -l8
[0.475s] Invoking command in '/home/taj71/ur5_ws/build/robotiq_gripper': CMAKE_PREFIX_PATH=/home/taj71/ur5_ws/install/ur5_robot_py:/opt/ros/iron:${CMAKE_PREFIX_PATH} /usr/bin/cmake --install /home/taj71/ur5_ws/build/robotiq_gripper
[0.508s] -- Install configuration: ""
[0.508s] -- Installing: /home/taj71/ur5_ws/install/robotiq_gripper/share//meshes
[0.509s] -- Installing: /home/taj71/ur5_ws/install/robotiq_gripper/share//meshes/collision
[0.509s] -- Installing: /home/taj71/ur5_ws/install/robotiq_gripper/share//meshes/collision/robotiq_85_inner_knuckle_link.stl
[0.510s] -- Installing: /home/taj71/ur5_ws/install/robotiq_gripper/share//meshes/collision/robotiq_85_base_link.stl
[0.510s] -- Installing: /home/taj71/ur5_ws/install/robotiq_gripper/share//meshes/collision/robotiq_85_finger_tip_link.stl
[0.511s] -- Installing: /home/taj71/ur5_ws/install/robotiq_gripper/share//meshes/collision/robotiq_85_finger_link.stl
[0.511s] -- Installing: /home/taj71/ur5_ws/install/robotiq_gripper/share//meshes/collision/robotiq_85_knuckle_link.stl
[0.511s] -- Installing: /home/taj71/ur5_ws/install/robotiq_gripper/share//meshes/visual
[0.511s] -- Installing: /home/taj71/ur5_ws/install/robotiq_gripper/share//meshes/visual/robotiq_85_inner_knuckle_link.dae
[0.512s] -- Installing: /home/taj71/ur5_ws/install/robotiq_gripper/share//meshes/visual/robotiq_85_knuckle_link.dae
[0.513s] -- Installing: /home/taj71/ur5_ws/install/robotiq_gripper/share//meshes/visual/robotiq_85_finger_link.dae
[0.513s] -- Installing: /home/taj71/ur5_ws/install/robotiq_gripper/share//meshes/visual/robotiq_85_finger_tip_link.dae
[0.514s] -- Installing: /home/taj71/ur5_ws/install/robotiq_gripper/share//meshes/visual/robotiq_85_base_link.dae
[0.516s] -- Installing: /home/taj71/ur5_ws/install/robotiq_gripper/share//urdf
[0.516s] -- Installing: /home/taj71/ur5_ws/install/robotiq_gripper/share//urdf/robotiq_85_gripper2.xacro
[0.517s] -- Installing: /home/taj71/ur5_ws/install/robotiq_gripper/share//urdf/robotiq_85_gripper.xacro
[0.517s] -- Installing: /home/taj71/ur5_ws/install/robotiq_gripper/share//urdf/robotiq_85_gripper.transmission.xacro
[0.518s] -- Installing: /home/taj71/ur5_ws/install/robotiq_gripper/share//urdf/robotiq_85_gripper.urdf.xacro
[0.519s] -- Installing: /home/taj71/ur5_ws/install/robotiq_gripper/share//urdf/robotiq_85_gripper_sim_base.urdf.xacro
[0.519s] -- Installing: /home/taj71/ur5_ws/install/robotiq_gripper/share//launch
[0.519s] -- Installing: /home/taj71/ur5_ws/install/robotiq_gripper/share//launch/display.launch.py
[0.520s] -- Installing: /home/taj71/ur5_ws/install/robotiq_gripper/share//rviz
[0.520s] -- Installing: /home/taj71/ur5_ws/install/robotiq_gripper/share//rviz/display.rviz
[0.521s] -- Up-to-date: /home/taj71/ur5_ws/install/robotiq_gripper/share/ament_index/resource_index/package_run_dependencies/robotiq_gripper
[0.521s] -- Installing: /home/taj71/ur5_ws/install/robotiq_gripper/share/ament_index/resource_index/parent_prefix_path/robotiq_gripper
[0.522s] -- Up-to-date: /home/taj71/ur5_ws/install/robotiq_gripper/share/robotiq_gripper/environment/ament_prefix_path.sh
[0.522s] -- Up-to-date: /home/taj71/ur5_ws/install/robotiq_gripper/share/robotiq_gripper/environment/ament_prefix_path.dsv
[0.522s] -- Up-to-date: /home/taj71/ur5_ws/install/robotiq_gripper/share/robotiq_gripper/environment/path.sh
[0.523s] -- Up-to-date: /home/taj71/ur5_ws/install/robotiq_gripper/share/robotiq_gripper/environment/path.dsv
[0.523s] -- Up-to-date: /home/taj71/ur5_ws/install/robotiq_gripper/share/robotiq_gripper/local_setup.bash
[0.523s] -- Up-to-date: /home/taj71/ur5_ws/install/robotiq_gripper/share/robotiq_gripper/local_setup.sh
[0.523s] -- Up-to-date: /home/taj71/ur5_ws/install/robotiq_gripper/share/robotiq_gripper/local_setup.zsh
[0.524s] -- Up-to-date: /home/taj71/ur5_ws/install/robotiq_gripper/share/robotiq_gripper/local_setup.dsv
[0.526s] -- Up-to-date: /home/taj71/ur5_ws/install/robotiq_gripper/share/robotiq_gripper/package.dsv
[0.526s] -- Up-to-date: /home/taj71/ur5_ws/install/robotiq_gripper/share/ament_index/resource_index/packages/robotiq_gripper
[0.527s] -- Up-to-date: /home/taj71/ur5_ws/install/robotiq_gripper/share/robotiq_gripper/cmake/robotiq_gripperConfig.cmake
[0.528s] -- Up-to-date: /home/taj71/ur5_ws/install/robotiq_gripper/share/robotiq_gripper/cmake/robotiq_gripperConfig-version.cmake
[0.529s] -- Up-to-date: /home/taj71/ur5_ws/install/robotiq_gripper/share/robotiq_gripper/package.xml
[0.557s] Invoked command in '/home/taj71/ur5_ws/build/robotiq_gripper' returned '0': CMAKE_PREFIX_PATH=/home/taj71/ur5_ws/install/ur5_robot_py:/opt/ros/iron:${CMAKE_PREFIX_PATH} /usr/bin/cmake --install /home/taj71/ur5_ws/build/robotiq_gripper
