[0.705s] DEBUG:colcon:Command line arguments: ['/home/taj71/.local/bin/colcon', 'build']
[0.705s] DEBUG:colcon:Parsed command line arguments: Namespace(log_base=None, log_level=None, verb_name='build', build_base='build', install_base='install', merge_install=False, symlink_install=False, test_result_base=None, continue_on_error=False, executor='parallel', parallel_workers=8, event_handlers=None, ignore_user_meta=False, metas=['./colcon.meta'], base_paths=['.'], packages_ignore=None, packages_ignore_regex=None, paths=None, packages_up_to=None, packages_up_to_regex=None, packages_above=None, packages_above_and_dependencies=None, packages_above_depth=None, packages_select_by_dep=None, packages_skip_by_dep=None, packages_skip_up_to=None, packages_select_build_failed=False, packages_skip_build_finished=False, packages_select_test_failures=False, packages_skip_test_passed=False, packages_select=None, packages_skip=None, packages_select_regex=None, packages_skip_regex=None, packages_start=None, packages_end=None, allow_overriding=[], cmake_args=None, cmake_target=None, cmake_target_skip_unavailable=False, cmake_clean_cache=False, cmake_clean_first=False, cmake_force_configure=False, ament_cmake_args=None, catkin_cmake_args=None, catkin_skip_building_tests=False, mixin_files=None, mixin=None, verb_parser=<colcon_mixin.mixin.mixin_argument.MixinArgumentDecorator object at 0x7f288349c8e0>, verb_extension=<colcon_core.verb.build.BuildVerb object at 0x7f28835a1870>, main=<bound method BuildVerb.main of <colcon_core.verb.build.BuildVerb object at 0x7f28835a1870>>, mixin_verb=('build',))
[1.078s] Level 1:colcon.colcon_core.package_discovery:discover_packages(colcon_meta) check parameters
[1.079s] Level 1:colcon.colcon_core.package_discovery:discover_packages(recursive) check parameters
[1.079s] Level 1:colcon.colcon_core.package_discovery:discover_packages(ignore) check parameters
[1.079s] Level 1:colcon.colcon_core.package_discovery:discover_packages(path) check parameters
[1.079s] Level 1:colcon.colcon_core.package_discovery:discover_packages(colcon_meta) discover
[1.079s] Level 1:colcon.colcon_core.package_discovery:discover_packages(recursive) discover
[1.079s] INFO:colcon.colcon_core.package_discovery:Crawling recursively for packages in '/home/taj71/practic_ws'
[1.079s] Level 1:colcon.colcon_core.package_identification:_identify(.) by extensions ['ignore', 'ignore_ament_install']
[1.079s] Level 1:colcon.colcon_core.package_identification:_identify(.) by extension 'ignore'
[1.079s] Level 1:colcon.colcon_core.package_identification:_identify(.) by extension 'ignore_ament_install'
[1.079s] Level 1:colcon.colcon_core.package_identification:_identify(.) by extensions ['colcon_pkg']
[1.079s] Level 1:colcon.colcon_core.package_identification:_identify(.) by extension 'colcon_pkg'
[1.079s] Level 1:colcon.colcon_core.package_identification:_identify(.) by extensions ['colcon_meta']
[1.079s] Level 1:colcon.colcon_core.package_identification:_identify(.) by extension 'colcon_meta'
[1.079s] Level 1:colcon.colcon_core.package_identification:_identify(.) by extensions ['ros']
[1.079s] Level 1:colcon.colcon_core.package_identification:_identify(.) by extension 'ros'
[1.103s] Level 1:colcon.colcon_core.package_identification:_identify(.) by extensions ['cmake', 'python']
[1.103s] Level 1:colcon.colcon_core.package_identification:_identify(.) by extension 'cmake'
[1.103s] Level 1:colcon.colcon_core.package_identification:_identify(.) by extension 'python'
[1.103s] Level 1:colcon.colcon_core.package_identification:_identify(.) by extensions ['python_setup_py']
[1.103s] Level 1:colcon.colcon_core.package_identification:_identify(.) by extension 'python_setup_py'
[1.103s] Level 1:colcon.colcon_core.package_identification:_identify(build) by extensions ['ignore', 'ignore_ament_install']
[1.104s] Level 1:colcon.colcon_core.package_identification:_identify(build) by extension 'ignore'
[1.104s] Level 1:colcon.colcon_core.package_identification:_identify(build) ignored
[1.104s] Level 1:colcon.colcon_core.package_identification:_identify(install) by extensions ['ignore', 'ignore_ament_install']
[1.104s] Level 1:colcon.colcon_core.package_identification:_identify(install) by extension 'ignore'
[1.105s] Level 1:colcon.colcon_core.package_identification:_identify(install) ignored
[1.105s] Level 1:colcon.colcon_core.package_identification:_identify(log) by extensions ['ignore', 'ignore_ament_install']
[1.105s] Level 1:colcon.colcon_core.package_identification:_identify(log) by extension 'ignore'
[1.105s] Level 1:colcon.colcon_core.package_identification:_identify(log) ignored
[1.105s] Level 1:colcon.colcon_core.package_identification:_identify(src) by extensions ['ignore', 'ignore_ament_install']
[1.106s] Level 1:colcon.colcon_core.package_identification:_identify(src) by extension 'ignore'
[1.106s] Level 1:colcon.colcon_core.package_identification:_identify(src) by extension 'ignore_ament_install'
[1.106s] Level 1:colcon.colcon_core.package_identification:_identify(src) by extensions ['colcon_pkg']
[1.106s] Level 1:colcon.colcon_core.package_identification:_identify(src) by extension 'colcon_pkg'
[1.106s] Level 1:colcon.colcon_core.package_identification:_identify(src) by extensions ['colcon_meta']
[1.106s] Level 1:colcon.colcon_core.package_identification:_identify(src) by extension 'colcon_meta'
[1.106s] Level 1:colcon.colcon_core.package_identification:_identify(src) by extensions ['ros']
[1.106s] Level 1:colcon.colcon_core.package_identification:_identify(src) by extension 'ros'
[1.106s] Level 1:colcon.colcon_core.package_identification:_identify(src) by extensions ['cmake', 'python']
[1.107s] Level 1:colcon.colcon_core.package_identification:_identify(src) by extension 'cmake'
[1.107s] Level 1:colcon.colcon_core.package_identification:_identify(src) by extension 'python'
[1.107s] Level 1:colcon.colcon_core.package_identification:_identify(src) by extensions ['python_setup_py']
[1.107s] Level 1:colcon.colcon_core.package_identification:_identify(src) by extension 'python_setup_py'
[1.108s] Level 1:colcon.colcon_core.package_identification:_identify(src/build) by extensions ['ignore', 'ignore_ament_install']
[1.108s] Level 1:colcon.colcon_core.package_identification:_identify(src/build) by extension 'ignore'
[1.108s] Level 1:colcon.colcon_core.package_identification:_identify(src/build) ignored
[1.109s] Level 1:colcon.colcon_core.package_identification:_identify(src/install) by extensions ['ignore', 'ignore_ament_install']
[1.109s] Level 1:colcon.colcon_core.package_identification:_identify(src/install) by extension 'ignore'
[1.109s] Level 1:colcon.colcon_core.package_identification:_identify(src/install) ignored
[1.109s] Level 1:colcon.colcon_core.package_identification:_identify(src/log) by extensions ['ignore', 'ignore_ament_install']
[1.110s] Level 1:colcon.colcon_core.package_identification:_identify(src/log) by extension 'ignore'
[1.110s] Level 1:colcon.colcon_core.package_identification:_identify(src/log) ignored
[1.110s] Level 1:colcon.colcon_core.package_identification:_identify(src/robotiq_description) by extensions ['ignore', 'ignore_ament_install']
[1.110s] Level 1:colcon.colcon_core.package_identification:_identify(src/robotiq_description) by extension 'ignore'
[1.110s] Level 1:colcon.colcon_core.package_identification:_identify(src/robotiq_description) by extension 'ignore_ament_install'
[1.110s] Level 1:colcon.colcon_core.package_identification:_identify(src/robotiq_description) by extensions ['colcon_pkg']
[1.110s] Level 1:colcon.colcon_core.package_identification:_identify(src/robotiq_description) by extension 'colcon_pkg'
[1.111s] Level 1:colcon.colcon_core.package_identification:_identify(src/robotiq_description) by extensions ['colcon_meta']
[1.111s] Level 1:colcon.colcon_core.package_identification:_identify(src/robotiq_description) by extension 'colcon_meta'
[1.111s] Level 1:colcon.colcon_core.package_identification:_identify(src/robotiq_description) by extensions ['ros']
[1.111s] Level 1:colcon.colcon_core.package_identification:_identify(src/robotiq_description) by extension 'ros'
[1.116s] DEBUG:colcon.colcon_core.package_identification:Package 'src/robotiq_description' with type 'ros.ament_cmake' and name 'robotiq_description'
[1.116s] Level 1:colcon.colcon_core.package_identification:_identify(src/ur5_controller) by extensions ['ignore', 'ignore_ament_install']
[1.117s] Level 1:colcon.colcon_core.package_identification:_identify(src/ur5_controller) by extension 'ignore'
[1.117s] Level 1:colcon.colcon_core.package_identification:_identify(src/ur5_controller) by extension 'ignore_ament_install'
[1.117s] Level 1:colcon.colcon_core.package_identification:_identify(src/ur5_controller) by extensions ['colcon_pkg']
[1.117s] Level 1:colcon.colcon_core.package_identification:_identify(src/ur5_controller) by extension 'colcon_pkg'
[1.117s] Level 1:colcon.colcon_core.package_identification:_identify(src/ur5_controller) by extensions ['colcon_meta']
[1.117s] Level 1:colcon.colcon_core.package_identification:_identify(src/ur5_controller) by extension 'colcon_meta'
[1.117s] Level 1:colcon.colcon_core.package_identification:_identify(src/ur5_controller) by extensions ['ros']
[1.117s] Level 1:colcon.colcon_core.package_identification:_identify(src/ur5_controller) by extension 'ros'
[1.119s] DEBUG:colcon.colcon_core.package_identification:Package 'src/ur5_controller' with type 'ros.ament_cmake' and name 'ur5_controller'
[1.119s] Level 1:colcon.colcon_core.package_identification:_identify(src/ur5_gripper_moveit_config) by extensions ['ignore', 'ignore_ament_install']
[1.119s] Level 1:colcon.colcon_core.package_identification:_identify(src/ur5_gripper_moveit_config) by extension 'ignore'
[1.119s] Level 1:colcon.colcon_core.package_identification:_identify(src/ur5_gripper_moveit_config) by extension 'ignore_ament_install'
[1.119s] Level 1:colcon.colcon_core.package_identification:_identify(src/ur5_gripper_moveit_config) by extensions ['colcon_pkg']
[1.119s] Level 1:colcon.colcon_core.package_identification:_identify(src/ur5_gripper_moveit_config) by extension 'colcon_pkg'
[1.120s] Level 1:colcon.colcon_core.package_identification:_identify(src/ur5_gripper_moveit_config) by extensions ['colcon_meta']
[1.120s] Level 1:colcon.colcon_core.package_identification:_identify(src/ur5_gripper_moveit_config) by extension 'colcon_meta'
[1.120s] Level 1:colcon.colcon_core.package_identification:_identify(src/ur5_gripper_moveit_config) by extensions ['ros']
[1.120s] Level 1:colcon.colcon_core.package_identification:_identify(src/ur5_gripper_moveit_config) by extension 'ros'
[1.121s] DEBUG:colcon.colcon_core.package_identification:Package 'src/ur5_gripper_moveit_config' with type 'ros.ament_cmake' and name 'ur5_gripper_moveit_config'
[1.121s] Level 1:colcon.colcon_core.package_identification:_identify(src/ur5_robot_description) by extensions ['ignore', 'ignore_ament_install']
[1.122s] Level 1:colcon.colcon_core.package_identification:_identify(src/ur5_robot_description) by extension 'ignore'
[1.122s] Level 1:colcon.colcon_core.package_identification:_identify(src/ur5_robot_description) by extension 'ignore_ament_install'
[1.122s] Level 1:colcon.colcon_core.package_identification:_identify(src/ur5_robot_description) by extensions ['colcon_pkg']
[1.122s] Level 1:colcon.colcon_core.package_identification:_identify(src/ur5_robot_description) by extension 'colcon_pkg'
[1.122s] Level 1:colcon.colcon_core.package_identification:_identify(src/ur5_robot_description) by extensions ['colcon_meta']
[1.122s] Level 1:colcon.colcon_core.package_identification:_identify(src/ur5_robot_description) by extension 'colcon_meta'
[1.122s] Level 1:colcon.colcon_core.package_identification:_identify(src/ur5_robot_description) by extensions ['ros']
[1.122s] Level 1:colcon.colcon_core.package_identification:_identify(src/ur5_robot_description) by extension 'ros'
[1.128s] DEBUG:colcon.colcon_core.package_identification:Package 'src/ur5_robot_description' with type 'ros.ament_cmake' and name 'ur5_robot_description'
[1.128s] Level 1:colcon.colcon_core.package_discovery:discover_packages(recursive) using defaults
[1.128s] Level 1:colcon.colcon_core.package_discovery:discover_packages(ignore) discover
[1.128s] Level 1:colcon.colcon_core.package_discovery:discover_packages(ignore) using defaults
[1.128s] Level 1:colcon.colcon_core.package_discovery:discover_packages(path) discover
[1.129s] Level 1:colcon.colcon_core.package_discovery:discover_packages(path) using defaults
[1.193s] Level 1:colcon.colcon_core.package_discovery:discover_packages(prefix_path) check parameters
[1.193s] Level 1:colcon.colcon_core.package_discovery:discover_packages(prefix_path) discover
[1.196s] DEBUG:colcon.colcon_installed_package_information.package_discovery:Found 4 installed packages in /home/taj71/practic_ws/install
[1.198s] DEBUG:colcon.colcon_installed_package_information.package_discovery:Found 413 installed packages in /opt/ros/iron
[1.201s] Level 1:colcon.colcon_core.package_discovery:discover_packages(prefix_path) using defaults
[1.272s] Level 5:colcon.colcon_core.verb:set package 'robotiq_description' build argument 'cmake_args' from command line to 'None'
[1.272s] Level 5:colcon.colcon_core.verb:set package 'robotiq_description' build argument 'cmake_target' from command line to 'None'
[1.272s] Level 5:colcon.colcon_core.verb:set package 'robotiq_description' build argument 'cmake_target_skip_unavailable' from command line to 'False'
[1.272s] Level 5:colcon.colcon_core.verb:set package 'robotiq_description' build argument 'cmake_clean_cache' from command line to 'False'
[1.272s] Level 5:colcon.colcon_core.verb:set package 'robotiq_description' build argument 'cmake_clean_first' from command line to 'False'
[1.272s] Level 5:colcon.colcon_core.verb:set package 'robotiq_description' build argument 'cmake_force_configure' from command line to 'False'
[1.272s] Level 5:colcon.colcon_core.verb:set package 'robotiq_description' build argument 'ament_cmake_args' from command line to 'None'
[1.272s] Level 5:colcon.colcon_core.verb:set package 'robotiq_description' build argument 'catkin_cmake_args' from command line to 'None'
[1.272s] Level 5:colcon.colcon_core.verb:set package 'robotiq_description' build argument 'catkin_skip_building_tests' from command line to 'False'
[1.272s] DEBUG:colcon.colcon_core.verb:Building package 'robotiq_description' with the following arguments: {'ament_cmake_args': None, 'build_base': '/home/taj71/practic_ws/build/robotiq_description', 'catkin_cmake_args': None, 'catkin_skip_building_tests': False, 'cmake_args': None, 'cmake_clean_cache': False, 'cmake_clean_first': False, 'cmake_force_configure': False, 'cmake_target': None, 'cmake_target_skip_unavailable': False, 'install_base': '/home/taj71/practic_ws/install/robotiq_description', 'merge_install': False, 'path': '/home/taj71/practic_ws/src/robotiq_description', 'symlink_install': False, 'test_result_base': None}
[1.273s] Level 5:colcon.colcon_core.verb:set package 'ur5_controller' build argument 'cmake_args' from command line to 'None'
[1.273s] Level 5:colcon.colcon_core.verb:set package 'ur5_controller' build argument 'cmake_target' from command line to 'None'
[1.273s] Level 5:colcon.colcon_core.verb:set package 'ur5_controller' build argument 'cmake_target_skip_unavailable' from command line to 'False'
[1.273s] Level 5:colcon.colcon_core.verb:set package 'ur5_controller' build argument 'cmake_clean_cache' from command line to 'False'
[1.273s] Level 5:colcon.colcon_core.verb:set package 'ur5_controller' build argument 'cmake_clean_first' from command line to 'False'
[1.273s] Level 5:colcon.colcon_core.verb:set package 'ur5_controller' build argument 'cmake_force_configure' from command line to 'False'
[1.273s] Level 5:colcon.colcon_core.verb:set package 'ur5_controller' build argument 'ament_cmake_args' from command line to 'None'
[1.273s] Level 5:colcon.colcon_core.verb:set package 'ur5_controller' build argument 'catkin_cmake_args' from command line to 'None'
[1.273s] Level 5:colcon.colcon_core.verb:set package 'ur5_controller' build argument 'catkin_skip_building_tests' from command line to 'False'
[1.273s] DEBUG:colcon.colcon_core.verb:Building package 'ur5_controller' with the following arguments: {'ament_cmake_args': None, 'build_base': '/home/taj71/practic_ws/build/ur5_controller', 'catkin_cmake_args': None, 'catkin_skip_building_tests': False, 'cmake_args': None, 'cmake_clean_cache': False, 'cmake_clean_first': False, 'cmake_force_configure': False, 'cmake_target': None, 'cmake_target_skip_unavailable': False, 'install_base': '/home/taj71/practic_ws/install/ur5_controller', 'merge_install': False, 'path': '/home/taj71/practic_ws/src/ur5_controller', 'symlink_install': False, 'test_result_base': None}
[1.274s] Level 5:colcon.colcon_core.verb:set package 'ur5_robot_description' build argument 'cmake_args' from command line to 'None'
[1.274s] Level 5:colcon.colcon_core.verb:set package 'ur5_robot_description' build argument 'cmake_target' from command line to 'None'
[1.274s] Level 5:colcon.colcon_core.verb:set package 'ur5_robot_description' build argument 'cmake_target_skip_unavailable' from command line to 'False'
[1.274s] Level 5:colcon.colcon_core.verb:set package 'ur5_robot_description' build argument 'cmake_clean_cache' from command line to 'False'
[1.274s] Level 5:colcon.colcon_core.verb:set package 'ur5_robot_description' build argument 'cmake_clean_first' from command line to 'False'
[1.274s] Level 5:colcon.colcon_core.verb:set package 'ur5_robot_description' build argument 'cmake_force_configure' from command line to 'False'
[1.274s] Level 5:colcon.colcon_core.verb:set package 'ur5_robot_description' build argument 'ament_cmake_args' from command line to 'None'
[1.274s] Level 5:colcon.colcon_core.verb:set package 'ur5_robot_description' build argument 'catkin_cmake_args' from command line to 'None'
[1.274s] Level 5:colcon.colcon_core.verb:set package 'ur5_robot_description' build argument 'catkin_skip_building_tests' from command line to 'False'
[1.274s] DEBUG:colcon.colcon_core.verb:Building package 'ur5_robot_description' with the following arguments: {'ament_cmake_args': None, 'build_base': '/home/taj71/practic_ws/build/ur5_robot_description', 'catkin_cmake_args': None, 'catkin_skip_building_tests': False, 'cmake_args': None, 'cmake_clean_cache': False, 'cmake_clean_first': False, 'cmake_force_configure': False, 'cmake_target': None, 'cmake_target_skip_unavailable': False, 'install_base': '/home/taj71/practic_ws/install/ur5_robot_description', 'merge_install': False, 'path': '/home/taj71/practic_ws/src/ur5_robot_description', 'symlink_install': False, 'test_result_base': None}
[1.274s] Level 5:colcon.colcon_core.verb:set package 'ur5_gripper_moveit_config' build argument 'cmake_args' from command line to 'None'
[1.274s] Level 5:colcon.colcon_core.verb:set package 'ur5_gripper_moveit_config' build argument 'cmake_target' from command line to 'None'
[1.274s] Level 5:colcon.colcon_core.verb:set package 'ur5_gripper_moveit_config' build argument 'cmake_target_skip_unavailable' from command line to 'False'
[1.274s] Level 5:colcon.colcon_core.verb:set package 'ur5_gripper_moveit_config' build argument 'cmake_clean_cache' from command line to 'False'
[1.274s] Level 5:colcon.colcon_core.verb:set package 'ur5_gripper_moveit_config' build argument 'cmake_clean_first' from command line to 'False'
[1.274s] Level 5:colcon.colcon_core.verb:set package 'ur5_gripper_moveit_config' build argument 'cmake_force_configure' from command line to 'False'
[1.274s] Level 5:colcon.colcon_core.verb:set package 'ur5_gripper_moveit_config' build argument 'ament_cmake_args' from command line to 'None'
[1.275s] Level 5:colcon.colcon_core.verb:set package 'ur5_gripper_moveit_config' build argument 'catkin_cmake_args' from command line to 'None'
[1.275s] Level 5:colcon.colcon_core.verb:set package 'ur5_gripper_moveit_config' build argument 'catkin_skip_building_tests' from command line to 'False'
[1.275s] DEBUG:colcon.colcon_core.verb:Building package 'ur5_gripper_moveit_config' with the following arguments: {'ament_cmake_args': None, 'build_base': '/home/taj71/practic_ws/build/ur5_gripper_moveit_config', 'catkin_cmake_args': None, 'catkin_skip_building_tests': False, 'cmake_args': None, 'cmake_clean_cache': False, 'cmake_clean_first': False, 'cmake_force_configure': False, 'cmake_target': None, 'cmake_target_skip_unavailable': False, 'install_base': '/home/taj71/practic_ws/install/ur5_gripper_moveit_config', 'merge_install': False, 'path': '/home/taj71/practic_ws/src/ur5_gripper_moveit_config', 'symlink_install': False, 'test_result_base': None}
[1.275s] INFO:colcon.colcon_core.executor:Executing jobs using 'parallel' executor
[1.276s] DEBUG:colcon.colcon_parallel_executor.executor.parallel:run_until_complete
[1.277s] INFO:colcon.colcon_ros.task.ament_cmake.build:Building ROS package in '/home/taj71/practic_ws/src/ur5_robot_description' with build type 'ament_cmake'
[1.277s] INFO:colcon.colcon_cmake.task.cmake.build:Building CMake package in '/home/taj71/practic_ws/src/ur5_robot_description'
[1.281s] INFO:colcon.colcon_core.plugin_system:Skipping extension 'colcon_core.shell.bat': Not used on non-Windows systems
[1.282s] INFO:colcon.colcon_core.shell:Skip shell extension 'powershell' for command environment: Not usable outside of PowerShell
[1.282s] DEBUG:colcon.colcon_core.shell:Skip shell extension 'dsv' for command environment
[1.288s] INFO:colcon.colcon_ros.task.ament_cmake.build:Building ROS package in '/home/taj71/practic_ws/src/robotiq_description' with build type 'ament_cmake'
[1.288s] INFO:colcon.colcon_cmake.task.cmake.build:Building CMake package in '/home/taj71/practic_ws/src/robotiq_description'
[1.288s] INFO:colcon.colcon_core.shell:Skip shell extension 'powershell' for command environment: Not usable outside of PowerShell
[1.289s] DEBUG:colcon.colcon_core.shell:Skip shell extension 'dsv' for command environment
[1.297s] INFO:colcon.colcon_ros.task.ament_cmake.build:Building ROS package in '/home/taj71/practic_ws/src/ur5_controller' with build type 'ament_cmake'
[1.297s] INFO:colcon.colcon_cmake.task.cmake.build:Building CMake package in '/home/taj71/practic_ws/src/ur5_controller'
[1.298s] INFO:colcon.colcon_core.shell:Skip shell extension 'powershell' for command environment: Not usable outside of PowerShell
[1.298s] DEBUG:colcon.colcon_core.shell:Skip shell extension 'dsv' for command environment
[1.320s] DEBUG:colcon.colcon_core.event_handler.log_command:Invoking command in '/home/taj71/practic_ws/build/ur5_robot_description': CMAKE_PREFIX_PATH=${CMAKE_PREFIX_PATH}:/opt/ros/iron /usr/bin/cmake --build /home/taj71/practic_ws/build/ur5_robot_description -- -j8 -l8
[1.336s] DEBUG:colcon.colcon_core.event_handler.log_command:Invoking command in '/home/taj71/practic_ws/build/robotiq_description': CMAKE_PREFIX_PATH=${CMAKE_PREFIX_PATH}:/opt/ros/iron /usr/bin/cmake --build /home/taj71/practic_ws/build/robotiq_description -- -j8 -l8
[1.343s] DEBUG:colcon.colcon_core.event_handler.log_command:Invoking command in '/home/taj71/practic_ws/build/ur5_controller': CMAKE_PREFIX_PATH=${CMAKE_PREFIX_PATH}:/opt/ros/iron /usr/bin/cmake --build /home/taj71/practic_ws/build/ur5_controller -- -j8 -l8
[1.372s] DEBUG:colcon.colcon_core.event_handler.log_command:Invoked command in '/home/taj71/practic_ws/build/ur5_robot_description' returned '0': CMAKE_PREFIX_PATH=${CMAKE_PREFIX_PATH}:/opt/ros/iron /usr/bin/cmake --build /home/taj71/practic_ws/build/ur5_robot_description -- -j8 -l8
[1.390s] DEBUG:colcon.colcon_core.event_handler.log_command:Invoking command in '/home/taj71/practic_ws/build/ur5_robot_description': CMAKE_PREFIX_PATH=${CMAKE_PREFIX_PATH}:/opt/ros/iron /usr/bin/cmake --install /home/taj71/practic_ws/build/ur5_robot_description
[1.394s] DEBUG:colcon.colcon_core.event_handler.log_command:Invoked command in '/home/taj71/practic_ws/build/robotiq_description' returned '0': CMAKE_PREFIX_PATH=${CMAKE_PREFIX_PATH}:/opt/ros/iron /usr/bin/cmake --build /home/taj71/practic_ws/build/robotiq_description -- -j8 -l8
[1.397s] DEBUG:colcon.colcon_core.event_handler.log_command:Invoking command in '/home/taj71/practic_ws/build/robotiq_description': CMAKE_PREFIX_PATH=${CMAKE_PREFIX_PATH}:/opt/ros/iron /usr/bin/cmake --install /home/taj71/practic_ws/build/robotiq_description
[1.424s] DEBUG:colcon.colcon_core.event_handler.log_command:Invoked command in '/home/taj71/practic_ws/build/ur5_controller' returned '0': CMAKE_PREFIX_PATH=${CMAKE_PREFIX_PATH}:/opt/ros/iron /usr/bin/cmake --build /home/taj71/practic_ws/build/ur5_controller -- -j8 -l8
[1.431s] Level 1:colcon.colcon_core.environment:create_environment_scripts_only(ur5_robot_description)
[1.456s] DEBUG:colcon.colcon_core.event_handler.log_command:Invoking command in '/home/taj71/practic_ws/build/ur5_controller': CMAKE_PREFIX_PATH=${CMAKE_PREFIX_PATH}:/opt/ros/iron /usr/bin/cmake --install /home/taj71/practic_ws/build/ur5_controller
[1.475s] DEBUG:colcon.colcon_core.event_handler.log_command:Invoked command in '/home/taj71/practic_ws/build/ur5_robot_description' returned '0': CMAKE_PREFIX_PATH=${CMAKE_PREFIX_PATH}:/opt/ros/iron /usr/bin/cmake --install /home/taj71/practic_ws/build/ur5_robot_description
[1.478s] Level 1:colcon.colcon_core.environment:checking '/home/taj71/practic_ws/install/ur5_robot_description' for CMake module files
[1.479s] Level 1:colcon.colcon_core.environment:checking '/home/taj71/practic_ws/install/ur5_robot_description' for CMake config files
[1.479s] Level 1:colcon.colcon_core.shell:create_environment_hook('ur5_robot_description', 'cmake_prefix_path')
[1.479s] INFO:colcon.colcon_core.shell:Creating environment hook '/home/taj71/practic_ws/install/ur5_robot_description/share/ur5_robot_description/hook/cmake_prefix_path.ps1'
[1.480s] INFO:colcon.colcon_core.shell:Creating environment descriptor '/home/taj71/practic_ws/install/ur5_robot_description/share/ur5_robot_description/hook/cmake_prefix_path.dsv'
[1.481s] INFO:colcon.colcon_core.shell:Creating environment hook '/home/taj71/practic_ws/install/ur5_robot_description/share/ur5_robot_description/hook/cmake_prefix_path.sh'
[1.482s] Level 1:colcon.colcon_core.environment:checking '/home/taj71/practic_ws/install/ur5_robot_description/bin'
[1.482s] Level 1:colcon.colcon_core.environment:checking '/home/taj71/practic_ws/install/ur5_robot_description/lib/pkgconfig/ur5_robot_description.pc'
[1.483s] Level 1:colcon.colcon_core.environment:checking '/home/taj71/practic_ws/install/ur5_robot_description/lib/python3.10/site-packages'
[1.483s] Level 1:colcon.colcon_core.environment:checking '/home/taj71/practic_ws/install/ur5_robot_description/bin'
[1.483s] INFO:colcon.colcon_core.shell:Creating package script '/home/taj71/practic_ws/install/ur5_robot_description/share/ur5_robot_description/package.ps1'
[1.484s] INFO:colcon.colcon_core.shell:Creating package descriptor '/home/taj71/practic_ws/install/ur5_robot_description/share/ur5_robot_description/package.dsv'
[1.485s] INFO:colcon.colcon_core.shell:Creating package script '/home/taj71/practic_ws/install/ur5_robot_description/share/ur5_robot_description/package.sh'
[1.486s] INFO:colcon.colcon_core.shell:Creating package script '/home/taj71/practic_ws/install/ur5_robot_description/share/ur5_robot_description/package.bash'
[1.487s] INFO:colcon.colcon_core.shell:Creating package script '/home/taj71/practic_ws/install/ur5_robot_description/share/ur5_robot_description/package.zsh'
[1.488s] Level 1:colcon.colcon_core.environment:create_file_with_runtime_dependencies(/home/taj71/practic_ws/install/ur5_robot_description/share/colcon-core/packages/ur5_robot_description)
[1.489s] Level 1:colcon.colcon_core.environment:create_environment_scripts_only(ur5_robot_description)
[1.490s] Level 1:colcon.colcon_core.environment:checking '/home/taj71/practic_ws/install/ur5_robot_description' for CMake module files
[1.490s] Level 1:colcon.colcon_core.environment:checking '/home/taj71/practic_ws/install/ur5_robot_description' for CMake config files
[1.491s] Level 1:colcon.colcon_core.shell:create_environment_hook('ur5_robot_description', 'cmake_prefix_path')
[1.491s] INFO:colcon.colcon_core.shell:Creating environment hook '/home/taj71/practic_ws/install/ur5_robot_description/share/ur5_robot_description/hook/cmake_prefix_path.ps1'
[1.492s] INFO:colcon.colcon_core.shell:Creating environment descriptor '/home/taj71/practic_ws/install/ur5_robot_description/share/ur5_robot_description/hook/cmake_prefix_path.dsv'
[1.492s] INFO:colcon.colcon_core.shell:Creating environment hook '/home/taj71/practic_ws/install/ur5_robot_description/share/ur5_robot_description/hook/cmake_prefix_path.sh'
[1.493s] Level 1:colcon.colcon_core.environment:checking '/home/taj71/practic_ws/install/ur5_robot_description/bin'
[1.493s] Level 1:colcon.colcon_core.environment:checking '/home/taj71/practic_ws/install/ur5_robot_description/lib/pkgconfig/ur5_robot_description.pc'
[1.493s] Level 1:colcon.colcon_core.environment:checking '/home/taj71/practic_ws/install/ur5_robot_description/lib/python3.10/site-packages'
[1.493s] Level 1:colcon.colcon_core.environment:checking '/home/taj71/practic_ws/install/ur5_robot_description/bin'
[1.494s] INFO:colcon.colcon_core.shell:Creating package script '/home/taj71/practic_ws/install/ur5_robot_description/share/ur5_robot_description/package.ps1'
[1.495s] INFO:colcon.colcon_core.shell:Creating package descriptor '/home/taj71/practic_ws/install/ur5_robot_description/share/ur5_robot_description/package.dsv'
[1.497s] INFO:colcon.colcon_core.shell:Creating package script '/home/taj71/practic_ws/install/ur5_robot_description/share/ur5_robot_description/package.sh'
[1.498s] INFO:colcon.colcon_core.shell:Creating package script '/home/taj71/practic_ws/install/ur5_robot_description/share/ur5_robot_description/package.bash'
[1.499s] INFO:colcon.colcon_core.shell:Creating package script '/home/taj71/practic_ws/install/ur5_robot_description/share/ur5_robot_description/package.zsh'
[1.500s] Level 1:colcon.colcon_core.environment:create_file_with_runtime_dependencies(/home/taj71/practic_ws/install/ur5_robot_description/share/colcon-core/packages/ur5_robot_description)
[1.500s] Level 1:colcon.colcon_core.environment:create_environment_scripts_only(robotiq_description)
[1.501s] Level 1:colcon.colcon_core.environment:checking '/home/taj71/practic_ws/install/robotiq_description' for CMake module files
[1.506s] DEBUG:colcon.colcon_core.event_handler.log_command:Invoked command in '/home/taj71/practic_ws/build/robotiq_description' returned '0': CMAKE_PREFIX_PATH=${CMAKE_PREFIX_PATH}:/opt/ros/iron /usr/bin/cmake --install /home/taj71/practic_ws/build/robotiq_description
[1.506s] Level 1:colcon.colcon_core.environment:checking '/home/taj71/practic_ws/install/robotiq_description' for CMake config files
[1.507s] Level 1:colcon.colcon_core.shell:create_environment_hook('robotiq_description', 'cmake_prefix_path')
[1.508s] INFO:colcon.colcon_core.shell:Creating environment hook '/home/taj71/practic_ws/install/robotiq_description/share/robotiq_description/hook/cmake_prefix_path.ps1'
[1.509s] INFO:colcon.colcon_core.shell:Creating environment descriptor '/home/taj71/practic_ws/install/robotiq_description/share/robotiq_description/hook/cmake_prefix_path.dsv'
[1.510s] INFO:colcon.colcon_core.shell:Creating environment hook '/home/taj71/practic_ws/install/robotiq_description/share/robotiq_description/hook/cmake_prefix_path.sh'
[1.511s] Level 1:colcon.colcon_core.environment:checking '/home/taj71/practic_ws/install/robotiq_description/bin'
[1.511s] Level 1:colcon.colcon_core.environment:checking '/home/taj71/practic_ws/install/robotiq_description/lib/pkgconfig/robotiq_description.pc'
[1.511s] Level 1:colcon.colcon_core.environment:checking '/home/taj71/practic_ws/install/robotiq_description/lib/python3.10/site-packages'
[1.512s] Level 1:colcon.colcon_core.environment:checking '/home/taj71/practic_ws/install/robotiq_description/bin'
[1.512s] INFO:colcon.colcon_core.shell:Creating package script '/home/taj71/practic_ws/install/robotiq_description/share/robotiq_description/package.ps1'
[1.513s] INFO:colcon.colcon_core.shell:Creating package descriptor '/home/taj71/practic_ws/install/robotiq_description/share/robotiq_description/package.dsv'
[1.514s] INFO:colcon.colcon_core.shell:Creating package script '/home/taj71/practic_ws/install/robotiq_description/share/robotiq_description/package.sh'
[1.514s] INFO:colcon.colcon_core.shell:Creating package script '/home/taj71/practic_ws/install/robotiq_description/share/robotiq_description/package.bash'
[1.515s] INFO:colcon.colcon_core.shell:Creating package script '/home/taj71/practic_ws/install/robotiq_description/share/robotiq_description/package.zsh'
[1.516s] Level 1:colcon.colcon_core.environment:create_file_with_runtime_dependencies(/home/taj71/practic_ws/install/robotiq_description/share/colcon-core/packages/robotiq_description)
[1.517s] Level 1:colcon.colcon_core.environment:create_environment_scripts_only(robotiq_description)
[1.517s] Level 1:colcon.colcon_core.environment:checking '/home/taj71/practic_ws/install/robotiq_description' for CMake module files
[1.518s] Level 1:colcon.colcon_core.environment:checking '/home/taj71/practic_ws/install/robotiq_description' for CMake config files
[1.518s] Level 1:colcon.colcon_core.shell:create_environment_hook('robotiq_description', 'cmake_prefix_path')
[1.519s] INFO:colcon.colcon_core.shell:Creating environment hook '/home/taj71/practic_ws/install/robotiq_description/share/robotiq_description/hook/cmake_prefix_path.ps1'
[1.520s] INFO:colcon.colcon_core.shell:Creating environment descriptor '/home/taj71/practic_ws/install/robotiq_description/share/robotiq_description/hook/cmake_prefix_path.dsv'
[1.521s] INFO:colcon.colcon_core.shell:Creating environment hook '/home/taj71/practic_ws/install/robotiq_description/share/robotiq_description/hook/cmake_prefix_path.sh'
[1.523s] Level 1:colcon.colcon_core.environment:checking '/home/taj71/practic_ws/install/robotiq_description/bin'
[1.523s] Level 1:colcon.colcon_core.environment:checking '/home/taj71/practic_ws/install/robotiq_description/lib/pkgconfig/robotiq_description.pc'
[1.523s] Level 1:colcon.colcon_core.environment:checking '/home/taj71/practic_ws/install/robotiq_description/lib/python3.10/site-packages'
[1.523s] Level 1:colcon.colcon_core.environment:checking '/home/taj71/practic_ws/install/robotiq_description/bin'
[1.524s] INFO:colcon.colcon_core.shell:Creating package script '/home/taj71/practic_ws/install/robotiq_description/share/robotiq_description/package.ps1'
[1.525s] INFO:colcon.colcon_core.shell:Creating package descriptor '/home/taj71/practic_ws/install/robotiq_description/share/robotiq_description/package.dsv'
[1.528s] INFO:colcon.colcon_core.shell:Creating package script '/home/taj71/practic_ws/install/robotiq_description/share/robotiq_description/package.sh'
[1.529s] INFO:colcon.colcon_core.shell:Creating package script '/home/taj71/practic_ws/install/robotiq_description/share/robotiq_description/package.bash'
[1.530s] INFO:colcon.colcon_core.shell:Creating package script '/home/taj71/practic_ws/install/robotiq_description/share/robotiq_description/package.zsh'
[1.532s] Level 1:colcon.colcon_core.environment:create_file_with_runtime_dependencies(/home/taj71/practic_ws/install/robotiq_description/share/colcon-core/packages/robotiq_description)
[1.533s] INFO:colcon.colcon_ros.task.ament_cmake.build:Building ROS package in '/home/taj71/practic_ws/src/ur5_gripper_moveit_config' with build type 'ament_cmake'
[1.534s] INFO:colcon.colcon_cmake.task.cmake.build:Building CMake package in '/home/taj71/practic_ws/src/ur5_gripper_moveit_config'
[1.535s] INFO:colcon.colcon_core.shell:Skip shell extension 'powershell' for command environment: Not usable outside of PowerShell
[1.535s] DEBUG:colcon.colcon_core.shell:Skip shell extension 'dsv' for command environment
[1.544s] Level 1:colcon.colcon_core.environment:create_environment_scripts_only(ur5_controller)
[1.545s] Level 1:colcon.colcon_core.environment:checking '/home/taj71/practic_ws/install/ur5_controller' for CMake module files
[1.547s] DEBUG:colcon.colcon_core.event_handler.log_command:Invoked command in '/home/taj71/practic_ws/build/ur5_controller' returned '0': CMAKE_PREFIX_PATH=${CMAKE_PREFIX_PATH}:/opt/ros/iron /usr/bin/cmake --install /home/taj71/practic_ws/build/ur5_controller
[1.548s] Level 1:colcon.colcon_core.environment:checking '/home/taj71/practic_ws/install/ur5_controller' for CMake config files
[1.548s] Level 1:colcon.colcon_core.shell:create_environment_hook('ur5_controller', 'cmake_prefix_path')
[1.549s] INFO:colcon.colcon_core.shell:Creating environment hook '/home/taj71/practic_ws/install/ur5_controller/share/ur5_controller/hook/cmake_prefix_path.ps1'
[1.550s] INFO:colcon.colcon_core.shell:Creating environment descriptor '/home/taj71/practic_ws/install/ur5_controller/share/ur5_controller/hook/cmake_prefix_path.dsv'
[1.552s] INFO:colcon.colcon_core.shell:Creating environment hook '/home/taj71/practic_ws/install/ur5_controller/share/ur5_controller/hook/cmake_prefix_path.sh'
[1.553s] Level 1:colcon.colcon_core.environment:checking '/home/taj71/practic_ws/install/ur5_controller/bin'
[1.553s] Level 1:colcon.colcon_core.environment:checking '/home/taj71/practic_ws/install/ur5_controller/lib/pkgconfig/ur5_controller.pc'
[1.554s] Level 1:colcon.colcon_core.environment:checking '/home/taj71/practic_ws/install/ur5_controller/lib/python3.10/site-packages'
[1.554s] Level 1:colcon.colcon_core.environment:checking '/home/taj71/practic_ws/install/ur5_controller/bin'
[1.555s] INFO:colcon.colcon_core.shell:Creating package script '/home/taj71/practic_ws/install/ur5_controller/share/ur5_controller/package.ps1'
[1.556s] INFO:colcon.colcon_core.shell:Creating package descriptor '/home/taj71/practic_ws/install/ur5_controller/share/ur5_controller/package.dsv'
[1.557s] INFO:colcon.colcon_core.shell:Creating package script '/home/taj71/practic_ws/install/ur5_controller/share/ur5_controller/package.sh'
[1.558s] INFO:colcon.colcon_core.shell:Creating package script '/home/taj71/practic_ws/install/ur5_controller/share/ur5_controller/package.bash'
[1.559s] INFO:colcon.colcon_core.shell:Creating package script '/home/taj71/practic_ws/install/ur5_controller/share/ur5_controller/package.zsh'
[1.560s] Level 1:colcon.colcon_core.environment:create_file_with_runtime_dependencies(/home/taj71/practic_ws/install/ur5_controller/share/colcon-core/packages/ur5_controller)
[1.561s] Level 1:colcon.colcon_core.environment:create_environment_scripts_only(ur5_controller)
[1.561s] Level 1:colcon.colcon_core.environment:checking '/home/taj71/practic_ws/install/ur5_controller' for CMake module files
[1.562s] Level 1:colcon.colcon_core.environment:checking '/home/taj71/practic_ws/install/ur5_controller' for CMake config files
[1.562s] Level 1:colcon.colcon_core.shell:create_environment_hook('ur5_controller', 'cmake_prefix_path')
[1.563s] INFO:colcon.colcon_core.shell:Creating environment hook '/home/taj71/practic_ws/install/ur5_controller/share/ur5_controller/hook/cmake_prefix_path.ps1'
[1.564s] INFO:colcon.colcon_core.shell:Creating environment descriptor '/home/taj71/practic_ws/install/ur5_controller/share/ur5_controller/hook/cmake_prefix_path.dsv'
[1.566s] INFO:colcon.colcon_core.shell:Creating environment hook '/home/taj71/practic_ws/install/ur5_controller/share/ur5_controller/hook/cmake_prefix_path.sh'
[1.568s] Level 1:colcon.colcon_core.environment:checking '/home/taj71/practic_ws/install/ur5_controller/bin'
[1.569s] Level 1:colcon.colcon_core.environment:checking '/home/taj71/practic_ws/install/ur5_controller/lib/pkgconfig/ur5_controller.pc'
[1.569s] Level 1:colcon.colcon_core.environment:checking '/home/taj71/practic_ws/install/ur5_controller/lib/python3.10/site-packages'
[1.570s] Level 1:colcon.colcon_core.environment:checking '/home/taj71/practic_ws/install/ur5_controller/bin'
[1.571s] INFO:colcon.colcon_core.shell:Creating package script '/home/taj71/practic_ws/install/ur5_controller/share/ur5_controller/package.ps1'
[1.573s] INFO:colcon.colcon_core.shell:Creating package descriptor '/home/taj71/practic_ws/install/ur5_controller/share/ur5_controller/package.dsv'
[1.574s] INFO:colcon.colcon_core.shell:Creating package script '/home/taj71/practic_ws/install/ur5_controller/share/ur5_controller/package.sh'
[1.576s] INFO:colcon.colcon_core.shell:Creating package script '/home/taj71/practic_ws/install/ur5_controller/share/ur5_controller/package.bash'
[1.578s] INFO:colcon.colcon_core.shell:Creating package script '/home/taj71/practic_ws/install/ur5_controller/share/ur5_controller/package.zsh'
[1.579s] Level 1:colcon.colcon_core.environment:create_file_with_runtime_dependencies(/home/taj71/practic_ws/install/ur5_controller/share/colcon-core/packages/ur5_controller)
[1.794s] DEBUG:colcon.colcon_core.event_handler.log_command:Invoking command in '/home/taj71/practic_ws/build/ur5_gripper_moveit_config': CMAKE_PREFIX_PATH=/home/taj71/practic_ws/install/ur5_robot_description:/home/taj71/practic_ws/install/ur5_gripper_moveit_config:/home/taj71/practic_ws/install/ur5_controller:/home/taj71/practic_ws/install/robotiq_description:/opt/ros/iron /usr/bin/cmake --build /home/taj71/practic_ws/build/ur5_gripper_moveit_config -- -j8 -l8
[1.835s] DEBUG:colcon.colcon_core.event_handler.log_command:Invoked command in '/home/taj71/practic_ws/build/ur5_gripper_moveit_config' returned '0': CMAKE_PREFIX_PATH=/home/taj71/practic_ws/install/ur5_robot_description:/home/taj71/practic_ws/install/ur5_gripper_moveit_config:/home/taj71/practic_ws/install/ur5_controller:/home/taj71/practic_ws/install/robotiq_description:/opt/ros/iron /usr/bin/cmake --build /home/taj71/practic_ws/build/ur5_gripper_moveit_config -- -j8 -l8
[1.838s] DEBUG:colcon.colcon_core.event_handler.log_command:Invoking command in '/home/taj71/practic_ws/build/ur5_gripper_moveit_config': CMAKE_PREFIX_PATH=/home/taj71/practic_ws/install/ur5_robot_description:/home/taj71/practic_ws/install/ur5_gripper_moveit_config:/home/taj71/practic_ws/install/ur5_controller:/home/taj71/practic_ws/install/robotiq_description:/opt/ros/iron /usr/bin/cmake --install /home/taj71/practic_ws/build/ur5_gripper_moveit_config
[1.860s] Level 1:colcon.colcon_core.environment:create_environment_scripts_only(ur5_gripper_moveit_config)
[1.861s] DEBUG:colcon.colcon_core.event_handler.log_command:Invoked command in '/home/taj71/practic_ws/build/ur5_gripper_moveit_config' returned '0': CMAKE_PREFIX_PATH=/home/taj71/practic_ws/install/ur5_robot_description:/home/taj71/practic_ws/install/ur5_gripper_moveit_config:/home/taj71/practic_ws/install/ur5_controller:/home/taj71/practic_ws/install/robotiq_description:/opt/ros/iron /usr/bin/cmake --install /home/taj71/practic_ws/build/ur5_gripper_moveit_config
[1.862s] Level 1:colcon.colcon_core.environment:checking '/home/taj71/practic_ws/install/ur5_gripper_moveit_config' for CMake module files
[1.863s] Level 1:colcon.colcon_core.environment:checking '/home/taj71/practic_ws/install/ur5_gripper_moveit_config' for CMake config files
[1.863s] Level 1:colcon.colcon_core.shell:create_environment_hook('ur5_gripper_moveit_config', 'cmake_prefix_path')
[1.863s] INFO:colcon.colcon_core.shell:Creating environment hook '/home/taj71/practic_ws/install/ur5_gripper_moveit_config/share/ur5_gripper_moveit_config/hook/cmake_prefix_path.ps1'
[1.864s] INFO:colcon.colcon_core.shell:Creating environment descriptor '/home/taj71/practic_ws/install/ur5_gripper_moveit_config/share/ur5_gripper_moveit_config/hook/cmake_prefix_path.dsv'
[1.864s] INFO:colcon.colcon_core.shell:Creating environment hook '/home/taj71/practic_ws/install/ur5_gripper_moveit_config/share/ur5_gripper_moveit_config/hook/cmake_prefix_path.sh'
[1.865s] Level 1:colcon.colcon_core.environment:checking '/home/taj71/practic_ws/install/ur5_gripper_moveit_config/bin'
[1.865s] Level 1:colcon.colcon_core.environment:checking '/home/taj71/practic_ws/install/ur5_gripper_moveit_config/lib/pkgconfig/ur5_gripper_moveit_config.pc'
[1.866s] Level 1:colcon.colcon_core.environment:checking '/home/taj71/practic_ws/install/ur5_gripper_moveit_config/lib/python3.10/site-packages'
[1.866s] Level 1:colcon.colcon_core.environment:checking '/home/taj71/practic_ws/install/ur5_gripper_moveit_config/bin'
[1.866s] INFO:colcon.colcon_core.shell:Creating package script '/home/taj71/practic_ws/install/ur5_gripper_moveit_config/share/ur5_gripper_moveit_config/package.ps1'
[1.867s] INFO:colcon.colcon_core.shell:Creating package descriptor '/home/taj71/practic_ws/install/ur5_gripper_moveit_config/share/ur5_gripper_moveit_config/package.dsv'
[1.867s] INFO:colcon.colcon_core.shell:Creating package script '/home/taj71/practic_ws/install/ur5_gripper_moveit_config/share/ur5_gripper_moveit_config/package.sh'
[1.868s] INFO:colcon.colcon_core.shell:Creating package script '/home/taj71/practic_ws/install/ur5_gripper_moveit_config/share/ur5_gripper_moveit_config/package.bash'
[1.868s] INFO:colcon.colcon_core.shell:Creating package script '/home/taj71/practic_ws/install/ur5_gripper_moveit_config/share/ur5_gripper_moveit_config/package.zsh'
[1.868s] Level 1:colcon.colcon_core.environment:create_file_with_runtime_dependencies(/home/taj71/practic_ws/install/ur5_gripper_moveit_config/share/colcon-core/packages/ur5_gripper_moveit_config)
[1.869s] Level 1:colcon.colcon_core.environment:create_environment_scripts_only(ur5_gripper_moveit_config)
[1.870s] Level 1:colcon.colcon_core.environment:checking '/home/taj71/practic_ws/install/ur5_gripper_moveit_config' for CMake module files
[1.870s] Level 1:colcon.colcon_core.environment:checking '/home/taj71/practic_ws/install/ur5_gripper_moveit_config' for CMake config files
[1.870s] Level 1:colcon.colcon_core.shell:create_environment_hook('ur5_gripper_moveit_config', 'cmake_prefix_path')
[1.871s] INFO:colcon.colcon_core.shell:Creating environment hook '/home/taj71/practic_ws/install/ur5_gripper_moveit_config/share/ur5_gripper_moveit_config/hook/cmake_prefix_path.ps1'
[1.871s] INFO:colcon.colcon_core.shell:Creating environment descriptor '/home/taj71/practic_ws/install/ur5_gripper_moveit_config/share/ur5_gripper_moveit_config/hook/cmake_prefix_path.dsv'
[1.871s] INFO:colcon.colcon_core.shell:Creating environment hook '/home/taj71/practic_ws/install/ur5_gripper_moveit_config/share/ur5_gripper_moveit_config/hook/cmake_prefix_path.sh'
[1.872s] Level 1:colcon.colcon_core.environment:checking '/home/taj71/practic_ws/install/ur5_gripper_moveit_config/bin'
[1.872s] Level 1:colcon.colcon_core.environment:checking '/home/taj71/practic_ws/install/ur5_gripper_moveit_config/lib/pkgconfig/ur5_gripper_moveit_config.pc'
[1.872s] Level 1:colcon.colcon_core.environment:checking '/home/taj71/practic_ws/install/ur5_gripper_moveit_config/lib/python3.10/site-packages'
[1.873s] Level 1:colcon.colcon_core.environment:checking '/home/taj71/practic_ws/install/ur5_gripper_moveit_config/bin'
[1.873s] INFO:colcon.colcon_core.shell:Creating package script '/home/taj71/practic_ws/install/ur5_gripper_moveit_config/share/ur5_gripper_moveit_config/package.ps1'
[1.874s] INFO:colcon.colcon_core.shell:Creating package descriptor '/home/taj71/practic_ws/install/ur5_gripper_moveit_config/share/ur5_gripper_moveit_config/package.dsv'
[1.874s] INFO:colcon.colcon_core.shell:Creating package script '/home/taj71/practic_ws/install/ur5_gripper_moveit_config/share/ur5_gripper_moveit_config/package.sh'
[1.875s] INFO:colcon.colcon_core.shell:Creating package script '/home/taj71/practic_ws/install/ur5_gripper_moveit_config/share/ur5_gripper_moveit_config/package.bash'
[1.877s] INFO:colcon.colcon_core.shell:Creating package script '/home/taj71/practic_ws/install/ur5_gripper_moveit_config/share/ur5_gripper_moveit_config/package.zsh'
[1.879s] Level 1:colcon.colcon_core.environment:create_file_with_runtime_dependencies(/home/taj71/practic_ws/install/ur5_gripper_moveit_config/share/colcon-core/packages/ur5_gripper_moveit_config)
[1.879s] DEBUG:colcon.colcon_parallel_executor.executor.parallel:closing loop
[1.881s] DEBUG:colcon.colcon_parallel_executor.executor.parallel:loop closed
[1.881s] DEBUG:colcon.colcon_parallel_executor.executor.parallel:run_until_complete finished with '0'
[1.881s] DEBUG:colcon.colcon_core.event_reactor:joining thread
[2.058s] INFO:colcon.colcon_core.plugin_system:Skipping extension 'colcon_notification.desktop_notification.notify_send': Could not find 'notify-send'
[2.058s] INFO:colcon.colcon_core.plugin_system:Skipping extension 'colcon_notification.desktop_notification.terminal_notifier': Not used on non-Darwin systems
[2.058s] INFO:colcon.colcon_core.plugin_system:Skipping extension 'colcon_notification.desktop_notification.win32': Not used on non-Windows systems
[2.058s] INFO:colcon.colcon_notification.desktop_notification:Sending desktop notification using 'notify2'
[2.059s] DEBUG:colcon.colcon_notification.desktop_notification.notify2:Failed to initialize notify2: org.freedesktop.DBus.Error.FileNotFound: Failed to connect to socket /run/user/1000/bus: No such file or directory
[2.059s] DEBUG:colcon.colcon_core.event_reactor:joined thread
[2.059s] INFO:colcon.colcon_core.shell:Creating prefix script '/home/taj71/practic_ws/install/local_setup.ps1'
[2.061s] INFO:colcon.colcon_core.shell:Creating prefix util module '/home/taj71/practic_ws/install/_local_setup_util_ps1.py'
[2.063s] INFO:colcon.colcon_core.shell:Creating prefix chain script '/home/taj71/practic_ws/install/setup.ps1'
[2.064s] INFO:colcon.colcon_core.shell:Creating prefix script '/home/taj71/practic_ws/install/local_setup.sh'
[2.065s] INFO:colcon.colcon_core.shell:Creating prefix util module '/home/taj71/practic_ws/install/_local_setup_util_sh.py'
[2.066s] INFO:colcon.colcon_core.shell:Creating prefix chain script '/home/taj71/practic_ws/install/setup.sh'
[2.068s] INFO:colcon.colcon_core.shell:Creating prefix script '/home/taj71/practic_ws/install/local_setup.bash'
[2.068s] INFO:colcon.colcon_core.shell:Creating prefix chain script '/home/taj71/practic_ws/install/setup.bash'
[2.070s] INFO:colcon.colcon_core.shell:Creating prefix script '/home/taj71/practic_ws/install/local_setup.zsh'
[2.070s] INFO:colcon.colcon_core.shell:Creating prefix chain script '/home/taj71/practic_ws/install/setup.zsh'
