[0.044s] Invoking command in '/home/taj71/ur5_ws/build/robotiq_description': CMAKE_PREFIX_PATH=/opt/ros/iron:/opt/ros/humble /usr/bin/cmake --build /home/taj71/ur5_ws/build/robotiq_description -- -j8 -l8
[0.524s] Invoked command in '/home/taj71/ur5_ws/build/robotiq_description' returned '0': CMAKE_PREFIX_PATH=/opt/ros/iron:/opt/ros/humble /usr/bin/cmake --build /home/taj71/ur5_ws/build/robotiq_description -- -j8 -l8
[0.536s] Invoking command in '/home/taj71/ur5_ws/build/robotiq_description': CMAKE_PREFIX_PATH=/opt/ros/iron:/opt/ros/humble /usr/bin/cmake --install /home/taj71/ur5_ws/build/robotiq_description
[0.548s] -- Install configuration: ""
[0.548s] -- Up-to-date: /home/taj71/ur5_ws/install/robotiq_description/share/robotiq_description/config
[0.549s] -- Up-to-date: /home/taj71/ur5_ws/install/robotiq_description/share/robotiq_description/config/config.rviz
[0.549s] -- Up-to-date: /home/taj71/ur5_ws/install/robotiq_description/share/robotiq_description/launch
[0.549s] -- Up-to-date: /home/taj71/ur5_ws/install/robotiq_description/share/robotiq_description/launch/display.launch.py
[0.550s] -- Up-to-date: /home/taj71/ur5_ws/install/robotiq_description/share/robotiq_description/meshes
[0.550s] -- Up-to-date: /home/taj71/ur5_ws/install/robotiq_description/share/robotiq_description/meshes/collision
[0.550s] -- Up-to-date: /home/taj71/ur5_ws/install/robotiq_description/share/robotiq_description/meshes/collision/robotiq_85_inner_knuckle_link.stl
[0.551s] -- Up-to-date: /home/taj71/ur5_ws/install/robotiq_description/share/robotiq_description/meshes/collision/robotiq_85_base_link.stl
[0.551s] -- Up-to-date: /home/taj71/ur5_ws/install/robotiq_description/share/robotiq_description/meshes/collision/robotiq_85_finger_tip_link.stl
[0.552s] -- Up-to-date: /home/taj71/ur5_ws/install/robotiq_description/share/robotiq_description/meshes/collision/robotiq_85_finger_link.stl
[0.552s] -- Up-to-date: /home/taj71/ur5_ws/install/robotiq_description/share/robotiq_description/meshes/collision/robotiq_85_knuckle_link.stl
[0.552s] -- Up-to-date: /home/taj71/ur5_ws/install/robotiq_description/share/robotiq_description/meshes/visual
[0.553s] -- Up-to-date: /home/taj71/ur5_ws/install/robotiq_description/share/robotiq_description/meshes/visual/robotiq_85_inner_knuckle_link.dae
[0.553s] -- Up-to-date: /home/taj71/ur5_ws/install/robotiq_description/share/robotiq_description/meshes/visual/robotiq_85_knuckle_link.dae
[0.553s] -- Up-to-date: /home/taj71/ur5_ws/install/robotiq_description/share/robotiq_description/meshes/visual/robotiq_85_finger_link.dae
[0.554s] -- Up-to-date: /home/taj71/ur5_ws/install/robotiq_description/share/robotiq_description/meshes/visual/robotiq_85_finger_tip_link.dae
[0.554s] -- Up-to-date: /home/taj71/ur5_ws/install/robotiq_description/share/robotiq_description/meshes/visual/robotiq_85_base_link.dae
[0.554s] -- Up-to-date: /home/taj71/ur5_ws/install/robotiq_description/share/robotiq_description/rviz
[0.555s] -- Up-to-date: /home/taj71/ur5_ws/install/robotiq_description/share/robotiq_description/rviz/display.rviz
[0.555s] -- Up-to-date: /home/taj71/ur5_ws/install/robotiq_description/share/robotiq_description/urdf
[0.555s] -- Up-to-date: /home/taj71/ur5_ws/install/robotiq_description/share/robotiq_description/urdf/robotiq_85_gripper2.xacro
[0.556s] -- Up-to-date: /home/taj71/ur5_ws/install/robotiq_description/share/robotiq_description/urdf/robotiq_85_gripper.xacro
[0.556s] -- Up-to-date: /home/taj71/ur5_ws/install/robotiq_description/share/robotiq_description/urdf/robotiq_85_gripper.transmission.xacro
[0.556s] -- Up-to-date: /home/taj71/ur5_ws/install/robotiq_description/share/robotiq_description/urdf/robotiq_85_gripper.urdf.xacro
[0.556s] -- Up-to-date: /home/taj71/ur5_ws/install/robotiq_description/share/robotiq_description/urdf/robotiq_85_gripper_sim_base.urdf.xacro
[0.557s] -- Up-to-date: /home/taj71/ur5_ws/install/robotiq_description/share/ament_index/resource_index/package_run_dependencies/robotiq_description
[0.557s] -- Up-to-date: /home/taj71/ur5_ws/install/robotiq_description/share/ament_index/resource_index/parent_prefix_path/robotiq_description
[0.557s] -- Up-to-date: /home/taj71/ur5_ws/install/robotiq_description/share/robotiq_description/environment/ament_prefix_path.sh
[0.560s] -- Up-to-date: /home/taj71/ur5_ws/install/robotiq_description/share/robotiq_description/environment/ament_prefix_path.dsv
[0.561s] -- Up-to-date: /home/taj71/ur5_ws/install/robotiq_description/share/robotiq_description/environment/path.sh
[0.561s] -- Up-to-date: /home/taj71/ur5_ws/install/robotiq_description/share/robotiq_description/environment/path.dsv
[0.561s] -- Up-to-date: /home/taj71/ur5_ws/install/robotiq_description/share/robotiq_description/local_setup.bash
[0.562s] -- Up-to-date: /home/taj71/ur5_ws/install/robotiq_description/share/robotiq_description/local_setup.sh
[0.562s] -- Up-to-date: /home/taj71/ur5_ws/install/robotiq_description/share/robotiq_description/local_setup.zsh
[0.563s] -- Up-to-date: /home/taj71/ur5_ws/install/robotiq_description/share/robotiq_description/local_setup.dsv
[0.563s] -- Installing: /home/taj71/ur5_ws/install/robotiq_description/share/robotiq_description/package.dsv
[0.564s] -- Up-to-date: /home/taj71/ur5_ws/install/robotiq_description/share/ament_index/resource_index/packages/robotiq_description
[0.564s] -- Up-to-date: /home/taj71/ur5_ws/install/robotiq_description/share/robotiq_description/cmake/robotiq_descriptionConfig.cmake
[0.564s] -- Up-to-date: /home/taj71/ur5_ws/install/robotiq_description/share/robotiq_description/cmake/robotiq_descriptionConfig-version.cmake
[0.565s] -- Up-to-date: /home/taj71/ur5_ws/install/robotiq_description/share/robotiq_description/package.xml
[0.600s] Invoked command in '/home/taj71/ur5_ws/build/robotiq_description' returned '0': CMAKE_PREFIX_PATH=/opt/ros/iron:/opt/ros/humble /usr/bin/cmake --install /home/taj71/ur5_ws/build/robotiq_description
