[0.065s] Invoking command in '/home/taj71/practic_ws/build/ur5_robot_description': CMAKE_PREFIX_PATH=/opt/ros/iron /usr/bin/cmake --build /home/taj71/practic_ws/build/ur5_robot_description -- -j8 -l8
[0.221s] Invoked command in '/home/taj71/practic_ws/build/ur5_robot_description' returned '0': CMAKE_PREFIX_PATH=/opt/ros/iron /usr/bin/cmake --build /home/taj71/practic_ws/build/ur5_robot_description -- -j8 -l8
[0.294s] Invoking command in '/home/taj71/practic_ws/build/ur5_robot_description': CMAKE_PREFIX_PATH=/opt/ros/iron /usr/bin/cmake --install /home/taj71/practic_ws/build/ur5_robot_description
[0.297s] -- Install configuration: ""
[0.298s] -- Up-to-date: /home/taj71/practic_ws/install/ur5_robot_description/share/ur5_robot_description/launch
[0.298s] -- Up-to-date: /home/taj71/practic_ws/install/ur5_robot_description/share/ur5_robot_description/launch/moveit.launch.py:Zone.Identifier
[0.299s] -- Up-to-date: /home/taj71/practic_ws/install/ur5_robot_description/share/ur5_robot_description/launch/gz.launch.py:Zone.Identifier
[0.299s] -- Up-to-date: /home/taj71/practic_ws/install/ur5_robot_description/share/ur5_robot_description/launch/gazebo.launch.py:Zone.Identifier
[0.300s] -- Up-to-date: /home/taj71/practic_ws/install/ur5_robot_description/share/ur5_robot_description/launch/gazebo.launch.py
[0.300s] -- Up-to-date: /home/taj71/practic_ws/install/ur5_robot_description/share/ur5_robot_description/launch/gz.launch.py
[0.301s] -- Up-to-date: /home/taj71/practic_ws/install/ur5_robot_description/share/ur5_robot_description/launch/rviz_ur5_gripper.launch.py:Zone.Identifier
[0.302s] -- Up-to-date: /home/taj71/practic_ws/install/ur5_robot_description/share/ur5_robot_description/launch/rviz_ur5_gripper.launch.py
[0.303s] -- Up-to-date: /home/taj71/practic_ws/install/ur5_robot_description/share/ur5_robot_description/meshes
[0.304s] -- Up-to-date: /home/taj71/practic_ws/install/ur5_robot_description/share/ur5_robot_description/meshes/collision
[0.304s] -- Up-to-date: /home/taj71/practic_ws/install/ur5_robot_description/share/ur5_robot_description/meshes/collision/upperarm.stl:Zone.Identifier:Zone.Identifier
[0.305s] -- Up-to-date: /home/taj71/practic_ws/install/ur5_robot_description/share/ur5_robot_description/meshes/collision/upperarm.stl:Zone.Identifier
[0.305s] -- Up-to-date: /home/taj71/practic_ws/install/ur5_robot_description/share/ur5_robot_description/meshes/collision/wrist1.stl:Zone.Identifier:Zone.Identifier
[0.306s] -- Up-to-date: /home/taj71/practic_ws/install/ur5_robot_description/share/ur5_robot_description/meshes/collision/wrist3.stl:Zone.Identifier:Zone.Identifier
[0.306s] -- Up-to-date: /home/taj71/practic_ws/install/ur5_robot_description/share/ur5_robot_description/meshes/collision/base.stl
[0.307s] -- Up-to-date: /home/taj71/practic_ws/install/ur5_robot_description/share/ur5_robot_description/meshes/collision/base.stl:Zone.Identifier
[0.307s] -- Up-to-date: /home/taj71/practic_ws/install/ur5_robot_description/share/ur5_robot_description/meshes/collision/wrist2.stl:Zone.Identifier
[0.307s] -- Up-to-date: /home/taj71/practic_ws/install/ur5_robot_description/share/ur5_robot_description/meshes/collision/upperarm.stl
[0.308s] -- Up-to-date: /home/taj71/practic_ws/install/ur5_robot_description/share/ur5_robot_description/meshes/collision/wrist3.stl:Zone.Identifier
[0.308s] -- Up-to-date: /home/taj71/practic_ws/install/ur5_robot_description/share/ur5_robot_description/meshes/collision/wrist2.stl:Zone.Identifier:Zone.Identifier
[0.308s] -- Up-to-date: /home/taj71/practic_ws/install/ur5_robot_description/share/ur5_robot_description/meshes/collision/wrist1.stl:Zone.Identifier
[0.309s] -- Up-to-date: /home/taj71/practic_ws/install/ur5_robot_description/share/ur5_robot_description/meshes/collision/shoulder.stl:Zone.Identifier
[0.309s] -- Up-to-date: /home/taj71/practic_ws/install/ur5_robot_description/share/ur5_robot_description/meshes/collision/wrist1.stl
[0.309s] -- Up-to-date: /home/taj71/practic_ws/install/ur5_robot_description/share/ur5_robot_description/meshes/collision/wrist3.stl
[0.309s] -- Up-to-date: /home/taj71/practic_ws/install/ur5_robot_description/share/ur5_robot_description/meshes/collision/forearm.stl
[0.309s] -- Up-to-date: /home/taj71/practic_ws/install/ur5_robot_description/share/ur5_robot_description/meshes/collision/forearm.stl:Zone.Identifier
[0.309s] -- Up-to-date: /home/taj71/practic_ws/install/ur5_robot_description/share/ur5_robot_description/meshes/collision/wrist2.stl
[0.309s] -- Up-to-date: /home/taj71/practic_ws/install/ur5_robot_description/share/ur5_robot_description/meshes/collision/shoulder.stl:Zone.Identifier:Zone.Identifier
[0.310s] -- Up-to-date: /home/taj71/practic_ws/install/ur5_robot_description/share/ur5_robot_description/meshes/collision/shoulder.stl
[0.310s] -- Up-to-date: /home/taj71/practic_ws/install/ur5_robot_description/share/ur5_robot_description/meshes/visual
[0.311s] -- Up-to-date: /home/taj71/practic_ws/install/ur5_robot_description/share/ur5_robot_description/meshes/visual/wrist3.dae
[0.312s] -- Up-to-date: /home/taj71/practic_ws/install/ur5_robot_description/share/ur5_robot_description/meshes/visual/forearm.dae:Zone.Identifier:Zone.Identifier
[0.312s] -- Up-to-date: /home/taj71/practic_ws/install/ur5_robot_description/share/ur5_robot_description/meshes/visual/shoulder.dae
[0.312s] -- Up-to-date: /home/taj71/practic_ws/install/ur5_robot_description/share/ur5_robot_description/meshes/visual/forearm.dae:Zone.Identifier
[0.312s] -- Up-to-date: /home/taj71/practic_ws/install/ur5_robot_description/share/ur5_robot_description/meshes/visual/wrist2.dae:Zone.Identifier:Zone.Identifier
[0.313s] -- Up-to-date: /home/taj71/practic_ws/install/ur5_robot_description/share/ur5_robot_description/meshes/visual/base.dae
[0.313s] -- Up-to-date: /home/taj71/practic_ws/install/ur5_robot_description/share/ur5_robot_description/meshes/visual/wrist2.dae:Zone.Identifier
[0.314s] -- Up-to-date: /home/taj71/practic_ws/install/ur5_robot_description/share/ur5_robot_description/meshes/visual/base.dae:Zone.Identifier
[0.314s] -- Up-to-date: /home/taj71/practic_ws/install/ur5_robot_description/share/ur5_robot_description/meshes/visual/wrist1.dae
[0.314s] -- Up-to-date: /home/taj71/practic_ws/install/ur5_robot_description/share/ur5_robot_description/meshes/visual/forearm.dae:Zone.Identifier:Zone.Identifier:Zone.Identifier
[0.315s] -- Up-to-date: /home/taj71/practic_ws/install/ur5_robot_description/share/ur5_robot_description/meshes/visual/upperarm.dae
[0.315s] -- Up-to-date: /home/taj71/practic_ws/install/ur5_robot_description/share/ur5_robot_description/meshes/visual/wrist2.dae:Zone.Identifier:Zone.Identifier:Zone.Identifier
[0.315s] -- Up-to-date: /home/taj71/practic_ws/install/ur5_robot_description/share/ur5_robot_description/meshes/visual/shoulder.dae:Zone.Identifier
[0.316s] -- Up-to-date: /home/taj71/practic_ws/install/ur5_robot_description/share/ur5_robot_description/meshes/visual/wrist1.dae:Zone.Identifier
[0.317s] -- Up-to-date: /home/taj71/practic_ws/install/ur5_robot_description/share/ur5_robot_description/meshes/visual/upperarm.dae:Zone.Identifier
[0.317s] -- Up-to-date: /home/taj71/practic_ws/install/ur5_robot_description/share/ur5_robot_description/meshes/visual/forearm.dae
[0.318s] -- Up-to-date: /home/taj71/practic_ws/install/ur5_robot_description/share/ur5_robot_description/meshes/visual/wrist3.dae:Zone.Identifier
[0.318s] -- Up-to-date: /home/taj71/practic_ws/install/ur5_robot_description/share/ur5_robot_description/meshes/visual/wrist2.dae
[0.319s] -- Up-to-date: /home/taj71/practic_ws/install/ur5_robot_description/share/ur5_robot_description/rviz
[0.319s] -- Up-to-date: /home/taj71/practic_ws/install/ur5_robot_description/share/ur5_robot_description/rviz/display.rviz
[0.320s] -- Up-to-date: /home/taj71/practic_ws/install/ur5_robot_description/share/ur5_robot_description/rviz/display.rviz:Zone.Identifier
[0.321s] -- Up-to-date: /home/taj71/practic_ws/install/ur5_robot_description/share/ur5_robot_description/rviz/display_new.rviz
[0.321s] -- Up-to-date: /home/taj71/practic_ws/install/ur5_robot_description/share/ur5_robot_description/rviz/display_new.rviz:Zone.Identifier
[0.322s] -- Up-to-date: /home/taj71/practic_ws/install/ur5_robot_description/share/ur5_robot_description/urdf
[0.322s] -- Up-to-date: /home/taj71/practic_ws/install/ur5_robot_description/share/ur5_robot_description/urdf/ur5_gripper_main.xacro:Zone.Identifier
[0.323s] -- Up-to-date: /home/taj71/practic_ws/install/ur5_robot_description/share/ur5_robot_description/urdf/ur5_robot_transmission.xacro
[0.323s] -- Up-to-date: /home/taj71/practic_ws/install/ur5_robot_description/share/ur5_robot_description/urdf/ur5_gripper_main.xacro
[0.324s] -- Up-to-date: /home/taj71/practic_ws/install/ur5_robot_description/share/ur5_robot_description/urdf/eef.xacro
[0.324s] -- Up-to-date: /home/taj71/practic_ws/install/ur5_robot_description/share/ur5_robot_description/urdf/ur5_ros2_control.xacro:Zone.Identifier
[0.324s] -- Up-to-date: /home/taj71/practic_ws/install/ur5_robot_description/share/ur5_robot_description/urdf/ur5_robot_gazebo.xacro:Zone.Identifier
[0.325s] -- Up-to-date: /home/taj71/practic_ws/install/ur5_robot_description/share/ur5_robot_description/urdf/ur5_robot_transmission.xacro:Zone.Identifier
[0.326s] -- Up-to-date: /home/taj71/practic_ws/install/ur5_robot_description/share/ur5_robot_description/urdf/eef.xacro:Zone.Identifier
[0.326s] -- Up-to-date: /home/taj71/practic_ws/install/ur5_robot_description/share/ur5_robot_description/urdf/ur5_ros2_control.xacro
[0.327s] -- Up-to-date: /home/taj71/practic_ws/install/ur5_robot_description/share/ur5_robot_description/urdf/ur5_robot_gazebo.xacro
[0.328s] -- Up-to-date: /home/taj71/practic_ws/install/ur5_robot_description/share/ament_index/resource_index/package_run_dependencies/ur5_robot_description
[0.328s] -- Up-to-date: /home/taj71/practic_ws/install/ur5_robot_description/share/ament_index/resource_index/parent_prefix_path/ur5_robot_description
[0.329s] -- Up-to-date: /home/taj71/practic_ws/install/ur5_robot_description/share/ur5_robot_description/environment/ament_prefix_path.sh
[0.330s] -- Up-to-date: /home/taj71/practic_ws/install/ur5_robot_description/share/ur5_robot_description/environment/ament_prefix_path.dsv
[0.330s] -- Up-to-date: /home/taj71/practic_ws/install/ur5_robot_description/share/ur5_robot_description/environment/path.sh
[0.331s] -- Up-to-date: /home/taj71/practic_ws/install/ur5_robot_description/share/ur5_robot_description/environment/path.dsv
[0.332s] -- Up-to-date: /home/taj71/practic_ws/install/ur5_robot_description/share/ur5_robot_description/local_setup.bash
[0.332s] -- Up-to-date: /home/taj71/practic_ws/install/ur5_robot_description/share/ur5_robot_description/local_setup.sh
[0.334s] -- Up-to-date: /home/taj71/practic_ws/install/ur5_robot_description/share/ur5_robot_description/local_setup.zsh
[0.334s] -- Up-to-date: /home/taj71/practic_ws/install/ur5_robot_description/share/ur5_robot_description/local_setup.dsv
[0.335s] -- Installing: /home/taj71/practic_ws/install/ur5_robot_description/share/ur5_robot_description/package.dsv
[0.335s] -- Up-to-date: /home/taj71/practic_ws/install/ur5_robot_description/share/ament_index/resource_index/packages/ur5_robot_description
[0.335s] -- Up-to-date: /home/taj71/practic_ws/install/ur5_robot_description/share/ur5_robot_description/cmake/ur5_robot_descriptionConfig.cmake
[0.336s] -- Up-to-date: /home/taj71/practic_ws/install/ur5_robot_description/share/ur5_robot_description/cmake/ur5_robot_descriptionConfig-version.cmake
[0.336s] -- Up-to-date: /home/taj71/practic_ws/install/ur5_robot_description/share/ur5_robot_description/package.xml
[0.473s] Invoked command in '/home/taj71/practic_ws/build/ur5_robot_description' returned '0': CMAKE_PREFIX_PATH=/opt/ros/iron /usr/bin/cmake --install /home/taj71/practic_ws/build/ur5_robot_description
