[0.081s] Invoking command in '/home/taj71/practic_ws/build/ur5_robot_description': CMAKE_PREFIX_PATH=${CMAKE_PREFIX_PATH}:/opt/ros/iron /usr/bin/cmake --build /home/taj71/practic_ws/build/ur5_robot_description -- -j8 -l8
[0.283s] Invoked command in '/home/taj71/practic_ws/build/ur5_robot_description' returned '0': CMAKE_PREFIX_PATH=${CMAKE_PREFIX_PATH}:/opt/ros/iron /usr/bin/cmake --build /home/taj71/practic_ws/build/ur5_robot_description -- -j8 -l8
[0.319s] Invoking command in '/home/taj71/practic_ws/build/ur5_robot_description': CMAKE_PREFIX_PATH=${CMAKE_PREFIX_PATH}:/opt/ros/iron /usr/bin/cmake --install /home/taj71/practic_ws/build/ur5_robot_description
[0.432s] -- Install configuration: ""
[0.432s] -- Up-to-date: /home/taj71/practic_ws/install/ur5_robot_description/share/ur5_robot_description/launch
[0.432s] -- Up-to-date: /home/taj71/practic_ws/install/ur5_robot_description/share/ur5_robot_description/launch/moveit.launch.py:Zone.Identifier
[0.433s] -- Up-to-date: /home/taj71/practic_ws/install/ur5_robot_description/share/ur5_robot_description/launch/gz.launch.py:Zone.Identifier
[0.433s] -- Up-to-date: /home/taj71/practic_ws/install/ur5_robot_description/share/ur5_robot_description/launch/gazebo.launch.py:Zone.Identifier
[0.433s] -- Up-to-date: /home/taj71/practic_ws/install/ur5_robot_description/share/ur5_robot_description/launch/gazebo.launch.py
[0.434s] -- Up-to-date: /home/taj71/practic_ws/install/ur5_robot_description/share/ur5_robot_description/launch/gz.launch.py
[0.434s] -- Up-to-date: /home/taj71/practic_ws/install/ur5_robot_description/share/ur5_robot_description/launch/rviz_ur5_gripper.launch.py:Zone.Identifier
[0.434s] -- Up-to-date: /home/taj71/practic_ws/install/ur5_robot_description/share/ur5_robot_description/launch/rviz_ur5_gripper.launch.py
[0.434s] -- Up-to-date: /home/taj71/practic_ws/install/ur5_robot_description/share/ur5_robot_description/meshes
[0.435s] -- Up-to-date: /home/taj71/practic_ws/install/ur5_robot_description/share/ur5_robot_description/meshes/collision
[0.435s] -- Up-to-date: /home/taj71/practic_ws/install/ur5_robot_description/share/ur5_robot_description/meshes/collision/upperarm.stl:Zone.Identifier:Zone.Identifier
[0.435s] -- Up-to-date: /home/taj71/practic_ws/install/ur5_robot_description/share/ur5_robot_description/meshes/collision/upperarm.stl:Zone.Identifier
[0.435s] -- Up-to-date: /home/taj71/practic_ws/install/ur5_robot_description/share/ur5_robot_description/meshes/collision/wrist1.stl:Zone.Identifier:Zone.Identifier
[0.444s] -- Up-to-date: /home/taj71/practic_ws/install/ur5_robot_description/share/ur5_robot_description/meshes/collision/wrist3.stl:Zone.Identifier:Zone.Identifier
[0.445s] -- Up-to-date: /home/taj71/practic_ws/install/ur5_robot_description/share/ur5_robot_description/meshes/collision/base.stl
[0.445s] -- Up-to-date: /home/taj71/practic_ws/install/ur5_robot_description/share/ur5_robot_description/meshes/collision/base.stl:Zone.Identifier
[0.445s] -- Up-to-date: /home/taj71/practic_ws/install/ur5_robot_description/share/ur5_robot_description/meshes/collision/wrist2.stl:Zone.Identifier
[0.446s] -- Up-to-date: /home/taj71/practic_ws/install/ur5_robot_description/share/ur5_robot_description/meshes/collision/upperarm.stl
[0.446s] -- Up-to-date: /home/taj71/practic_ws/install/ur5_robot_description/share/ur5_robot_description/meshes/collision/wrist3.stl:Zone.Identifier
[0.446s] -- Up-to-date: /home/taj71/practic_ws/install/ur5_robot_description/share/ur5_robot_description/meshes/collision/wrist2.stl:Zone.Identifier:Zone.Identifier
[0.446s] -- Up-to-date: /home/taj71/practic_ws/install/ur5_robot_description/share/ur5_robot_description/meshes/collision/wrist1.stl:Zone.Identifier
[0.446s] -- Up-to-date: /home/taj71/practic_ws/install/ur5_robot_description/share/ur5_robot_description/meshes/collision/shoulder.stl:Zone.Identifier
[0.447s] -- Up-to-date: /home/taj71/practic_ws/install/ur5_robot_description/share/ur5_robot_description/meshes/collision/wrist1.stl
[0.447s] -- Up-to-date: /home/taj71/practic_ws/install/ur5_robot_description/share/ur5_robot_description/meshes/collision/wrist3.stl
[0.447s] -- Up-to-date: /home/taj71/practic_ws/install/ur5_robot_description/share/ur5_robot_description/meshes/collision/forearm.stl
[0.448s] -- Up-to-date: /home/taj71/practic_ws/install/ur5_robot_description/share/ur5_robot_description/meshes/collision/forearm.stl:Zone.Identifier
[0.448s] -- Up-to-date: /home/taj71/practic_ws/install/ur5_robot_description/share/ur5_robot_description/meshes/collision/wrist2.stl
[0.451s] -- Up-to-date: /home/taj71/practic_ws/install/ur5_robot_description/share/ur5_robot_description/meshes/collision/shoulder.stl:Zone.Identifier:Zone.Identifier
[0.492s] -- Up-to-date: /home/taj71/practic_ws/install/ur5_robot_description/share/ur5_robot_description/meshes/collision/shoulder.stl
[0.492s] -- Up-to-date: /home/taj71/practic_ws/install/ur5_robot_description/share/ur5_robot_description/meshes/visual
[0.494s] -- Up-to-date: /home/taj71/practic_ws/install/ur5_robot_description/share/ur5_robot_description/meshes/visual/wrist3.dae
[0.495s] -- Up-to-date: /home/taj71/practic_ws/install/ur5_robot_description/share/ur5_robot_description/meshes/visual/forearm.dae:Zone.Identifier:Zone.Identifier
[0.496s] -- Up-to-date: /home/taj71/practic_ws/install/ur5_robot_description/share/ur5_robot_description/meshes/visual/shoulder.dae
[0.497s] -- Up-to-date: /home/taj71/practic_ws/install/ur5_robot_description/share/ur5_robot_description/meshes/visual/forearm.dae:Zone.Identifier
[0.498s] -- Up-to-date: /home/taj71/practic_ws/install/ur5_robot_description/share/ur5_robot_description/meshes/visual/wrist2.dae:Zone.Identifier:Zone.Identifier
[0.499s] -- Up-to-date: /home/taj71/practic_ws/install/ur5_robot_description/share/ur5_robot_description/meshes/visual/base.dae
[0.500s] -- Up-to-date: /home/taj71/practic_ws/install/ur5_robot_description/share/ur5_robot_description/meshes/visual/wrist2.dae:Zone.Identifier
[0.500s] -- Up-to-date: /home/taj71/practic_ws/install/ur5_robot_description/share/ur5_robot_description/meshes/visual/base.dae:Zone.Identifier
[0.502s] -- Up-to-date: /home/taj71/practic_ws/install/ur5_robot_description/share/ur5_robot_description/meshes/visual/wrist1.dae
[0.503s] -- Up-to-date: /home/taj71/practic_ws/install/ur5_robot_description/share/ur5_robot_description/meshes/visual/forearm.dae:Zone.Identifier:Zone.Identifier:Zone.Identifier
[0.504s] -- Up-to-date: /home/taj71/practic_ws/install/ur5_robot_description/share/ur5_robot_description/meshes/visual/upperarm.dae
[0.505s] -- Up-to-date: /home/taj71/practic_ws/install/ur5_robot_description/share/ur5_robot_description/meshes/visual/wrist2.dae:Zone.Identifier:Zone.Identifier:Zone.Identifier
[0.505s] -- Up-to-date: /home/taj71/practic_ws/install/ur5_robot_description/share/ur5_robot_description/meshes/visual/shoulder.dae:Zone.Identifier
[0.506s] -- Up-to-date: /home/taj71/practic_ws/install/ur5_robot_description/share/ur5_robot_description/meshes/visual/wrist1.dae:Zone.Identifier
[0.506s] -- Up-to-date: /home/taj71/practic_ws/install/ur5_robot_description/share/ur5_robot_description/meshes/visual/upperarm.dae:Zone.Identifier
[0.507s] -- Up-to-date: /home/taj71/practic_ws/install/ur5_robot_description/share/ur5_robot_description/meshes/visual/forearm.dae
[0.507s] -- Up-to-date: /home/taj71/practic_ws/install/ur5_robot_description/share/ur5_robot_description/meshes/visual/wrist3.dae:Zone.Identifier
[0.508s] -- Up-to-date: /home/taj71/practic_ws/install/ur5_robot_description/share/ur5_robot_description/meshes/visual/wrist2.dae
[0.509s] -- Up-to-date: /home/taj71/practic_ws/install/ur5_robot_description/share/ur5_robot_description/rviz
[0.509s] -- Up-to-date: /home/taj71/practic_ws/install/ur5_robot_description/share/ur5_robot_description/rviz/display.rviz
[0.510s] -- Up-to-date: /home/taj71/practic_ws/install/ur5_robot_description/share/ur5_robot_description/rviz/display.rviz:Zone.Identifier
[0.510s] -- Up-to-date: /home/taj71/practic_ws/install/ur5_robot_description/share/ur5_robot_description/rviz/display_new.rviz
[0.511s] -- Up-to-date: /home/taj71/practic_ws/install/ur5_robot_description/share/ur5_robot_description/rviz/display_new.rviz:Zone.Identifier
[0.512s] -- Up-to-date: /home/taj71/practic_ws/install/ur5_robot_description/share/ur5_robot_description/urdf
[0.512s] -- Up-to-date: /home/taj71/practic_ws/install/ur5_robot_description/share/ur5_robot_description/urdf/ur5_gripper_main.xacro:Zone.Identifier
[0.513s] -- Up-to-date: /home/taj71/practic_ws/install/ur5_robot_description/share/ur5_robot_description/urdf/ur5_robot_transmission.xacro
[0.513s] -- Up-to-date: /home/taj71/practic_ws/install/ur5_robot_description/share/ur5_robot_description/urdf/ur5_gripper_main.xacro
[0.514s] -- Up-to-date: /home/taj71/practic_ws/install/ur5_robot_description/share/ur5_robot_description/urdf/eef.xacro
[0.514s] -- Up-to-date: /home/taj71/practic_ws/install/ur5_robot_description/share/ur5_robot_description/urdf/ur5_ros2_control.xacro:Zone.Identifier
[0.515s] -- Up-to-date: /home/taj71/practic_ws/install/ur5_robot_description/share/ur5_robot_description/urdf/ur5_robot_gazebo.xacro:Zone.Identifier
[0.516s] -- Up-to-date: /home/taj71/practic_ws/install/ur5_robot_description/share/ur5_robot_description/urdf/ur5_robot_transmission.xacro:Zone.Identifier
[0.516s] -- Up-to-date: /home/taj71/practic_ws/install/ur5_robot_description/share/ur5_robot_description/urdf/eef.xacro:Zone.Identifier
[0.517s] -- Up-to-date: /home/taj71/practic_ws/install/ur5_robot_description/share/ur5_robot_description/urdf/ur5_ros2_control.xacro
[0.518s] -- Up-to-date: /home/taj71/practic_ws/install/ur5_robot_description/share/ur5_robot_description/urdf/ur5_robot_gazebo.xacro
[0.519s] -- Up-to-date: /home/taj71/practic_ws/install/ur5_robot_description/share/ament_index/resource_index/package_run_dependencies/ur5_robot_description
[0.519s] -- Up-to-date: /home/taj71/practic_ws/install/ur5_robot_description/share/ament_index/resource_index/parent_prefix_path/ur5_robot_description
[0.520s] -- Up-to-date: /home/taj71/practic_ws/install/ur5_robot_description/share/ur5_robot_description/environment/ament_prefix_path.sh
[0.520s] -- Up-to-date: /home/taj71/practic_ws/install/ur5_robot_description/share/ur5_robot_description/environment/ament_prefix_path.dsv
[0.521s] -- Up-to-date: /home/taj71/practic_ws/install/ur5_robot_description/share/ur5_robot_description/environment/path.sh
[0.523s] -- Up-to-date: /home/taj71/practic_ws/install/ur5_robot_description/share/ur5_robot_description/environment/path.dsv
[0.524s] -- Up-to-date: /home/taj71/practic_ws/install/ur5_robot_description/share/ur5_robot_description/local_setup.bash
[0.525s] -- Up-to-date: /home/taj71/practic_ws/install/ur5_robot_description/share/ur5_robot_description/local_setup.sh
[0.526s] -- Up-to-date: /home/taj71/practic_ws/install/ur5_robot_description/share/ur5_robot_description/local_setup.zsh
[0.526s] -- Up-to-date: /home/taj71/practic_ws/install/ur5_robot_description/share/ur5_robot_description/local_setup.dsv
[0.527s] -- Installing: /home/taj71/practic_ws/install/ur5_robot_description/share/ur5_robot_description/package.dsv
[0.528s] -- Up-to-date: /home/taj71/practic_ws/install/ur5_robot_description/share/ament_index/resource_index/packages/ur5_robot_description
[0.529s] -- Up-to-date: /home/taj71/practic_ws/install/ur5_robot_description/share/ur5_robot_description/cmake/ur5_robot_descriptionConfig.cmake
[0.529s] -- Up-to-date: /home/taj71/practic_ws/install/ur5_robot_description/share/ur5_robot_description/cmake/ur5_robot_descriptionConfig-version.cmake
[0.530s] -- Up-to-date: /home/taj71/practic_ws/install/ur5_robot_description/share/ur5_robot_description/package.xml
[0.666s] Invoked command in '/home/taj71/practic_ws/build/ur5_robot_description' returned '0': CMAKE_PREFIX_PATH=${CMAKE_PREFIX_PATH}:/opt/ros/iron /usr/bin/cmake --install /home/taj71/practic_ws/build/ur5_robot_description
