[0.129s] Invoking command in '/home/taj71/ur5_ws/build/robotiq_description': CMAKE_PREFIX_PATH=/opt/ros/humble:/opt/ros/iron /usr/bin/cmake --build /home/taj71/ur5_ws/build/robotiq_description -- -j8 -l8
[1.176s] Invoked command in '/home/taj71/ur5_ws/build/robotiq_description' returned '0': CMAKE_PREFIX_PATH=/opt/ros/humble:/opt/ros/iron /usr/bin/cmake --build /home/taj71/ur5_ws/build/robotiq_description -- -j8 -l8
[1.206s] Invoking command in '/home/taj71/ur5_ws/build/robotiq_description': CMAKE_PREFIX_PATH=/opt/ros/humble:/opt/ros/iron /usr/bin/cmake --install /home/taj71/ur5_ws/build/robotiq_description
[1.229s] -- Install configuration: ""
[1.233s] -- Up-to-date: /home/taj71/ur5_ws/install/robotiq_description/share/robotiq_description/config
[1.234s] -- Up-to-date: /home/taj71/ur5_ws/install/robotiq_description/share/robotiq_description/config/config.rviz
[1.235s] -- Up-to-date: /home/taj71/ur5_ws/install/robotiq_description/share/robotiq_description/launch
[1.236s] -- Up-to-date: /home/taj71/ur5_ws/install/robotiq_description/share/robotiq_description/launch/display.launch.py
[1.237s] -- Up-to-date: /home/taj71/ur5_ws/install/robotiq_description/share/robotiq_description/meshes
[1.240s] -- Up-to-date: /home/taj71/ur5_ws/install/robotiq_description/share/robotiq_description/meshes/collision
[1.241s] -- Up-to-date: /home/taj71/ur5_ws/install/robotiq_description/share/robotiq_description/meshes/collision/robotiq_85_inner_knuckle_link.stl
[1.241s] -- Up-to-date: /home/taj71/ur5_ws/install/robotiq_description/share/robotiq_description/meshes/collision/robotiq_85_base_link.stl
[1.242s] -- Up-to-date: /home/taj71/ur5_ws/install/robotiq_description/share/robotiq_description/meshes/collision/robotiq_85_finger_tip_link.stl
[1.243s] -- Up-to-date: /home/taj71/ur5_ws/install/robotiq_description/share/robotiq_description/meshes/collision/robotiq_85_finger_link.stl
[1.246s] -- Up-to-date: /home/taj71/ur5_ws/install/robotiq_description/share/robotiq_description/meshes/collision/robotiq_85_knuckle_link.stl
[1.247s] -- Up-to-date: /home/taj71/ur5_ws/install/robotiq_description/share/robotiq_description/meshes/visual
[1.250s] -- Up-to-date: /home/taj71/ur5_ws/install/robotiq_description/share/robotiq_description/meshes/visual/robotiq_85_inner_knuckle_link.dae
[1.253s] -- Up-to-date: /home/taj71/ur5_ws/install/robotiq_description/share/robotiq_description/meshes/visual/robotiq_85_knuckle_link.dae
[1.254s] -- Up-to-date: /home/taj71/ur5_ws/install/robotiq_description/share/robotiq_description/meshes/visual/robotiq_85_finger_link.dae
[1.255s] -- Up-to-date: /home/taj71/ur5_ws/install/robotiq_description/share/robotiq_description/meshes/visual/robotiq_85_finger_tip_link.dae
[1.256s] -- Up-to-date: /home/taj71/ur5_ws/install/robotiq_description/share/robotiq_description/meshes/visual/robotiq_85_base_link.dae
[1.257s] -- Up-to-date: /home/taj71/ur5_ws/install/robotiq_description/share/robotiq_description/rviz
[1.258s] -- Up-to-date: /home/taj71/ur5_ws/install/robotiq_description/share/robotiq_description/rviz/display.rviz
[1.258s] -- Up-to-date: /home/taj71/ur5_ws/install/robotiq_description/share/robotiq_description/urdf
[1.258s] -- Installing: /home/taj71/ur5_ws/install/robotiq_description/share/robotiq_description/urdf/robotiq_85_gripper2.xacro
[1.259s] -- Installing: /home/taj71/ur5_ws/install/robotiq_description/share/robotiq_description/urdf/robotiq_85_gripper.xacro
[1.260s] -- Installing: /home/taj71/ur5_ws/install/robotiq_description/share/robotiq_description/urdf/robotiq_85_gripper.transmission.xacro
[1.261s] -- Installing: /home/taj71/ur5_ws/install/robotiq_description/share/robotiq_description/urdf/robotiq_85_gripper.urdf.xacro
[1.262s] -- Installing: /home/taj71/ur5_ws/install/robotiq_description/share/robotiq_description/urdf/robotiq_85_gripper_sim_base.urdf.xacro
[1.263s] -- Up-to-date: /home/taj71/ur5_ws/install/robotiq_description/share/ament_index/resource_index/package_run_dependencies/robotiq_description
[1.263s] -- Up-to-date: /home/taj71/ur5_ws/install/robotiq_description/share/ament_index/resource_index/parent_prefix_path/robotiq_description
[1.264s] -- Up-to-date: /home/taj71/ur5_ws/install/robotiq_description/share/robotiq_description/environment/ament_prefix_path.sh
[1.264s] -- Up-to-date: /home/taj71/ur5_ws/install/robotiq_description/share/robotiq_description/environment/ament_prefix_path.dsv
[1.264s] -- Up-to-date: /home/taj71/ur5_ws/install/robotiq_description/share/robotiq_description/environment/path.sh
[1.265s] -- Up-to-date: /home/taj71/ur5_ws/install/robotiq_description/share/robotiq_description/environment/path.dsv
[1.266s] -- Up-to-date: /home/taj71/ur5_ws/install/robotiq_description/share/robotiq_description/local_setup.bash
[1.268s] -- Up-to-date: /home/taj71/ur5_ws/install/robotiq_description/share/robotiq_description/local_setup.sh
[1.270s] -- Up-to-date: /home/taj71/ur5_ws/install/robotiq_description/share/robotiq_description/local_setup.zsh
[1.271s] -- Up-to-date: /home/taj71/ur5_ws/install/robotiq_description/share/robotiq_description/local_setup.dsv
[1.272s] -- Installing: /home/taj71/ur5_ws/install/robotiq_description/share/robotiq_description/package.dsv
[1.273s] -- Up-to-date: /home/taj71/ur5_ws/install/robotiq_description/share/ament_index/resource_index/packages/robotiq_description
[1.274s] -- Up-to-date: /home/taj71/ur5_ws/install/robotiq_description/share/robotiq_description/cmake/robotiq_descriptionConfig.cmake
[1.274s] -- Up-to-date: /home/taj71/ur5_ws/install/robotiq_description/share/robotiq_description/cmake/robotiq_descriptionConfig-version.cmake
[1.274s] -- Up-to-date: /home/taj71/ur5_ws/install/robotiq_description/share/robotiq_description/package.xml
[1.313s] Invoked command in '/home/taj71/ur5_ws/build/robotiq_description' returned '0': CMAKE_PREFIX_PATH=/opt/ros/humble:/opt/ros/iron /usr/bin/cmake --install /home/taj71/ur5_ws/build/robotiq_description
