[0.255s] Invoking command in '/home/taj71/practic_ws/build/ur5_gripper_moveit_config': CMAKE_PREFIX_PATH=/home/taj71/practic_ws/install/ur5_robot_description:/home/taj71/practic_ws/install/ur5_gripper_moveit_config:/home/taj71/practic_ws/install/ur5_controller:/home/taj71/practic_ws/install/robotiq_description:/opt/ros/iron /usr/bin/cmake --build /home/taj71/practic_ws/build/ur5_gripper_moveit_config -- -j8 -l8
[0.296s] Invoked command in '/home/taj71/practic_ws/build/ur5_gripper_moveit_config' returned '0': CMAKE_PREFIX_PATH=/home/taj71/practic_ws/install/ur5_robot_description:/home/taj71/practic_ws/install/ur5_gripper_moveit_config:/home/taj71/practic_ws/install/ur5_controller:/home/taj71/practic_ws/install/robotiq_description:/opt/ros/iron /usr/bin/cmake --build /home/taj71/practic_ws/build/ur5_gripper_moveit_config -- -j8 -l8
[0.299s] Invoking command in '/home/taj71/practic_ws/build/ur5_gripper_moveit_config': CMAKE_PREFIX_PATH=/home/taj71/practic_ws/install/ur5_robot_description:/home/taj71/practic_ws/install/ur5_gripper_moveit_config:/home/taj71/practic_ws/install/ur5_controller:/home/taj71/practic_ws/install/robotiq_description:/opt/ros/iron /usr/bin/cmake --install /home/taj71/practic_ws/build/ur5_gripper_moveit_config
[0.308s] -- Install configuration: ""
[0.308s] -- Up-to-date: /home/taj71/practic_ws/install/ur5_gripper_moveit_config/share/ur5_gripper_moveit_config/launch
[0.308s] -- Up-to-date: /home/taj71/practic_ws/install/ur5_gripper_moveit_config/share/ur5_gripper_moveit_config/launch/moveit.launch.py
[0.309s] -- Up-to-date: /home/taj71/practic_ws/install/ur5_gripper_moveit_config/share/ur5_gripper_moveit_config/config
[0.309s] -- Up-to-date: /home/taj71/practic_ws/install/ur5_gripper_moveit_config/share/ur5_gripper_moveit_config/config/moveit_controllers.yaml
[0.310s] -- Up-to-date: /home/taj71/practic_ws/install/ur5_gripper_moveit_config/share/ur5_gripper_moveit_config/config/ros2_controllers.yaml
[0.310s] -- Up-to-date: /home/taj71/practic_ws/install/ur5_gripper_moveit_config/share/ur5_gripper_moveit_config/config/ur5_robot.urdf.xacro
[0.311s] -- Up-to-date: /home/taj71/practic_ws/install/ur5_gripper_moveit_config/share/ur5_gripper_moveit_config/config/ur5_robot.ros2_control.xacro
[0.311s] -- Up-to-date: /home/taj71/practic_ws/install/ur5_gripper_moveit_config/share/ur5_gripper_moveit_config/config/txt.yaml
[0.311s] -- Up-to-date: /home/taj71/practic_ws/install/ur5_gripper_moveit_config/share/ur5_gripper_moveit_config/config/kinematics.yaml
[0.311s] -- Up-to-date: /home/taj71/practic_ws/install/ur5_gripper_moveit_config/share/ur5_gripper_moveit_config/config/ur5_robot.srdf
[0.311s] -- Up-to-date: /home/taj71/practic_ws/install/ur5_gripper_moveit_config/share/ur5_gripper_moveit_config/config/pilz_cartesian_limits.yaml
[0.312s] -- Up-to-date: /home/taj71/practic_ws/install/ur5_gripper_moveit_config/share/ur5_gripper_moveit_config/config/initial_positions.yaml
[0.312s] -- Installing: /home/taj71/practic_ws/install/ur5_gripper_moveit_config/share/ur5_gripper_moveit_config/config/joint_limits.yaml
[0.312s] -- Up-to-date: /home/taj71/practic_ws/install/ur5_gripper_moveit_config/share/ur5_gripper_moveit_config/config/ompl_planning.yaml
[0.313s] -- Up-to-date: /home/taj71/practic_ws/install/ur5_gripper_moveit_config/share/ament_index/resource_index/package_run_dependencies/ur5_gripper_moveit_config
[0.313s] -- Up-to-date: /home/taj71/practic_ws/install/ur5_gripper_moveit_config/share/ament_index/resource_index/parent_prefix_path/ur5_gripper_moveit_config
[0.313s] -- Up-to-date: /home/taj71/practic_ws/install/ur5_gripper_moveit_config/share/ur5_gripper_moveit_config/environment/ament_prefix_path.sh
[0.314s] -- Up-to-date: /home/taj71/practic_ws/install/ur5_gripper_moveit_config/share/ur5_gripper_moveit_config/environment/ament_prefix_path.dsv
[0.314s] -- Up-to-date: /home/taj71/practic_ws/install/ur5_gripper_moveit_config/share/ur5_gripper_moveit_config/environment/path.sh
[0.314s] -- Up-to-date: /home/taj71/practic_ws/install/ur5_gripper_moveit_config/share/ur5_gripper_moveit_config/environment/path.dsv
[0.314s] -- Up-to-date: /home/taj71/practic_ws/install/ur5_gripper_moveit_config/share/ur5_gripper_moveit_config/local_setup.bash
[0.315s] -- Up-to-date: /home/taj71/practic_ws/install/ur5_gripper_moveit_config/share/ur5_gripper_moveit_config/local_setup.sh
[0.316s] -- Up-to-date: /home/taj71/practic_ws/install/ur5_gripper_moveit_config/share/ur5_gripper_moveit_config/local_setup.zsh
[0.316s] -- Up-to-date: /home/taj71/practic_ws/install/ur5_gripper_moveit_config/share/ur5_gripper_moveit_config/local_setup.dsv
[0.317s] -- Installing: /home/taj71/practic_ws/install/ur5_gripper_moveit_config/share/ur5_gripper_moveit_config/package.dsv
[0.319s] -- Up-to-date: /home/taj71/practic_ws/install/ur5_gripper_moveit_config/share/ament_index/resource_index/packages/ur5_gripper_moveit_config
[0.319s] -- Up-to-date: /home/taj71/practic_ws/install/ur5_gripper_moveit_config/share/ur5_gripper_moveit_config/cmake/ur5_gripper_moveit_configConfig.cmake
[0.320s] -- Up-to-date: /home/taj71/practic_ws/install/ur5_gripper_moveit_config/share/ur5_gripper_moveit_config/cmake/ur5_gripper_moveit_configConfig-version.cmake
[0.320s] -- Up-to-date: /home/taj71/practic_ws/install/ur5_gripper_moveit_config/share/ur5_gripper_moveit_config/package.xml
[0.320s] Invoked command in '/home/taj71/practic_ws/build/ur5_gripper_moveit_config' returned '0': CMAKE_PREFIX_PATH=/home/taj71/practic_ws/install/ur5_robot_description:/home/taj71/practic_ws/install/ur5_gripper_moveit_config:/home/taj71/practic_ws/install/ur5_controller:/home/taj71/practic_ws/install/robotiq_description:/opt/ros/iron /usr/bin/cmake --install /home/taj71/practic_ws/build/ur5_gripper_moveit_config
