[0.206s] Invoking command in '/home/taj71/practic_ws/build/ur5_controller': CMAKE_PREFIX_PATH=${CMAKE_PREFIX_PATH}:/opt/ros/iron /usr/bin/cmake --build /home/taj71/practic_ws/build/ur5_controller -- -j8 -l8
[0.647s] Invoked command in '/home/taj71/practic_ws/build/ur5_controller' returned '0': CMAKE_PREFIX_PATH=${CMAKE_PREFIX_PATH}:/opt/ros/iron /usr/bin/cmake --build /home/taj71/practic_ws/build/ur5_controller -- -j8 -l8
[0.682s] Invoking command in '/home/taj71/practic_ws/build/ur5_controller': CMAKE_PREFIX_PATH=${CMAKE_PREFIX_PATH}:/opt/ros/iron /usr/bin/cmake --install /home/taj71/practic_ws/build/ur5_controller
[0.683s] -- Install configuration: ""
[0.683s] -- Up-to-date: /home/taj71/practic_ws/install/ur5_controller/share/ur5_controller/config
[0.684s] -- Up-to-date: /home/taj71/practic_ws/install/ur5_controller/share/ur5_controller/config/ur5_controller.yaml
[0.684s] -- Up-to-date: /home/taj71/practic_ws/install/ur5_controller/share/ur5_controller/config/new.yaml:Zone.Identifier
[0.684s] -- Up-to-date: /home/taj71/practic_ws/install/ur5_controller/share/ur5_controller/config/new.yaml
[0.691s] -- Up-to-date: /home/taj71/practic_ws/install/ur5_controller/share/ur5_controller/config/ur5_controller.yaml:Zone.Identifier
[0.691s] -- Up-to-date: /home/taj71/practic_ws/install/ur5_controller/share/ur5_controller/launch
[0.693s] -- Up-to-date: /home/taj71/practic_ws/install/ur5_controller/share/ur5_controller/launch/controller.launch.py
[0.695s] -- Up-to-date: /home/taj71/practic_ws/install/ur5_controller/share/ur5_controller/launch/controller.launch.py:Zone.Identifier
[0.695s] -- Up-to-date: /home/taj71/practic_ws/install/ur5_controller/share/ament_index/resource_index/package_run_dependencies/ur5_controller
[0.696s] -- Up-to-date: /home/taj71/practic_ws/install/ur5_controller/share/ament_index/resource_index/parent_prefix_path/ur5_controller
[0.696s] -- Up-to-date: /home/taj71/practic_ws/install/ur5_controller/share/ur5_controller/environment/ament_prefix_path.sh
[0.696s] -- Up-to-date: /home/taj71/practic_ws/install/ur5_controller/share/ur5_controller/environment/ament_prefix_path.dsv
[0.697s] -- Up-to-date: /home/taj71/practic_ws/install/ur5_controller/share/ur5_controller/environment/path.sh
[0.697s] -- Up-to-date: /home/taj71/practic_ws/install/ur5_controller/share/ur5_controller/environment/path.dsv
[0.699s] -- Up-to-date: /home/taj71/practic_ws/install/ur5_controller/share/ur5_controller/local_setup.bash
[0.701s] -- Up-to-date: /home/taj71/practic_ws/install/ur5_controller/share/ur5_controller/local_setup.sh
[0.702s] -- Up-to-date: /home/taj71/practic_ws/install/ur5_controller/share/ur5_controller/local_setup.zsh
[0.705s] -- Up-to-date: /home/taj71/practic_ws/install/ur5_controller/share/ur5_controller/local_setup.dsv
[0.705s] -- Installing: /home/taj71/practic_ws/install/ur5_controller/share/ur5_controller/package.dsv
[0.705s] -- Up-to-date: /home/taj71/practic_ws/install/ur5_controller/share/ament_index/resource_index/packages/ur5_controller
[0.706s] -- Up-to-date: /home/taj71/practic_ws/install/ur5_controller/share/ur5_controller/cmake/ur5_controllerConfig.cmake
[0.706s] -- Up-to-date: /home/taj71/practic_ws/install/ur5_controller/share/ur5_controller/cmake/ur5_controllerConfig-version.cmake
[0.707s] -- Up-to-date: /home/taj71/practic_ws/install/ur5_controller/share/ur5_controller/package.xml
[0.851s] Invoked command in '/home/taj71/practic_ws/build/ur5_controller' returned '0': CMAKE_PREFIX_PATH=${CMAKE_PREFIX_PATH}:/opt/ros/iron /usr/bin/cmake --install /home/taj71/practic_ws/build/ur5_controller
