[0.876s] Invoking command in '/home/taj71/ur5_ws/src/ur5_robot_py': PYTHONPATH=/home/taj71/ur5_ws/build/ur5_robot_py/prefix_override:/home/taj71/.local/lib/python3.10/site-packages/colcon_core/task/python/colcon_distutils_commands:/home/taj71/ur5_ws/install/ur5_robot_py/lib/python3.10/site-packages:${PYTHONPATH} /usr/bin/python3 -W ignore:setup.py install is deprecated -W ignore:easy_install command is deprecated setup.py egg_info --egg-base ../../build/ur5_robot_py build --build-base /home/taj71/ur5_ws/build/ur5_robot_py/build install --record /home/taj71/ur5_ws/build/ur5_robot_py/install.log --single-version-externally-managed install_data
[1.180s] running egg_info
[1.181s] writing ../../build/ur5_robot_py/ur5_robot_py.egg-info/PKG-INFO
[1.182s] writing dependency_links to ../../build/ur5_robot_py/ur5_robot_py.egg-info/dependency_links.txt
[1.182s] writing entry points to ../../build/ur5_robot_py/ur5_robot_py.egg-info/entry_points.txt
[1.182s] writing requirements to ../../build/ur5_robot_py/ur5_robot_py.egg-info/requires.txt
[1.182s] writing top-level names to ../../build/ur5_robot_py/ur5_robot_py.egg-info/top_level.txt
[1.185s] reading manifest file '../../build/ur5_robot_py/ur5_robot_py.egg-info/SOURCES.txt'
[1.186s] writing manifest file '../../build/ur5_robot_py/ur5_robot_py.egg-info/SOURCES.txt'
[1.186s] running build
[1.187s] running build_py
[1.187s] running install
[1.187s] running install_lib
[1.188s] running install_data
[1.189s] running install_egg_info
[1.190s] removing '/home/taj71/ur5_ws/install/ur5_robot_py/lib/python3.10/site-packages/ur5_robot_py-0.0.0-py3.10.egg-info' (and everything under it)
[1.191s] Copying ../../build/ur5_robot_py/ur5_robot_py.egg-info to /home/taj71/ur5_ws/install/ur5_robot_py/lib/python3.10/site-packages/ur5_robot_py-0.0.0-py3.10.egg-info
[1.193s] running install_scripts
[1.218s] writing list of installed files to '/home/taj71/ur5_ws/build/ur5_robot_py/install.log'
[1.256s] Invoked command in '/home/taj71/ur5_ws/src/ur5_robot_py' returned '0': PYTHONPATH=/home/taj71/ur5_ws/build/ur5_robot_py/prefix_override:/home/taj71/.local/lib/python3.10/site-packages/colcon_core/task/python/colcon_distutils_commands:/home/taj71/ur5_ws/install/ur5_robot_py/lib/python3.10/site-packages:${PYTHONPATH} /usr/bin/python3 -W ignore:setup.py install is deprecated -W ignore:easy_install command is deprecated setup.py egg_info --egg-base ../../build/ur5_robot_py build --build-base /home/taj71/ur5_ws/build/ur5_robot_py/build install --record /home/taj71/ur5_ws/build/ur5_robot_py/install.log --single-version-externally-managed install_data
