[0.038s] Invoking command in '/home/taj71/practic_ws/build/ur5_robot_description': CMAKE_PREFIX_PATH=/opt/ros/iron /usr/bin/cmake --build /home/taj71/practic_ws/build/ur5_robot_description -- -j8 -l8
[0.136s] Invoked command in '/home/taj71/practic_ws/build/ur5_robot_description' returned '0': CMAKE_PREFIX_PATH=/opt/ros/iron /usr/bin/cmake --build /home/taj71/practic_ws/build/ur5_robot_description -- -j8 -l8
[0.143s] Invoking command in '/home/taj71/practic_ws/build/ur5_robot_description': CMAKE_PREFIX_PATH=/opt/ros/iron /usr/bin/cmake --install /home/taj71/practic_ws/build/ur5_robot_description
[0.196s] -- Install configuration: ""
[0.196s] -- Up-to-date: /home/taj71/practic_ws/install/ur5_robot_description/share/ur5_robot_description/launch
[0.196s] -- Up-to-date: /home/taj71/practic_ws/install/ur5_robot_description/share/ur5_robot_description/launch/gz.launch.py:Zone.Identifier
[0.197s] -- Up-to-date: /home/taj71/practic_ws/install/ur5_robot_description/share/ur5_robot_description/launch/gazebo.launch.py:Zone.Identifier
[0.197s] -- Up-to-date: /home/taj71/practic_ws/install/ur5_robot_description/share/ur5_robot_description/launch/gazebo.launch.py
[0.197s] -- Up-to-date: /home/taj71/practic_ws/install/ur5_robot_description/share/ur5_robot_description/launch/gz.launch.py
[0.197s] -- Up-to-date: /home/taj71/practic_ws/install/ur5_robot_description/share/ur5_robot_description/launch/rviz_ur5_gripper.launch.py:Zone.Identifier
[0.197s] -- Up-to-date: /home/taj71/practic_ws/install/ur5_robot_description/share/ur5_robot_description/launch/rviz_ur5_gripper.launch.py
[0.198s] -- Up-to-date: /home/taj71/practic_ws/install/ur5_robot_description/share/ur5_robot_description/meshes
[0.198s] -- Up-to-date: /home/taj71/practic_ws/install/ur5_robot_description/share/ur5_robot_description/meshes/collision
[0.198s] -- Up-to-date: /home/taj71/practic_ws/install/ur5_robot_description/share/ur5_robot_description/meshes/collision/upperarm.stl:Zone.Identifier:Zone.Identifier
[0.198s] -- Up-to-date: /home/taj71/practic_ws/install/ur5_robot_description/share/ur5_robot_description/meshes/collision/upperarm.stl:Zone.Identifier
[0.198s] -- Up-to-date: /home/taj71/practic_ws/install/ur5_robot_description/share/ur5_robot_description/meshes/collision/wrist1.stl:Zone.Identifier:Zone.Identifier
[0.199s] -- Up-to-date: /home/taj71/practic_ws/install/ur5_robot_description/share/ur5_robot_description/meshes/collision/wrist3.stl:Zone.Identifier:Zone.Identifier
[0.199s] -- Up-to-date: /home/taj71/practic_ws/install/ur5_robot_description/share/ur5_robot_description/meshes/collision/base.stl
[0.199s] -- Up-to-date: /home/taj71/practic_ws/install/ur5_robot_description/share/ur5_robot_description/meshes/collision/base.stl:Zone.Identifier
[0.199s] -- Up-to-date: /home/taj71/practic_ws/install/ur5_robot_description/share/ur5_robot_description/meshes/collision/wrist2.stl:Zone.Identifier
[0.200s] -- Up-to-date: /home/taj71/practic_ws/install/ur5_robot_description/share/ur5_robot_description/meshes/collision/upperarm.stl
[0.200s] -- Up-to-date: /home/taj71/practic_ws/install/ur5_robot_description/share/ur5_robot_description/meshes/collision/wrist3.stl:Zone.Identifier
[0.200s] -- Up-to-date: /home/taj71/practic_ws/install/ur5_robot_description/share/ur5_robot_description/meshes/collision/wrist2.stl:Zone.Identifier:Zone.Identifier
[0.200s] -- Up-to-date: /home/taj71/practic_ws/install/ur5_robot_description/share/ur5_robot_description/meshes/collision/wrist1.stl:Zone.Identifier
[0.200s] -- Up-to-date: /home/taj71/practic_ws/install/ur5_robot_description/share/ur5_robot_description/meshes/collision/shoulder.stl:Zone.Identifier
[0.201s] -- Up-to-date: /home/taj71/practic_ws/install/ur5_robot_description/share/ur5_robot_description/meshes/collision/wrist1.stl
[0.201s] -- Up-to-date: /home/taj71/practic_ws/install/ur5_robot_description/share/ur5_robot_description/meshes/collision/wrist3.stl
[0.201s] -- Up-to-date: /home/taj71/practic_ws/install/ur5_robot_description/share/ur5_robot_description/meshes/collision/forearm.stl
[0.201s] -- Up-to-date: /home/taj71/practic_ws/install/ur5_robot_description/share/ur5_robot_description/meshes/collision/forearm.stl:Zone.Identifier
[0.202s] -- Up-to-date: /home/taj71/practic_ws/install/ur5_robot_description/share/ur5_robot_description/meshes/collision/wrist2.stl
[0.202s] -- Up-to-date: /home/taj71/practic_ws/install/ur5_robot_description/share/ur5_robot_description/meshes/collision/shoulder.stl:Zone.Identifier:Zone.Identifier
[0.202s] -- Up-to-date: /home/taj71/practic_ws/install/ur5_robot_description/share/ur5_robot_description/meshes/collision/shoulder.stl
[0.202s] -- Up-to-date: /home/taj71/practic_ws/install/ur5_robot_description/share/ur5_robot_description/meshes/visual
[0.203s] -- Up-to-date: /home/taj71/practic_ws/install/ur5_robot_description/share/ur5_robot_description/meshes/visual/wrist3.dae
[0.203s] -- Up-to-date: /home/taj71/practic_ws/install/ur5_robot_description/share/ur5_robot_description/meshes/visual/forearm.dae:Zone.Identifier:Zone.Identifier
[0.204s] -- Up-to-date: /home/taj71/practic_ws/install/ur5_robot_description/share/ur5_robot_description/meshes/visual/shoulder.dae
[0.204s] -- Up-to-date: /home/taj71/practic_ws/install/ur5_robot_description/share/ur5_robot_description/meshes/visual/forearm.dae:Zone.Identifier
[0.204s] -- Up-to-date: /home/taj71/practic_ws/install/ur5_robot_description/share/ur5_robot_description/meshes/visual/wrist2.dae:Zone.Identifier:Zone.Identifier
[0.205s] -- Up-to-date: /home/taj71/practic_ws/install/ur5_robot_description/share/ur5_robot_description/meshes/visual/base.dae
[0.205s] -- Up-to-date: /home/taj71/practic_ws/install/ur5_robot_description/share/ur5_robot_description/meshes/visual/wrist2.dae:Zone.Identifier
[0.205s] -- Up-to-date: /home/taj71/practic_ws/install/ur5_robot_description/share/ur5_robot_description/meshes/visual/base.dae:Zone.Identifier
[0.206s] -- Up-to-date: /home/taj71/practic_ws/install/ur5_robot_description/share/ur5_robot_description/meshes/visual/wrist1.dae
[0.206s] -- Up-to-date: /home/taj71/practic_ws/install/ur5_robot_description/share/ur5_robot_description/meshes/visual/forearm.dae:Zone.Identifier:Zone.Identifier:Zone.Identifier
[0.206s] -- Up-to-date: /home/taj71/practic_ws/install/ur5_robot_description/share/ur5_robot_description/meshes/visual/upperarm.dae
[0.206s] -- Up-to-date: /home/taj71/practic_ws/install/ur5_robot_description/share/ur5_robot_description/meshes/visual/wrist2.dae:Zone.Identifier:Zone.Identifier:Zone.Identifier
[0.206s] -- Up-to-date: /home/taj71/practic_ws/install/ur5_robot_description/share/ur5_robot_description/meshes/visual/shoulder.dae:Zone.Identifier
[0.207s] -- Up-to-date: /home/taj71/practic_ws/install/ur5_robot_description/share/ur5_robot_description/meshes/visual/wrist1.dae:Zone.Identifier
[0.207s] -- Up-to-date: /home/taj71/practic_ws/install/ur5_robot_description/share/ur5_robot_description/meshes/visual/upperarm.dae:Zone.Identifier
[0.207s] -- Up-to-date: /home/taj71/practic_ws/install/ur5_robot_description/share/ur5_robot_description/meshes/visual/forearm.dae
[0.207s] -- Up-to-date: /home/taj71/practic_ws/install/ur5_robot_description/share/ur5_robot_description/meshes/visual/wrist3.dae:Zone.Identifier
[0.208s] -- Up-to-date: /home/taj71/practic_ws/install/ur5_robot_description/share/ur5_robot_description/meshes/visual/wrist2.dae
[0.209s] -- Up-to-date: /home/taj71/practic_ws/install/ur5_robot_description/share/ur5_robot_description/rviz
[0.209s] -- Up-to-date: /home/taj71/practic_ws/install/ur5_robot_description/share/ur5_robot_description/rviz/display.rviz
[0.210s] -- Up-to-date: /home/taj71/practic_ws/install/ur5_robot_description/share/ur5_robot_description/rviz/display.rviz:Zone.Identifier
[0.210s] -- Up-to-date: /home/taj71/practic_ws/install/ur5_robot_description/share/ur5_robot_description/rviz/display_new.rviz
[0.210s] -- Up-to-date: /home/taj71/practic_ws/install/ur5_robot_description/share/ur5_robot_description/rviz/display_new.rviz:Zone.Identifier
[0.211s] -- Up-to-date: /home/taj71/practic_ws/install/ur5_robot_description/share/ur5_robot_description/urdf
[0.211s] -- Up-to-date: /home/taj71/practic_ws/install/ur5_robot_description/share/ur5_robot_description/urdf/ur5_gripper_main.xacro:Zone.Identifier
[0.212s] -- Up-to-date: /home/taj71/practic_ws/install/ur5_robot_description/share/ur5_robot_description/urdf/ur5_robot_transmission.xacro
[0.212s] -- Up-to-date: /home/taj71/practic_ws/install/ur5_robot_description/share/ur5_robot_description/urdf/ur5_gripper_main.xacro
[0.212s] -- Up-to-date: /home/taj71/practic_ws/install/ur5_robot_description/share/ur5_robot_description/urdf/eef.xacro
[0.212s] -- Up-to-date: /home/taj71/practic_ws/install/ur5_robot_description/share/ur5_robot_description/urdf/ur5_ros2_control.xacro:Zone.Identifier
[0.213s] -- Up-to-date: /home/taj71/practic_ws/install/ur5_robot_description/share/ur5_robot_description/urdf/ur5_robot_gazebo.xacro:Zone.Identifier
[0.213s] -- Up-to-date: /home/taj71/practic_ws/install/ur5_robot_description/share/ur5_robot_description/urdf/ur5_robot_transmission.xacro:Zone.Identifier
[0.214s] -- Up-to-date: /home/taj71/practic_ws/install/ur5_robot_description/share/ur5_robot_description/urdf/eef.xacro:Zone.Identifier
[0.214s] -- Up-to-date: /home/taj71/practic_ws/install/ur5_robot_description/share/ur5_robot_description/urdf/ur5_ros2_control.xacro
[0.215s] -- Up-to-date: /home/taj71/practic_ws/install/ur5_robot_description/share/ur5_robot_description/urdf/ur5_robot_gazebo.xacro
[0.215s] -- Up-to-date: /home/taj71/practic_ws/install/ur5_robot_description/share/ament_index/resource_index/package_run_dependencies/ur5_robot_description
[0.215s] -- Up-to-date: /home/taj71/practic_ws/install/ur5_robot_description/share/ament_index/resource_index/parent_prefix_path/ur5_robot_description
[0.216s] -- Up-to-date: /home/taj71/practic_ws/install/ur5_robot_description/share/ur5_robot_description/environment/ament_prefix_path.sh
[0.216s] -- Up-to-date: /home/taj71/practic_ws/install/ur5_robot_description/share/ur5_robot_description/environment/ament_prefix_path.dsv
[0.217s] -- Up-to-date: /home/taj71/practic_ws/install/ur5_robot_description/share/ur5_robot_description/environment/path.sh
[0.217s] -- Up-to-date: /home/taj71/practic_ws/install/ur5_robot_description/share/ur5_robot_description/environment/path.dsv
[0.217s] -- Up-to-date: /home/taj71/practic_ws/install/ur5_robot_description/share/ur5_robot_description/local_setup.bash
[0.218s] -- Up-to-date: /home/taj71/practic_ws/install/ur5_robot_description/share/ur5_robot_description/local_setup.sh
[0.218s] -- Up-to-date: /home/taj71/practic_ws/install/ur5_robot_description/share/ur5_robot_description/local_setup.zsh
[0.218s] -- Up-to-date: /home/taj71/practic_ws/install/ur5_robot_description/share/ur5_robot_description/local_setup.dsv
[0.219s] -- Installing: /home/taj71/practic_ws/install/ur5_robot_description/share/ur5_robot_description/package.dsv
[0.219s] -- Up-to-date: /home/taj71/practic_ws/install/ur5_robot_description/share/ament_index/resource_index/packages/ur5_robot_description
[0.219s] -- Up-to-date: /home/taj71/practic_ws/install/ur5_robot_description/share/ur5_robot_description/cmake/ur5_robot_descriptionConfig.cmake
[0.220s] -- Up-to-date: /home/taj71/practic_ws/install/ur5_robot_description/share/ur5_robot_description/cmake/ur5_robot_descriptionConfig-version.cmake
[0.220s] -- Up-to-date: /home/taj71/practic_ws/install/ur5_robot_description/share/ur5_robot_description/package.xml
[0.265s] Invoked command in '/home/taj71/practic_ws/build/ur5_robot_description' returned '0': CMAKE_PREFIX_PATH=/opt/ros/iron /usr/bin/cmake --install /home/taj71/practic_ws/build/ur5_robot_description
