[0.324s] Invoking command in '/home/taj71/practic_ws/build/ur5_gripper_moveit_config': AMENT_PREFIX_PATH=/home/taj71/practic_ws/install/ur5_robot_description:${AMENT_PREFIX_PATH} CMAKE_PREFIX_PATH=/home/taj71/practic_ws/install/ur5_robot_description:/opt/ros/iron /usr/bin/cmake --build /home/taj71/practic_ws/build/ur5_gripper_moveit_config -- -j8 -l8
[0.371s] -- Found ament_cmake: 2.0.7 (/opt/ros/iron/share/ament_cmake/cmake)
[0.865s] -- Found ament_lint_auto: 0.14.4 (/opt/ros/iron/share/ament_lint_auto/cmake)
[1.194s] -- Added test 'copyright' to check source files copyright and LICENSE
[1.201s] -- Added test 'flake8' to check Python code syntax and style conventions
[1.201s] -- Configured 'flake8' exclude dirs and/or files: 
[1.201s] -- Added test 'lint_cmake' to check CMake code style
[1.201s] -- Added test 'pep257' to check Python code against some of the docstring style conventions in PEP 257
[1.202s] -- Added test 'xmllint' to check XML markup files
[1.204s] -- Configuring done
[1.212s] -- Generating done
[1.218s] -- Build files have been written to: /home/taj71/practic_ws/build/ur5_gripper_moveit_config
[1.276s] Invoked command in '/home/taj71/practic_ws/build/ur5_gripper_moveit_config' returned '0': AMENT_PREFIX_PATH=/home/taj71/practic_ws/install/ur5_robot_description:${AMENT_PREFIX_PATH} CMAKE_PREFIX_PATH=/home/taj71/practic_ws/install/ur5_robot_description:/opt/ros/iron /usr/bin/cmake --build /home/taj71/practic_ws/build/ur5_gripper_moveit_config -- -j8 -l8
[1.282s] Invoking command in '/home/taj71/practic_ws/build/ur5_gripper_moveit_config': AMENT_PREFIX_PATH=/home/taj71/practic_ws/install/ur5_robot_description:${AMENT_PREFIX_PATH} CMAKE_PREFIX_PATH=/home/taj71/practic_ws/install/ur5_robot_description:/opt/ros/iron /usr/bin/cmake --install /home/taj71/practic_ws/build/ur5_gripper_moveit_config
[1.305s] -- Install configuration: ""
[1.306s] -- Up-to-date: /home/taj71/practic_ws/install/ur5_gripper_moveit_config/share/ur5_gripper_moveit_config/launch
[1.308s] -- Installing: /home/taj71/practic_ws/install/ur5_gripper_moveit_config/share/ur5_gripper_moveit_config/launch/moveit.launch.py
[1.309s] -- Up-to-date: /home/taj71/practic_ws/install/ur5_gripper_moveit_config/share/ur5_gripper_moveit_config/config
[1.309s] -- Up-to-date: /home/taj71/practic_ws/install/ur5_gripper_moveit_config/share/ur5_gripper_moveit_config/config/moveit_controllers.yaml
[1.310s] -- Up-to-date: /home/taj71/practic_ws/install/ur5_gripper_moveit_config/share/ur5_gripper_moveit_config/config/ros2_controllers.yaml
[1.310s] -- Up-to-date: /home/taj71/practic_ws/install/ur5_gripper_moveit_config/share/ur5_gripper_moveit_config/config/ur5_robot.urdf.xacro
[1.345s] -- Up-to-date: /home/taj71/practic_ws/install/ur5_gripper_moveit_config/share/ur5_gripper_moveit_config/config/ur5_robot.ros2_control.xacro
[1.346s] -- Up-to-date: /home/taj71/practic_ws/install/ur5_gripper_moveit_config/share/ur5_gripper_moveit_config/config/txt.yaml
[1.346s] -- Up-to-date: /home/taj71/practic_ws/install/ur5_gripper_moveit_config/share/ur5_gripper_moveit_config/config/kinematics.yaml
[1.347s] -- Up-to-date: /home/taj71/practic_ws/install/ur5_gripper_moveit_config/share/ur5_gripper_moveit_config/config/ur5_robot.srdf
[1.349s] -- Up-to-date: /home/taj71/practic_ws/install/ur5_gripper_moveit_config/share/ur5_gripper_moveit_config/config/pilz_cartesian_limits.yaml
[1.349s] -- Up-to-date: /home/taj71/practic_ws/install/ur5_gripper_moveit_config/share/ur5_gripper_moveit_config/config/initial_positions.yaml
[1.350s] -- Up-to-date: /home/taj71/practic_ws/install/ur5_gripper_moveit_config/share/ur5_gripper_moveit_config/config/joint_limits.yaml
[1.350s] -- Up-to-date: /home/taj71/practic_ws/install/ur5_gripper_moveit_config/share/ur5_gripper_moveit_config/config/ompl_planning.yaml
[1.350s] -- Up-to-date: /home/taj71/practic_ws/install/ur5_gripper_moveit_config/share/ament_index/resource_index/package_run_dependencies/ur5_gripper_moveit_config
[1.350s] -- Up-to-date: /home/taj71/practic_ws/install/ur5_gripper_moveit_config/share/ament_index/resource_index/parent_prefix_path/ur5_gripper_moveit_config
[1.355s] -- Up-to-date: /home/taj71/practic_ws/install/ur5_gripper_moveit_config/share/ur5_gripper_moveit_config/environment/ament_prefix_path.sh
[1.356s] -- Up-to-date: /home/taj71/practic_ws/install/ur5_gripper_moveit_config/share/ur5_gripper_moveit_config/environment/ament_prefix_path.dsv
[1.356s] -- Up-to-date: /home/taj71/practic_ws/install/ur5_gripper_moveit_config/share/ur5_gripper_moveit_config/environment/path.sh
[1.358s] -- Up-to-date: /home/taj71/practic_ws/install/ur5_gripper_moveit_config/share/ur5_gripper_moveit_config/environment/path.dsv
[1.365s] -- Up-to-date: /home/taj71/practic_ws/install/ur5_gripper_moveit_config/share/ur5_gripper_moveit_config/local_setup.bash
[1.365s] -- Up-to-date: /home/taj71/practic_ws/install/ur5_gripper_moveit_config/share/ur5_gripper_moveit_config/local_setup.sh
[1.366s] -- Up-to-date: /home/taj71/practic_ws/install/ur5_gripper_moveit_config/share/ur5_gripper_moveit_config/local_setup.zsh
[1.366s] -- Up-to-date: /home/taj71/practic_ws/install/ur5_gripper_moveit_config/share/ur5_gripper_moveit_config/local_setup.dsv
[1.366s] -- Installing: /home/taj71/practic_ws/install/ur5_gripper_moveit_config/share/ur5_gripper_moveit_config/package.dsv
[1.366s] -- Up-to-date: /home/taj71/practic_ws/install/ur5_gripper_moveit_config/share/ament_index/resource_index/packages/ur5_gripper_moveit_config
[1.367s] -- Up-to-date: /home/taj71/practic_ws/install/ur5_gripper_moveit_config/share/ur5_gripper_moveit_config/cmake/ur5_gripper_moveit_configConfig.cmake
[1.367s] -- Up-to-date: /home/taj71/practic_ws/install/ur5_gripper_moveit_config/share/ur5_gripper_moveit_config/cmake/ur5_gripper_moveit_configConfig-version.cmake
[1.367s] -- Installing: /home/taj71/practic_ws/install/ur5_gripper_moveit_config/share/ur5_gripper_moveit_config/package.xml
[1.368s] Invoked command in '/home/taj71/practic_ws/build/ur5_gripper_moveit_config' returned '0': AMENT_PREFIX_PATH=/home/taj71/practic_ws/install/ur5_robot_description:${AMENT_PREFIX_PATH} CMAKE_PREFIX_PATH=/home/taj71/practic_ws/install/ur5_robot_description:/opt/ros/iron /usr/bin/cmake --install /home/taj71/practic_ws/build/ur5_gripper_moveit_config
