[0.097s] Invoking command in '/home/taj71/ur5_ws/build/ur5_robot_description': CMAKE_PREFIX_PATH=/opt/ros/iron:/opt/ros/humble /usr/bin/cmake --build /home/taj71/ur5_ws/build/ur5_robot_description -- -j8 -l8
[0.804s] Invoked command in '/home/taj71/ur5_ws/build/ur5_robot_description' returned '0': CMAKE_PREFIX_PATH=/opt/ros/iron:/opt/ros/humble /usr/bin/cmake --build /home/taj71/ur5_ws/build/ur5_robot_description -- -j8 -l8
[0.809s] Invoking command in '/home/taj71/ur5_ws/build/ur5_robot_description': CMAKE_PREFIX_PATH=/opt/ros/iron:/opt/ros/humble /usr/bin/cmake --install /home/taj71/ur5_ws/build/ur5_robot_description
[0.857s] -- Install configuration: ""
[0.858s] -- Up-to-date: /home/taj71/ur5_ws/install/ur5_robot_description/share/ur5_robot_description/launch
[0.859s] -- Up-to-date: /home/taj71/ur5_ws/install/ur5_robot_description/share/ur5_robot_description/launch/gazebo.launch.py
[0.859s] -- Up-to-date: /home/taj71/ur5_ws/install/ur5_robot_description/share/ur5_robot_description/launch/gz.launch.py
[0.859s] -- Up-to-date: /home/taj71/ur5_ws/install/ur5_robot_description/share/ur5_robot_description/launch/rviz_ur5_gripper.launch.py
[0.860s] -- Up-to-date: /home/taj71/ur5_ws/install/ur5_robot_description/share/ur5_robot_description/meshes
[0.860s] -- Up-to-date: /home/taj71/ur5_ws/install/ur5_robot_description/share/ur5_robot_description/meshes/collision
[0.860s] -- Up-to-date: /home/taj71/ur5_ws/install/ur5_robot_description/share/ur5_robot_description/meshes/collision/base.stl
[0.861s] -- Up-to-date: /home/taj71/ur5_ws/install/ur5_robot_description/share/ur5_robot_description/meshes/collision/upperarm.stl
[0.861s] -- Up-to-date: /home/taj71/ur5_ws/install/ur5_robot_description/share/ur5_robot_description/meshes/collision/wrist1.stl
[0.861s] -- Up-to-date: /home/taj71/ur5_ws/install/ur5_robot_description/share/ur5_robot_description/meshes/collision/wrist3.stl
[0.862s] -- Up-to-date: /home/taj71/ur5_ws/install/ur5_robot_description/share/ur5_robot_description/meshes/collision/forearm.stl
[0.863s] -- Up-to-date: /home/taj71/ur5_ws/install/ur5_robot_description/share/ur5_robot_description/meshes/collision/wrist2.stl
[0.863s] -- Up-to-date: /home/taj71/ur5_ws/install/ur5_robot_description/share/ur5_robot_description/meshes/collision/shoulder.stl
[0.863s] -- Up-to-date: /home/taj71/ur5_ws/install/ur5_robot_description/share/ur5_robot_description/meshes/visual
[0.864s] -- Up-to-date: /home/taj71/ur5_ws/install/ur5_robot_description/share/ur5_robot_description/meshes/visual/wrist3.dae
[0.865s] -- Up-to-date: /home/taj71/ur5_ws/install/ur5_robot_description/share/ur5_robot_description/meshes/visual/shoulder.dae
[0.865s] -- Up-to-date: /home/taj71/ur5_ws/install/ur5_robot_description/share/ur5_robot_description/meshes/visual/forearm.dae:Zone.Identifier
[0.865s] -- Up-to-date: /home/taj71/ur5_ws/install/ur5_robot_description/share/ur5_robot_description/meshes/visual/base.dae
[0.866s] -- Up-to-date: /home/taj71/ur5_ws/install/ur5_robot_description/share/ur5_robot_description/meshes/visual/wrist2.dae:Zone.Identifier
[0.866s] -- Up-to-date: /home/taj71/ur5_ws/install/ur5_robot_description/share/ur5_robot_description/meshes/visual/base.dae:Zone.Identifier
[0.866s] -- Up-to-date: /home/taj71/ur5_ws/install/ur5_robot_description/share/ur5_robot_description/meshes/visual/wrist1.dae
[0.866s] -- Up-to-date: /home/taj71/ur5_ws/install/ur5_robot_description/share/ur5_robot_description/meshes/visual/upperarm.dae
[0.867s] -- Up-to-date: /home/taj71/ur5_ws/install/ur5_robot_description/share/ur5_robot_description/meshes/visual/shoulder.dae:Zone.Identifier
[0.867s] -- Up-to-date: /home/taj71/ur5_ws/install/ur5_robot_description/share/ur5_robot_description/meshes/visual/wrist1.dae:Zone.Identifier
[0.867s] -- Up-to-date: /home/taj71/ur5_ws/install/ur5_robot_description/share/ur5_robot_description/meshes/visual/upperarm.dae:Zone.Identifier
[0.869s] -- Up-to-date: /home/taj71/ur5_ws/install/ur5_robot_description/share/ur5_robot_description/meshes/visual/forearm.dae
[0.869s] -- Up-to-date: /home/taj71/ur5_ws/install/ur5_robot_description/share/ur5_robot_description/meshes/visual/wrist3.dae:Zone.Identifier
[0.869s] -- Up-to-date: /home/taj71/ur5_ws/install/ur5_robot_description/share/ur5_robot_description/meshes/visual/wrist2.dae
[0.871s] -- Up-to-date: /home/taj71/ur5_ws/install/ur5_robot_description/share/ur5_robot_description/rviz
[0.872s] -- Up-to-date: /home/taj71/ur5_ws/install/ur5_robot_description/share/ur5_robot_description/rviz/display.rviz
[0.872s] -- Up-to-date: /home/taj71/ur5_ws/install/ur5_robot_description/share/ur5_robot_description/rviz/display_new.rviz
[0.873s] -- Up-to-date: /home/taj71/ur5_ws/install/ur5_robot_description/share/ur5_robot_description/urdf
[0.873s] -- Up-to-date: /home/taj71/ur5_ws/install/ur5_robot_description/share/ur5_robot_description/urdf/ur5_robot_transmission.xacro
[0.873s] -- Up-to-date: /home/taj71/ur5_ws/install/ur5_robot_description/share/ur5_robot_description/urdf/ur5_gripper_main.xacro
[0.874s] -- Up-to-date: /home/taj71/ur5_ws/install/ur5_robot_description/share/ur5_robot_description/urdf/eef.xacro
[0.874s] -- Up-to-date: /home/taj71/ur5_ws/install/ur5_robot_description/share/ur5_robot_description/urdf/ur5_ros2_control.xacro
[0.875s] -- Up-to-date: /home/taj71/ur5_ws/install/ur5_robot_description/share/ur5_robot_description/urdf/ur5_robot_gazebo.xacro
[0.875s] -- Up-to-date: /home/taj71/ur5_ws/install/ur5_robot_description/share/ament_index/resource_index/package_run_dependencies/ur5_robot_description
[0.875s] -- Up-to-date: /home/taj71/ur5_ws/install/ur5_robot_description/share/ament_index/resource_index/parent_prefix_path/ur5_robot_description
[0.876s] -- Up-to-date: /home/taj71/ur5_ws/install/ur5_robot_description/share/ur5_robot_description/environment/ament_prefix_path.sh
[0.876s] -- Up-to-date: /home/taj71/ur5_ws/install/ur5_robot_description/share/ur5_robot_description/environment/ament_prefix_path.dsv
[0.881s] -- Up-to-date: /home/taj71/ur5_ws/install/ur5_robot_description/share/ur5_robot_description/environment/path.sh
[0.881s] -- Up-to-date: /home/taj71/ur5_ws/install/ur5_robot_description/share/ur5_robot_description/environment/path.dsv
[0.881s] -- Up-to-date: /home/taj71/ur5_ws/install/ur5_robot_description/share/ur5_robot_description/local_setup.bash
[0.881s] -- Up-to-date: /home/taj71/ur5_ws/install/ur5_robot_description/share/ur5_robot_description/local_setup.sh
[0.882s] -- Up-to-date: /home/taj71/ur5_ws/install/ur5_robot_description/share/ur5_robot_description/local_setup.zsh
[0.882s] -- Up-to-date: /home/taj71/ur5_ws/install/ur5_robot_description/share/ur5_robot_description/local_setup.dsv
[0.882s] -- Installing: /home/taj71/ur5_ws/install/ur5_robot_description/share/ur5_robot_description/package.dsv
[0.883s] -- Up-to-date: /home/taj71/ur5_ws/install/ur5_robot_description/share/ament_index/resource_index/packages/ur5_robot_description
[0.883s] -- Up-to-date: /home/taj71/ur5_ws/install/ur5_robot_description/share/ur5_robot_description/cmake/ur5_robot_descriptionConfig.cmake
[0.884s] -- Up-to-date: /home/taj71/ur5_ws/install/ur5_robot_description/share/ur5_robot_description/cmake/ur5_robot_descriptionConfig-version.cmake
[0.884s] -- Up-to-date: /home/taj71/ur5_ws/install/ur5_robot_description/share/ur5_robot_description/package.xml
[0.958s] Invoked command in '/home/taj71/ur5_ws/build/ur5_robot_description' returned '0': CMAKE_PREFIX_PATH=/opt/ros/iron:/opt/ros/humble /usr/bin/cmake --install /home/taj71/ur5_ws/build/ur5_robot_description
