[0.075s] Invoking command in '/home/taj71/ur5_ws/build/robotiq_description': CMAKE_PREFIX_PATH=${CMAKE_PREFIX_PATH}:/home/taj71/ur5_ws/install/ur5_robot_py:/opt/ros/iron:/opt/ros/humble /usr/bin/cmake --build /home/taj71/ur5_ws/build/robotiq_description -- -j8 -l8
[0.793s] Invoked command in '/home/taj71/ur5_ws/build/robotiq_description' returned '0': CMAKE_PREFIX_PATH=${CMAKE_PREFIX_PATH}:/home/taj71/ur5_ws/install/ur5_robot_py:/opt/ros/iron:/opt/ros/humble /usr/bin/cmake --build /home/taj71/ur5_ws/build/robotiq_description -- -j8 -l8
[0.805s] Invoking command in '/home/taj71/ur5_ws/build/robotiq_description': CMAKE_PREFIX_PATH=${CMAKE_PREFIX_PATH}:/home/taj71/ur5_ws/install/ur5_robot_py:/opt/ros/iron:/opt/ros/humble /usr/bin/cmake --install /home/taj71/ur5_ws/build/robotiq_description
[0.827s] -- Install configuration: ""
[0.829s] -- Up-to-date: /home/taj71/ur5_ws/install/robotiq_description/share/robotiq_description/config
[0.830s] -- Up-to-date: /home/taj71/ur5_ws/install/robotiq_description/share/robotiq_description/config/config.rviz
[0.830s] -- Up-to-date: /home/taj71/ur5_ws/install/robotiq_description/share/robotiq_description/launch
[0.831s] -- Up-to-date: /home/taj71/ur5_ws/install/robotiq_description/share/robotiq_description/launch/display.launch.py
[0.831s] -- Up-to-date: /home/taj71/ur5_ws/install/robotiq_description/share/robotiq_description/meshes
[0.832s] -- Up-to-date: /home/taj71/ur5_ws/install/robotiq_description/share/robotiq_description/meshes/collision
[0.834s] -- Up-to-date: /home/taj71/ur5_ws/install/robotiq_description/share/robotiq_description/meshes/collision/robotiq_85_inner_knuckle_link.stl
[0.835s] -- Up-to-date: /home/taj71/ur5_ws/install/robotiq_description/share/robotiq_description/meshes/collision/robotiq_85_base_link.stl
[0.836s] -- Up-to-date: /home/taj71/ur5_ws/install/robotiq_description/share/robotiq_description/meshes/collision/robotiq_85_finger_tip_link.stl
[0.836s] -- Up-to-date: /home/taj71/ur5_ws/install/robotiq_description/share/robotiq_description/meshes/collision/robotiq_85_finger_link.stl
[0.837s] -- Up-to-date: /home/taj71/ur5_ws/install/robotiq_description/share/robotiq_description/meshes/collision/robotiq_85_knuckle_link.stl
[0.837s] -- Up-to-date: /home/taj71/ur5_ws/install/robotiq_description/share/robotiq_description/meshes/visual
[0.838s] -- Up-to-date: /home/taj71/ur5_ws/install/robotiq_description/share/robotiq_description/meshes/visual/robotiq_85_inner_knuckle_link.dae
[0.838s] -- Up-to-date: /home/taj71/ur5_ws/install/robotiq_description/share/robotiq_description/meshes/visual/robotiq_85_knuckle_link.dae
[0.838s] -- Up-to-date: /home/taj71/ur5_ws/install/robotiq_description/share/robotiq_description/meshes/visual/robotiq_85_finger_link.dae
[0.839s] -- Up-to-date: /home/taj71/ur5_ws/install/robotiq_description/share/robotiq_description/meshes/visual/robotiq_85_finger_tip_link.dae
[0.839s] -- Up-to-date: /home/taj71/ur5_ws/install/robotiq_description/share/robotiq_description/meshes/visual/robotiq_85_base_link.dae
[0.840s] -- Up-to-date: /home/taj71/ur5_ws/install/robotiq_description/share/robotiq_description/rviz
[0.841s] -- Up-to-date: /home/taj71/ur5_ws/install/robotiq_description/share/robotiq_description/rviz/display.rviz
[0.845s] -- Up-to-date: /home/taj71/ur5_ws/install/robotiq_description/share/robotiq_description/urdf
[0.846s] -- Up-to-date: /home/taj71/ur5_ws/install/robotiq_description/share/robotiq_description/urdf/robotiq_85_gripper2.xacro
[0.847s] -- Up-to-date: /home/taj71/ur5_ws/install/robotiq_description/share/robotiq_description/urdf/robotiq_85_gripper.xacro
[0.848s] -- Up-to-date: /home/taj71/ur5_ws/install/robotiq_description/share/robotiq_description/urdf/robotiq_85_gripper.transmission.xacro
[0.849s] -- Up-to-date: /home/taj71/ur5_ws/install/robotiq_description/share/robotiq_description/urdf/robotiq_85_gripper.urdf.xacro
[0.851s] -- Up-to-date: /home/taj71/ur5_ws/install/robotiq_description/share/robotiq_description/urdf/robotiq_85_gripper_sim_base.urdf.xacro
[0.854s] -- Up-to-date: /home/taj71/ur5_ws/install/robotiq_description/share/ament_index/resource_index/package_run_dependencies/robotiq_description
[0.855s] -- Up-to-date: /home/taj71/ur5_ws/install/robotiq_description/share/ament_index/resource_index/parent_prefix_path/robotiq_description
[0.857s] -- Up-to-date: /home/taj71/ur5_ws/install/robotiq_description/share/robotiq_description/environment/ament_prefix_path.sh
[0.858s] -- Up-to-date: /home/taj71/ur5_ws/install/robotiq_description/share/robotiq_description/environment/ament_prefix_path.dsv
[0.861s] -- Up-to-date: /home/taj71/ur5_ws/install/robotiq_description/share/robotiq_description/environment/path.sh
[0.862s] -- Up-to-date: /home/taj71/ur5_ws/install/robotiq_description/share/robotiq_description/environment/path.dsv
[0.862s] -- Up-to-date: /home/taj71/ur5_ws/install/robotiq_description/share/robotiq_description/local_setup.bash
[0.863s] -- Up-to-date: /home/taj71/ur5_ws/install/robotiq_description/share/robotiq_description/local_setup.sh
[0.863s] -- Up-to-date: /home/taj71/ur5_ws/install/robotiq_description/share/robotiq_description/local_setup.zsh
[0.864s] -- Up-to-date: /home/taj71/ur5_ws/install/robotiq_description/share/robotiq_description/local_setup.dsv
[0.864s] -- Installing: /home/taj71/ur5_ws/install/robotiq_description/share/robotiq_description/package.dsv
[0.865s] -- Up-to-date: /home/taj71/ur5_ws/install/robotiq_description/share/ament_index/resource_index/packages/robotiq_description
[0.865s] -- Up-to-date: /home/taj71/ur5_ws/install/robotiq_description/share/robotiq_description/cmake/robotiq_descriptionConfig.cmake
[0.866s] -- Up-to-date: /home/taj71/ur5_ws/install/robotiq_description/share/robotiq_description/cmake/robotiq_descriptionConfig-version.cmake
[0.866s] -- Up-to-date: /home/taj71/ur5_ws/install/robotiq_description/share/robotiq_description/package.xml
[0.895s] Invoked command in '/home/taj71/ur5_ws/build/robotiq_description' returned '0': CMAKE_PREFIX_PATH=${CMAKE_PREFIX_PATH}:/home/taj71/ur5_ws/install/ur5_robot_py:/opt/ros/iron:/opt/ros/humble /usr/bin/cmake --install /home/taj71/ur5_ws/build/robotiq_description
