[0.219s] Invoking command in '/home/taj71/practic_ws/build/ur5_gripper_moveit_config': CMAKE_PREFIX_PATH=/home/taj71/practic_ws/install/ur5_robot_description:/home/taj71/practic_ws/install/ur5_gripper_moveit_config:/home/taj71/practic_ws/install/ur5_controller:/home/taj71/practic_ws/install/robotiq_description:/opt/ros/iron /usr/bin/cmake --build /home/taj71/practic_ws/build/ur5_gripper_moveit_config -- -j8 -l8
[0.258s] Invoked command in '/home/taj71/practic_ws/build/ur5_gripper_moveit_config' returned '0': CMAKE_PREFIX_PATH=/home/taj71/practic_ws/install/ur5_robot_description:/home/taj71/practic_ws/install/ur5_gripper_moveit_config:/home/taj71/practic_ws/install/ur5_controller:/home/taj71/practic_ws/install/robotiq_description:/opt/ros/iron /usr/bin/cmake --build /home/taj71/practic_ws/build/ur5_gripper_moveit_config -- -j8 -l8
[0.261s] Invoking command in '/home/taj71/practic_ws/build/ur5_gripper_moveit_config': CMAKE_PREFIX_PATH=/home/taj71/practic_ws/install/ur5_robot_description:/home/taj71/practic_ws/install/ur5_gripper_moveit_config:/home/taj71/practic_ws/install/ur5_controller:/home/taj71/practic_ws/install/robotiq_description:/opt/ros/iron /usr/bin/cmake --install /home/taj71/practic_ws/build/ur5_gripper_moveit_config
[0.269s] -- Install configuration: ""
[0.269s] -- Up-to-date: /home/taj71/practic_ws/install/ur5_gripper_moveit_config/share/ur5_gripper_moveit_config/launch
[0.270s] -- Up-to-date: /home/taj71/practic_ws/install/ur5_gripper_moveit_config/share/ur5_gripper_moveit_config/launch/moveit.launch.py
[0.270s] -- Up-to-date: /home/taj71/practic_ws/install/ur5_gripper_moveit_config/share/ur5_gripper_moveit_config/config
[0.271s] -- Up-to-date: /home/taj71/practic_ws/install/ur5_gripper_moveit_config/share/ur5_gripper_moveit_config/config/moveit_controllers.yaml
[0.271s] -- Up-to-date: /home/taj71/practic_ws/install/ur5_gripper_moveit_config/share/ur5_gripper_moveit_config/config/ros2_controllers.yaml
[0.272s] -- Up-to-date: /home/taj71/practic_ws/install/ur5_gripper_moveit_config/share/ur5_gripper_moveit_config/config/ur5_robot.urdf.xacro
[0.272s] -- Up-to-date: /home/taj71/practic_ws/install/ur5_gripper_moveit_config/share/ur5_gripper_moveit_config/config/ur5_robot.ros2_control.xacro
[0.272s] -- Up-to-date: /home/taj71/practic_ws/install/ur5_gripper_moveit_config/share/ur5_gripper_moveit_config/config/txt.yaml
[0.273s] -- Up-to-date: /home/taj71/practic_ws/install/ur5_gripper_moveit_config/share/ur5_gripper_moveit_config/config/kinematics.yaml
[0.274s] -- Up-to-date: /home/taj71/practic_ws/install/ur5_gripper_moveit_config/share/ur5_gripper_moveit_config/config/ur5_robot.srdf
[0.274s] -- Up-to-date: /home/taj71/practic_ws/install/ur5_gripper_moveit_config/share/ur5_gripper_moveit_config/config/pilz_cartesian_limits.yaml
[0.275s] -- Up-to-date: /home/taj71/practic_ws/install/ur5_gripper_moveit_config/share/ur5_gripper_moveit_config/config/initial_positions.yaml
[0.275s] -- Up-to-date: /home/taj71/practic_ws/install/ur5_gripper_moveit_config/share/ur5_gripper_moveit_config/config/joint_limits.yaml
[0.276s] -- Up-to-date: /home/taj71/practic_ws/install/ur5_gripper_moveit_config/share/ur5_gripper_moveit_config/config/ompl_planning.yaml
[0.277s] -- Up-to-date: /home/taj71/practic_ws/install/ur5_gripper_moveit_config/share/ament_index/resource_index/package_run_dependencies/ur5_gripper_moveit_config
[0.278s] -- Up-to-date: /home/taj71/practic_ws/install/ur5_gripper_moveit_config/share/ament_index/resource_index/parent_prefix_path/ur5_gripper_moveit_config
[0.278s] -- Up-to-date: /home/taj71/practic_ws/install/ur5_gripper_moveit_config/share/ur5_gripper_moveit_config/environment/ament_prefix_path.sh
[0.279s] -- Up-to-date: /home/taj71/practic_ws/install/ur5_gripper_moveit_config/share/ur5_gripper_moveit_config/environment/ament_prefix_path.dsv
[0.279s] -- Up-to-date: /home/taj71/practic_ws/install/ur5_gripper_moveit_config/share/ur5_gripper_moveit_config/environment/path.sh
[0.280s] -- Up-to-date: /home/taj71/practic_ws/install/ur5_gripper_moveit_config/share/ur5_gripper_moveit_config/environment/path.dsv
[0.280s] -- Up-to-date: /home/taj71/practic_ws/install/ur5_gripper_moveit_config/share/ur5_gripper_moveit_config/local_setup.bash
[0.280s] -- Up-to-date: /home/taj71/practic_ws/install/ur5_gripper_moveit_config/share/ur5_gripper_moveit_config/local_setup.sh
[0.281s] -- Up-to-date: /home/taj71/practic_ws/install/ur5_gripper_moveit_config/share/ur5_gripper_moveit_config/local_setup.zsh
[0.281s] -- Up-to-date: /home/taj71/practic_ws/install/ur5_gripper_moveit_config/share/ur5_gripper_moveit_config/local_setup.dsv
[0.281s] -- Installing: /home/taj71/practic_ws/install/ur5_gripper_moveit_config/share/ur5_gripper_moveit_config/package.dsv
[0.282s] -- Up-to-date: /home/taj71/practic_ws/install/ur5_gripper_moveit_config/share/ament_index/resource_index/packages/ur5_gripper_moveit_config
[0.282s] -- Up-to-date: /home/taj71/practic_ws/install/ur5_gripper_moveit_config/share/ur5_gripper_moveit_config/cmake/ur5_gripper_moveit_configConfig.cmake
[0.282s] -- Up-to-date: /home/taj71/practic_ws/install/ur5_gripper_moveit_config/share/ur5_gripper_moveit_config/cmake/ur5_gripper_moveit_configConfig-version.cmake
[0.282s] -- Up-to-date: /home/taj71/practic_ws/install/ur5_gripper_moveit_config/share/ur5_gripper_moveit_config/package.xml
[0.283s] Invoked command in '/home/taj71/practic_ws/build/ur5_gripper_moveit_config' returned '0': CMAKE_PREFIX_PATH=/home/taj71/practic_ws/install/ur5_robot_description:/home/taj71/practic_ws/install/ur5_gripper_moveit_config:/home/taj71/practic_ws/install/ur5_controller:/home/taj71/practic_ws/install/robotiq_description:/opt/ros/iron /usr/bin/cmake --install /home/taj71/practic_ws/build/ur5_gripper_moveit_config
