[0.212s] Invoking command in '/home/taj71/practic_ws/build/ur5_gripper_moveit_config': AMENT_PREFIX_PATH=/home/taj71/practic_ws/install/ur5_robot_description:${AMENT_PREFIX_PATH} CMAKE_PREFIX_PATH=/home/taj71/practic_ws/install/ur5_robot_description:/opt/ros/iron /usr/bin/cmake --build /home/taj71/practic_ws/build/ur5_gripper_moveit_config -- -j8 -l8
[0.262s] Invoked command in '/home/taj71/practic_ws/build/ur5_gripper_moveit_config' returned '0': AMENT_PREFIX_PATH=/home/taj71/practic_ws/install/ur5_robot_description:${AMENT_PREFIX_PATH} CMAKE_PREFIX_PATH=/home/taj71/practic_ws/install/ur5_robot_description:/opt/ros/iron /usr/bin/cmake --build /home/taj71/practic_ws/build/ur5_gripper_moveit_config -- -j8 -l8
[0.268s] Invoking command in '/home/taj71/practic_ws/build/ur5_gripper_moveit_config': AMENT_PREFIX_PATH=/home/taj71/practic_ws/install/ur5_robot_description:${AMENT_PREFIX_PATH} CMAKE_PREFIX_PATH=/home/taj71/practic_ws/install/ur5_robot_description:/opt/ros/iron /usr/bin/cmake --install /home/taj71/practic_ws/build/ur5_gripper_moveit_config
[0.276s] -- Install configuration: ""
[0.276s] -- Up-to-date: /home/taj71/practic_ws/install/ur5_gripper_moveit_config/share/ur5_gripper_moveit_config/launch
[0.277s] -- Installing: /home/taj71/practic_ws/install/ur5_gripper_moveit_config/share/ur5_gripper_moveit_config/launch/moveit.launch.py
[0.277s] -- Up-to-date: /home/taj71/practic_ws/install/ur5_gripper_moveit_config/share/ur5_gripper_moveit_config/config
[0.278s] -- Up-to-date: /home/taj71/practic_ws/install/ur5_gripper_moveit_config/share/ur5_gripper_moveit_config/config/moveit_controllers.yaml
[0.278s] -- Up-to-date: /home/taj71/practic_ws/install/ur5_gripper_moveit_config/share/ur5_gripper_moveit_config/config/ros2_controllers.yaml
[0.278s] -- Up-to-date: /home/taj71/practic_ws/install/ur5_gripper_moveit_config/share/ur5_gripper_moveit_config/config/ur5_robot.urdf.xacro
[0.279s] -- Up-to-date: /home/taj71/practic_ws/install/ur5_gripper_moveit_config/share/ur5_gripper_moveit_config/config/new.txt
[0.279s] -- Up-to-date: /home/taj71/practic_ws/install/ur5_gripper_moveit_config/share/ur5_gripper_moveit_config/config/ur5_robot.ros2_control.xacro
[0.279s] -- Up-to-date: /home/taj71/practic_ws/install/ur5_gripper_moveit_config/share/ur5_gripper_moveit_config/config/txt.yaml
[0.279s] -- Installing: /home/taj71/practic_ws/install/ur5_gripper_moveit_config/share/ur5_gripper_moveit_config/config/kinematics.yaml
[0.279s] -- Installing: /home/taj71/practic_ws/install/ur5_gripper_moveit_config/share/ur5_gripper_moveit_config/config/ur5_robot.srdf
[0.279s] -- Up-to-date: /home/taj71/practic_ws/install/ur5_gripper_moveit_config/share/ur5_gripper_moveit_config/config/pilz_cartesian_limits.yaml
[0.280s] -- Installing: /home/taj71/practic_ws/install/ur5_gripper_moveit_config/share/ur5_gripper_moveit_config/config/initial_positions.yaml
[0.280s] -- Up-to-date: /home/taj71/practic_ws/install/ur5_gripper_moveit_config/share/ur5_gripper_moveit_config/config/joint_limits.yaml
[0.280s] -- Up-to-date: /home/taj71/practic_ws/install/ur5_gripper_moveit_config/share/ur5_gripper_moveit_config/config/ompl_planning.yaml
[0.281s] -- Up-to-date: /home/taj71/practic_ws/install/ur5_gripper_moveit_config/share/ament_index/resource_index/package_run_dependencies/ur5_gripper_moveit_config
[0.281s] -- Up-to-date: /home/taj71/practic_ws/install/ur5_gripper_moveit_config/share/ament_index/resource_index/parent_prefix_path/ur5_gripper_moveit_config
[0.281s] -- Up-to-date: /home/taj71/practic_ws/install/ur5_gripper_moveit_config/share/ur5_gripper_moveit_config/environment/ament_prefix_path.sh
[0.282s] -- Up-to-date: /home/taj71/practic_ws/install/ur5_gripper_moveit_config/share/ur5_gripper_moveit_config/environment/ament_prefix_path.dsv
[0.282s] -- Up-to-date: /home/taj71/practic_ws/install/ur5_gripper_moveit_config/share/ur5_gripper_moveit_config/environment/path.sh
[0.282s] -- Up-to-date: /home/taj71/practic_ws/install/ur5_gripper_moveit_config/share/ur5_gripper_moveit_config/environment/path.dsv
[0.283s] -- Up-to-date: /home/taj71/practic_ws/install/ur5_gripper_moveit_config/share/ur5_gripper_moveit_config/local_setup.bash
[0.283s] -- Up-to-date: /home/taj71/practic_ws/install/ur5_gripper_moveit_config/share/ur5_gripper_moveit_config/local_setup.sh
[0.284s] -- Up-to-date: /home/taj71/practic_ws/install/ur5_gripper_moveit_config/share/ur5_gripper_moveit_config/local_setup.zsh
[0.284s] -- Up-to-date: /home/taj71/practic_ws/install/ur5_gripper_moveit_config/share/ur5_gripper_moveit_config/local_setup.dsv
[0.284s] -- Installing: /home/taj71/practic_ws/install/ur5_gripper_moveit_config/share/ur5_gripper_moveit_config/package.dsv
[0.284s] -- Up-to-date: /home/taj71/practic_ws/install/ur5_gripper_moveit_config/share/ament_index/resource_index/packages/ur5_gripper_moveit_config
[0.284s] -- Up-to-date: /home/taj71/practic_ws/install/ur5_gripper_moveit_config/share/ur5_gripper_moveit_config/cmake/ur5_gripper_moveit_configConfig.cmake
[0.285s] -- Up-to-date: /home/taj71/practic_ws/install/ur5_gripper_moveit_config/share/ur5_gripper_moveit_config/cmake/ur5_gripper_moveit_configConfig-version.cmake
[0.285s] -- Up-to-date: /home/taj71/practic_ws/install/ur5_gripper_moveit_config/share/ur5_gripper_moveit_config/package.xml
[0.287s] Invoked command in '/home/taj71/practic_ws/build/ur5_gripper_moveit_config' returned '0': AMENT_PREFIX_PATH=/home/taj71/practic_ws/install/ur5_robot_description:${AMENT_PREFIX_PATH} CMAKE_PREFIX_PATH=/home/taj71/practic_ws/install/ur5_robot_description:/opt/ros/iron /usr/bin/cmake --install /home/taj71/practic_ws/build/ur5_gripper_moveit_config
