[0.060s] Invoking command in '/home/taj71/practic_ws/build/robotiq_description': CMAKE_PREFIX_PATH=/opt/ros/iron /usr/bin/cmake --build /home/taj71/practic_ws/build/robotiq_description -- -j8 -l8
[0.165s] Invoked command in '/home/taj71/practic_ws/build/robotiq_description' returned '0': CMAKE_PREFIX_PATH=/opt/ros/iron /usr/bin/cmake --build /home/taj71/practic_ws/build/robotiq_description -- -j8 -l8
[0.173s] Invoking command in '/home/taj71/practic_ws/build/robotiq_description': CMAKE_PREFIX_PATH=/opt/ros/iron /usr/bin/cmake --install /home/taj71/practic_ws/build/robotiq_description
[0.259s] -- Install configuration: ""
[0.259s] -- Up-to-date: /home/taj71/practic_ws/install/robotiq_description/share/robotiq_description/config
[0.260s] -- Up-to-date: /home/taj71/practic_ws/install/robotiq_description/share/robotiq_description/config/config.rviz:Zone.Identifier
[0.260s] -- Up-to-date: /home/taj71/practic_ws/install/robotiq_description/share/robotiq_description/config/config.rviz
[0.260s] -- Up-to-date: /home/taj71/practic_ws/install/robotiq_description/share/robotiq_description/launch
[0.261s] -- Up-to-date: /home/taj71/practic_ws/install/robotiq_description/share/robotiq_description/launch/display.launch.py:Zone.Identifier
[0.261s] -- Up-to-date: /home/taj71/practic_ws/install/robotiq_description/share/robotiq_description/launch/display.launch.py
[0.261s] -- Up-to-date: /home/taj71/practic_ws/install/robotiq_description/share/robotiq_description/meshes
[0.262s] -- Up-to-date: /home/taj71/practic_ws/install/robotiq_description/share/robotiq_description/meshes/collision
[0.263s] -- Up-to-date: /home/taj71/practic_ws/install/robotiq_description/share/robotiq_description/meshes/collision/robotiq_85_finger_tip_link.stl:Zone.Identifier
[0.263s] -- Up-to-date: /home/taj71/practic_ws/install/robotiq_description/share/robotiq_description/meshes/collision/robotiq_85_knuckle_link.stl:Zone.Identifier
[0.263s] -- Up-to-date: /home/taj71/practic_ws/install/robotiq_description/share/robotiq_description/meshes/collision/robotiq_85_inner_knuckle_link.stl
[0.264s] -- Up-to-date: /home/taj71/practic_ws/install/robotiq_description/share/robotiq_description/meshes/collision/robotiq_85_finger_link.stl:Zone.Identifier
[0.264s] -- Up-to-date: /home/taj71/practic_ws/install/robotiq_description/share/robotiq_description/meshes/collision/robotiq_85_base_link.stl
[0.264s] -- Up-to-date: /home/taj71/practic_ws/install/robotiq_description/share/robotiq_description/meshes/collision/robotiq_85_finger_tip_link.stl
[0.265s] -- Up-to-date: /home/taj71/practic_ws/install/robotiq_description/share/robotiq_description/meshes/collision/robotiq_85_finger_link.stl
[0.265s] -- Up-to-date: /home/taj71/practic_ws/install/robotiq_description/share/robotiq_description/meshes/collision/robotiq_85_inner_knuckle_link.stl:Zone.Identifier
[0.265s] -- Up-to-date: /home/taj71/practic_ws/install/robotiq_description/share/robotiq_description/meshes/collision/robotiq_85_knuckle_link.stl
[0.266s] -- Up-to-date: /home/taj71/practic_ws/install/robotiq_description/share/robotiq_description/meshes/collision/robotiq_85_base_link.stl:Zone.Identifier
[0.266s] -- Up-to-date: /home/taj71/practic_ws/install/robotiq_description/share/robotiq_description/meshes/visual
[0.266s] -- Up-to-date: /home/taj71/practic_ws/install/robotiq_description/share/robotiq_description/meshes/visual/robotiq_85_inner_knuckle_link.dae
[0.267s] -- Up-to-date: /home/taj71/practic_ws/install/robotiq_description/share/robotiq_description/meshes/visual/robotiq_85_knuckle_link.dae
[0.267s] -- Up-to-date: /home/taj71/practic_ws/install/robotiq_description/share/robotiq_description/meshes/visual/robotiq_85_inner_knuckle_link.dae:Zone.Identifier
[0.268s] -- Up-to-date: /home/taj71/practic_ws/install/robotiq_description/share/robotiq_description/meshes/visual/robotiq_85_finger_link.dae
[0.270s] -- Up-to-date: /home/taj71/practic_ws/install/robotiq_description/share/robotiq_description/meshes/visual/d455.stl
[0.271s] -- Up-to-date: /home/taj71/practic_ws/install/robotiq_description/share/robotiq_description/meshes/visual/robotiq_85_finger_tip_link.dae
[0.273s] -- Up-to-date: /home/taj71/practic_ws/install/robotiq_description/share/robotiq_description/meshes/visual/d455.stl:Zone.Identifier
[0.274s] -- Up-to-date: /home/taj71/practic_ws/install/robotiq_description/share/robotiq_description/meshes/visual/robotiq_85_base_link.dae
[0.275s] -- Up-to-date: /home/taj71/practic_ws/install/robotiq_description/share/robotiq_description/meshes/visual/robotiq_85_base_link.dae:Zone.Identifier
[0.275s] -- Up-to-date: /home/taj71/practic_ws/install/robotiq_description/share/robotiq_description/meshes/visual/robotiq_85_finger_link.dae:Zone.Identifier
[0.276s] -- Up-to-date: /home/taj71/practic_ws/install/robotiq_description/share/robotiq_description/meshes/visual/robotiq_85_knuckle_link.dae:Zone.Identifier
[0.276s] -- Up-to-date: /home/taj71/practic_ws/install/robotiq_description/share/robotiq_description/meshes/visual/robotiq_85_finger_tip_link.dae:Zone.Identifier
[0.277s] -- Up-to-date: /home/taj71/practic_ws/install/robotiq_description/share/robotiq_description/rviz
[0.277s] -- Up-to-date: /home/taj71/practic_ws/install/robotiq_description/share/robotiq_description/rviz/display.rviz
[0.277s] -- Up-to-date: /home/taj71/practic_ws/install/robotiq_description/share/robotiq_description/rviz/display.rviz:Zone.Identifier
[0.278s] -- Up-to-date: /home/taj71/practic_ws/install/robotiq_description/share/robotiq_description/urdf
[0.278s] -- Up-to-date: /home/taj71/practic_ws/install/robotiq_description/share/robotiq_description/urdf/robotiq_85_gripper2.xacro
[0.279s] -- Up-to-date: /home/taj71/practic_ws/install/robotiq_description/share/robotiq_description/urdf/robotiq_85_gripper.xacro
[0.279s] -- Up-to-date: /home/taj71/practic_ws/install/robotiq_description/share/robotiq_description/urdf/robotiq_85_gripper.transmission.xacro
[0.279s] -- Up-to-date: /home/taj71/practic_ws/install/robotiq_description/share/robotiq_description/urdf/robotiq_85_gripper.urdf.xacro
[0.279s] -- Up-to-date: /home/taj71/practic_ws/install/robotiq_description/share/robotiq_description/urdf/robotiq_85_gripper_sim_base.urdf.xacro
[0.280s] -- Up-to-date: /home/taj71/practic_ws/install/robotiq_description/share/ament_index/resource_index/package_run_dependencies/robotiq_description
[0.280s] -- Up-to-date: /home/taj71/practic_ws/install/robotiq_description/share/ament_index/resource_index/parent_prefix_path/robotiq_description
[0.280s] -- Up-to-date: /home/taj71/practic_ws/install/robotiq_description/share/robotiq_description/environment/ament_prefix_path.sh
[0.281s] -- Up-to-date: /home/taj71/practic_ws/install/robotiq_description/share/robotiq_description/environment/ament_prefix_path.dsv
[0.281s] -- Up-to-date: /home/taj71/practic_ws/install/robotiq_description/share/robotiq_description/environment/path.sh
[0.281s] -- Up-to-date: /home/taj71/practic_ws/install/robotiq_description/share/robotiq_description/environment/path.dsv
[0.282s] -- Up-to-date: /home/taj71/practic_ws/install/robotiq_description/share/robotiq_description/local_setup.bash
[0.282s] -- Up-to-date: /home/taj71/practic_ws/install/robotiq_description/share/robotiq_description/local_setup.sh
[0.282s] -- Up-to-date: /home/taj71/practic_ws/install/robotiq_description/share/robotiq_description/local_setup.zsh
[0.283s] -- Up-to-date: /home/taj71/practic_ws/install/robotiq_description/share/robotiq_description/local_setup.dsv
[0.283s] -- Installing: /home/taj71/practic_ws/install/robotiq_description/share/robotiq_description/package.dsv
[0.283s] -- Up-to-date: /home/taj71/practic_ws/install/robotiq_description/share/ament_index/resource_index/packages/robotiq_description
[0.284s] -- Up-to-date: /home/taj71/practic_ws/install/robotiq_description/share/robotiq_description/cmake/robotiq_descriptionConfig.cmake
[0.285s] -- Up-to-date: /home/taj71/practic_ws/install/robotiq_description/share/robotiq_description/cmake/robotiq_descriptionConfig-version.cmake
[0.285s] -- Up-to-date: /home/taj71/practic_ws/install/robotiq_description/share/robotiq_description/package.xml
[0.354s] Invoked command in '/home/taj71/practic_ws/build/robotiq_description' returned '0': CMAKE_PREFIX_PATH=/opt/ros/iron /usr/bin/cmake --install /home/taj71/practic_ws/build/robotiq_description
