[0.824s] DEBUG:colcon:Command line arguments: ['/home/taj71/.local/bin/colcon', 'build']
[0.824s] DEBUG:colcon:Parsed command line arguments: Namespace(log_base=None, log_level=None, verb_name='build', build_base='build', install_base='install', merge_install=False, symlink_install=False, test_result_base=None, continue_on_error=False, executor='parallel', parallel_workers=8, event_handlers=None, ignore_user_meta=False, metas=['./colcon.meta'], base_paths=['.'], packages_ignore=None, packages_ignore_regex=None, paths=None, packages_up_to=None, packages_up_to_regex=None, packages_above=None, packages_above_and_dependencies=None, packages_above_depth=None, packages_select_by_dep=None, packages_skip_by_dep=None, packages_skip_up_to=None, packages_select_build_failed=False, packages_skip_build_finished=False, packages_select_test_failures=False, packages_skip_test_passed=False, packages_select=None, packages_skip=None, packages_select_regex=None, packages_skip_regex=None, packages_start=None, packages_end=None, allow_overriding=[], cmake_args=None, cmake_target=None, cmake_target_skip_unavailable=False, cmake_clean_cache=False, cmake_clean_first=False, cmake_force_configure=False, ament_cmake_args=None, catkin_cmake_args=None, catkin_skip_building_tests=False, mixin_files=None, mixin=None, verb_parser=<colcon_mixin.mixin.mixin_argument.MixinArgumentDecorator object at 0x7fd5c3091000>, verb_extension=<colcon_core.verb.build.BuildVerb object at 0x7fd5c319df90>, main=<bound method BuildVerb.main of <colcon_core.verb.build.BuildVerb object at 0x7fd5c319df90>>, mixin_verb=('build',))
[1.497s] Level 1:colcon.colcon_core.package_discovery:discover_packages(colcon_meta) check parameters
[1.497s] Level 1:colcon.colcon_core.package_discovery:discover_packages(recursive) check parameters
[1.497s] Level 1:colcon.colcon_core.package_discovery:discover_packages(ignore) check parameters
[1.497s] Level 1:colcon.colcon_core.package_discovery:discover_packages(path) check parameters
[1.497s] Level 1:colcon.colcon_core.package_discovery:discover_packages(colcon_meta) discover
[1.497s] Level 1:colcon.colcon_core.package_discovery:discover_packages(recursive) discover
[1.497s] INFO:colcon.colcon_core.package_discovery:Crawling recursively for packages in '/home/taj71/ur5_ws'
[1.497s] Level 1:colcon.colcon_core.package_identification:_identify(.) by extensions ['ignore', 'ignore_ament_install']
[1.497s] Level 1:colcon.colcon_core.package_identification:_identify(.) by extension 'ignore'
[1.497s] Level 1:colcon.colcon_core.package_identification:_identify(.) by extension 'ignore_ament_install'
[1.497s] Level 1:colcon.colcon_core.package_identification:_identify(.) by extensions ['colcon_pkg']
[1.498s] Level 1:colcon.colcon_core.package_identification:_identify(.) by extension 'colcon_pkg'
[1.498s] Level 1:colcon.colcon_core.package_identification:_identify(.) by extensions ['colcon_meta']
[1.498s] Level 1:colcon.colcon_core.package_identification:_identify(.) by extension 'colcon_meta'
[1.498s] Level 1:colcon.colcon_core.package_identification:_identify(.) by extensions ['ros']
[1.498s] Level 1:colcon.colcon_core.package_identification:_identify(.) by extension 'ros'
[1.533s] Level 1:colcon.colcon_core.package_identification:_identify(.) by extensions ['cmake', 'python']
[1.533s] Level 1:colcon.colcon_core.package_identification:_identify(.) by extension 'cmake'
[1.533s] Level 1:colcon.colcon_core.package_identification:_identify(.) by extension 'python'
[1.534s] Level 1:colcon.colcon_core.package_identification:_identify(.) by extensions ['python_setup_py']
[1.534s] Level 1:colcon.colcon_core.package_identification:_identify(.) by extension 'python_setup_py'
[1.534s] Level 1:colcon.colcon_core.package_identification:_identify(build) by extensions ['ignore', 'ignore_ament_install']
[1.534s] Level 1:colcon.colcon_core.package_identification:_identify(build) by extension 'ignore'
[1.534s] Level 1:colcon.colcon_core.package_identification:_identify(build) ignored
[1.534s] Level 1:colcon.colcon_core.package_identification:_identify(install) by extensions ['ignore', 'ignore_ament_install']
[1.534s] Level 1:colcon.colcon_core.package_identification:_identify(install) by extension 'ignore'
[1.534s] Level 1:colcon.colcon_core.package_identification:_identify(install) ignored
[1.535s] Level 1:colcon.colcon_core.package_identification:_identify(log) by extensions ['ignore', 'ignore_ament_install']
[1.536s] Level 1:colcon.colcon_core.package_identification:_identify(log) by extension 'ignore'
[1.536s] Level 1:colcon.colcon_core.package_identification:_identify(log) ignored
[1.536s] Level 1:colcon.colcon_core.package_identification:_identify(src) by extensions ['ignore', 'ignore_ament_install']
[1.536s] Level 1:colcon.colcon_core.package_identification:_identify(src) by extension 'ignore'
[1.536s] Level 1:colcon.colcon_core.package_identification:_identify(src) by extension 'ignore_ament_install'
[1.536s] Level 1:colcon.colcon_core.package_identification:_identify(src) by extensions ['colcon_pkg']
[1.536s] Level 1:colcon.colcon_core.package_identification:_identify(src) by extension 'colcon_pkg'
[1.536s] Level 1:colcon.colcon_core.package_identification:_identify(src) by extensions ['colcon_meta']
[1.536s] Level 1:colcon.colcon_core.package_identification:_identify(src) by extension 'colcon_meta'
[1.537s] Level 1:colcon.colcon_core.package_identification:_identify(src) by extensions ['ros']
[1.537s] Level 1:colcon.colcon_core.package_identification:_identify(src) by extension 'ros'
[1.537s] Level 1:colcon.colcon_core.package_identification:_identify(src) by extensions ['cmake', 'python']
[1.537s] Level 1:colcon.colcon_core.package_identification:_identify(src) by extension 'cmake'
[1.537s] Level 1:colcon.colcon_core.package_identification:_identify(src) by extension 'python'
[1.537s] Level 1:colcon.colcon_core.package_identification:_identify(src) by extensions ['python_setup_py']
[1.537s] Level 1:colcon.colcon_core.package_identification:_identify(src) by extension 'python_setup_py'
[1.537s] Level 1:colcon.colcon_core.package_identification:_identify(src/build) by extensions ['ignore', 'ignore_ament_install']
[1.537s] Level 1:colcon.colcon_core.package_identification:_identify(src/build) by extension 'ignore'
[1.538s] Level 1:colcon.colcon_core.package_identification:_identify(src/build) ignored
[1.538s] Level 1:colcon.colcon_core.package_identification:_identify(src/install) by extensions ['ignore', 'ignore_ament_install']
[1.538s] Level 1:colcon.colcon_core.package_identification:_identify(src/install) by extension 'ignore'
[1.538s] Level 1:colcon.colcon_core.package_identification:_identify(src/install) ignored
[1.539s] Level 1:colcon.colcon_core.package_identification:_identify(src/log) by extensions ['ignore', 'ignore_ament_install']
[1.539s] Level 1:colcon.colcon_core.package_identification:_identify(src/log) by extension 'ignore'
[1.539s] Level 1:colcon.colcon_core.package_identification:_identify(src/log) ignored
[1.540s] Level 1:colcon.colcon_core.package_identification:_identify(src/robotiq_description) by extensions ['ignore', 'ignore_ament_install']
[1.540s] Level 1:colcon.colcon_core.package_identification:_identify(src/robotiq_description) by extension 'ignore'
[1.541s] Level 1:colcon.colcon_core.package_identification:_identify(src/robotiq_description) by extension 'ignore_ament_install'
[1.541s] Level 1:colcon.colcon_core.package_identification:_identify(src/robotiq_description) by extensions ['colcon_pkg']
[1.541s] Level 1:colcon.colcon_core.package_identification:_identify(src/robotiq_description) by extension 'colcon_pkg'
[1.541s] Level 1:colcon.colcon_core.package_identification:_identify(src/robotiq_description) by extensions ['colcon_meta']
[1.541s] Level 1:colcon.colcon_core.package_identification:_identify(src/robotiq_description) by extension 'colcon_meta'
[1.541s] Level 1:colcon.colcon_core.package_identification:_identify(src/robotiq_description) by extensions ['ros']
[1.541s] Level 1:colcon.colcon_core.package_identification:_identify(src/robotiq_description) by extension 'ros'
[1.546s] DEBUG:colcon.colcon_core.package_identification:Package 'src/robotiq_description' with type 'ros.ament_cmake' and name 'robotiq_description'
[1.546s] Level 1:colcon.colcon_core.package_identification:_identify(src/ur5_controller) by extensions ['ignore', 'ignore_ament_install']
[1.547s] Level 1:colcon.colcon_core.package_identification:_identify(src/ur5_controller) by extension 'ignore'
[1.547s] Level 1:colcon.colcon_core.package_identification:_identify(src/ur5_controller) by extension 'ignore_ament_install'
[1.547s] Level 1:colcon.colcon_core.package_identification:_identify(src/ur5_controller) by extensions ['colcon_pkg']
[1.547s] Level 1:colcon.colcon_core.package_identification:_identify(src/ur5_controller) by extension 'colcon_pkg'
[1.547s] Level 1:colcon.colcon_core.package_identification:_identify(src/ur5_controller) by extensions ['colcon_meta']
[1.547s] Level 1:colcon.colcon_core.package_identification:_identify(src/ur5_controller) by extension 'colcon_meta'
[1.547s] Level 1:colcon.colcon_core.package_identification:_identify(src/ur5_controller) by extensions ['ros']
[1.547s] Level 1:colcon.colcon_core.package_identification:_identify(src/ur5_controller) by extension 'ros'
[1.548s] DEBUG:colcon.colcon_core.package_identification:Package 'src/ur5_controller' with type 'ros.ament_cmake' and name 'ur5_controller'
[1.548s] Level 1:colcon.colcon_core.package_identification:_identify(src/ur5_robot_description) by extensions ['ignore', 'ignore_ament_install']
[1.549s] Level 1:colcon.colcon_core.package_identification:_identify(src/ur5_robot_description) by extension 'ignore'
[1.549s] Level 1:colcon.colcon_core.package_identification:_identify(src/ur5_robot_description) by extension 'ignore_ament_install'
[1.549s] Level 1:colcon.colcon_core.package_identification:_identify(src/ur5_robot_description) by extensions ['colcon_pkg']
[1.549s] Level 1:colcon.colcon_core.package_identification:_identify(src/ur5_robot_description) by extension 'colcon_pkg'
[1.549s] Level 1:colcon.colcon_core.package_identification:_identify(src/ur5_robot_description) by extensions ['colcon_meta']
[1.549s] Level 1:colcon.colcon_core.package_identification:_identify(src/ur5_robot_description) by extension 'colcon_meta'
[1.549s] Level 1:colcon.colcon_core.package_identification:_identify(src/ur5_robot_description) by extensions ['ros']
[1.549s] Level 1:colcon.colcon_core.package_identification:_identify(src/ur5_robot_description) by extension 'ros'
[1.552s] DEBUG:colcon.colcon_core.package_identification:Package 'src/ur5_robot_description' with type 'ros.ament_cmake' and name 'ur5_robot_description'
[1.553s] Level 1:colcon.colcon_core.package_identification:_identify(src/ur5_robot_py) by extensions ['ignore', 'ignore_ament_install']
[1.553s] Level 1:colcon.colcon_core.package_identification:_identify(src/ur5_robot_py) by extension 'ignore'
[1.553s] Level 1:colcon.colcon_core.package_identification:_identify(src/ur5_robot_py) by extension 'ignore_ament_install'
[1.553s] Level 1:colcon.colcon_core.package_identification:_identify(src/ur5_robot_py) by extensions ['colcon_pkg']
[1.553s] Level 1:colcon.colcon_core.package_identification:_identify(src/ur5_robot_py) by extension 'colcon_pkg'
[1.554s] Level 1:colcon.colcon_core.package_identification:_identify(src/ur5_robot_py) by extensions ['colcon_meta']
[1.554s] Level 1:colcon.colcon_core.package_identification:_identify(src/ur5_robot_py) by extension 'colcon_meta'
[1.554s] Level 1:colcon.colcon_core.package_identification:_identify(src/ur5_robot_py) by extensions ['ros']
[1.554s] Level 1:colcon.colcon_core.package_identification:_identify(src/ur5_robot_py) by extension 'ros'
[1.555s] DEBUG:colcon.colcon_core.package_identification:Package 'src/ur5_robot_py' with type 'ros.ament_python' and name 'ur5_robot_py'
[1.555s] Level 1:colcon.colcon_core.package_discovery:discover_packages(recursive) using defaults
[1.555s] Level 1:colcon.colcon_core.package_discovery:discover_packages(ignore) discover
[1.555s] Level 1:colcon.colcon_core.package_discovery:discover_packages(ignore) using defaults
[1.555s] Level 1:colcon.colcon_core.package_discovery:discover_packages(path) discover
[1.555s] Level 1:colcon.colcon_core.package_discovery:discover_packages(path) using defaults
[1.595s] Level 1:colcon.colcon_core.package_discovery:discover_packages(prefix_path) check parameters
[1.595s] Level 1:colcon.colcon_core.package_discovery:discover_packages(prefix_path) discover
[1.604s] DEBUG:colcon.colcon_installed_package_information.package_discovery:Found 411 installed packages in /opt/ros/iron
[1.610s] DEBUG:colcon.colcon_installed_package_information.package_discovery:Found 411 installed packages in /opt/ros/humble
[1.630s] Level 1:colcon.colcon_core.package_discovery:discover_packages(prefix_path) using defaults
[1.786s] Level 5:colcon.colcon_core.verb:set package 'robotiq_description' build argument 'cmake_args' from command line to 'None'
[1.786s] Level 5:colcon.colcon_core.verb:set package 'robotiq_description' build argument 'cmake_target' from command line to 'None'
[1.786s] Level 5:colcon.colcon_core.verb:set package 'robotiq_description' build argument 'cmake_target_skip_unavailable' from command line to 'False'
[1.786s] Level 5:colcon.colcon_core.verb:set package 'robotiq_description' build argument 'cmake_clean_cache' from command line to 'False'
[1.786s] Level 5:colcon.colcon_core.verb:set package 'robotiq_description' build argument 'cmake_clean_first' from command line to 'False'
[1.786s] Level 5:colcon.colcon_core.verb:set package 'robotiq_description' build argument 'cmake_force_configure' from command line to 'False'
[1.786s] Level 5:colcon.colcon_core.verb:set package 'robotiq_description' build argument 'ament_cmake_args' from command line to 'None'
[1.786s] Level 5:colcon.colcon_core.verb:set package 'robotiq_description' build argument 'catkin_cmake_args' from command line to 'None'
[1.786s] Level 5:colcon.colcon_core.verb:set package 'robotiq_description' build argument 'catkin_skip_building_tests' from command line to 'False'
[1.786s] DEBUG:colcon.colcon_core.verb:Building package 'robotiq_description' with the following arguments: {'ament_cmake_args': None, 'build_base': '/home/taj71/ur5_ws/build/robotiq_description', 'catkin_cmake_args': None, 'catkin_skip_building_tests': False, 'cmake_args': None, 'cmake_clean_cache': False, 'cmake_clean_first': False, 'cmake_force_configure': False, 'cmake_target': None, 'cmake_target_skip_unavailable': False, 'install_base': '/home/taj71/ur5_ws/install/robotiq_description', 'merge_install': False, 'path': '/home/taj71/ur5_ws/src/robotiq_description', 'symlink_install': False, 'test_result_base': None}
[1.787s] Level 5:colcon.colcon_core.verb:set package 'ur5_controller' build argument 'cmake_args' from command line to 'None'
[1.787s] Level 5:colcon.colcon_core.verb:set package 'ur5_controller' build argument 'cmake_target' from command line to 'None'
[1.787s] Level 5:colcon.colcon_core.verb:set package 'ur5_controller' build argument 'cmake_target_skip_unavailable' from command line to 'False'
[1.787s] Level 5:colcon.colcon_core.verb:set package 'ur5_controller' build argument 'cmake_clean_cache' from command line to 'False'
[1.787s] Level 5:colcon.colcon_core.verb:set package 'ur5_controller' build argument 'cmake_clean_first' from command line to 'False'
[1.787s] Level 5:colcon.colcon_core.verb:set package 'ur5_controller' build argument 'cmake_force_configure' from command line to 'False'
[1.787s] Level 5:colcon.colcon_core.verb:set package 'ur5_controller' build argument 'ament_cmake_args' from command line to 'None'
[1.787s] Level 5:colcon.colcon_core.verb:set package 'ur5_controller' build argument 'catkin_cmake_args' from command line to 'None'
[1.787s] Level 5:colcon.colcon_core.verb:set package 'ur5_controller' build argument 'catkin_skip_building_tests' from command line to 'False'
[1.787s] DEBUG:colcon.colcon_core.verb:Building package 'ur5_controller' with the following arguments: {'ament_cmake_args': None, 'build_base': '/home/taj71/ur5_ws/build/ur5_controller', 'catkin_cmake_args': None, 'catkin_skip_building_tests': False, 'cmake_args': None, 'cmake_clean_cache': False, 'cmake_clean_first': False, 'cmake_force_configure': False, 'cmake_target': None, 'cmake_target_skip_unavailable': False, 'install_base': '/home/taj71/ur5_ws/install/ur5_controller', 'merge_install': False, 'path': '/home/taj71/ur5_ws/src/ur5_controller', 'symlink_install': False, 'test_result_base': None}
[1.787s] Level 5:colcon.colcon_core.verb:set package 'ur5_robot_description' build argument 'cmake_args' from command line to 'None'
[1.787s] Level 5:colcon.colcon_core.verb:set package 'ur5_robot_description' build argument 'cmake_target' from command line to 'None'
[1.787s] Level 5:colcon.colcon_core.verb:set package 'ur5_robot_description' build argument 'cmake_target_skip_unavailable' from command line to 'False'
[1.787s] Level 5:colcon.colcon_core.verb:set package 'ur5_robot_description' build argument 'cmake_clean_cache' from command line to 'False'
[1.787s] Level 5:colcon.colcon_core.verb:set package 'ur5_robot_description' build argument 'cmake_clean_first' from command line to 'False'
[1.787s] Level 5:colcon.colcon_core.verb:set package 'ur5_robot_description' build argument 'cmake_force_configure' from command line to 'False'
[1.787s] Level 5:colcon.colcon_core.verb:set package 'ur5_robot_description' build argument 'ament_cmake_args' from command line to 'None'
[1.787s] Level 5:colcon.colcon_core.verb:set package 'ur5_robot_description' build argument 'catkin_cmake_args' from command line to 'None'
[1.787s] Level 5:colcon.colcon_core.verb:set package 'ur5_robot_description' build argument 'catkin_skip_building_tests' from command line to 'False'
[1.788s] DEBUG:colcon.colcon_core.verb:Building package 'ur5_robot_description' with the following arguments: {'ament_cmake_args': None, 'build_base': '/home/taj71/ur5_ws/build/ur5_robot_description', 'catkin_cmake_args': None, 'catkin_skip_building_tests': False, 'cmake_args': None, 'cmake_clean_cache': False, 'cmake_clean_first': False, 'cmake_force_configure': False, 'cmake_target': None, 'cmake_target_skip_unavailable': False, 'install_base': '/home/taj71/ur5_ws/install/ur5_robot_description', 'merge_install': False, 'path': '/home/taj71/ur5_ws/src/ur5_robot_description', 'symlink_install': False, 'test_result_base': None}
[1.788s] Level 5:colcon.colcon_core.verb:set package 'ur5_robot_py' build argument 'cmake_args' from command line to 'None'
[1.788s] Level 5:colcon.colcon_core.verb:set package 'ur5_robot_py' build argument 'cmake_target' from command line to 'None'
[1.788s] Level 5:colcon.colcon_core.verb:set package 'ur5_robot_py' build argument 'cmake_target_skip_unavailable' from command line to 'False'
[1.788s] Level 5:colcon.colcon_core.verb:set package 'ur5_robot_py' build argument 'cmake_clean_cache' from command line to 'False'
[1.788s] Level 5:colcon.colcon_core.verb:set package 'ur5_robot_py' build argument 'cmake_clean_first' from command line to 'False'
[1.788s] Level 5:colcon.colcon_core.verb:set package 'ur5_robot_py' build argument 'cmake_force_configure' from command line to 'False'
[1.788s] Level 5:colcon.colcon_core.verb:set package 'ur5_robot_py' build argument 'ament_cmake_args' from command line to 'None'
[1.788s] Level 5:colcon.colcon_core.verb:set package 'ur5_robot_py' build argument 'catkin_cmake_args' from command line to 'None'
[1.788s] Level 5:colcon.colcon_core.verb:set package 'ur5_robot_py' build argument 'catkin_skip_building_tests' from command line to 'False'
[1.788s] DEBUG:colcon.colcon_core.verb:Building package 'ur5_robot_py' with the following arguments: {'ament_cmake_args': None, 'build_base': '/home/taj71/ur5_ws/build/ur5_robot_py', 'catkin_cmake_args': None, 'catkin_skip_building_tests': False, 'cmake_args': None, 'cmake_clean_cache': False, 'cmake_clean_first': False, 'cmake_force_configure': False, 'cmake_target': None, 'cmake_target_skip_unavailable': False, 'install_base': '/home/taj71/ur5_ws/install/ur5_robot_py', 'merge_install': False, 'path': '/home/taj71/ur5_ws/src/ur5_robot_py', 'symlink_install': False, 'test_result_base': None}
[1.788s] INFO:colcon.colcon_core.executor:Executing jobs using 'parallel' executor
[1.790s] DEBUG:colcon.colcon_parallel_executor.executor.parallel:run_until_complete
[1.790s] INFO:colcon.colcon_ros.task.ament_cmake.build:Building ROS package in '/home/taj71/ur5_ws/src/robotiq_description' with build type 'ament_cmake'
[1.790s] INFO:colcon.colcon_cmake.task.cmake.build:Building CMake package in '/home/taj71/ur5_ws/src/robotiq_description'
[1.800s] INFO:colcon.colcon_core.plugin_system:Skipping extension 'colcon_core.shell.bat': Not used on non-Windows systems
[1.800s] INFO:colcon.colcon_core.shell:Skip shell extension 'powershell' for command environment: Not usable outside of PowerShell
[1.800s] DEBUG:colcon.colcon_core.shell:Skip shell extension 'dsv' for command environment
[1.806s] INFO:colcon.colcon_ros.task.ament_cmake.build:Building ROS package in '/home/taj71/ur5_ws/src/ur5_controller' with build type 'ament_cmake'
[1.806s] INFO:colcon.colcon_cmake.task.cmake.build:Building CMake package in '/home/taj71/ur5_ws/src/ur5_controller'
[1.807s] INFO:colcon.colcon_core.shell:Skip shell extension 'powershell' for command environment: Not usable outside of PowerShell
[1.807s] DEBUG:colcon.colcon_core.shell:Skip shell extension 'dsv' for command environment
[1.813s] INFO:colcon.colcon_ros.task.ament_cmake.build:Building ROS package in '/home/taj71/ur5_ws/src/ur5_robot_description' with build type 'ament_cmake'
[1.813s] INFO:colcon.colcon_cmake.task.cmake.build:Building CMake package in '/home/taj71/ur5_ws/src/ur5_robot_description'
[1.814s] INFO:colcon.colcon_core.shell:Skip shell extension 'powershell' for command environment: Not usable outside of PowerShell
[1.814s] DEBUG:colcon.colcon_core.shell:Skip shell extension 'dsv' for command environment
[1.820s] INFO:colcon.colcon_ros.task.ament_python.build:Building ROS package in '/home/taj71/ur5_ws/src/ur5_robot_py' with build type 'ament_python'
[1.820s] Level 1:colcon.colcon_core.shell:create_environment_hook('ur5_robot_py', 'ament_prefix_path')
[1.820s] INFO:colcon.colcon_core.shell:Creating environment hook '/home/taj71/ur5_ws/install/ur5_robot_py/share/ur5_robot_py/hook/ament_prefix_path.ps1'
[1.825s] INFO:colcon.colcon_core.shell:Creating environment descriptor '/home/taj71/ur5_ws/install/ur5_robot_py/share/ur5_robot_py/hook/ament_prefix_path.dsv'
[1.826s] INFO:colcon.colcon_core.shell:Creating environment hook '/home/taj71/ur5_ws/install/ur5_robot_py/share/ur5_robot_py/hook/ament_prefix_path.sh'
[1.829s] INFO:colcon.colcon_core.shell:Skip shell extension 'powershell' for command environment: Not usable outside of PowerShell
[1.829s] DEBUG:colcon.colcon_core.shell:Skip shell extension 'dsv' for command environment
[1.850s] DEBUG:colcon.colcon_core.event_handler.log_command:Invoking command in '/home/taj71/ur5_ws/build/robotiq_description': CMAKE_PREFIX_PATH=/opt/ros/iron:/opt/ros/humble /usr/bin/cmake --build /home/taj71/ur5_ws/build/robotiq_description -- -j8 -l8
[1.860s] DEBUG:colcon.colcon_core.event_handler.log_command:Invoking command in '/home/taj71/ur5_ws/build/ur5_controller': CMAKE_PREFIX_PATH=/opt/ros/iron:/opt/ros/humble /usr/bin/cmake --build /home/taj71/ur5_ws/build/ur5_controller -- -j8 -l8
[1.878s] DEBUG:colcon.colcon_core.event_handler.log_command:Invoking command in '/home/taj71/ur5_ws/build/ur5_robot_description': CMAKE_PREFIX_PATH=/opt/ros/iron:/opt/ros/humble /usr/bin/cmake --build /home/taj71/ur5_ws/build/ur5_robot_description -- -j8 -l8
[2.368s] INFO:colcon.colcon_core.task.python.build:Building Python package in '/home/taj71/ur5_ws/src/ur5_robot_py'
[2.368s] INFO:colcon.colcon_core.shell:Skip shell extension 'powershell' for command environment: Not usable outside of PowerShell
[2.369s] DEBUG:colcon.colcon_core.shell:Skip shell extension 'dsv' for command environment
[2.380s] DEBUG:colcon.colcon_core.event_handler.log_command:Invoked command in '/home/taj71/ur5_ws/build/ur5_robot_description' returned '0': CMAKE_PREFIX_PATH=/opt/ros/iron:/opt/ros/humble /usr/bin/cmake --build /home/taj71/ur5_ws/build/ur5_robot_description -- -j8 -l8
[2.395s] DEBUG:colcon.colcon_core.event_handler.log_command:Invoking command in '/home/taj71/ur5_ws/build/ur5_robot_description': CMAKE_PREFIX_PATH=/opt/ros/iron:/opt/ros/humble /usr/bin/cmake --install /home/taj71/ur5_ws/build/ur5_robot_description
[2.396s] DEBUG:colcon.colcon_core.event_handler.log_command:Invoked command in '/home/taj71/ur5_ws/build/ur5_controller' returned '0': CMAKE_PREFIX_PATH=/opt/ros/iron:/opt/ros/humble /usr/bin/cmake --build /home/taj71/ur5_ws/build/ur5_controller -- -j8 -l8
[2.401s] DEBUG:colcon.colcon_core.event_handler.log_command:Invoking command in '/home/taj71/ur5_ws/build/ur5_controller': CMAKE_PREFIX_PATH=/opt/ros/iron:/opt/ros/humble /usr/bin/cmake --install /home/taj71/ur5_ws/build/ur5_controller
[2.402s] DEBUG:colcon.colcon_core.event_handler.log_command:Invoked command in '/home/taj71/ur5_ws/build/robotiq_description' returned '0': CMAKE_PREFIX_PATH=/opt/ros/iron:/opt/ros/humble /usr/bin/cmake --build /home/taj71/ur5_ws/build/robotiq_description -- -j8 -l8
[2.407s] DEBUG:colcon.colcon_core.event_handler.log_command:Invoking command in '/home/taj71/ur5_ws/build/robotiq_description': CMAKE_PREFIX_PATH=/opt/ros/iron:/opt/ros/humble /usr/bin/cmake --install /home/taj71/ur5_ws/build/robotiq_description
[2.462s] Level 1:colcon.colcon_core.environment:create_environment_scripts_only(ur5_controller)
[2.465s] DEBUG:colcon.colcon_core.event_handler.log_command:Invoked command in '/home/taj71/ur5_ws/build/ur5_controller' returned '0': CMAKE_PREFIX_PATH=/opt/ros/iron:/opt/ros/humble /usr/bin/cmake --install /home/taj71/ur5_ws/build/ur5_controller
[2.479s] Level 1:colcon.colcon_core.environment:checking '/home/taj71/ur5_ws/install/ur5_controller' for CMake module files
[2.480s] Level 1:colcon.colcon_core.environment:checking '/home/taj71/ur5_ws/install/ur5_controller' for CMake config files
[2.481s] Level 1:colcon.colcon_core.shell:create_environment_hook('ur5_controller', 'cmake_prefix_path')
[2.481s] INFO:colcon.colcon_core.shell:Creating environment hook '/home/taj71/ur5_ws/install/ur5_controller/share/ur5_controller/hook/cmake_prefix_path.ps1'
[2.482s] INFO:colcon.colcon_core.shell:Creating environment descriptor '/home/taj71/ur5_ws/install/ur5_controller/share/ur5_controller/hook/cmake_prefix_path.dsv'
[2.483s] INFO:colcon.colcon_core.shell:Creating environment hook '/home/taj71/ur5_ws/install/ur5_controller/share/ur5_controller/hook/cmake_prefix_path.sh'
[2.484s] Level 1:colcon.colcon_core.environment:checking '/home/taj71/ur5_ws/install/ur5_controller/bin'
[2.485s] Level 1:colcon.colcon_core.environment:checking '/home/taj71/ur5_ws/install/ur5_controller/lib/pkgconfig/ur5_controller.pc'
[2.485s] Level 1:colcon.colcon_core.environment:checking '/home/taj71/ur5_ws/install/ur5_controller/lib/python3.10/site-packages'
[2.485s] Level 1:colcon.colcon_core.environment:checking '/home/taj71/ur5_ws/install/ur5_controller/bin'
[2.486s] INFO:colcon.colcon_core.shell:Creating package script '/home/taj71/ur5_ws/install/ur5_controller/share/ur5_controller/package.ps1'
[2.488s] INFO:colcon.colcon_core.shell:Creating package descriptor '/home/taj71/ur5_ws/install/ur5_controller/share/ur5_controller/package.dsv'
[2.490s] INFO:colcon.colcon_core.shell:Creating package script '/home/taj71/ur5_ws/install/ur5_controller/share/ur5_controller/package.sh'
[2.492s] INFO:colcon.colcon_core.shell:Creating package script '/home/taj71/ur5_ws/install/ur5_controller/share/ur5_controller/package.bash'
[2.495s] INFO:colcon.colcon_core.shell:Creating package script '/home/taj71/ur5_ws/install/ur5_controller/share/ur5_controller/package.zsh'
[2.498s] Level 1:colcon.colcon_core.environment:create_file_with_runtime_dependencies(/home/taj71/ur5_ws/install/ur5_controller/share/colcon-core/packages/ur5_controller)
[2.500s] Level 1:colcon.colcon_core.environment:create_environment_scripts_only(ur5_controller)
[2.501s] Level 1:colcon.colcon_core.environment:checking '/home/taj71/ur5_ws/install/ur5_controller' for CMake module files
[2.502s] Level 1:colcon.colcon_core.environment:checking '/home/taj71/ur5_ws/install/ur5_controller' for CMake config files
[2.502s] Level 1:colcon.colcon_core.shell:create_environment_hook('ur5_controller', 'cmake_prefix_path')
[2.503s] INFO:colcon.colcon_core.shell:Creating environment hook '/home/taj71/ur5_ws/install/ur5_controller/share/ur5_controller/hook/cmake_prefix_path.ps1'
[2.504s] INFO:colcon.colcon_core.shell:Creating environment descriptor '/home/taj71/ur5_ws/install/ur5_controller/share/ur5_controller/hook/cmake_prefix_path.dsv'
[2.505s] INFO:colcon.colcon_core.shell:Creating environment hook '/home/taj71/ur5_ws/install/ur5_controller/share/ur5_controller/hook/cmake_prefix_path.sh'
[2.506s] Level 1:colcon.colcon_core.environment:checking '/home/taj71/ur5_ws/install/ur5_controller/bin'
[2.506s] Level 1:colcon.colcon_core.environment:checking '/home/taj71/ur5_ws/install/ur5_controller/lib/pkgconfig/ur5_controller.pc'
[2.506s] Level 1:colcon.colcon_core.environment:checking '/home/taj71/ur5_ws/install/ur5_controller/lib/python3.10/site-packages'
[2.507s] Level 1:colcon.colcon_core.environment:checking '/home/taj71/ur5_ws/install/ur5_controller/bin'
[2.507s] INFO:colcon.colcon_core.shell:Creating package script '/home/taj71/ur5_ws/install/ur5_controller/share/ur5_controller/package.ps1'
[2.508s] INFO:colcon.colcon_core.shell:Creating package descriptor '/home/taj71/ur5_ws/install/ur5_controller/share/ur5_controller/package.dsv'
[2.509s] INFO:colcon.colcon_core.shell:Creating package script '/home/taj71/ur5_ws/install/ur5_controller/share/ur5_controller/package.sh'
[2.510s] INFO:colcon.colcon_core.shell:Creating package script '/home/taj71/ur5_ws/install/ur5_controller/share/ur5_controller/package.bash'
[2.510s] INFO:colcon.colcon_core.shell:Creating package script '/home/taj71/ur5_ws/install/ur5_controller/share/ur5_controller/package.zsh'
[2.511s] Level 1:colcon.colcon_core.environment:create_file_with_runtime_dependencies(/home/taj71/ur5_ws/install/ur5_controller/share/colcon-core/packages/ur5_controller)
[2.512s] Level 1:colcon.colcon_core.environment:create_environment_scripts_only(ur5_robot_description)
[2.512s] Level 1:colcon.colcon_core.environment:checking '/home/taj71/ur5_ws/install/ur5_robot_description' for CMake module files
[2.515s] DEBUG:colcon.colcon_core.event_handler.log_command:Invoked command in '/home/taj71/ur5_ws/build/ur5_robot_description' returned '0': CMAKE_PREFIX_PATH=/opt/ros/iron:/opt/ros/humble /usr/bin/cmake --install /home/taj71/ur5_ws/build/ur5_robot_description
[2.516s] Level 1:colcon.colcon_core.environment:checking '/home/taj71/ur5_ws/install/ur5_robot_description' for CMake config files
[2.518s] Level 1:colcon.colcon_core.shell:create_environment_hook('ur5_robot_description', 'cmake_prefix_path')
[2.519s] INFO:colcon.colcon_core.shell:Creating environment hook '/home/taj71/ur5_ws/install/ur5_robot_description/share/ur5_robot_description/hook/cmake_prefix_path.ps1'
[2.520s] INFO:colcon.colcon_core.shell:Creating environment descriptor '/home/taj71/ur5_ws/install/ur5_robot_description/share/ur5_robot_description/hook/cmake_prefix_path.dsv'
[2.521s] INFO:colcon.colcon_core.shell:Creating environment hook '/home/taj71/ur5_ws/install/ur5_robot_description/share/ur5_robot_description/hook/cmake_prefix_path.sh'
[2.523s] Level 1:colcon.colcon_core.environment:checking '/home/taj71/ur5_ws/install/ur5_robot_description/bin'
[2.523s] Level 1:colcon.colcon_core.environment:checking '/home/taj71/ur5_ws/install/ur5_robot_description/lib/pkgconfig/ur5_robot_description.pc'
[2.523s] Level 1:colcon.colcon_core.environment:checking '/home/taj71/ur5_ws/install/ur5_robot_description/lib/python3.10/site-packages'
[2.524s] Level 1:colcon.colcon_core.environment:checking '/home/taj71/ur5_ws/install/ur5_robot_description/bin'
[2.525s] INFO:colcon.colcon_core.shell:Creating package script '/home/taj71/ur5_ws/install/ur5_robot_description/share/ur5_robot_description/package.ps1'
[2.526s] INFO:colcon.colcon_core.shell:Creating package descriptor '/home/taj71/ur5_ws/install/ur5_robot_description/share/ur5_robot_description/package.dsv'
[2.527s] INFO:colcon.colcon_core.shell:Creating package script '/home/taj71/ur5_ws/install/ur5_robot_description/share/ur5_robot_description/package.sh'
[2.528s] INFO:colcon.colcon_core.shell:Creating package script '/home/taj71/ur5_ws/install/ur5_robot_description/share/ur5_robot_description/package.bash'
[2.529s] INFO:colcon.colcon_core.shell:Creating package script '/home/taj71/ur5_ws/install/ur5_robot_description/share/ur5_robot_description/package.zsh'
[2.529s] Level 1:colcon.colcon_core.environment:create_file_with_runtime_dependencies(/home/taj71/ur5_ws/install/ur5_robot_description/share/colcon-core/packages/ur5_robot_description)
[2.531s] Level 1:colcon.colcon_core.environment:create_environment_scripts_only(ur5_robot_description)
[2.532s] Level 1:colcon.colcon_core.environment:checking '/home/taj71/ur5_ws/install/ur5_robot_description' for CMake module files
[2.533s] Level 1:colcon.colcon_core.environment:checking '/home/taj71/ur5_ws/install/ur5_robot_description' for CMake config files
[2.534s] Level 1:colcon.colcon_core.shell:create_environment_hook('ur5_robot_description', 'cmake_prefix_path')
[2.535s] INFO:colcon.colcon_core.shell:Creating environment hook '/home/taj71/ur5_ws/install/ur5_robot_description/share/ur5_robot_description/hook/cmake_prefix_path.ps1'
[2.537s] INFO:colcon.colcon_core.shell:Creating environment descriptor '/home/taj71/ur5_ws/install/ur5_robot_description/share/ur5_robot_description/hook/cmake_prefix_path.dsv'
[2.538s] INFO:colcon.colcon_core.shell:Creating environment hook '/home/taj71/ur5_ws/install/ur5_robot_description/share/ur5_robot_description/hook/cmake_prefix_path.sh'
[2.539s] Level 1:colcon.colcon_core.environment:checking '/home/taj71/ur5_ws/install/ur5_robot_description/bin'
[2.539s] Level 1:colcon.colcon_core.environment:checking '/home/taj71/ur5_ws/install/ur5_robot_description/lib/pkgconfig/ur5_robot_description.pc'
[2.540s] Level 1:colcon.colcon_core.environment:checking '/home/taj71/ur5_ws/install/ur5_robot_description/lib/python3.10/site-packages'
[2.540s] Level 1:colcon.colcon_core.environment:checking '/home/taj71/ur5_ws/install/ur5_robot_description/bin'
[2.541s] INFO:colcon.colcon_core.shell:Creating package script '/home/taj71/ur5_ws/install/ur5_robot_description/share/ur5_robot_description/package.ps1'
[2.542s] INFO:colcon.colcon_core.shell:Creating package descriptor '/home/taj71/ur5_ws/install/ur5_robot_description/share/ur5_robot_description/package.dsv'
[2.543s] INFO:colcon.colcon_core.shell:Creating package script '/home/taj71/ur5_ws/install/ur5_robot_description/share/ur5_robot_description/package.sh'
[2.544s] INFO:colcon.colcon_core.shell:Creating package script '/home/taj71/ur5_ws/install/ur5_robot_description/share/ur5_robot_description/package.bash'
[2.544s] INFO:colcon.colcon_core.shell:Creating package script '/home/taj71/ur5_ws/install/ur5_robot_description/share/ur5_robot_description/package.zsh'
[2.545s] Level 1:colcon.colcon_core.environment:create_file_with_runtime_dependencies(/home/taj71/ur5_ws/install/ur5_robot_description/share/colcon-core/packages/ur5_robot_description)
[2.546s] Level 1:colcon.colcon_core.environment:create_environment_scripts_only(robotiq_description)
[2.546s] Level 1:colcon.colcon_core.environment:checking '/home/taj71/ur5_ws/install/robotiq_description' for CMake module files
[2.548s] DEBUG:colcon.colcon_core.event_handler.log_command:Invoked command in '/home/taj71/ur5_ws/build/robotiq_description' returned '0': CMAKE_PREFIX_PATH=/opt/ros/iron:/opt/ros/humble /usr/bin/cmake --install /home/taj71/ur5_ws/build/robotiq_description
[2.549s] Level 1:colcon.colcon_core.environment:checking '/home/taj71/ur5_ws/install/robotiq_description' for CMake config files
[2.551s] Level 1:colcon.colcon_core.shell:create_environment_hook('robotiq_description', 'cmake_prefix_path')
[2.552s] INFO:colcon.colcon_core.shell:Creating environment hook '/home/taj71/ur5_ws/install/robotiq_description/share/robotiq_description/hook/cmake_prefix_path.ps1'
[2.553s] INFO:colcon.colcon_core.shell:Creating environment descriptor '/home/taj71/ur5_ws/install/robotiq_description/share/robotiq_description/hook/cmake_prefix_path.dsv'
[2.553s] INFO:colcon.colcon_core.shell:Creating environment hook '/home/taj71/ur5_ws/install/robotiq_description/share/robotiq_description/hook/cmake_prefix_path.sh'
[2.555s] Level 1:colcon.colcon_core.environment:checking '/home/taj71/ur5_ws/install/robotiq_description/bin'
[2.555s] Level 1:colcon.colcon_core.environment:checking '/home/taj71/ur5_ws/install/robotiq_description/lib/pkgconfig/robotiq_description.pc'
[2.555s] Level 1:colcon.colcon_core.environment:checking '/home/taj71/ur5_ws/install/robotiq_description/lib/python3.10/site-packages'
[2.556s] Level 1:colcon.colcon_core.environment:checking '/home/taj71/ur5_ws/install/robotiq_description/bin'
[2.556s] INFO:colcon.colcon_core.shell:Creating package script '/home/taj71/ur5_ws/install/robotiq_description/share/robotiq_description/package.ps1'
[2.557s] INFO:colcon.colcon_core.shell:Creating package descriptor '/home/taj71/ur5_ws/install/robotiq_description/share/robotiq_description/package.dsv'
[2.558s] INFO:colcon.colcon_core.shell:Creating package script '/home/taj71/ur5_ws/install/robotiq_description/share/robotiq_description/package.sh'
[2.559s] INFO:colcon.colcon_core.shell:Creating package script '/home/taj71/ur5_ws/install/robotiq_description/share/robotiq_description/package.bash'
[2.559s] INFO:colcon.colcon_core.shell:Creating package script '/home/taj71/ur5_ws/install/robotiq_description/share/robotiq_description/package.zsh'
[2.560s] Level 1:colcon.colcon_core.environment:create_file_with_runtime_dependencies(/home/taj71/ur5_ws/install/robotiq_description/share/colcon-core/packages/robotiq_description)
[2.562s] Level 1:colcon.colcon_core.environment:create_environment_scripts_only(robotiq_description)
[2.563s] Level 1:colcon.colcon_core.environment:checking '/home/taj71/ur5_ws/install/robotiq_description' for CMake module files
[2.563s] Level 1:colcon.colcon_core.environment:checking '/home/taj71/ur5_ws/install/robotiq_description' for CMake config files
[2.564s] Level 1:colcon.colcon_core.shell:create_environment_hook('robotiq_description', 'cmake_prefix_path')
[2.565s] INFO:colcon.colcon_core.shell:Creating environment hook '/home/taj71/ur5_ws/install/robotiq_description/share/robotiq_description/hook/cmake_prefix_path.ps1'
[2.566s] INFO:colcon.colcon_core.shell:Creating environment descriptor '/home/taj71/ur5_ws/install/robotiq_description/share/robotiq_description/hook/cmake_prefix_path.dsv'
[2.567s] INFO:colcon.colcon_core.shell:Creating environment hook '/home/taj71/ur5_ws/install/robotiq_description/share/robotiq_description/hook/cmake_prefix_path.sh'
[2.569s] Level 1:colcon.colcon_core.environment:checking '/home/taj71/ur5_ws/install/robotiq_description/bin'
[2.569s] Level 1:colcon.colcon_core.environment:checking '/home/taj71/ur5_ws/install/robotiq_description/lib/pkgconfig/robotiq_description.pc'
[2.569s] Level 1:colcon.colcon_core.environment:checking '/home/taj71/ur5_ws/install/robotiq_description/lib/python3.10/site-packages'
[2.570s] Level 1:colcon.colcon_core.environment:checking '/home/taj71/ur5_ws/install/robotiq_description/bin'
[2.570s] INFO:colcon.colcon_core.shell:Creating package script '/home/taj71/ur5_ws/install/robotiq_description/share/robotiq_description/package.ps1'
[2.571s] INFO:colcon.colcon_core.shell:Creating package descriptor '/home/taj71/ur5_ws/install/robotiq_description/share/robotiq_description/package.dsv'
[2.572s] INFO:colcon.colcon_core.shell:Creating package script '/home/taj71/ur5_ws/install/robotiq_description/share/robotiq_description/package.sh'
[2.573s] INFO:colcon.colcon_core.shell:Creating package script '/home/taj71/ur5_ws/install/robotiq_description/share/robotiq_description/package.bash'
[2.574s] INFO:colcon.colcon_core.shell:Creating package script '/home/taj71/ur5_ws/install/robotiq_description/share/robotiq_description/package.zsh'
[2.575s] Level 1:colcon.colcon_core.environment:create_file_with_runtime_dependencies(/home/taj71/ur5_ws/install/robotiq_description/share/colcon-core/packages/robotiq_description)
[3.381s] DEBUG:colcon.colcon_core.event_handler.log_command:Invoking command in '/home/taj71/ur5_ws/src/ur5_robot_py': PYTHONPATH=/home/taj71/ur5_ws/build/ur5_robot_py/prefix_override:/home/taj71/.local/lib/python3.10/site-packages/colcon_core/task/python/colcon_distutils_commands:/home/taj71/ur5_ws/install/ur5_robot_py/lib/python3.10/site-packages:${PYTHONPATH} /usr/bin/python3 -W ignore:setup.py install is deprecated -W ignore:easy_install command is deprecated setup.py egg_info --egg-base ../../build/ur5_robot_py build --build-base /home/taj71/ur5_ws/build/ur5_robot_py/build install --record /home/taj71/ur5_ws/build/ur5_robot_py/install.log --single-version-externally-managed install_data
[3.881s] Level 1:colcon.colcon_core.environment:checking '/home/taj71/ur5_ws/install/ur5_robot_py' for CMake module files
[3.881s] DEBUG:colcon.colcon_core.event_handler.log_command:Invoked command in '/home/taj71/ur5_ws/src/ur5_robot_py' returned '0': PYTHONPATH=/home/taj71/ur5_ws/build/ur5_robot_py/prefix_override:/home/taj71/.local/lib/python3.10/site-packages/colcon_core/task/python/colcon_distutils_commands:/home/taj71/ur5_ws/install/ur5_robot_py/lib/python3.10/site-packages:${PYTHONPATH} /usr/bin/python3 -W ignore:setup.py install is deprecated -W ignore:easy_install command is deprecated setup.py egg_info --egg-base ../../build/ur5_robot_py build --build-base /home/taj71/ur5_ws/build/ur5_robot_py/build install --record /home/taj71/ur5_ws/build/ur5_robot_py/install.log --single-version-externally-managed install_data
[3.883s] Level 1:colcon.colcon_core.environment:checking '/home/taj71/ur5_ws/install/ur5_robot_py' for CMake config files
[3.885s] Level 1:colcon.colcon_core.environment:checking '/home/taj71/ur5_ws/install/ur5_robot_py/lib'
[3.885s] Level 1:colcon.colcon_core.environment:checking '/home/taj71/ur5_ws/install/ur5_robot_py/bin'
[3.885s] Level 1:colcon.colcon_core.environment:checking '/home/taj71/ur5_ws/install/ur5_robot_py/lib/pkgconfig/ur5_robot_py.pc'
[3.885s] Level 1:colcon.colcon_core.environment:checking '/home/taj71/ur5_ws/install/ur5_robot_py/lib/python3.10/site-packages'
[3.885s] Level 1:colcon.colcon_core.shell:create_environment_hook('ur5_robot_py', 'pythonpath')
[3.886s] INFO:colcon.colcon_core.shell:Creating environment hook '/home/taj71/ur5_ws/install/ur5_robot_py/share/ur5_robot_py/hook/pythonpath.ps1'
[3.887s] INFO:colcon.colcon_core.shell:Creating environment descriptor '/home/taj71/ur5_ws/install/ur5_robot_py/share/ur5_robot_py/hook/pythonpath.dsv'
[3.888s] INFO:colcon.colcon_core.shell:Creating environment hook '/home/taj71/ur5_ws/install/ur5_robot_py/share/ur5_robot_py/hook/pythonpath.sh'
[3.889s] Level 1:colcon.colcon_core.environment:checking '/home/taj71/ur5_ws/install/ur5_robot_py/bin'
[3.889s] Level 1:colcon.colcon_core.environment:create_environment_scripts_only(ur5_robot_py)
[3.890s] INFO:colcon.colcon_core.shell:Creating package script '/home/taj71/ur5_ws/install/ur5_robot_py/share/ur5_robot_py/package.ps1'
[3.890s] INFO:colcon.colcon_core.shell:Creating package descriptor '/home/taj71/ur5_ws/install/ur5_robot_py/share/ur5_robot_py/package.dsv'
[3.891s] INFO:colcon.colcon_core.shell:Creating package script '/home/taj71/ur5_ws/install/ur5_robot_py/share/ur5_robot_py/package.sh'
[3.892s] INFO:colcon.colcon_core.shell:Creating package script '/home/taj71/ur5_ws/install/ur5_robot_py/share/ur5_robot_py/package.bash'
[3.893s] INFO:colcon.colcon_core.shell:Creating package script '/home/taj71/ur5_ws/install/ur5_robot_py/share/ur5_robot_py/package.zsh'
[3.894s] Level 1:colcon.colcon_core.environment:create_file_with_runtime_dependencies(/home/taj71/ur5_ws/install/ur5_robot_py/share/colcon-core/packages/ur5_robot_py)
[3.895s] DEBUG:colcon.colcon_parallel_executor.executor.parallel:closing loop
[3.896s] DEBUG:colcon.colcon_parallel_executor.executor.parallel:loop closed
[3.896s] DEBUG:colcon.colcon_parallel_executor.executor.parallel:run_until_complete finished with '0'
[3.896s] DEBUG:colcon.colcon_core.event_reactor:joining thread
[4.123s] INFO:colcon.colcon_core.plugin_system:Skipping extension 'colcon_notification.desktop_notification.notify_send': Could not find 'notify-send'
[4.123s] INFO:colcon.colcon_core.plugin_system:Skipping extension 'colcon_notification.desktop_notification.terminal_notifier': Not used on non-Darwin systems
[4.123s] INFO:colcon.colcon_core.plugin_system:Skipping extension 'colcon_notification.desktop_notification.win32': Not used on non-Windows systems
[4.124s] INFO:colcon.colcon_notification.desktop_notification:Sending desktop notification using 'notify2'
[4.124s] DEBUG:colcon.colcon_notification.desktop_notification.notify2:Failed to initialize notify2: org.freedesktop.DBus.Error.FileNotFound: Failed to connect to socket /run/user/1000/bus: No such file or directory
[4.124s] DEBUG:colcon.colcon_core.event_reactor:joined thread
[4.125s] INFO:colcon.colcon_core.shell:Creating prefix script '/home/taj71/ur5_ws/install/local_setup.ps1'
[4.127s] INFO:colcon.colcon_core.shell:Creating prefix util module '/home/taj71/ur5_ws/install/_local_setup_util_ps1.py'
[4.129s] INFO:colcon.colcon_core.shell:Creating prefix chain script '/home/taj71/ur5_ws/install/setup.ps1'
[4.132s] INFO:colcon.colcon_core.shell:Creating prefix script '/home/taj71/ur5_ws/install/local_setup.sh'
[4.133s] INFO:colcon.colcon_core.shell:Creating prefix util module '/home/taj71/ur5_ws/install/_local_setup_util_sh.py'
[4.134s] INFO:colcon.colcon_core.shell:Creating prefix chain script '/home/taj71/ur5_ws/install/setup.sh'
[4.136s] INFO:colcon.colcon_core.shell:Creating prefix script '/home/taj71/ur5_ws/install/local_setup.bash'
[4.138s] INFO:colcon.colcon_core.shell:Creating prefix chain script '/home/taj71/ur5_ws/install/setup.bash'
[4.141s] INFO:colcon.colcon_core.shell:Creating prefix script '/home/taj71/ur5_ws/install/local_setup.zsh'
[4.143s] INFO:colcon.colcon_core.shell:Creating prefix chain script '/home/taj71/ur5_ws/install/setup.zsh'
