[0.036s] Invoking command in '/home/taj71/practic_ws/build/robotiq_description': CMAKE_PREFIX_PATH=/opt/ros/iron /usr/bin/cmake /home/taj71/practic_ws/src/robotiq_description -DCMAKE_INSTALL_PREFIX=/home/taj71/practic_ws/install/robotiq_description
[0.817s] -- The C compiler identification is GNU 11.4.0
[3.083s] -- The CXX compiler identification is GNU 11.4.0
[4.608s] -- Detecting C compiler ABI info
[5.202s] -- Detecting C compiler ABI info - done
[5.217s] -- Check for working C compiler: /usr/bin/cc - skipped
[5.218s] -- Detecting C compile features
[5.218s] -- Detecting C compile features - done
[5.222s] -- Detecting CXX compiler ABI info
[5.819s] -- Detecting CXX compiler ABI info - done
[5.828s] -- Check for working CXX compiler: /usr/bin/c++ - skipped
[5.829s] -- Detecting CXX compile features
[5.829s] -- Detecting CXX compile features - done
[5.832s] -- Found ament_cmake: 2.0.7 (/opt/ros/iron/share/ament_cmake/cmake)
[6.027s] -- Found Python3: /usr/bin/python3.10 (found version "3.10.12") found components: Interpreter 
[6.146s] -- Found ament_cmake_pytest: 2.0.7 (/opt/ros/iron/share/ament_cmake_pytest/cmake)
[6.229s] -- Configuring done
[6.234s] -- Generating done
[6.236s] -- Build files have been written to: /home/taj71/practic_ws/build/robotiq_description
[6.241s] Invoked command in '/home/taj71/practic_ws/build/robotiq_description' returned '0': CMAKE_PREFIX_PATH=/opt/ros/iron /usr/bin/cmake /home/taj71/practic_ws/src/robotiq_description -DCMAKE_INSTALL_PREFIX=/home/taj71/practic_ws/install/robotiq_description
[6.242s] Invoking command in '/home/taj71/practic_ws/build/robotiq_description': CMAKE_PREFIX_PATH=/opt/ros/iron /usr/bin/cmake --build /home/taj71/practic_ws/build/robotiq_description -- -j8 -l8
[6.287s] Invoked command in '/home/taj71/practic_ws/build/robotiq_description' returned '0': CMAKE_PREFIX_PATH=/opt/ros/iron /usr/bin/cmake --build /home/taj71/practic_ws/build/robotiq_description -- -j8 -l8
[6.289s] Invoking command in '/home/taj71/practic_ws/build/robotiq_description': CMAKE_PREFIX_PATH=/opt/ros/iron /usr/bin/cmake --install /home/taj71/practic_ws/build/robotiq_description
[6.297s] -- Install configuration: ""
[6.297s] -- Installing: /home/taj71/practic_ws/install/robotiq_description/share/robotiq_description/config
[6.298s] -- Installing: /home/taj71/practic_ws/install/robotiq_description/share/robotiq_description/config/config.rviz:Zone.Identifier
[6.299s] -- Installing: /home/taj71/practic_ws/install/robotiq_description/share/robotiq_description/config/config.rviz
[6.299s] -- Installing: /home/taj71/practic_ws/install/robotiq_description/share/robotiq_description/launch
[6.299s] -- Installing: /home/taj71/practic_ws/install/robotiq_description/share/robotiq_description/launch/display.launch.py:Zone.Identifier
[6.300s] -- Installing: /home/taj71/practic_ws/install/robotiq_description/share/robotiq_description/launch/display.launch.py
[6.300s] -- Installing: /home/taj71/practic_ws/install/robotiq_description/share/robotiq_description/meshes
[6.301s] -- Installing: /home/taj71/practic_ws/install/robotiq_description/share/robotiq_description/meshes/collision
[6.301s] -- Installing: /home/taj71/practic_ws/install/robotiq_description/share/robotiq_description/meshes/collision/robotiq_85_finger_tip_link.stl:Zone.Identifier
[6.301s] -- Installing: /home/taj71/practic_ws/install/robotiq_description/share/robotiq_description/meshes/collision/robotiq_85_knuckle_link.stl:Zone.Identifier
[6.301s] -- Installing: /home/taj71/practic_ws/install/robotiq_description/share/robotiq_description/meshes/collision/robotiq_85_inner_knuckle_link.stl
[6.301s] -- Installing: /home/taj71/practic_ws/install/robotiq_description/share/robotiq_description/meshes/collision/robotiq_85_finger_link.stl:Zone.Identifier
[6.301s] -- Installing: /home/taj71/practic_ws/install/robotiq_description/share/robotiq_description/meshes/collision/robotiq_85_base_link.stl
[6.301s] -- Installing: /home/taj71/practic_ws/install/robotiq_description/share/robotiq_description/meshes/collision/robotiq_85_finger_tip_link.stl
[6.302s] -- Installing: /home/taj71/practic_ws/install/robotiq_description/share/robotiq_description/meshes/collision/robotiq_85_finger_link.stl
[6.302s] -- Installing: /home/taj71/practic_ws/install/robotiq_description/share/robotiq_description/meshes/collision/robotiq_85_inner_knuckle_link.stl:Zone.Identifier
[6.302s] -- Installing: /home/taj71/practic_ws/install/robotiq_description/share/robotiq_description/meshes/collision/robotiq_85_knuckle_link.stl
[6.302s] -- Installing: /home/taj71/practic_ws/install/robotiq_description/share/robotiq_description/meshes/collision/robotiq_85_base_link.stl:Zone.Identifier
[6.303s] -- Installing: /home/taj71/practic_ws/install/robotiq_description/share/robotiq_description/meshes/visual
[6.303s] -- Installing: /home/taj71/practic_ws/install/robotiq_description/share/robotiq_description/meshes/visual/robotiq_85_inner_knuckle_link.dae
[6.303s] -- Installing: /home/taj71/practic_ws/install/robotiq_description/share/robotiq_description/meshes/visual/robotiq_85_knuckle_link.dae
[6.304s] -- Installing: /home/taj71/practic_ws/install/robotiq_description/share/robotiq_description/meshes/visual/robotiq_85_inner_knuckle_link.dae:Zone.Identifier
[6.304s] -- Installing: /home/taj71/practic_ws/install/robotiq_description/share/robotiq_description/meshes/visual/robotiq_85_finger_link.dae
[6.305s] -- Installing: /home/taj71/practic_ws/install/robotiq_description/share/robotiq_description/meshes/visual/d455.stl
[6.307s] -- Installing: /home/taj71/practic_ws/install/robotiq_description/share/robotiq_description/meshes/visual/robotiq_85_finger_tip_link.dae
[6.307s] -- Installing: /home/taj71/practic_ws/install/robotiq_description/share/robotiq_description/meshes/visual/d455.stl:Zone.Identifier
[6.307s] -- Installing: /home/taj71/practic_ws/install/robotiq_description/share/robotiq_description/meshes/visual/robotiq_85_base_link.dae
[6.310s] -- Installing: /home/taj71/practic_ws/install/robotiq_description/share/robotiq_description/meshes/visual/robotiq_85_base_link.dae:Zone.Identifier
[6.311s] -- Installing: /home/taj71/practic_ws/install/robotiq_description/share/robotiq_description/meshes/visual/robotiq_85_finger_link.dae:Zone.Identifier
[6.311s] -- Installing: /home/taj71/practic_ws/install/robotiq_description/share/robotiq_description/meshes/visual/robotiq_85_knuckle_link.dae:Zone.Identifier
[6.312s] -- Installing: /home/taj71/practic_ws/install/robotiq_description/share/robotiq_description/meshes/visual/robotiq_85_finger_tip_link.dae:Zone.Identifier
[6.312s] -- Installing: /home/taj71/practic_ws/install/robotiq_description/share/robotiq_description/rviz
[6.312s] -- Installing: /home/taj71/practic_ws/install/robotiq_description/share/robotiq_description/rviz/display.rviz
[6.313s] -- Installing: /home/taj71/practic_ws/install/robotiq_description/share/robotiq_description/rviz/display.rviz:Zone.Identifier
[6.313s] -- Installing: /home/taj71/practic_ws/install/robotiq_description/share/robotiq_description/urdf
[6.313s] -- Installing: /home/taj71/practic_ws/install/robotiq_description/share/robotiq_description/urdf/robotiq_85_gripper.xacro:Zone.Identifier
[6.313s] -- Installing: /home/taj71/practic_ws/install/robotiq_description/share/robotiq_description/urdf/robotiq_85_gripper_sim_base.urdf.xacro:Zone.Identifier
[6.313s] -- Installing: /home/taj71/practic_ws/install/robotiq_description/share/robotiq_description/urdf/robotiq_85_gripper2.xacro
[6.313s] -- Installing: /home/taj71/practic_ws/install/robotiq_description/share/robotiq_description/urdf/robotiq_85_gripper.transmission.xacro:Zone.Identifier
[6.314s] -- Installing: /home/taj71/practic_ws/install/robotiq_description/share/robotiq_description/urdf/robotiq_85_gripper2.xacro:Zone.Identifier
[6.314s] -- Installing: /home/taj71/practic_ws/install/robotiq_description/share/robotiq_description/urdf/robotiq_85_gripper.xacro
[6.314s] -- Installing: /home/taj71/practic_ws/install/robotiq_description/share/robotiq_description/urdf/robotiq_85_gripper.transmission.xacro
[6.315s] -- Installing: /home/taj71/practic_ws/install/robotiq_description/share/robotiq_description/urdf/robotiq_85_gripper.urdf.xacro:Zone.Identifier
[6.315s] -- Installing: /home/taj71/practic_ws/install/robotiq_description/share/robotiq_description/urdf/robotiq_85_gripper.urdf.xacro
[6.315s] -- Installing: /home/taj71/practic_ws/install/robotiq_description/share/robotiq_description/urdf/robotiq_85_gripper_sim_base.urdf.xacro
[6.315s] -- Installing: /home/taj71/practic_ws/install/robotiq_description/share/ament_index/resource_index/package_run_dependencies/robotiq_description
[6.316s] -- Installing: /home/taj71/practic_ws/install/robotiq_description/share/ament_index/resource_index/parent_prefix_path/robotiq_description
[6.316s] -- Installing: /home/taj71/practic_ws/install/robotiq_description/share/robotiq_description/environment/ament_prefix_path.sh
[6.316s] -- Installing: /home/taj71/practic_ws/install/robotiq_description/share/robotiq_description/environment/ament_prefix_path.dsv
[6.316s] -- Installing: /home/taj71/practic_ws/install/robotiq_description/share/robotiq_description/environment/path.sh
[6.316s] -- Installing: /home/taj71/practic_ws/install/robotiq_description/share/robotiq_description/environment/path.dsv
[6.316s] -- Installing: /home/taj71/practic_ws/install/robotiq_description/share/robotiq_description/local_setup.bash
[6.316s] -- Installing: /home/taj71/practic_ws/install/robotiq_description/share/robotiq_description/local_setup.sh
[6.316s] -- Installing: /home/taj71/practic_ws/install/robotiq_description/share/robotiq_description/local_setup.zsh
[6.317s] -- Installing: /home/taj71/practic_ws/install/robotiq_description/share/robotiq_description/local_setup.dsv
[6.317s] -- Installing: /home/taj71/practic_ws/install/robotiq_description/share/robotiq_description/package.dsv
[6.317s] -- Installing: /home/taj71/practic_ws/install/robotiq_description/share/ament_index/resource_index/packages/robotiq_description
[6.317s] -- Installing: /home/taj71/practic_ws/install/robotiq_description/share/robotiq_description/cmake/robotiq_descriptionConfig.cmake
[6.318s] -- Installing: /home/taj71/practic_ws/install/robotiq_description/share/robotiq_description/cmake/robotiq_descriptionConfig-version.cmake
[6.318s] -- Installing: /home/taj71/practic_ws/install/robotiq_description/share/robotiq_description/package.xml
[6.319s] Invoked command in '/home/taj71/practic_ws/build/robotiq_description' returned '0': CMAKE_PREFIX_PATH=/opt/ros/iron /usr/bin/cmake --install /home/taj71/practic_ws/build/robotiq_description
