[0.115s] Invoking command in '/home/taj71/ur5_ws/build/ur5_robot_description': CMAKE_PREFIX_PATH=${CMAKE_PREFIX_PATH}:/home/taj71/ur5_ws/install/ur5_robot_py:/opt/ros/humble:/opt/ros/iron /usr/bin/cmake --build /home/taj71/ur5_ws/build/ur5_robot_description -- -j8 -l8
[0.938s] Invoked command in '/home/taj71/ur5_ws/build/ur5_robot_description' returned '0': CMAKE_PREFIX_PATH=${CMAKE_PREFIX_PATH}:/home/taj71/ur5_ws/install/ur5_robot_py:/opt/ros/humble:/opt/ros/iron /usr/bin/cmake --build /home/taj71/ur5_ws/build/ur5_robot_description -- -j8 -l8
[0.943s] Invoking command in '/home/taj71/ur5_ws/build/ur5_robot_description': CMAKE_PREFIX_PATH=${CMAKE_PREFIX_PATH}:/home/taj71/ur5_ws/install/ur5_robot_py:/opt/ros/humble:/opt/ros/iron /usr/bin/cmake --install /home/taj71/ur5_ws/build/ur5_robot_description
[0.997s] -- Install configuration: ""
[1.000s] -- Up-to-date: /home/taj71/ur5_ws/install/ur5_robot_description/share/ur5_robot_description/launch
[1.001s] -- Up-to-date: /home/taj71/ur5_ws/install/ur5_robot_description/share/ur5_robot_description/launch/gz.launch.py
[1.026s] -- Up-to-date: /home/taj71/ur5_ws/install/ur5_robot_description/share/ur5_robot_description/launch/rviz_ur5_gripper.launch.py
[1.026s] -- Up-to-date: /home/taj71/ur5_ws/install/ur5_robot_description/share/ur5_robot_description/meshes
[1.027s] -- Up-to-date: /home/taj71/ur5_ws/install/ur5_robot_description/share/ur5_robot_description/meshes/wrist3.dae
[1.028s] -- Up-to-date: /home/taj71/ur5_ws/install/ur5_robot_description/share/ur5_robot_description/meshes/shoulder.dae
[1.028s] -- Up-to-date: /home/taj71/ur5_ws/install/ur5_robot_description/share/ur5_robot_description/meshes/collision
[1.029s] -- Up-to-date: /home/taj71/ur5_ws/install/ur5_robot_description/share/ur5_robot_description/meshes/collision/base.stl
[1.029s] -- Up-to-date: /home/taj71/ur5_ws/install/ur5_robot_description/share/ur5_robot_description/meshes/collision/upperarm.stl
[1.030s] -- Up-to-date: /home/taj71/ur5_ws/install/ur5_robot_description/share/ur5_robot_description/meshes/collision/wrist1.stl
[1.030s] -- Up-to-date: /home/taj71/ur5_ws/install/ur5_robot_description/share/ur5_robot_description/meshes/collision/wrist3.stl
[1.030s] -- Up-to-date: /home/taj71/ur5_ws/install/ur5_robot_description/share/ur5_robot_description/meshes/collision/forearm.stl
[1.031s] -- Up-to-date: /home/taj71/ur5_ws/install/ur5_robot_description/share/ur5_robot_description/meshes/collision/wrist2.stl
[1.031s] -- Up-to-date: /home/taj71/ur5_ws/install/ur5_robot_description/share/ur5_robot_description/meshes/collision/shoulder.stl
[1.031s] -- Up-to-date: /home/taj71/ur5_ws/install/ur5_robot_description/share/ur5_robot_description/meshes/base.dae
[1.032s] -- Up-to-date: /home/taj71/ur5_ws/install/ur5_robot_description/share/ur5_robot_description/meshes/wrist1.dae
[1.032s] -- Up-to-date: /home/taj71/ur5_ws/install/ur5_robot_description/share/ur5_robot_description/meshes/upperarm.dae
[1.032s] -- Up-to-date: /home/taj71/ur5_ws/install/ur5_robot_description/share/ur5_robot_description/meshes/forearm.dae
[1.033s] -- Up-to-date: /home/taj71/ur5_ws/install/ur5_robot_description/share/ur5_robot_description/meshes/wrist2.dae
[1.033s] -- Up-to-date: /home/taj71/ur5_ws/install/ur5_robot_description/share/ur5_robot_description/rviz
[1.033s] -- Up-to-date: /home/taj71/ur5_ws/install/ur5_robot_description/share/ur5_robot_description/rviz/display.rviz
[1.034s] -- Up-to-date: /home/taj71/ur5_ws/install/ur5_robot_description/share/ur5_robot_description/rviz/display_new.rviz
[1.034s] -- Up-to-date: /home/taj71/ur5_ws/install/ur5_robot_description/share/ur5_robot_description/urdf
[1.035s] -- Up-to-date: /home/taj71/ur5_ws/install/ur5_robot_description/share/ur5_robot_description/urdf/ur5_gripper_main.xacro
[1.035s] -- Up-to-date: /home/taj71/ur5_ws/install/ur5_robot_description/share/ur5_robot_description/urdf/eef.xacro
[1.035s] -- Installing: /home/taj71/ur5_ws/install/ur5_robot_description/share/ur5_robot_description/urdf/ur5_ros2_control.xacro
[1.036s] -- Up-to-date: /home/taj71/ur5_ws/install/ur5_robot_description/share/ur5_robot_description/urdf/ur5_gripper.xacro
[1.037s] -- Up-to-date: /home/taj71/ur5_ws/install/ur5_robot_description/share/ur5_robot_description/urdf/ur5_robot_gazebo.xacro
[1.037s] -- Up-to-date: /home/taj71/ur5_ws/install/ur5_robot_description/share/ament_index/resource_index/package_run_dependencies/ur5_robot_description
[1.038s] -- Up-to-date: /home/taj71/ur5_ws/install/ur5_robot_description/share/ament_index/resource_index/parent_prefix_path/ur5_robot_description
[1.038s] -- Up-to-date: /home/taj71/ur5_ws/install/ur5_robot_description/share/ur5_robot_description/environment/ament_prefix_path.sh
[1.039s] -- Up-to-date: /home/taj71/ur5_ws/install/ur5_robot_description/share/ur5_robot_description/environment/ament_prefix_path.dsv
[1.040s] -- Up-to-date: /home/taj71/ur5_ws/install/ur5_robot_description/share/ur5_robot_description/environment/path.sh
[1.040s] -- Up-to-date: /home/taj71/ur5_ws/install/ur5_robot_description/share/ur5_robot_description/environment/path.dsv
[1.041s] -- Up-to-date: /home/taj71/ur5_ws/install/ur5_robot_description/share/ur5_robot_description/local_setup.bash
[1.043s] -- Up-to-date: /home/taj71/ur5_ws/install/ur5_robot_description/share/ur5_robot_description/local_setup.sh
[1.043s] -- Up-to-date: /home/taj71/ur5_ws/install/ur5_robot_description/share/ur5_robot_description/local_setup.zsh
[1.044s] -- Up-to-date: /home/taj71/ur5_ws/install/ur5_robot_description/share/ur5_robot_description/local_setup.dsv
[1.044s] -- Installing: /home/taj71/ur5_ws/install/ur5_robot_description/share/ur5_robot_description/package.dsv
[1.045s] -- Up-to-date: /home/taj71/ur5_ws/install/ur5_robot_description/share/ament_index/resource_index/packages/ur5_robot_description
[1.046s] -- Up-to-date: /home/taj71/ur5_ws/install/ur5_robot_description/share/ur5_robot_description/cmake/ur5_robot_descriptionConfig.cmake
[1.046s] -- Up-to-date: /home/taj71/ur5_ws/install/ur5_robot_description/share/ur5_robot_description/cmake/ur5_robot_descriptionConfig-version.cmake
[1.051s] -- Up-to-date: /home/taj71/ur5_ws/install/ur5_robot_description/share/ur5_robot_description/package.xml
[1.140s] Invoked command in '/home/taj71/ur5_ws/build/ur5_robot_description' returned '0': CMAKE_PREFIX_PATH=${CMAKE_PREFIX_PATH}:/home/taj71/ur5_ws/install/ur5_robot_py:/opt/ros/humble:/opt/ros/iron /usr/bin/cmake --install /home/taj71/ur5_ws/build/ur5_robot_description
