[0.136s] Invoking command in '/home/taj71/practic_ws/build/robotiq_description': CMAKE_PREFIX_PATH=${CMAKE_PREFIX_PATH}:/opt/ros/iron /usr/bin/cmake --build /home/taj71/practic_ws/build/robotiq_description -- -j8 -l8
[0.530s] Invoked command in '/home/taj71/practic_ws/build/robotiq_description' returned '0': CMAKE_PREFIX_PATH=${CMAKE_PREFIX_PATH}:/opt/ros/iron /usr/bin/cmake --build /home/taj71/practic_ws/build/robotiq_description -- -j8 -l8
[0.540s] Invoking command in '/home/taj71/practic_ws/build/robotiq_description': CMAKE_PREFIX_PATH=${CMAKE_PREFIX_PATH}:/opt/ros/iron /usr/bin/cmake --install /home/taj71/practic_ws/build/robotiq_description
[0.601s] -- Install configuration: ""
[0.602s] -- Up-to-date: /home/taj71/practic_ws/install/robotiq_description/share/robotiq_description/config
[0.602s] -- Up-to-date: /home/taj71/practic_ws/install/robotiq_description/share/robotiq_description/config/config.rviz:Zone.Identifier
[0.603s] -- Up-to-date: /home/taj71/practic_ws/install/robotiq_description/share/robotiq_description/config/config.rviz
[0.603s] -- Up-to-date: /home/taj71/practic_ws/install/robotiq_description/share/robotiq_description/launch
[0.604s] -- Up-to-date: /home/taj71/practic_ws/install/robotiq_description/share/robotiq_description/launch/display.launch.py:Zone.Identifier
[0.604s] -- Up-to-date: /home/taj71/practic_ws/install/robotiq_description/share/robotiq_description/launch/display.launch.py
[0.612s] -- Up-to-date: /home/taj71/practic_ws/install/robotiq_description/share/robotiq_description/meshes
[0.612s] -- Up-to-date: /home/taj71/practic_ws/install/robotiq_description/share/robotiq_description/meshes/collision
[0.612s] -- Up-to-date: /home/taj71/practic_ws/install/robotiq_description/share/robotiq_description/meshes/collision/robotiq_85_finger_tip_link.stl:Zone.Identifier
[0.613s] -- Up-to-date: /home/taj71/practic_ws/install/robotiq_description/share/robotiq_description/meshes/collision/robotiq_85_knuckle_link.stl:Zone.Identifier
[0.613s] -- Up-to-date: /home/taj71/practic_ws/install/robotiq_description/share/robotiq_description/meshes/collision/robotiq_85_inner_knuckle_link.stl
[0.613s] -- Up-to-date: /home/taj71/practic_ws/install/robotiq_description/share/robotiq_description/meshes/collision/robotiq_85_finger_link.stl:Zone.Identifier
[0.613s] -- Up-to-date: /home/taj71/practic_ws/install/robotiq_description/share/robotiq_description/meshes/collision/robotiq_85_base_link.stl
[0.613s] -- Up-to-date: /home/taj71/practic_ws/install/robotiq_description/share/robotiq_description/meshes/collision/robotiq_85_finger_tip_link.stl
[0.614s] -- Up-to-date: /home/taj71/practic_ws/install/robotiq_description/share/robotiq_description/meshes/collision/robotiq_85_finger_link.stl
[0.630s] -- Up-to-date: /home/taj71/practic_ws/install/robotiq_description/share/robotiq_description/meshes/collision/robotiq_85_inner_knuckle_link.stl:Zone.Identifier
[0.631s] -- Up-to-date: /home/taj71/practic_ws/install/robotiq_description/share/robotiq_description/meshes/collision/robotiq_85_knuckle_link.stl
[0.646s] -- Up-to-date: /home/taj71/practic_ws/install/robotiq_description/share/robotiq_description/meshes/collision/robotiq_85_base_link.stl:Zone.Identifier
[0.647s] -- Up-to-date: /home/taj71/practic_ws/install/robotiq_description/share/robotiq_description/meshes/visual
[0.648s] -- Up-to-date: /home/taj71/practic_ws/install/robotiq_description/share/robotiq_description/meshes/visual/robotiq_85_inner_knuckle_link.dae
[0.649s] -- Up-to-date: /home/taj71/practic_ws/install/robotiq_description/share/robotiq_description/meshes/visual/robotiq_85_knuckle_link.dae
[0.651s] -- Up-to-date: /home/taj71/practic_ws/install/robotiq_description/share/robotiq_description/meshes/visual/robotiq_85_inner_knuckle_link.dae:Zone.Identifier
[0.652s] -- Up-to-date: /home/taj71/practic_ws/install/robotiq_description/share/robotiq_description/meshes/visual/robotiq_85_finger_link.dae
[0.652s] -- Up-to-date: /home/taj71/practic_ws/install/robotiq_description/share/robotiq_description/meshes/visual/d455.stl
[0.653s] -- Up-to-date: /home/taj71/practic_ws/install/robotiq_description/share/robotiq_description/meshes/visual/robotiq_85_finger_tip_link.dae
[0.663s] -- Up-to-date: /home/taj71/practic_ws/install/robotiq_description/share/robotiq_description/meshes/visual/d455.stl:Zone.Identifier
[0.663s] -- Up-to-date: /home/taj71/practic_ws/install/robotiq_description/share/robotiq_description/meshes/visual/robotiq_85_base_link.dae
[0.664s] -- Up-to-date: /home/taj71/practic_ws/install/robotiq_description/share/robotiq_description/meshes/visual/robotiq_85_base_link.dae:Zone.Identifier
[0.665s] -- Up-to-date: /home/taj71/practic_ws/install/robotiq_description/share/robotiq_description/meshes/visual/robotiq_85_finger_link.dae:Zone.Identifier
[0.667s] -- Up-to-date: /home/taj71/practic_ws/install/robotiq_description/share/robotiq_description/meshes/visual/robotiq_85_knuckle_link.dae:Zone.Identifier
[0.670s] -- Up-to-date: /home/taj71/practic_ws/install/robotiq_description/share/robotiq_description/meshes/visual/robotiq_85_finger_tip_link.dae:Zone.Identifier
[0.671s] -- Up-to-date: /home/taj71/practic_ws/install/robotiq_description/share/robotiq_description/rviz
[0.672s] -- Up-to-date: /home/taj71/practic_ws/install/robotiq_description/share/robotiq_description/rviz/display.rviz
[0.672s] -- Up-to-date: /home/taj71/practic_ws/install/robotiq_description/share/robotiq_description/rviz/display.rviz:Zone.Identifier
[0.673s] -- Up-to-date: /home/taj71/practic_ws/install/robotiq_description/share/robotiq_description/urdf
[0.674s] -- Up-to-date: /home/taj71/practic_ws/install/robotiq_description/share/robotiq_description/urdf/robotiq_85_gripper2.xacro
[0.676s] -- Up-to-date: /home/taj71/practic_ws/install/robotiq_description/share/robotiq_description/urdf/robotiq_85_gripper.xacro
[0.682s] -- Up-to-date: /home/taj71/practic_ws/install/robotiq_description/share/robotiq_description/urdf/robotiq_85_gripper.transmission.xacro
[0.684s] -- Installing: /home/taj71/practic_ws/install/robotiq_description/share/robotiq_description/urdf/robotiq_85_gripper.urdf.xacro
[0.685s] -- Up-to-date: /home/taj71/practic_ws/install/robotiq_description/share/robotiq_description/urdf/robotiq_85_gripper_sim_base.urdf.xacro
[0.685s] -- Up-to-date: /home/taj71/practic_ws/install/robotiq_description/share/ament_index/resource_index/package_run_dependencies/robotiq_description
[0.685s] -- Up-to-date: /home/taj71/practic_ws/install/robotiq_description/share/ament_index/resource_index/parent_prefix_path/robotiq_description
[0.686s] -- Up-to-date: /home/taj71/practic_ws/install/robotiq_description/share/robotiq_description/environment/ament_prefix_path.sh
[0.686s] -- Up-to-date: /home/taj71/practic_ws/install/robotiq_description/share/robotiq_description/environment/ament_prefix_path.dsv
[0.686s] -- Up-to-date: /home/taj71/practic_ws/install/robotiq_description/share/robotiq_description/environment/path.sh
[0.687s] -- Up-to-date: /home/taj71/practic_ws/install/robotiq_description/share/robotiq_description/environment/path.dsv
[0.687s] -- Up-to-date: /home/taj71/practic_ws/install/robotiq_description/share/robotiq_description/local_setup.bash
[0.688s] -- Up-to-date: /home/taj71/practic_ws/install/robotiq_description/share/robotiq_description/local_setup.sh
[0.690s] -- Up-to-date: /home/taj71/practic_ws/install/robotiq_description/share/robotiq_description/local_setup.zsh
[0.691s] -- Up-to-date: /home/taj71/practic_ws/install/robotiq_description/share/robotiq_description/local_setup.dsv
[0.691s] -- Installing: /home/taj71/practic_ws/install/robotiq_description/share/robotiq_description/package.dsv
[0.691s] -- Up-to-date: /home/taj71/practic_ws/install/robotiq_description/share/ament_index/resource_index/packages/robotiq_description
[0.697s] -- Up-to-date: /home/taj71/practic_ws/install/robotiq_description/share/robotiq_description/cmake/robotiq_descriptionConfig.cmake
[0.700s] -- Up-to-date: /home/taj71/practic_ws/install/robotiq_description/share/robotiq_description/cmake/robotiq_descriptionConfig-version.cmake
[0.701s] -- Up-to-date: /home/taj71/practic_ws/install/robotiq_description/share/robotiq_description/package.xml
[0.703s] Invoked command in '/home/taj71/practic_ws/build/robotiq_description' returned '0': CMAKE_PREFIX_PATH=${CMAKE_PREFIX_PATH}:/opt/ros/iron /usr/bin/cmake --install /home/taj71/practic_ws/build/robotiq_description
