[0.063s] Invoking command in '/home/taj71/ur5_ws/build/robotiq_description': CMAKE_PREFIX_PATH=/opt/ros/iron /usr/bin/cmake /home/taj71/ur5_ws/src/robotiq_description -DCMAKE_INSTALL_PREFIX=/home/taj71/ur5_ws/install/robotiq_description
[1.159s] -- The C compiler identification is GNU 11.4.0
[4.286s] -- The CXX compiler identification is GNU 11.4.0
[6.650s] -- Detecting C compiler ABI info
[7.431s] -- Detecting C compiler ABI info - done
[7.444s] -- Check for working C compiler: /usr/bin/cc - skipped
[7.444s] -- Detecting C compile features
[7.445s] -- Detecting C compile features - done
[7.451s] -- Detecting CXX compiler ABI info
[8.336s] -- Detecting CXX compiler ABI info - done
[8.350s] -- Check for working CXX compiler: /usr/bin/c++ - skipped
[8.350s] -- Detecting CXX compile features
[8.351s] -- Detecting CXX compile features - done
[8.359s] -- Found ament_cmake: 2.0.7 (/opt/ros/iron/share/ament_cmake/cmake)
[8.694s] -- Found Python3: /usr/bin/python3.10 (found version "3.10.12") found components: Interpreter 
[8.928s] -- Found ament_lint_auto: 0.14.4 (/opt/ros/iron/share/ament_lint_auto/cmake)
[9.150s] -- Added test 'lint_cmake' to check CMake code style
[9.161s] -- Added test 'xmllint' to check XML markup files
[9.167s] -- Configuring done
[9.180s] -- Generating done
[9.187s] -- Build files have been written to: /home/taj71/ur5_ws/build/robotiq_description
[9.200s] Invoked command in '/home/taj71/ur5_ws/build/robotiq_description' returned '0': CMAKE_PREFIX_PATH=/opt/ros/iron /usr/bin/cmake /home/taj71/ur5_ws/src/robotiq_description -DCMAKE_INSTALL_PREFIX=/home/taj71/ur5_ws/install/robotiq_description
[9.204s] Invoking command in '/home/taj71/ur5_ws/build/robotiq_description': CMAKE_PREFIX_PATH=/opt/ros/iron /usr/bin/cmake --build /home/taj71/ur5_ws/build/robotiq_description -- -j8 -l8
[9.267s] Invoked command in '/home/taj71/ur5_ws/build/robotiq_description' returned '0': CMAKE_PREFIX_PATH=/opt/ros/iron /usr/bin/cmake --build /home/taj71/ur5_ws/build/robotiq_description -- -j8 -l8
[9.274s] Invoking command in '/home/taj71/ur5_ws/build/robotiq_description': CMAKE_PREFIX_PATH=/opt/ros/iron /usr/bin/cmake --install /home/taj71/ur5_ws/build/robotiq_description
[9.282s] -- Install configuration: ""
[9.283s] -- Installing: /home/taj71/ur5_ws/install/robotiq_description/share/robotiq_description/meshes
[9.284s] -- Installing: /home/taj71/ur5_ws/install/robotiq_description/share/robotiq_description/meshes/collision
[9.286s] -- Installing: /home/taj71/ur5_ws/install/robotiq_description/share/robotiq_description/meshes/collision/robotiq_85_inner_knuckle_link.stl
[9.286s] -- Installing: /home/taj71/ur5_ws/install/robotiq_description/share/robotiq_description/meshes/collision/robotiq_85_base_link.stl
[9.291s] -- Installing: /home/taj71/ur5_ws/install/robotiq_description/share/robotiq_description/meshes/collision/robotiq_85_finger_tip_link.stl
[9.292s] -- Installing: /home/taj71/ur5_ws/install/robotiq_description/share/robotiq_description/meshes/collision/robotiq_85_finger_link.stl
[9.292s] -- Installing: /home/taj71/ur5_ws/install/robotiq_description/share/robotiq_description/meshes/collision/robotiq_85_knuckle_link.stl
[9.292s] -- Installing: /home/taj71/ur5_ws/install/robotiq_description/share/robotiq_description/meshes/visual
[9.293s] -- Installing: /home/taj71/ur5_ws/install/robotiq_description/share/robotiq_description/meshes/visual/robotiq_85_inner_knuckle_link.dae
[9.293s] -- Installing: /home/taj71/ur5_ws/install/robotiq_description/share/robotiq_description/meshes/visual/robotiq_85_knuckle_link.dae
[9.294s] -- Installing: /home/taj71/ur5_ws/install/robotiq_description/share/robotiq_description/meshes/visual/robotiq_85_finger_link.dae
[9.294s] -- Installing: /home/taj71/ur5_ws/install/robotiq_description/share/robotiq_description/meshes/visual/robotiq_85_finger_tip_link.dae
[9.295s] -- Installing: /home/taj71/ur5_ws/install/robotiq_description/share/robotiq_description/meshes/visual/robotiq_85_base_link.dae
[9.301s] -- Installing: /home/taj71/ur5_ws/install/robotiq_description/share/robotiq_description/urdf
[9.303s] -- Installing: /home/taj71/ur5_ws/install/robotiq_description/share/robotiq_description/urdf/robotiq_85_gripper2.xacro
[9.304s] -- Installing: /home/taj71/ur5_ws/install/robotiq_description/share/robotiq_description/urdf/robotiq_85_gripper.xacro
[9.305s] -- Installing: /home/taj71/ur5_ws/install/robotiq_description/share/robotiq_description/urdf/robotiq_85_gripper.transmission.xacro
[9.305s] -- Installing: /home/taj71/ur5_ws/install/robotiq_description/share/robotiq_description/urdf/robotiq_85_gripper.urdf.xacro
[9.305s] -- Installing: /home/taj71/ur5_ws/install/robotiq_description/share/robotiq_description/urdf/robotiq_85_gripper_sim_base.urdf.xacro
[9.307s] -- Installing: /home/taj71/ur5_ws/install/robotiq_description/share/ament_index/resource_index/package_run_dependencies/robotiq_description
[9.307s] -- Installing: /home/taj71/ur5_ws/install/robotiq_description/share/ament_index/resource_index/parent_prefix_path/robotiq_description
[9.308s] -- Installing: /home/taj71/ur5_ws/install/robotiq_description/share/robotiq_description/environment/ament_prefix_path.sh
[9.309s] -- Installing: /home/taj71/ur5_ws/install/robotiq_description/share/robotiq_description/environment/ament_prefix_path.dsv
[9.309s] -- Installing: /home/taj71/ur5_ws/install/robotiq_description/share/robotiq_description/environment/path.sh
[9.310s] -- Installing: /home/taj71/ur5_ws/install/robotiq_description/share/robotiq_description/environment/path.dsv
[9.310s] -- Installing: /home/taj71/ur5_ws/install/robotiq_description/share/robotiq_description/local_setup.bash
[9.310s] -- Installing: /home/taj71/ur5_ws/install/robotiq_description/share/robotiq_description/local_setup.sh
[9.311s] -- Installing: /home/taj71/ur5_ws/install/robotiq_description/share/robotiq_description/local_setup.zsh
[9.311s] -- Installing: /home/taj71/ur5_ws/install/robotiq_description/share/robotiq_description/local_setup.dsv
[9.311s] -- Installing: /home/taj71/ur5_ws/install/robotiq_description/share/robotiq_description/package.dsv
[9.312s] -- Installing: /home/taj71/ur5_ws/install/robotiq_description/share/ament_index/resource_index/packages/robotiq_description
[9.313s] -- Installing: /home/taj71/ur5_ws/install/robotiq_description/share/robotiq_description/cmake/robotiq_descriptionConfig.cmake
[9.314s] -- Installing: /home/taj71/ur5_ws/install/robotiq_description/share/robotiq_description/cmake/robotiq_descriptionConfig-version.cmake
[9.314s] -- Installing: /home/taj71/ur5_ws/install/robotiq_description/share/robotiq_description/package.xml
[9.319s] Invoked command in '/home/taj71/ur5_ws/build/robotiq_description' returned '0': CMAKE_PREFIX_PATH=/opt/ros/iron /usr/bin/cmake --install /home/taj71/ur5_ws/build/robotiq_description
