[0.082s] Invoking command in '/home/taj71/octo_ws/src/build/ur5_controller': CMAKE_PREFIX_PATH=${CMAKE_PREFIX_PATH}:/opt/ros/iron:/opt/ros/humble /usr/bin/cmake --build /home/taj71/octo_ws/src/build/ur5_controller -- -j8 -l8
[0.087s] [0mCMake Error: The current CMakeCache.txt directory /home/taj71/octo_ws/src/build/ur5_controller/CMakeCache.txt is different than the directory /home/taj71/ur5_ws/src/build/ur5_controller where CMakeCache.txt was created. This may result in binaries being created in the wrong place. If you are not sure, reedit the CMakeCache.txt[0m
[0.164s] -- Found ament_cmake: 2.0.7 (/opt/ros/iron/share/ament_cmake/cmake)
[0.764s] -- Found ament_lint_auto: 0.14.4 (/opt/ros/iron/share/ament_lint_auto/cmake)
[1.017s] -- Added test 'flake8' to check Python code syntax and style conventions
[1.017s] -- Configured 'flake8' exclude dirs and/or files: 
[1.019s] -- Added test 'lint_cmake' to check CMake code style
[1.022s] -- Added test 'pep257' to check Python code against some of the docstring style conventions in PEP 257
[1.027s] -- Added test 'xmllint' to check XML markup files
[1.033s] -- Configuring done
[1.056s] -- Generating done
[1.060s] -- Build files have been written to: /home/taj71/ur5_ws/src/build/ur5_controller
[1.106s] Invoked command in '/home/taj71/octo_ws/src/build/ur5_controller' returned '0': CMAKE_PREFIX_PATH=${CMAKE_PREFIX_PATH}:/opt/ros/iron:/opt/ros/humble /usr/bin/cmake --build /home/taj71/octo_ws/src/build/ur5_controller -- -j8 -l8
[1.126s] Invoking command in '/home/taj71/octo_ws/src/build/ur5_controller': CMAKE_PREFIX_PATH=${CMAKE_PREFIX_PATH}:/opt/ros/iron:/opt/ros/humble /usr/bin/cmake --install /home/taj71/octo_ws/src/build/ur5_controller
[1.192s] -- Install configuration: ""
[1.195s] -- Up-to-date: /home/taj71/ur5_ws/src/install/ur5_controller/share/ament_index/resource_index/package_run_dependencies/ur5_controller
[1.195s] -- Installing: /home/taj71/ur5_ws/src/install/ur5_controller/share/ament_index/resource_index/parent_prefix_path/ur5_controller
[1.196s] -- Up-to-date: /home/taj71/ur5_ws/src/install/ur5_controller/share/ur5_controller/environment/ament_prefix_path.sh
[1.196s] -- Up-to-date: /home/taj71/ur5_ws/src/install/ur5_controller/share/ur5_controller/environment/ament_prefix_path.dsv
[1.198s] -- Up-to-date: /home/taj71/ur5_ws/src/install/ur5_controller/share/ur5_controller/environment/path.sh
[1.199s] -- Up-to-date: /home/taj71/ur5_ws/src/install/ur5_controller/share/ur5_controller/environment/path.dsv
[1.199s] -- Up-to-date: /home/taj71/ur5_ws/src/install/ur5_controller/share/ur5_controller/local_setup.bash
[1.199s] -- Up-to-date: /home/taj71/ur5_ws/src/install/ur5_controller/share/ur5_controller/local_setup.sh
[1.200s] -- Up-to-date: /home/taj71/ur5_ws/src/install/ur5_controller/share/ur5_controller/local_setup.zsh
[1.200s] -- Up-to-date: /home/taj71/ur5_ws/src/install/ur5_controller/share/ur5_controller/local_setup.dsv
[1.200s] -- Up-to-date: /home/taj71/ur5_ws/src/install/ur5_controller/share/ur5_controller/package.dsv
[1.202s] -- Up-to-date: /home/taj71/ur5_ws/src/install/ur5_controller/share/ament_index/resource_index/packages/ur5_controller
[1.202s] -- Up-to-date: /home/taj71/ur5_ws/src/install/ur5_controller/share/ur5_controller/cmake/ur5_controllerConfig.cmake
[1.206s] -- Up-to-date: /home/taj71/ur5_ws/src/install/ur5_controller/share/ur5_controller/cmake/ur5_controllerConfig-version.cmake
[1.207s] -- Up-to-date: /home/taj71/ur5_ws/src/install/ur5_controller/share/ur5_controller/package.xml
[1.291s] Invoked command in '/home/taj71/octo_ws/src/build/ur5_controller' returned '0': CMAKE_PREFIX_PATH=${CMAKE_PREFIX_PATH}:/opt/ros/iron:/opt/ros/humble /usr/bin/cmake --install /home/taj71/octo_ws/src/build/ur5_controller
