[0.062s] Invoking command in '/home/taj71/ur5_ws/build/ur5_controller': CMAKE_PREFIX_PATH=/opt/ros/iron:/opt/ros/humble /usr/bin/cmake --build /home/taj71/ur5_ws/build/ur5_controller -- -j8 -l8
[0.612s] Invoked command in '/home/taj71/ur5_ws/build/ur5_controller' returned '0': CMAKE_PREFIX_PATH=/opt/ros/iron:/opt/ros/humble /usr/bin/cmake --build /home/taj71/ur5_ws/build/ur5_controller -- -j8 -l8
[0.617s] Invoking command in '/home/taj71/ur5_ws/build/ur5_controller': CMAKE_PREFIX_PATH=/opt/ros/iron:/opt/ros/humble /usr/bin/cmake --install /home/taj71/ur5_ws/build/ur5_controller
[0.662s] -- Install configuration: ""
[0.662s] -- Up-to-date: /home/taj71/ur5_ws/install/ur5_controller/share/ur5_controller/config
[0.662s] -- Installing: /home/taj71/ur5_ws/install/ur5_controller/share/ur5_controller/config/ur5_controller.yaml
[0.662s] -- Up-to-date: /home/taj71/ur5_ws/install/ur5_controller/share/ur5_controller/config/new.yaml
[0.663s] -- Up-to-date: /home/taj71/ur5_ws/install/ur5_controller/share/ur5_controller/launch
[0.663s] -- Installing: /home/taj71/ur5_ws/install/ur5_controller/share/ur5_controller/launch/controller.launch.py
[0.664s] -- Up-to-date: /home/taj71/ur5_ws/install/ur5_controller/share/ament_index/resource_index/package_run_dependencies/ur5_controller
[0.664s] -- Up-to-date: /home/taj71/ur5_ws/install/ur5_controller/share/ament_index/resource_index/parent_prefix_path/ur5_controller
[0.665s] -- Up-to-date: /home/taj71/ur5_ws/install/ur5_controller/share/ur5_controller/environment/ament_prefix_path.sh
[0.665s] -- Up-to-date: /home/taj71/ur5_ws/install/ur5_controller/share/ur5_controller/environment/ament_prefix_path.dsv
[0.666s] -- Up-to-date: /home/taj71/ur5_ws/install/ur5_controller/share/ur5_controller/environment/path.sh
[0.666s] -- Up-to-date: /home/taj71/ur5_ws/install/ur5_controller/share/ur5_controller/environment/path.dsv
[0.666s] -- Up-to-date: /home/taj71/ur5_ws/install/ur5_controller/share/ur5_controller/local_setup.bash
[0.666s] -- Up-to-date: /home/taj71/ur5_ws/install/ur5_controller/share/ur5_controller/local_setup.sh
[0.666s] -- Up-to-date: /home/taj71/ur5_ws/install/ur5_controller/share/ur5_controller/local_setup.zsh
[0.667s] -- Up-to-date: /home/taj71/ur5_ws/install/ur5_controller/share/ur5_controller/local_setup.dsv
[0.667s] -- Installing: /home/taj71/ur5_ws/install/ur5_controller/share/ur5_controller/package.dsv
[0.667s] -- Up-to-date: /home/taj71/ur5_ws/install/ur5_controller/share/ament_index/resource_index/packages/ur5_controller
[0.668s] -- Up-to-date: /home/taj71/ur5_ws/install/ur5_controller/share/ur5_controller/cmake/ur5_controllerConfig.cmake
[0.668s] -- Up-to-date: /home/taj71/ur5_ws/install/ur5_controller/share/ur5_controller/cmake/ur5_controllerConfig-version.cmake
[0.668s] -- Up-to-date: /home/taj71/ur5_ws/install/ur5_controller/share/ur5_controller/package.xml
[0.727s] Invoked command in '/home/taj71/ur5_ws/build/ur5_controller' returned '0': CMAKE_PREFIX_PATH=/opt/ros/iron:/opt/ros/humble /usr/bin/cmake --install /home/taj71/ur5_ws/build/ur5_controller
