[4.805s] Invoking command in '/home/taj71/ur5_ws/src/ur5_robot_py': PYTHONPATH=/home/taj71/ur5_ws/build/ur5_robot_py/prefix_override:/home/taj71/.local/lib/python3.10/site-packages/colcon_core/task/python/colcon_distutils_commands:/home/taj71/ur5_ws/install/ur5_robot_py/lib/python3.10/site-packages:${PYTHONPATH} /usr/bin/python3 -W ignore:setup.py install is deprecated -W ignore:easy_install command is deprecated setup.py egg_info --egg-base ../../build/ur5_robot_py build --build-base /home/taj71/ur5_ws/build/ur5_robot_py/build install --record /home/taj71/ur5_ws/build/ur5_robot_py/install.log --single-version-externally-managed install_data
[6.667s] running egg_info
[6.671s] writing ../../build/ur5_robot_py/ur5_robot_py.egg-info/PKG-INFO
[6.674s] writing dependency_links to ../../build/ur5_robot_py/ur5_robot_py.egg-info/dependency_links.txt
[6.679s] writing entry points to ../../build/ur5_robot_py/ur5_robot_py.egg-info/entry_points.txt
[6.680s] writing requirements to ../../build/ur5_robot_py/ur5_robot_py.egg-info/requires.txt
[6.680s] writing top-level names to ../../build/ur5_robot_py/ur5_robot_py.egg-info/top_level.txt
[6.686s] reading manifest file '../../build/ur5_robot_py/ur5_robot_py.egg-info/SOURCES.txt'
[6.688s] writing manifest file '../../build/ur5_robot_py/ur5_robot_py.egg-info/SOURCES.txt'
[6.689s] running build
[6.689s] running build_py
[6.690s] running install
[6.691s] running install_lib
[6.695s] running install_data
[6.696s] running install_egg_info
[6.708s] removing '/home/taj71/ur5_ws/install/ur5_robot_py/lib/python3.10/site-packages/ur5_robot_py-0.0.0-py3.10.egg-info' (and everything under it)
[6.708s] Copying ../../build/ur5_robot_py/ur5_robot_py.egg-info to /home/taj71/ur5_ws/install/ur5_robot_py/lib/python3.10/site-packages/ur5_robot_py-0.0.0-py3.10.egg-info
[6.708s] running install_scripts
[6.784s] writing list of installed files to '/home/taj71/ur5_ws/build/ur5_robot_py/install.log'
[6.880s] Invoked command in '/home/taj71/ur5_ws/src/ur5_robot_py' returned '0': PYTHONPATH=/home/taj71/ur5_ws/build/ur5_robot_py/prefix_override:/home/taj71/.local/lib/python3.10/site-packages/colcon_core/task/python/colcon_distutils_commands:/home/taj71/ur5_ws/install/ur5_robot_py/lib/python3.10/site-packages:${PYTHONPATH} /usr/bin/python3 -W ignore:setup.py install is deprecated -W ignore:easy_install command is deprecated setup.py egg_info --egg-base ../../build/ur5_robot_py build --build-base /home/taj71/ur5_ws/build/ur5_robot_py/build install --record /home/taj71/ur5_ws/build/ur5_robot_py/install.log --single-version-externally-managed install_data
