[0.548s] DEBUG:colcon:Command line arguments: ['/home/taj71/.local/bin/colcon', 'build']
[0.548s] DEBUG:colcon:Parsed command line arguments: Namespace(log_base=None, log_level=None, verb_name='build', build_base='build', install_base='install', merge_install=False, symlink_install=False, test_result_base=None, continue_on_error=False, executor='parallel', parallel_workers=8, event_handlers=None, ignore_user_meta=False, metas=['./colcon.meta'], base_paths=['.'], packages_ignore=None, packages_ignore_regex=None, paths=None, packages_up_to=None, packages_up_to_regex=None, packages_above=None, packages_above_and_dependencies=None, packages_above_depth=None, packages_select_by_dep=None, packages_skip_by_dep=None, packages_skip_up_to=None, packages_select_build_failed=False, packages_skip_build_finished=False, packages_select_test_failures=False, packages_skip_test_passed=False, packages_select=None, packages_skip=None, packages_select_regex=None, packages_skip_regex=None, packages_start=None, packages_end=None, allow_overriding=[], cmake_args=None, cmake_target=None, cmake_target_skip_unavailable=False, cmake_clean_cache=False, cmake_clean_first=False, cmake_force_configure=False, ament_cmake_args=None, catkin_cmake_args=None, catkin_skip_building_tests=False, mixin_files=None, mixin=None, verb_parser=<colcon_mixin.mixin.mixin_argument.MixinArgumentDecorator object at 0x7f3a56d40910>, verb_extension=<colcon_core.verb.build.BuildVerb object at 0x7f3a56e458a0>, main=<bound method BuildVerb.main of <colcon_core.verb.build.BuildVerb object at 0x7f3a56e458a0>>, mixin_verb=('build',))
[0.766s] Level 1:colcon.colcon_core.package_discovery:discover_packages(colcon_meta) check parameters
[0.766s] Level 1:colcon.colcon_core.package_discovery:discover_packages(recursive) check parameters
[0.767s] Level 1:colcon.colcon_core.package_discovery:discover_packages(ignore) check parameters
[0.767s] Level 1:colcon.colcon_core.package_discovery:discover_packages(path) check parameters
[0.767s] Level 1:colcon.colcon_core.package_discovery:discover_packages(colcon_meta) discover
[0.767s] Level 1:colcon.colcon_core.package_discovery:discover_packages(recursive) discover
[0.767s] INFO:colcon.colcon_core.package_discovery:Crawling recursively for packages in '/home/taj71/practic_ws'
[0.767s] Level 1:colcon.colcon_core.package_identification:_identify(.) by extensions ['ignore', 'ignore_ament_install']
[0.767s] Level 1:colcon.colcon_core.package_identification:_identify(.) by extension 'ignore'
[0.767s] Level 1:colcon.colcon_core.package_identification:_identify(.) by extension 'ignore_ament_install'
[0.767s] Level 1:colcon.colcon_core.package_identification:_identify(.) by extensions ['colcon_pkg']
[0.767s] Level 1:colcon.colcon_core.package_identification:_identify(.) by extension 'colcon_pkg'
[0.767s] Level 1:colcon.colcon_core.package_identification:_identify(.) by extensions ['colcon_meta']
[0.767s] Level 1:colcon.colcon_core.package_identification:_identify(.) by extension 'colcon_meta'
[0.767s] Level 1:colcon.colcon_core.package_identification:_identify(.) by extensions ['ros']
[0.767s] Level 1:colcon.colcon_core.package_identification:_identify(.) by extension 'ros'
[0.780s] Level 1:colcon.colcon_core.package_identification:_identify(.) by extensions ['cmake', 'python']
[0.781s] Level 1:colcon.colcon_core.package_identification:_identify(.) by extension 'cmake'
[0.781s] Level 1:colcon.colcon_core.package_identification:_identify(.) by extension 'python'
[0.781s] Level 1:colcon.colcon_core.package_identification:_identify(.) by extensions ['python_setup_py']
[0.781s] Level 1:colcon.colcon_core.package_identification:_identify(.) by extension 'python_setup_py'
[0.781s] Level 1:colcon.colcon_core.package_identification:_identify(build) by extensions ['ignore', 'ignore_ament_install']
[0.781s] Level 1:colcon.colcon_core.package_identification:_identify(build) by extension 'ignore'
[0.781s] Level 1:colcon.colcon_core.package_identification:_identify(build) ignored
[0.781s] Level 1:colcon.colcon_core.package_identification:_identify(install) by extensions ['ignore', 'ignore_ament_install']
[0.782s] Level 1:colcon.colcon_core.package_identification:_identify(install) by extension 'ignore'
[0.782s] Level 1:colcon.colcon_core.package_identification:_identify(install) ignored
[0.782s] Level 1:colcon.colcon_core.package_identification:_identify(log) by extensions ['ignore', 'ignore_ament_install']
[0.783s] Level 1:colcon.colcon_core.package_identification:_identify(log) by extension 'ignore'
[0.783s] Level 1:colcon.colcon_core.package_identification:_identify(log) ignored
[0.783s] Level 1:colcon.colcon_core.package_identification:_identify(src) by extensions ['ignore', 'ignore_ament_install']
[0.783s] Level 1:colcon.colcon_core.package_identification:_identify(src) by extension 'ignore'
[0.783s] Level 1:colcon.colcon_core.package_identification:_identify(src) by extension 'ignore_ament_install'
[0.784s] Level 1:colcon.colcon_core.package_identification:_identify(src) by extensions ['colcon_pkg']
[0.784s] Level 1:colcon.colcon_core.package_identification:_identify(src) by extension 'colcon_pkg'
[0.784s] Level 1:colcon.colcon_core.package_identification:_identify(src) by extensions ['colcon_meta']
[0.784s] Level 1:colcon.colcon_core.package_identification:_identify(src) by extension 'colcon_meta'
[0.784s] Level 1:colcon.colcon_core.package_identification:_identify(src) by extensions ['ros']
[0.784s] Level 1:colcon.colcon_core.package_identification:_identify(src) by extension 'ros'
[0.784s] Level 1:colcon.colcon_core.package_identification:_identify(src) by extensions ['cmake', 'python']
[0.784s] Level 1:colcon.colcon_core.package_identification:_identify(src) by extension 'cmake'
[0.784s] Level 1:colcon.colcon_core.package_identification:_identify(src) by extension 'python'
[0.785s] Level 1:colcon.colcon_core.package_identification:_identify(src) by extensions ['python_setup_py']
[0.785s] Level 1:colcon.colcon_core.package_identification:_identify(src) by extension 'python_setup_py'
[0.785s] Level 1:colcon.colcon_core.package_identification:_identify(src/build) by extensions ['ignore', 'ignore_ament_install']
[0.785s] Level 1:colcon.colcon_core.package_identification:_identify(src/build) by extension 'ignore'
[0.785s] Level 1:colcon.colcon_core.package_identification:_identify(src/build) ignored
[0.785s] Level 1:colcon.colcon_core.package_identification:_identify(src/install) by extensions ['ignore', 'ignore_ament_install']
[0.786s] Level 1:colcon.colcon_core.package_identification:_identify(src/install) by extension 'ignore'
[0.786s] Level 1:colcon.colcon_core.package_identification:_identify(src/install) ignored
[0.786s] Level 1:colcon.colcon_core.package_identification:_identify(src/log) by extensions ['ignore', 'ignore_ament_install']
[0.786s] Level 1:colcon.colcon_core.package_identification:_identify(src/log) by extension 'ignore'
[0.786s] Level 1:colcon.colcon_core.package_identification:_identify(src/log) ignored
[0.786s] Level 1:colcon.colcon_core.package_identification:_identify(src/robotiq_description) by extensions ['ignore', 'ignore_ament_install']
[0.786s] Level 1:colcon.colcon_core.package_identification:_identify(src/robotiq_description) by extension 'ignore'
[0.787s] Level 1:colcon.colcon_core.package_identification:_identify(src/robotiq_description) by extension 'ignore_ament_install'
[0.787s] Level 1:colcon.colcon_core.package_identification:_identify(src/robotiq_description) by extensions ['colcon_pkg']
[0.787s] Level 1:colcon.colcon_core.package_identification:_identify(src/robotiq_description) by extension 'colcon_pkg'
[0.787s] Level 1:colcon.colcon_core.package_identification:_identify(src/robotiq_description) by extensions ['colcon_meta']
[0.787s] Level 1:colcon.colcon_core.package_identification:_identify(src/robotiq_description) by extension 'colcon_meta'
[0.787s] Level 1:colcon.colcon_core.package_identification:_identify(src/robotiq_description) by extensions ['ros']
[0.787s] Level 1:colcon.colcon_core.package_identification:_identify(src/robotiq_description) by extension 'ros'
[0.793s] DEBUG:colcon.colcon_core.package_identification:Package 'src/robotiq_description' with type 'ros.ament_cmake' and name 'robotiq_description'
[0.793s] Level 1:colcon.colcon_core.package_identification:_identify(src/ur5_controller) by extensions ['ignore', 'ignore_ament_install']
[0.794s] Level 1:colcon.colcon_core.package_identification:_identify(src/ur5_controller) by extension 'ignore'
[0.794s] Level 1:colcon.colcon_core.package_identification:_identify(src/ur5_controller) by extension 'ignore_ament_install'
[0.794s] Level 1:colcon.colcon_core.package_identification:_identify(src/ur5_controller) by extensions ['colcon_pkg']
[0.794s] Level 1:colcon.colcon_core.package_identification:_identify(src/ur5_controller) by extension 'colcon_pkg'
[0.794s] Level 1:colcon.colcon_core.package_identification:_identify(src/ur5_controller) by extensions ['colcon_meta']
[0.794s] Level 1:colcon.colcon_core.package_identification:_identify(src/ur5_controller) by extension 'colcon_meta'
[0.794s] Level 1:colcon.colcon_core.package_identification:_identify(src/ur5_controller) by extensions ['ros']
[0.794s] Level 1:colcon.colcon_core.package_identification:_identify(src/ur5_controller) by extension 'ros'
[0.795s] DEBUG:colcon.colcon_core.package_identification:Package 'src/ur5_controller' with type 'ros.ament_cmake' and name 'ur5_controller'
[0.795s] Level 1:colcon.colcon_core.package_identification:_identify(src/ur5_gripper_moveit_config) by extensions ['ignore', 'ignore_ament_install']
[0.795s] Level 1:colcon.colcon_core.package_identification:_identify(src/ur5_gripper_moveit_config) by extension 'ignore'
[0.795s] Level 1:colcon.colcon_core.package_identification:_identify(src/ur5_gripper_moveit_config) by extension 'ignore_ament_install'
[0.796s] Level 1:colcon.colcon_core.package_identification:_identify(src/ur5_gripper_moveit_config) by extensions ['colcon_pkg']
[0.796s] Level 1:colcon.colcon_core.package_identification:_identify(src/ur5_gripper_moveit_config) by extension 'colcon_pkg'
[0.796s] Level 1:colcon.colcon_core.package_identification:_identify(src/ur5_gripper_moveit_config) by extensions ['colcon_meta']
[0.796s] Level 1:colcon.colcon_core.package_identification:_identify(src/ur5_gripper_moveit_config) by extension 'colcon_meta'
[0.796s] Level 1:colcon.colcon_core.package_identification:_identify(src/ur5_gripper_moveit_config) by extensions ['ros']
[0.796s] Level 1:colcon.colcon_core.package_identification:_identify(src/ur5_gripper_moveit_config) by extension 'ros'
[0.796s] DEBUG:colcon.colcon_core.package_identification:Package 'src/ur5_gripper_moveit_config' with type 'ros.ament_cmake' and name 'ur5_gripper_moveit_config'
[0.797s] Level 1:colcon.colcon_core.package_identification:_identify(src/ur5_robot_description) by extensions ['ignore', 'ignore_ament_install']
[0.797s] Level 1:colcon.colcon_core.package_identification:_identify(src/ur5_robot_description) by extension 'ignore'
[0.797s] Level 1:colcon.colcon_core.package_identification:_identify(src/ur5_robot_description) by extension 'ignore_ament_install'
[0.797s] Level 1:colcon.colcon_core.package_identification:_identify(src/ur5_robot_description) by extensions ['colcon_pkg']
[0.797s] Level 1:colcon.colcon_core.package_identification:_identify(src/ur5_robot_description) by extension 'colcon_pkg'
[0.797s] Level 1:colcon.colcon_core.package_identification:_identify(src/ur5_robot_description) by extensions ['colcon_meta']
[0.797s] Level 1:colcon.colcon_core.package_identification:_identify(src/ur5_robot_description) by extension 'colcon_meta'
[0.797s] Level 1:colcon.colcon_core.package_identification:_identify(src/ur5_robot_description) by extensions ['ros']
[0.797s] Level 1:colcon.colcon_core.package_identification:_identify(src/ur5_robot_description) by extension 'ros'
[0.800s] DEBUG:colcon.colcon_core.package_identification:Package 'src/ur5_robot_description' with type 'ros.ament_cmake' and name 'ur5_robot_description'
[0.801s] Level 1:colcon.colcon_core.package_discovery:discover_packages(recursive) using defaults
[0.801s] Level 1:colcon.colcon_core.package_discovery:discover_packages(ignore) discover
[0.801s] Level 1:colcon.colcon_core.package_discovery:discover_packages(ignore) using defaults
[0.801s] Level 1:colcon.colcon_core.package_discovery:discover_packages(path) discover
[0.801s] Level 1:colcon.colcon_core.package_discovery:discover_packages(path) using defaults
[0.841s] Level 1:colcon.colcon_core.package_discovery:discover_packages(prefix_path) check parameters
[0.841s] Level 1:colcon.colcon_core.package_discovery:discover_packages(prefix_path) discover
[0.844s] DEBUG:colcon.colcon_installed_package_information.package_discovery:Found 413 installed packages in /opt/ros/iron
[0.847s] Level 1:colcon.colcon_core.package_discovery:discover_packages(prefix_path) using defaults
[0.919s] Level 5:colcon.colcon_core.verb:set package 'robotiq_description' build argument 'cmake_args' from command line to 'None'
[0.919s] Level 5:colcon.colcon_core.verb:set package 'robotiq_description' build argument 'cmake_target' from command line to 'None'
[0.919s] Level 5:colcon.colcon_core.verb:set package 'robotiq_description' build argument 'cmake_target_skip_unavailable' from command line to 'False'
[0.919s] Level 5:colcon.colcon_core.verb:set package 'robotiq_description' build argument 'cmake_clean_cache' from command line to 'False'
[0.919s] Level 5:colcon.colcon_core.verb:set package 'robotiq_description' build argument 'cmake_clean_first' from command line to 'False'
[0.919s] Level 5:colcon.colcon_core.verb:set package 'robotiq_description' build argument 'cmake_force_configure' from command line to 'False'
[0.919s] Level 5:colcon.colcon_core.verb:set package 'robotiq_description' build argument 'ament_cmake_args' from command line to 'None'
[0.919s] Level 5:colcon.colcon_core.verb:set package 'robotiq_description' build argument 'catkin_cmake_args' from command line to 'None'
[0.919s] Level 5:colcon.colcon_core.verb:set package 'robotiq_description' build argument 'catkin_skip_building_tests' from command line to 'False'
[0.919s] DEBUG:colcon.colcon_core.verb:Building package 'robotiq_description' with the following arguments: {'ament_cmake_args': None, 'build_base': '/home/taj71/practic_ws/build/robotiq_description', 'catkin_cmake_args': None, 'catkin_skip_building_tests': False, 'cmake_args': None, 'cmake_clean_cache': False, 'cmake_clean_first': False, 'cmake_force_configure': False, 'cmake_target': None, 'cmake_target_skip_unavailable': False, 'install_base': '/home/taj71/practic_ws/install/robotiq_description', 'merge_install': False, 'path': '/home/taj71/practic_ws/src/robotiq_description', 'symlink_install': False, 'test_result_base': None}
[0.920s] Level 5:colcon.colcon_core.verb:set package 'ur5_controller' build argument 'cmake_args' from command line to 'None'
[0.920s] Level 5:colcon.colcon_core.verb:set package 'ur5_controller' build argument 'cmake_target' from command line to 'None'
[0.920s] Level 5:colcon.colcon_core.verb:set package 'ur5_controller' build argument 'cmake_target_skip_unavailable' from command line to 'False'
[0.920s] Level 5:colcon.colcon_core.verb:set package 'ur5_controller' build argument 'cmake_clean_cache' from command line to 'False'
[0.920s] Level 5:colcon.colcon_core.verb:set package 'ur5_controller' build argument 'cmake_clean_first' from command line to 'False'
[0.920s] Level 5:colcon.colcon_core.verb:set package 'ur5_controller' build argument 'cmake_force_configure' from command line to 'False'
[0.920s] Level 5:colcon.colcon_core.verb:set package 'ur5_controller' build argument 'ament_cmake_args' from command line to 'None'
[0.920s] Level 5:colcon.colcon_core.verb:set package 'ur5_controller' build argument 'catkin_cmake_args' from command line to 'None'
[0.920s] Level 5:colcon.colcon_core.verb:set package 'ur5_controller' build argument 'catkin_skip_building_tests' from command line to 'False'
[0.920s] DEBUG:colcon.colcon_core.verb:Building package 'ur5_controller' with the following arguments: {'ament_cmake_args': None, 'build_base': '/home/taj71/practic_ws/build/ur5_controller', 'catkin_cmake_args': None, 'catkin_skip_building_tests': False, 'cmake_args': None, 'cmake_clean_cache': False, 'cmake_clean_first': False, 'cmake_force_configure': False, 'cmake_target': None, 'cmake_target_skip_unavailable': False, 'install_base': '/home/taj71/practic_ws/install/ur5_controller', 'merge_install': False, 'path': '/home/taj71/practic_ws/src/ur5_controller', 'symlink_install': False, 'test_result_base': None}
[0.921s] Level 5:colcon.colcon_core.verb:set package 'ur5_robot_description' build argument 'cmake_args' from command line to 'None'
[0.921s] Level 5:colcon.colcon_core.verb:set package 'ur5_robot_description' build argument 'cmake_target' from command line to 'None'
[0.921s] Level 5:colcon.colcon_core.verb:set package 'ur5_robot_description' build argument 'cmake_target_skip_unavailable' from command line to 'False'
[0.921s] Level 5:colcon.colcon_core.verb:set package 'ur5_robot_description' build argument 'cmake_clean_cache' from command line to 'False'
[0.921s] Level 5:colcon.colcon_core.verb:set package 'ur5_robot_description' build argument 'cmake_clean_first' from command line to 'False'
[0.921s] Level 5:colcon.colcon_core.verb:set package 'ur5_robot_description' build argument 'cmake_force_configure' from command line to 'False'
[0.921s] Level 5:colcon.colcon_core.verb:set package 'ur5_robot_description' build argument 'ament_cmake_args' from command line to 'None'
[0.921s] Level 5:colcon.colcon_core.verb:set package 'ur5_robot_description' build argument 'catkin_cmake_args' from command line to 'None'
[0.921s] Level 5:colcon.colcon_core.verb:set package 'ur5_robot_description' build argument 'catkin_skip_building_tests' from command line to 'False'
[0.921s] DEBUG:colcon.colcon_core.verb:Building package 'ur5_robot_description' with the following arguments: {'ament_cmake_args': None, 'build_base': '/home/taj71/practic_ws/build/ur5_robot_description', 'catkin_cmake_args': None, 'catkin_skip_building_tests': False, 'cmake_args': None, 'cmake_clean_cache': False, 'cmake_clean_first': False, 'cmake_force_configure': False, 'cmake_target': None, 'cmake_target_skip_unavailable': False, 'install_base': '/home/taj71/practic_ws/install/ur5_robot_description', 'merge_install': False, 'path': '/home/taj71/practic_ws/src/ur5_robot_description', 'symlink_install': False, 'test_result_base': None}
[0.921s] Level 5:colcon.colcon_core.verb:set package 'ur5_gripper_moveit_config' build argument 'cmake_args' from command line to 'None'
[0.921s] Level 5:colcon.colcon_core.verb:set package 'ur5_gripper_moveit_config' build argument 'cmake_target' from command line to 'None'
[0.921s] Level 5:colcon.colcon_core.verb:set package 'ur5_gripper_moveit_config' build argument 'cmake_target_skip_unavailable' from command line to 'False'
[0.921s] Level 5:colcon.colcon_core.verb:set package 'ur5_gripper_moveit_config' build argument 'cmake_clean_cache' from command line to 'False'
[0.921s] Level 5:colcon.colcon_core.verb:set package 'ur5_gripper_moveit_config' build argument 'cmake_clean_first' from command line to 'False'
[0.921s] Level 5:colcon.colcon_core.verb:set package 'ur5_gripper_moveit_config' build argument 'cmake_force_configure' from command line to 'False'
[0.921s] Level 5:colcon.colcon_core.verb:set package 'ur5_gripper_moveit_config' build argument 'ament_cmake_args' from command line to 'None'
[0.922s] Level 5:colcon.colcon_core.verb:set package 'ur5_gripper_moveit_config' build argument 'catkin_cmake_args' from command line to 'None'
[0.922s] Level 5:colcon.colcon_core.verb:set package 'ur5_gripper_moveit_config' build argument 'catkin_skip_building_tests' from command line to 'False'
[0.922s] DEBUG:colcon.colcon_core.verb:Building package 'ur5_gripper_moveit_config' with the following arguments: {'ament_cmake_args': None, 'build_base': '/home/taj71/practic_ws/build/ur5_gripper_moveit_config', 'catkin_cmake_args': None, 'catkin_skip_building_tests': False, 'cmake_args': None, 'cmake_clean_cache': False, 'cmake_clean_first': False, 'cmake_force_configure': False, 'cmake_target': None, 'cmake_target_skip_unavailable': False, 'install_base': '/home/taj71/practic_ws/install/ur5_gripper_moveit_config', 'merge_install': False, 'path': '/home/taj71/practic_ws/src/ur5_gripper_moveit_config', 'symlink_install': False, 'test_result_base': None}
[0.922s] INFO:colcon.colcon_core.executor:Executing jobs using 'parallel' executor
[0.924s] DEBUG:colcon.colcon_parallel_executor.executor.parallel:run_until_complete
[0.925s] INFO:colcon.colcon_ros.task.ament_cmake.build:Building ROS package in '/home/taj71/practic_ws/src/ur5_robot_description' with build type 'ament_cmake'
[0.925s] INFO:colcon.colcon_cmake.task.cmake.build:Building CMake package in '/home/taj71/practic_ws/src/ur5_robot_description'
[0.930s] INFO:colcon.colcon_core.plugin_system:Skipping extension 'colcon_core.shell.bat': Not used on non-Windows systems
[0.931s] INFO:colcon.colcon_core.shell:Skip shell extension 'powershell' for command environment: Not usable outside of PowerShell
[0.931s] DEBUG:colcon.colcon_core.shell:Skip shell extension 'dsv' for command environment
[0.936s] INFO:colcon.colcon_ros.task.ament_cmake.build:Building ROS package in '/home/taj71/practic_ws/src/robotiq_description' with build type 'ament_cmake'
[0.936s] INFO:colcon.colcon_cmake.task.cmake.build:Building CMake package in '/home/taj71/practic_ws/src/robotiq_description'
[0.937s] INFO:colcon.colcon_core.shell:Skip shell extension 'powershell' for command environment: Not usable outside of PowerShell
[0.937s] DEBUG:colcon.colcon_core.shell:Skip shell extension 'dsv' for command environment
[0.942s] INFO:colcon.colcon_ros.task.ament_cmake.build:Building ROS package in '/home/taj71/practic_ws/src/ur5_controller' with build type 'ament_cmake'
[0.943s] INFO:colcon.colcon_cmake.task.cmake.build:Building CMake package in '/home/taj71/practic_ws/src/ur5_controller'
[0.944s] INFO:colcon.colcon_core.shell:Skip shell extension 'powershell' for command environment: Not usable outside of PowerShell
[0.944s] DEBUG:colcon.colcon_core.shell:Skip shell extension 'dsv' for command environment
[0.962s] DEBUG:colcon.colcon_core.event_handler.log_command:Invoking command in '/home/taj71/practic_ws/build/ur5_robot_description': CMAKE_PREFIX_PATH=/opt/ros/iron /usr/bin/cmake --build /home/taj71/practic_ws/build/ur5_robot_description -- -j8 -l8
[0.980s] DEBUG:colcon.colcon_core.event_handler.log_command:Invoking command in '/home/taj71/practic_ws/build/robotiq_description': CMAKE_PREFIX_PATH=/opt/ros/iron /usr/bin/cmake --build /home/taj71/practic_ws/build/robotiq_description -- -j8 -l8
[0.983s] DEBUG:colcon.colcon_core.event_handler.log_command:Invoking command in '/home/taj71/practic_ws/build/ur5_controller': CMAKE_PREFIX_PATH=/opt/ros/iron /usr/bin/cmake --build /home/taj71/practic_ws/build/ur5_controller -- -j8 -l8
[1.010s] DEBUG:colcon.colcon_core.event_handler.log_command:Invoked command in '/home/taj71/practic_ws/build/ur5_robot_description' returned '0': CMAKE_PREFIX_PATH=/opt/ros/iron /usr/bin/cmake --build /home/taj71/practic_ws/build/ur5_robot_description -- -j8 -l8
[1.022s] DEBUG:colcon.colcon_core.event_handler.log_command:Invoking command in '/home/taj71/practic_ws/build/ur5_robot_description': CMAKE_PREFIX_PATH=/opt/ros/iron /usr/bin/cmake --install /home/taj71/practic_ws/build/ur5_robot_description
[1.028s] DEBUG:colcon.colcon_core.event_handler.log_command:Invoked command in '/home/taj71/practic_ws/build/robotiq_description' returned '0': CMAKE_PREFIX_PATH=/opt/ros/iron /usr/bin/cmake --build /home/taj71/practic_ws/build/robotiq_description -- -j8 -l8
[1.033s] DEBUG:colcon.colcon_core.event_handler.log_command:Invoking command in '/home/taj71/practic_ws/build/robotiq_description': CMAKE_PREFIX_PATH=/opt/ros/iron /usr/bin/cmake --install /home/taj71/practic_ws/build/robotiq_description
[1.036s] DEBUG:colcon.colcon_core.event_handler.log_command:Invoked command in '/home/taj71/practic_ws/build/ur5_controller' returned '0': CMAKE_PREFIX_PATH=/opt/ros/iron /usr/bin/cmake --build /home/taj71/practic_ws/build/ur5_controller -- -j8 -l8
[1.058s] Level 1:colcon.colcon_core.environment:create_environment_scripts_only(ur5_robot_description)
[1.098s] DEBUG:colcon.colcon_core.event_handler.log_command:Invoking command in '/home/taj71/practic_ws/build/ur5_controller': CMAKE_PREFIX_PATH=/opt/ros/iron /usr/bin/cmake --install /home/taj71/practic_ws/build/ur5_controller
[1.098s] DEBUG:colcon.colcon_core.event_handler.log_command:Invoked command in '/home/taj71/practic_ws/build/ur5_robot_description' returned '0': CMAKE_PREFIX_PATH=/opt/ros/iron /usr/bin/cmake --install /home/taj71/practic_ws/build/ur5_robot_description
[1.105s] Level 1:colcon.colcon_core.environment:checking '/home/taj71/practic_ws/install/ur5_robot_description' for CMake module files
[1.106s] Level 1:colcon.colcon_core.environment:checking '/home/taj71/practic_ws/install/ur5_robot_description' for CMake config files
[1.107s] Level 1:colcon.colcon_core.shell:create_environment_hook('ur5_robot_description', 'cmake_prefix_path')
[1.107s] INFO:colcon.colcon_core.shell:Creating environment hook '/home/taj71/practic_ws/install/ur5_robot_description/share/ur5_robot_description/hook/cmake_prefix_path.ps1'
[1.108s] INFO:colcon.colcon_core.shell:Creating environment descriptor '/home/taj71/practic_ws/install/ur5_robot_description/share/ur5_robot_description/hook/cmake_prefix_path.dsv'
[1.109s] INFO:colcon.colcon_core.shell:Creating environment hook '/home/taj71/practic_ws/install/ur5_robot_description/share/ur5_robot_description/hook/cmake_prefix_path.sh'
[1.110s] Level 1:colcon.colcon_core.environment:checking '/home/taj71/practic_ws/install/ur5_robot_description/bin'
[1.110s] Level 1:colcon.colcon_core.environment:checking '/home/taj71/practic_ws/install/ur5_robot_description/lib/pkgconfig/ur5_robot_description.pc'
[1.111s] Level 1:colcon.colcon_core.environment:checking '/home/taj71/practic_ws/install/ur5_robot_description/lib/python3.10/site-packages'
[1.111s] Level 1:colcon.colcon_core.environment:checking '/home/taj71/practic_ws/install/ur5_robot_description/bin'
[1.111s] INFO:colcon.colcon_core.shell:Creating package script '/home/taj71/practic_ws/install/ur5_robot_description/share/ur5_robot_description/package.ps1'
[1.112s] INFO:colcon.colcon_core.shell:Creating package descriptor '/home/taj71/practic_ws/install/ur5_robot_description/share/ur5_robot_description/package.dsv'
[1.113s] INFO:colcon.colcon_core.shell:Creating package script '/home/taj71/practic_ws/install/ur5_robot_description/share/ur5_robot_description/package.sh'
[1.114s] INFO:colcon.colcon_core.shell:Creating package script '/home/taj71/practic_ws/install/ur5_robot_description/share/ur5_robot_description/package.bash'
[1.115s] INFO:colcon.colcon_core.shell:Creating package script '/home/taj71/practic_ws/install/ur5_robot_description/share/ur5_robot_description/package.zsh'
[1.115s] Level 1:colcon.colcon_core.environment:create_file_with_runtime_dependencies(/home/taj71/practic_ws/install/ur5_robot_description/share/colcon-core/packages/ur5_robot_description)
[1.116s] Level 1:colcon.colcon_core.environment:create_environment_scripts_only(ur5_robot_description)
[1.116s] Level 1:colcon.colcon_core.environment:checking '/home/taj71/practic_ws/install/ur5_robot_description' for CMake module files
[1.117s] Level 1:colcon.colcon_core.environment:checking '/home/taj71/practic_ws/install/ur5_robot_description' for CMake config files
[1.117s] Level 1:colcon.colcon_core.shell:create_environment_hook('ur5_robot_description', 'cmake_prefix_path')
[1.118s] INFO:colcon.colcon_core.shell:Creating environment hook '/home/taj71/practic_ws/install/ur5_robot_description/share/ur5_robot_description/hook/cmake_prefix_path.ps1'
[1.118s] INFO:colcon.colcon_core.shell:Creating environment descriptor '/home/taj71/practic_ws/install/ur5_robot_description/share/ur5_robot_description/hook/cmake_prefix_path.dsv'
[1.119s] INFO:colcon.colcon_core.shell:Creating environment hook '/home/taj71/practic_ws/install/ur5_robot_description/share/ur5_robot_description/hook/cmake_prefix_path.sh'
[1.119s] Level 1:colcon.colcon_core.environment:checking '/home/taj71/practic_ws/install/ur5_robot_description/bin'
[1.119s] Level 1:colcon.colcon_core.environment:checking '/home/taj71/practic_ws/install/ur5_robot_description/lib/pkgconfig/ur5_robot_description.pc'
[1.120s] Level 1:colcon.colcon_core.environment:checking '/home/taj71/practic_ws/install/ur5_robot_description/lib/python3.10/site-packages'
[1.120s] Level 1:colcon.colcon_core.environment:checking '/home/taj71/practic_ws/install/ur5_robot_description/bin'
[1.120s] INFO:colcon.colcon_core.shell:Creating package script '/home/taj71/practic_ws/install/ur5_robot_description/share/ur5_robot_description/package.ps1'
[1.121s] INFO:colcon.colcon_core.shell:Creating package descriptor '/home/taj71/practic_ws/install/ur5_robot_description/share/ur5_robot_description/package.dsv'
[1.121s] INFO:colcon.colcon_core.shell:Creating package script '/home/taj71/practic_ws/install/ur5_robot_description/share/ur5_robot_description/package.sh'
[1.122s] INFO:colcon.colcon_core.shell:Creating package script '/home/taj71/practic_ws/install/ur5_robot_description/share/ur5_robot_description/package.bash'
[1.122s] INFO:colcon.colcon_core.shell:Creating package script '/home/taj71/practic_ws/install/ur5_robot_description/share/ur5_robot_description/package.zsh'
[1.124s] Level 1:colcon.colcon_core.environment:create_file_with_runtime_dependencies(/home/taj71/practic_ws/install/ur5_robot_description/share/colcon-core/packages/ur5_robot_description)
[1.125s] INFO:colcon.colcon_ros.task.ament_cmake.build:Building ROS package in '/home/taj71/practic_ws/src/ur5_gripper_moveit_config' with build type 'ament_cmake'
[1.125s] INFO:colcon.colcon_cmake.task.cmake.build:Building CMake package in '/home/taj71/practic_ws/src/ur5_gripper_moveit_config'
[1.126s] INFO:colcon.colcon_core.shell:Skip shell extension 'powershell' for command environment: Not usable outside of PowerShell
[1.126s] DEBUG:colcon.colcon_core.shell:Skip shell extension 'dsv' for command environment
[1.132s] Level 1:colcon.colcon_core.environment:create_environment_scripts_only(robotiq_description)
[1.133s] Level 1:colcon.colcon_core.environment:checking '/home/taj71/practic_ws/install/robotiq_description' for CMake module files
[1.135s] DEBUG:colcon.colcon_core.event_handler.log_command:Invoked command in '/home/taj71/practic_ws/build/robotiq_description' returned '0': CMAKE_PREFIX_PATH=/opt/ros/iron /usr/bin/cmake --install /home/taj71/practic_ws/build/robotiq_description
[1.135s] Level 1:colcon.colcon_core.environment:checking '/home/taj71/practic_ws/install/robotiq_description' for CMake config files
[1.136s] Level 1:colcon.colcon_core.shell:create_environment_hook('robotiq_description', 'cmake_prefix_path')
[1.137s] INFO:colcon.colcon_core.shell:Creating environment hook '/home/taj71/practic_ws/install/robotiq_description/share/robotiq_description/hook/cmake_prefix_path.ps1'
[1.137s] INFO:colcon.colcon_core.shell:Creating environment descriptor '/home/taj71/practic_ws/install/robotiq_description/share/robotiq_description/hook/cmake_prefix_path.dsv'
[1.138s] INFO:colcon.colcon_core.shell:Creating environment hook '/home/taj71/practic_ws/install/robotiq_description/share/robotiq_description/hook/cmake_prefix_path.sh'
[1.139s] Level 1:colcon.colcon_core.environment:checking '/home/taj71/practic_ws/install/robotiq_description/bin'
[1.139s] Level 1:colcon.colcon_core.environment:checking '/home/taj71/practic_ws/install/robotiq_description/lib/pkgconfig/robotiq_description.pc'
[1.140s] Level 1:colcon.colcon_core.environment:checking '/home/taj71/practic_ws/install/robotiq_description/lib/python3.10/site-packages'
[1.140s] Level 1:colcon.colcon_core.environment:checking '/home/taj71/practic_ws/install/robotiq_description/bin'
[1.140s] INFO:colcon.colcon_core.shell:Creating package script '/home/taj71/practic_ws/install/robotiq_description/share/robotiq_description/package.ps1'
[1.141s] INFO:colcon.colcon_core.shell:Creating package descriptor '/home/taj71/practic_ws/install/robotiq_description/share/robotiq_description/package.dsv'
[1.142s] INFO:colcon.colcon_core.shell:Creating package script '/home/taj71/practic_ws/install/robotiq_description/share/robotiq_description/package.sh'
[1.142s] INFO:colcon.colcon_core.shell:Creating package script '/home/taj71/practic_ws/install/robotiq_description/share/robotiq_description/package.bash'
[1.143s] INFO:colcon.colcon_core.shell:Creating package script '/home/taj71/practic_ws/install/robotiq_description/share/robotiq_description/package.zsh'
[1.144s] Level 1:colcon.colcon_core.environment:create_file_with_runtime_dependencies(/home/taj71/practic_ws/install/robotiq_description/share/colcon-core/packages/robotiq_description)
[1.144s] Level 1:colcon.colcon_core.environment:create_environment_scripts_only(robotiq_description)
[1.145s] Level 1:colcon.colcon_core.environment:checking '/home/taj71/practic_ws/install/robotiq_description' for CMake module files
[1.145s] Level 1:colcon.colcon_core.environment:checking '/home/taj71/practic_ws/install/robotiq_description' for CMake config files
[1.146s] Level 1:colcon.colcon_core.shell:create_environment_hook('robotiq_description', 'cmake_prefix_path')
[1.146s] INFO:colcon.colcon_core.shell:Creating environment hook '/home/taj71/practic_ws/install/robotiq_description/share/robotiq_description/hook/cmake_prefix_path.ps1'
[1.147s] INFO:colcon.colcon_core.shell:Creating environment descriptor '/home/taj71/practic_ws/install/robotiq_description/share/robotiq_description/hook/cmake_prefix_path.dsv'
[1.147s] INFO:colcon.colcon_core.shell:Creating environment hook '/home/taj71/practic_ws/install/robotiq_description/share/robotiq_description/hook/cmake_prefix_path.sh'
[1.148s] Level 1:colcon.colcon_core.environment:checking '/home/taj71/practic_ws/install/robotiq_description/bin'
[1.148s] Level 1:colcon.colcon_core.environment:checking '/home/taj71/practic_ws/install/robotiq_description/lib/pkgconfig/robotiq_description.pc'
[1.149s] Level 1:colcon.colcon_core.environment:checking '/home/taj71/practic_ws/install/robotiq_description/lib/python3.10/site-packages'
[1.149s] Level 1:colcon.colcon_core.environment:checking '/home/taj71/practic_ws/install/robotiq_description/bin'
[1.150s] INFO:colcon.colcon_core.shell:Creating package script '/home/taj71/practic_ws/install/robotiq_description/share/robotiq_description/package.ps1'
[1.151s] INFO:colcon.colcon_core.shell:Creating package descriptor '/home/taj71/practic_ws/install/robotiq_description/share/robotiq_description/package.dsv'
[1.152s] INFO:colcon.colcon_core.shell:Creating package script '/home/taj71/practic_ws/install/robotiq_description/share/robotiq_description/package.sh'
[1.153s] INFO:colcon.colcon_core.shell:Creating package script '/home/taj71/practic_ws/install/robotiq_description/share/robotiq_description/package.bash'
[1.154s] INFO:colcon.colcon_core.shell:Creating package script '/home/taj71/practic_ws/install/robotiq_description/share/robotiq_description/package.zsh'
[1.156s] Level 1:colcon.colcon_core.environment:create_file_with_runtime_dependencies(/home/taj71/practic_ws/install/robotiq_description/share/colcon-core/packages/robotiq_description)
[1.159s] Level 1:colcon.colcon_core.environment:create_environment_scripts_only(ur5_controller)
[1.159s] Level 1:colcon.colcon_core.environment:checking '/home/taj71/practic_ws/install/ur5_controller' for CMake module files
[1.162s] DEBUG:colcon.colcon_core.event_handler.log_command:Invoked command in '/home/taj71/practic_ws/build/ur5_controller' returned '0': CMAKE_PREFIX_PATH=/opt/ros/iron /usr/bin/cmake --install /home/taj71/practic_ws/build/ur5_controller
[1.162s] Level 1:colcon.colcon_core.environment:checking '/home/taj71/practic_ws/install/ur5_controller' for CMake config files
[1.163s] Level 1:colcon.colcon_core.shell:create_environment_hook('ur5_controller', 'cmake_prefix_path')
[1.163s] INFO:colcon.colcon_core.shell:Creating environment hook '/home/taj71/practic_ws/install/ur5_controller/share/ur5_controller/hook/cmake_prefix_path.ps1'
[1.164s] INFO:colcon.colcon_core.shell:Creating environment descriptor '/home/taj71/practic_ws/install/ur5_controller/share/ur5_controller/hook/cmake_prefix_path.dsv'
[1.165s] INFO:colcon.colcon_core.shell:Creating environment hook '/home/taj71/practic_ws/install/ur5_controller/share/ur5_controller/hook/cmake_prefix_path.sh'
[1.166s] Level 1:colcon.colcon_core.environment:checking '/home/taj71/practic_ws/install/ur5_controller/bin'
[1.166s] Level 1:colcon.colcon_core.environment:checking '/home/taj71/practic_ws/install/ur5_controller/lib/pkgconfig/ur5_controller.pc'
[1.167s] Level 1:colcon.colcon_core.environment:checking '/home/taj71/practic_ws/install/ur5_controller/lib/python3.10/site-packages'
[1.167s] Level 1:colcon.colcon_core.environment:checking '/home/taj71/practic_ws/install/ur5_controller/bin'
[1.168s] INFO:colcon.colcon_core.shell:Creating package script '/home/taj71/practic_ws/install/ur5_controller/share/ur5_controller/package.ps1'
[1.168s] INFO:colcon.colcon_core.shell:Creating package descriptor '/home/taj71/practic_ws/install/ur5_controller/share/ur5_controller/package.dsv'
[1.169s] INFO:colcon.colcon_core.shell:Creating package script '/home/taj71/practic_ws/install/ur5_controller/share/ur5_controller/package.sh'
[1.170s] INFO:colcon.colcon_core.shell:Creating package script '/home/taj71/practic_ws/install/ur5_controller/share/ur5_controller/package.bash'
[1.170s] INFO:colcon.colcon_core.shell:Creating package script '/home/taj71/practic_ws/install/ur5_controller/share/ur5_controller/package.zsh'
[1.171s] Level 1:colcon.colcon_core.environment:create_file_with_runtime_dependencies(/home/taj71/practic_ws/install/ur5_controller/share/colcon-core/packages/ur5_controller)
[1.172s] Level 1:colcon.colcon_core.environment:create_environment_scripts_only(ur5_controller)
[1.172s] Level 1:colcon.colcon_core.environment:checking '/home/taj71/practic_ws/install/ur5_controller' for CMake module files
[1.173s] Level 1:colcon.colcon_core.environment:checking '/home/taj71/practic_ws/install/ur5_controller' for CMake config files
[1.173s] Level 1:colcon.colcon_core.shell:create_environment_hook('ur5_controller', 'cmake_prefix_path')
[1.173s] INFO:colcon.colcon_core.shell:Creating environment hook '/home/taj71/practic_ws/install/ur5_controller/share/ur5_controller/hook/cmake_prefix_path.ps1'
[1.174s] INFO:colcon.colcon_core.shell:Creating environment descriptor '/home/taj71/practic_ws/install/ur5_controller/share/ur5_controller/hook/cmake_prefix_path.dsv'
[1.175s] INFO:colcon.colcon_core.shell:Creating environment hook '/home/taj71/practic_ws/install/ur5_controller/share/ur5_controller/hook/cmake_prefix_path.sh'
[1.176s] Level 1:colcon.colcon_core.environment:checking '/home/taj71/practic_ws/install/ur5_controller/bin'
[1.176s] Level 1:colcon.colcon_core.environment:checking '/home/taj71/practic_ws/install/ur5_controller/lib/pkgconfig/ur5_controller.pc'
[1.176s] Level 1:colcon.colcon_core.environment:checking '/home/taj71/practic_ws/install/ur5_controller/lib/python3.10/site-packages'
[1.176s] Level 1:colcon.colcon_core.environment:checking '/home/taj71/practic_ws/install/ur5_controller/bin'
[1.177s] INFO:colcon.colcon_core.shell:Creating package script '/home/taj71/practic_ws/install/ur5_controller/share/ur5_controller/package.ps1'
[1.177s] INFO:colcon.colcon_core.shell:Creating package descriptor '/home/taj71/practic_ws/install/ur5_controller/share/ur5_controller/package.dsv'
[1.178s] INFO:colcon.colcon_core.shell:Creating package script '/home/taj71/practic_ws/install/ur5_controller/share/ur5_controller/package.sh'
[1.179s] INFO:colcon.colcon_core.shell:Creating package script '/home/taj71/practic_ws/install/ur5_controller/share/ur5_controller/package.bash'
[1.180s] INFO:colcon.colcon_core.shell:Creating package script '/home/taj71/practic_ws/install/ur5_controller/share/ur5_controller/package.zsh'
[1.180s] Level 1:colcon.colcon_core.environment:create_file_with_runtime_dependencies(/home/taj71/practic_ws/install/ur5_controller/share/colcon-core/packages/ur5_controller)
[1.366s] DEBUG:colcon.colcon_core.event_handler.log_command:Invoking command in '/home/taj71/practic_ws/build/ur5_gripper_moveit_config': AMENT_PREFIX_PATH=/home/taj71/practic_ws/install/ur5_robot_description:${AMENT_PREFIX_PATH} CMAKE_PREFIX_PATH=/home/taj71/practic_ws/install/ur5_robot_description:/opt/ros/iron /usr/bin/cmake --build /home/taj71/practic_ws/build/ur5_gripper_moveit_config -- -j8 -l8
[1.406s] DEBUG:colcon.colcon_core.event_handler.log_command:Invoked command in '/home/taj71/practic_ws/build/ur5_gripper_moveit_config' returned '0': AMENT_PREFIX_PATH=/home/taj71/practic_ws/install/ur5_robot_description:${AMENT_PREFIX_PATH} CMAKE_PREFIX_PATH=/home/taj71/practic_ws/install/ur5_robot_description:/opt/ros/iron /usr/bin/cmake --build /home/taj71/practic_ws/build/ur5_gripper_moveit_config -- -j8 -l8
[1.408s] DEBUG:colcon.colcon_core.event_handler.log_command:Invoking command in '/home/taj71/practic_ws/build/ur5_gripper_moveit_config': AMENT_PREFIX_PATH=/home/taj71/practic_ws/install/ur5_robot_description:${AMENT_PREFIX_PATH} CMAKE_PREFIX_PATH=/home/taj71/practic_ws/install/ur5_robot_description:/opt/ros/iron /usr/bin/cmake --install /home/taj71/practic_ws/build/ur5_gripper_moveit_config
[1.425s] Level 1:colcon.colcon_core.environment:create_environment_scripts_only(ur5_gripper_moveit_config)
[1.425s] Level 1:colcon.colcon_core.environment:checking '/home/taj71/practic_ws/install/ur5_gripper_moveit_config' for CMake module files
[1.427s] Level 1:colcon.colcon_core.environment:checking '/home/taj71/practic_ws/install/ur5_gripper_moveit_config' for CMake config files
[1.434s] DEBUG:colcon.colcon_core.event_handler.log_command:Invoked command in '/home/taj71/practic_ws/build/ur5_gripper_moveit_config' returned '0': AMENT_PREFIX_PATH=/home/taj71/practic_ws/install/ur5_robot_description:${AMENT_PREFIX_PATH} CMAKE_PREFIX_PATH=/home/taj71/practic_ws/install/ur5_robot_description:/opt/ros/iron /usr/bin/cmake --install /home/taj71/practic_ws/build/ur5_gripper_moveit_config
[1.435s] Level 1:colcon.colcon_core.shell:create_environment_hook('ur5_gripper_moveit_config', 'cmake_prefix_path')
[1.435s] INFO:colcon.colcon_core.shell:Creating environment hook '/home/taj71/practic_ws/install/ur5_gripper_moveit_config/share/ur5_gripper_moveit_config/hook/cmake_prefix_path.ps1'
[1.436s] INFO:colcon.colcon_core.shell:Creating environment descriptor '/home/taj71/practic_ws/install/ur5_gripper_moveit_config/share/ur5_gripper_moveit_config/hook/cmake_prefix_path.dsv'
[1.436s] INFO:colcon.colcon_core.shell:Creating environment hook '/home/taj71/practic_ws/install/ur5_gripper_moveit_config/share/ur5_gripper_moveit_config/hook/cmake_prefix_path.sh'
[1.437s] Level 1:colcon.colcon_core.environment:checking '/home/taj71/practic_ws/install/ur5_gripper_moveit_config/bin'
[1.437s] Level 1:colcon.colcon_core.environment:checking '/home/taj71/practic_ws/install/ur5_gripper_moveit_config/lib/pkgconfig/ur5_gripper_moveit_config.pc'
[1.438s] Level 1:colcon.colcon_core.environment:checking '/home/taj71/practic_ws/install/ur5_gripper_moveit_config/lib/python3.10/site-packages'
[1.438s] Level 1:colcon.colcon_core.environment:checking '/home/taj71/practic_ws/install/ur5_gripper_moveit_config/bin'
[1.438s] INFO:colcon.colcon_core.shell:Creating package script '/home/taj71/practic_ws/install/ur5_gripper_moveit_config/share/ur5_gripper_moveit_config/package.ps1'
[1.439s] INFO:colcon.colcon_core.shell:Creating package descriptor '/home/taj71/practic_ws/install/ur5_gripper_moveit_config/share/ur5_gripper_moveit_config/package.dsv'
[1.439s] INFO:colcon.colcon_core.shell:Creating package script '/home/taj71/practic_ws/install/ur5_gripper_moveit_config/share/ur5_gripper_moveit_config/package.sh'
[1.440s] INFO:colcon.colcon_core.shell:Creating package script '/home/taj71/practic_ws/install/ur5_gripper_moveit_config/share/ur5_gripper_moveit_config/package.bash'
[1.440s] INFO:colcon.colcon_core.shell:Creating package script '/home/taj71/practic_ws/install/ur5_gripper_moveit_config/share/ur5_gripper_moveit_config/package.zsh'
[1.441s] Level 1:colcon.colcon_core.environment:create_file_with_runtime_dependencies(/home/taj71/practic_ws/install/ur5_gripper_moveit_config/share/colcon-core/packages/ur5_gripper_moveit_config)
[1.441s] Level 1:colcon.colcon_core.environment:create_environment_scripts_only(ur5_gripper_moveit_config)
[1.442s] Level 1:colcon.colcon_core.environment:checking '/home/taj71/practic_ws/install/ur5_gripper_moveit_config' for CMake module files
[1.442s] Level 1:colcon.colcon_core.environment:checking '/home/taj71/practic_ws/install/ur5_gripper_moveit_config' for CMake config files
[1.442s] Level 1:colcon.colcon_core.shell:create_environment_hook('ur5_gripper_moveit_config', 'cmake_prefix_path')
[1.443s] INFO:colcon.colcon_core.shell:Creating environment hook '/home/taj71/practic_ws/install/ur5_gripper_moveit_config/share/ur5_gripper_moveit_config/hook/cmake_prefix_path.ps1'
[1.443s] INFO:colcon.colcon_core.shell:Creating environment descriptor '/home/taj71/practic_ws/install/ur5_gripper_moveit_config/share/ur5_gripper_moveit_config/hook/cmake_prefix_path.dsv'
[1.443s] INFO:colcon.colcon_core.shell:Creating environment hook '/home/taj71/practic_ws/install/ur5_gripper_moveit_config/share/ur5_gripper_moveit_config/hook/cmake_prefix_path.sh'
[1.444s] Level 1:colcon.colcon_core.environment:checking '/home/taj71/practic_ws/install/ur5_gripper_moveit_config/bin'
[1.444s] Level 1:colcon.colcon_core.environment:checking '/home/taj71/practic_ws/install/ur5_gripper_moveit_config/lib/pkgconfig/ur5_gripper_moveit_config.pc'
[1.444s] Level 1:colcon.colcon_core.environment:checking '/home/taj71/practic_ws/install/ur5_gripper_moveit_config/lib/python3.10/site-packages'
[1.445s] Level 1:colcon.colcon_core.environment:checking '/home/taj71/practic_ws/install/ur5_gripper_moveit_config/bin'
[1.445s] INFO:colcon.colcon_core.shell:Creating package script '/home/taj71/practic_ws/install/ur5_gripper_moveit_config/share/ur5_gripper_moveit_config/package.ps1'
[1.446s] INFO:colcon.colcon_core.shell:Creating package descriptor '/home/taj71/practic_ws/install/ur5_gripper_moveit_config/share/ur5_gripper_moveit_config/package.dsv'
[1.446s] INFO:colcon.colcon_core.shell:Creating package script '/home/taj71/practic_ws/install/ur5_gripper_moveit_config/share/ur5_gripper_moveit_config/package.sh'
[1.447s] INFO:colcon.colcon_core.shell:Creating package script '/home/taj71/practic_ws/install/ur5_gripper_moveit_config/share/ur5_gripper_moveit_config/package.bash'
[1.447s] INFO:colcon.colcon_core.shell:Creating package script '/home/taj71/practic_ws/install/ur5_gripper_moveit_config/share/ur5_gripper_moveit_config/package.zsh'
[1.448s] Level 1:colcon.colcon_core.environment:create_file_with_runtime_dependencies(/home/taj71/practic_ws/install/ur5_gripper_moveit_config/share/colcon-core/packages/ur5_gripper_moveit_config)
[1.448s] DEBUG:colcon.colcon_parallel_executor.executor.parallel:closing loop
[1.449s] DEBUG:colcon.colcon_parallel_executor.executor.parallel:loop closed
[1.449s] DEBUG:colcon.colcon_parallel_executor.executor.parallel:run_until_complete finished with '0'
[1.449s] DEBUG:colcon.colcon_core.event_reactor:joining thread
[1.616s] INFO:colcon.colcon_core.plugin_system:Skipping extension 'colcon_notification.desktop_notification.notify_send': Could not find 'notify-send'
[1.616s] INFO:colcon.colcon_core.plugin_system:Skipping extension 'colcon_notification.desktop_notification.terminal_notifier': Not used on non-Darwin systems
[1.616s] INFO:colcon.colcon_core.plugin_system:Skipping extension 'colcon_notification.desktop_notification.win32': Not used on non-Windows systems
[1.616s] INFO:colcon.colcon_notification.desktop_notification:Sending desktop notification using 'notify2'
[1.616s] DEBUG:colcon.colcon_notification.desktop_notification.notify2:Failed to initialize notify2: org.freedesktop.DBus.Error.FileNotFound: Failed to connect to socket /run/user/1000/bus: No such file or directory
[1.617s] DEBUG:colcon.colcon_core.event_reactor:joined thread
[1.617s] INFO:colcon.colcon_core.shell:Creating prefix script '/home/taj71/practic_ws/install/local_setup.ps1'
[1.618s] INFO:colcon.colcon_core.shell:Creating prefix util module '/home/taj71/practic_ws/install/_local_setup_util_ps1.py'
[1.620s] INFO:colcon.colcon_core.shell:Creating prefix chain script '/home/taj71/practic_ws/install/setup.ps1'
[1.622s] INFO:colcon.colcon_core.shell:Creating prefix script '/home/taj71/practic_ws/install/local_setup.sh'
[1.622s] INFO:colcon.colcon_core.shell:Creating prefix util module '/home/taj71/practic_ws/install/_local_setup_util_sh.py'
[1.623s] INFO:colcon.colcon_core.shell:Creating prefix chain script '/home/taj71/practic_ws/install/setup.sh'
[1.625s] INFO:colcon.colcon_core.shell:Creating prefix script '/home/taj71/practic_ws/install/local_setup.bash'
[1.625s] INFO:colcon.colcon_core.shell:Creating prefix chain script '/home/taj71/practic_ws/install/setup.bash'
[1.627s] INFO:colcon.colcon_core.shell:Creating prefix script '/home/taj71/practic_ws/install/local_setup.zsh'
[1.627s] INFO:colcon.colcon_core.shell:Creating prefix chain script '/home/taj71/practic_ws/install/setup.zsh'
