[0.101s] Invoking command in '/home/taj71/practic_ws/build/ur5_controller': CMAKE_PREFIX_PATH=/opt/ros/iron /usr/bin/cmake --build /home/taj71/practic_ws/build/ur5_controller -- -j8 -l8
[0.243s] Invoked command in '/home/taj71/practic_ws/build/ur5_controller' returned '0': CMAKE_PREFIX_PATH=/opt/ros/iron /usr/bin/cmake --build /home/taj71/practic_ws/build/ur5_controller -- -j8 -l8
[0.251s] Invoking command in '/home/taj71/practic_ws/build/ur5_controller': CMAKE_PREFIX_PATH=/opt/ros/iron /usr/bin/cmake --install /home/taj71/practic_ws/build/ur5_controller
[0.307s] -- Install configuration: ""
[0.307s] -- Up-to-date: /home/taj71/practic_ws/install/ur5_controller/share/ur5_controller/config
[0.308s] -- Up-to-date: /home/taj71/practic_ws/install/ur5_controller/share/ur5_controller/config/ur5_controller.yaml
[0.309s] -- Up-to-date: /home/taj71/practic_ws/install/ur5_controller/share/ur5_controller/config/new.yaml:Zone.Identifier
[0.309s] -- Up-to-date: /home/taj71/practic_ws/install/ur5_controller/share/ur5_controller/config/new.yaml
[0.309s] -- Up-to-date: /home/taj71/practic_ws/install/ur5_controller/share/ur5_controller/config/ur5_controller.yaml:Zone.Identifier
[0.310s] -- Up-to-date: /home/taj71/practic_ws/install/ur5_controller/share/ur5_controller/launch
[0.310s] -- Up-to-date: /home/taj71/practic_ws/install/ur5_controller/share/ur5_controller/launch/controller.launch.py
[0.311s] -- Up-to-date: /home/taj71/practic_ws/install/ur5_controller/share/ur5_controller/launch/controller.launch.py:Zone.Identifier
[0.312s] -- Up-to-date: /home/taj71/practic_ws/install/ur5_controller/share/ament_index/resource_index/package_run_dependencies/ur5_controller
[0.312s] -- Up-to-date: /home/taj71/practic_ws/install/ur5_controller/share/ament_index/resource_index/parent_prefix_path/ur5_controller
[0.313s] -- Up-to-date: /home/taj71/practic_ws/install/ur5_controller/share/ur5_controller/environment/ament_prefix_path.sh
[0.315s] -- Up-to-date: /home/taj71/practic_ws/install/ur5_controller/share/ur5_controller/environment/ament_prefix_path.dsv
[0.318s] -- Up-to-date: /home/taj71/practic_ws/install/ur5_controller/share/ur5_controller/environment/path.sh
[0.319s] -- Up-to-date: /home/taj71/practic_ws/install/ur5_controller/share/ur5_controller/environment/path.dsv
[0.320s] -- Up-to-date: /home/taj71/practic_ws/install/ur5_controller/share/ur5_controller/local_setup.bash
[0.324s] -- Up-to-date: /home/taj71/practic_ws/install/ur5_controller/share/ur5_controller/local_setup.sh
[0.325s] -- Up-to-date: /home/taj71/practic_ws/install/ur5_controller/share/ur5_controller/local_setup.zsh
[0.326s] -- Up-to-date: /home/taj71/practic_ws/install/ur5_controller/share/ur5_controller/local_setup.dsv
[0.326s] -- Installing: /home/taj71/practic_ws/install/ur5_controller/share/ur5_controller/package.dsv
[0.327s] -- Up-to-date: /home/taj71/practic_ws/install/ur5_controller/share/ament_index/resource_index/packages/ur5_controller
[0.328s] -- Up-to-date: /home/taj71/practic_ws/install/ur5_controller/share/ur5_controller/cmake/ur5_controllerConfig.cmake
[0.328s] -- Up-to-date: /home/taj71/practic_ws/install/ur5_controller/share/ur5_controller/cmake/ur5_controllerConfig-version.cmake
[0.329s] -- Up-to-date: /home/taj71/practic_ws/install/ur5_controller/share/ur5_controller/package.xml
[0.401s] Invoked command in '/home/taj71/practic_ws/build/ur5_controller' returned '0': CMAKE_PREFIX_PATH=/opt/ros/iron /usr/bin/cmake --install /home/taj71/practic_ws/build/ur5_controller
