[0.546s] DEBUG:colcon:Command line arguments: ['/home/taj71/.local/bin/colcon', 'build']
[0.546s] DEBUG:colcon:Parsed command line arguments: Namespace(log_base=None, log_level=None, verb_name='build', build_base='build', install_base='install', merge_install=False, symlink_install=False, test_result_base=None, continue_on_error=False, executor='parallel', parallel_workers=8, event_handlers=None, ignore_user_meta=False, metas=['./colcon.meta'], base_paths=['.'], packages_ignore=None, packages_ignore_regex=None, paths=None, packages_up_to=None, packages_up_to_regex=None, packages_above=None, packages_above_and_dependencies=None, packages_above_depth=None, packages_select_by_dep=None, packages_skip_by_dep=None, packages_skip_up_to=None, packages_select_build_failed=False, packages_skip_build_finished=False, packages_select_test_failures=False, packages_skip_test_passed=False, packages_select=None, packages_skip=None, packages_select_regex=None, packages_skip_regex=None, packages_start=None, packages_end=None, allow_overriding=[], cmake_args=None, cmake_target=None, cmake_target_skip_unavailable=False, cmake_clean_cache=False, cmake_clean_first=False, cmake_force_configure=False, ament_cmake_args=None, catkin_cmake_args=None, catkin_skip_building_tests=False, mixin_files=None, mixin=None, verb_parser=<colcon_mixin.mixin.mixin_argument.MixinArgumentDecorator object at 0x7fc095d308b0>, verb_extension=<colcon_core.verb.build.BuildVerb object at 0x7fc095e49840>, main=<bound method BuildVerb.main of <colcon_core.verb.build.BuildVerb object at 0x7fc095e49840>>, mixin_verb=('build',))
[0.778s] Level 1:colcon.colcon_core.package_discovery:discover_packages(colcon_meta) check parameters
[0.778s] Level 1:colcon.colcon_core.package_discovery:discover_packages(recursive) check parameters
[0.778s] Level 1:colcon.colcon_core.package_discovery:discover_packages(ignore) check parameters
[0.778s] Level 1:colcon.colcon_core.package_discovery:discover_packages(path) check parameters
[0.778s] Level 1:colcon.colcon_core.package_discovery:discover_packages(colcon_meta) discover
[0.778s] Level 1:colcon.colcon_core.package_discovery:discover_packages(recursive) discover
[0.778s] INFO:colcon.colcon_core.package_discovery:Crawling recursively for packages in '/home/taj71/practic_ws'
[0.778s] Level 1:colcon.colcon_core.package_identification:_identify(.) by extensions ['ignore', 'ignore_ament_install']
[0.779s] Level 1:colcon.colcon_core.package_identification:_identify(.) by extension 'ignore'
[0.779s] Level 1:colcon.colcon_core.package_identification:_identify(.) by extension 'ignore_ament_install'
[0.779s] Level 1:colcon.colcon_core.package_identification:_identify(.) by extensions ['colcon_pkg']
[0.779s] Level 1:colcon.colcon_core.package_identification:_identify(.) by extension 'colcon_pkg'
[0.779s] Level 1:colcon.colcon_core.package_identification:_identify(.) by extensions ['colcon_meta']
[0.779s] Level 1:colcon.colcon_core.package_identification:_identify(.) by extension 'colcon_meta'
[0.779s] Level 1:colcon.colcon_core.package_identification:_identify(.) by extensions ['ros']
[0.779s] Level 1:colcon.colcon_core.package_identification:_identify(.) by extension 'ros'
[0.793s] Level 1:colcon.colcon_core.package_identification:_identify(.) by extensions ['cmake', 'python']
[0.793s] Level 1:colcon.colcon_core.package_identification:_identify(.) by extension 'cmake'
[0.793s] Level 1:colcon.colcon_core.package_identification:_identify(.) by extension 'python'
[0.793s] Level 1:colcon.colcon_core.package_identification:_identify(.) by extensions ['python_setup_py']
[0.793s] Level 1:colcon.colcon_core.package_identification:_identify(.) by extension 'python_setup_py'
[0.793s] Level 1:colcon.colcon_core.package_identification:_identify(build) by extensions ['ignore', 'ignore_ament_install']
[0.793s] Level 1:colcon.colcon_core.package_identification:_identify(build) by extension 'ignore'
[0.794s] Level 1:colcon.colcon_core.package_identification:_identify(build) ignored
[0.794s] Level 1:colcon.colcon_core.package_identification:_identify(install) by extensions ['ignore', 'ignore_ament_install']
[0.794s] Level 1:colcon.colcon_core.package_identification:_identify(install) by extension 'ignore'
[0.794s] Level 1:colcon.colcon_core.package_identification:_identify(install) ignored
[0.794s] Level 1:colcon.colcon_core.package_identification:_identify(log) by extensions ['ignore', 'ignore_ament_install']
[0.794s] Level 1:colcon.colcon_core.package_identification:_identify(log) by extension 'ignore'
[0.794s] Level 1:colcon.colcon_core.package_identification:_identify(log) ignored
[0.794s] Level 1:colcon.colcon_core.package_identification:_identify(src) by extensions ['ignore', 'ignore_ament_install']
[0.794s] Level 1:colcon.colcon_core.package_identification:_identify(src) by extension 'ignore'
[0.794s] Level 1:colcon.colcon_core.package_identification:_identify(src) by extension 'ignore_ament_install'
[0.794s] Level 1:colcon.colcon_core.package_identification:_identify(src) by extensions ['colcon_pkg']
[0.795s] Level 1:colcon.colcon_core.package_identification:_identify(src) by extension 'colcon_pkg'
[0.795s] Level 1:colcon.colcon_core.package_identification:_identify(src) by extensions ['colcon_meta']
[0.795s] Level 1:colcon.colcon_core.package_identification:_identify(src) by extension 'colcon_meta'
[0.795s] Level 1:colcon.colcon_core.package_identification:_identify(src) by extensions ['ros']
[0.795s] Level 1:colcon.colcon_core.package_identification:_identify(src) by extension 'ros'
[0.795s] Level 1:colcon.colcon_core.package_identification:_identify(src) by extensions ['cmake', 'python']
[0.795s] Level 1:colcon.colcon_core.package_identification:_identify(src) by extension 'cmake'
[0.795s] Level 1:colcon.colcon_core.package_identification:_identify(src) by extension 'python'
[0.795s] Level 1:colcon.colcon_core.package_identification:_identify(src) by extensions ['python_setup_py']
[0.795s] Level 1:colcon.colcon_core.package_identification:_identify(src) by extension 'python_setup_py'
[0.795s] Level 1:colcon.colcon_core.package_identification:_identify(src/build) by extensions ['ignore', 'ignore_ament_install']
[0.795s] Level 1:colcon.colcon_core.package_identification:_identify(src/build) by extension 'ignore'
[0.795s] Level 1:colcon.colcon_core.package_identification:_identify(src/build) ignored
[0.795s] Level 1:colcon.colcon_core.package_identification:_identify(src/install) by extensions ['ignore', 'ignore_ament_install']
[0.796s] Level 1:colcon.colcon_core.package_identification:_identify(src/install) by extension 'ignore'
[0.796s] Level 1:colcon.colcon_core.package_identification:_identify(src/install) ignored
[0.796s] Level 1:colcon.colcon_core.package_identification:_identify(src/log) by extensions ['ignore', 'ignore_ament_install']
[0.796s] Level 1:colcon.colcon_core.package_identification:_identify(src/log) by extension 'ignore'
[0.796s] Level 1:colcon.colcon_core.package_identification:_identify(src/log) ignored
[0.796s] Level 1:colcon.colcon_core.package_identification:_identify(src/robotiq_description) by extensions ['ignore', 'ignore_ament_install']
[0.796s] Level 1:colcon.colcon_core.package_identification:_identify(src/robotiq_description) by extension 'ignore'
[0.796s] Level 1:colcon.colcon_core.package_identification:_identify(src/robotiq_description) by extension 'ignore_ament_install'
[0.796s] Level 1:colcon.colcon_core.package_identification:_identify(src/robotiq_description) by extensions ['colcon_pkg']
[0.796s] Level 1:colcon.colcon_core.package_identification:_identify(src/robotiq_description) by extension 'colcon_pkg'
[0.796s] Level 1:colcon.colcon_core.package_identification:_identify(src/robotiq_description) by extensions ['colcon_meta']
[0.796s] Level 1:colcon.colcon_core.package_identification:_identify(src/robotiq_description) by extension 'colcon_meta'
[0.796s] Level 1:colcon.colcon_core.package_identification:_identify(src/robotiq_description) by extensions ['ros']
[0.796s] Level 1:colcon.colcon_core.package_identification:_identify(src/robotiq_description) by extension 'ros'
[0.800s] DEBUG:colcon.colcon_core.package_identification:Package 'src/robotiq_description' with type 'ros.ament_cmake' and name 'robotiq_description'
[0.800s] Level 1:colcon.colcon_core.package_identification:_identify(src/ur5_controller) by extensions ['ignore', 'ignore_ament_install']
[0.800s] Level 1:colcon.colcon_core.package_identification:_identify(src/ur5_controller) by extension 'ignore'
[0.800s] Level 1:colcon.colcon_core.package_identification:_identify(src/ur5_controller) by extension 'ignore_ament_install'
[0.800s] Level 1:colcon.colcon_core.package_identification:_identify(src/ur5_controller) by extensions ['colcon_pkg']
[0.800s] Level 1:colcon.colcon_core.package_identification:_identify(src/ur5_controller) by extension 'colcon_pkg'
[0.800s] Level 1:colcon.colcon_core.package_identification:_identify(src/ur5_controller) by extensions ['colcon_meta']
[0.800s] Level 1:colcon.colcon_core.package_identification:_identify(src/ur5_controller) by extension 'colcon_meta'
[0.801s] Level 1:colcon.colcon_core.package_identification:_identify(src/ur5_controller) by extensions ['ros']
[0.801s] Level 1:colcon.colcon_core.package_identification:_identify(src/ur5_controller) by extension 'ros'
[0.801s] DEBUG:colcon.colcon_core.package_identification:Package 'src/ur5_controller' with type 'ros.ament_cmake' and name 'ur5_controller'
[0.801s] Level 1:colcon.colcon_core.package_identification:_identify(src/ur5_gripper_moveit_config) by extensions ['ignore', 'ignore_ament_install']
[0.802s] Level 1:colcon.colcon_core.package_identification:_identify(src/ur5_gripper_moveit_config) by extension 'ignore'
[0.802s] Level 1:colcon.colcon_core.package_identification:_identify(src/ur5_gripper_moveit_config) by extension 'ignore_ament_install'
[0.802s] Level 1:colcon.colcon_core.package_identification:_identify(src/ur5_gripper_moveit_config) by extensions ['colcon_pkg']
[0.802s] Level 1:colcon.colcon_core.package_identification:_identify(src/ur5_gripper_moveit_config) by extension 'colcon_pkg'
[0.802s] Level 1:colcon.colcon_core.package_identification:_identify(src/ur5_gripper_moveit_config) by extensions ['colcon_meta']
[0.802s] Level 1:colcon.colcon_core.package_identification:_identify(src/ur5_gripper_moveit_config) by extension 'colcon_meta'
[0.802s] Level 1:colcon.colcon_core.package_identification:_identify(src/ur5_gripper_moveit_config) by extensions ['ros']
[0.802s] Level 1:colcon.colcon_core.package_identification:_identify(src/ur5_gripper_moveit_config) by extension 'ros'
[0.803s] DEBUG:colcon.colcon_core.package_identification:Package 'src/ur5_gripper_moveit_config' with type 'ros.ament_cmake' and name 'ur5_gripper_moveit_config'
[0.803s] Level 1:colcon.colcon_core.package_identification:_identify(src/ur5_robot_description) by extensions ['ignore', 'ignore_ament_install']
[0.803s] Level 1:colcon.colcon_core.package_identification:_identify(src/ur5_robot_description) by extension 'ignore'
[0.804s] Level 1:colcon.colcon_core.package_identification:_identify(src/ur5_robot_description) by extension 'ignore_ament_install'
[0.804s] Level 1:colcon.colcon_core.package_identification:_identify(src/ur5_robot_description) by extensions ['colcon_pkg']
[0.804s] Level 1:colcon.colcon_core.package_identification:_identify(src/ur5_robot_description) by extension 'colcon_pkg'
[0.804s] Level 1:colcon.colcon_core.package_identification:_identify(src/ur5_robot_description) by extensions ['colcon_meta']
[0.804s] Level 1:colcon.colcon_core.package_identification:_identify(src/ur5_robot_description) by extension 'colcon_meta'
[0.804s] Level 1:colcon.colcon_core.package_identification:_identify(src/ur5_robot_description) by extensions ['ros']
[0.804s] Level 1:colcon.colcon_core.package_identification:_identify(src/ur5_robot_description) by extension 'ros'
[0.807s] DEBUG:colcon.colcon_core.package_identification:Package 'src/ur5_robot_description' with type 'ros.ament_cmake' and name 'ur5_robot_description'
[0.807s] Level 1:colcon.colcon_core.package_discovery:discover_packages(recursive) using defaults
[0.807s] Level 1:colcon.colcon_core.package_discovery:discover_packages(ignore) discover
[0.807s] Level 1:colcon.colcon_core.package_discovery:discover_packages(ignore) using defaults
[0.807s] Level 1:colcon.colcon_core.package_discovery:discover_packages(path) discover
[0.808s] Level 1:colcon.colcon_core.package_discovery:discover_packages(path) using defaults
[0.848s] Level 1:colcon.colcon_core.package_discovery:discover_packages(prefix_path) check parameters
[0.848s] Level 1:colcon.colcon_core.package_discovery:discover_packages(prefix_path) discover
[0.850s] DEBUG:colcon.colcon_installed_package_information.package_discovery:Found 4 installed packages in /home/taj71/practic_ws/install
[0.852s] DEBUG:colcon.colcon_installed_package_information.package_discovery:Found 413 installed packages in /opt/ros/iron
[0.855s] Level 1:colcon.colcon_core.package_discovery:discover_packages(prefix_path) using defaults
[0.926s] Level 5:colcon.colcon_core.verb:set package 'robotiq_description' build argument 'cmake_args' from command line to 'None'
[0.927s] Level 5:colcon.colcon_core.verb:set package 'robotiq_description' build argument 'cmake_target' from command line to 'None'
[0.927s] Level 5:colcon.colcon_core.verb:set package 'robotiq_description' build argument 'cmake_target_skip_unavailable' from command line to 'False'
[0.927s] Level 5:colcon.colcon_core.verb:set package 'robotiq_description' build argument 'cmake_clean_cache' from command line to 'False'
[0.927s] Level 5:colcon.colcon_core.verb:set package 'robotiq_description' build argument 'cmake_clean_first' from command line to 'False'
[0.927s] Level 5:colcon.colcon_core.verb:set package 'robotiq_description' build argument 'cmake_force_configure' from command line to 'False'
[0.927s] Level 5:colcon.colcon_core.verb:set package 'robotiq_description' build argument 'ament_cmake_args' from command line to 'None'
[0.927s] Level 5:colcon.colcon_core.verb:set package 'robotiq_description' build argument 'catkin_cmake_args' from command line to 'None'
[0.927s] Level 5:colcon.colcon_core.verb:set package 'robotiq_description' build argument 'catkin_skip_building_tests' from command line to 'False'
[0.927s] DEBUG:colcon.colcon_core.verb:Building package 'robotiq_description' with the following arguments: {'ament_cmake_args': None, 'build_base': '/home/taj71/practic_ws/build/robotiq_description', 'catkin_cmake_args': None, 'catkin_skip_building_tests': False, 'cmake_args': None, 'cmake_clean_cache': False, 'cmake_clean_first': False, 'cmake_force_configure': False, 'cmake_target': None, 'cmake_target_skip_unavailable': False, 'install_base': '/home/taj71/practic_ws/install/robotiq_description', 'merge_install': False, 'path': '/home/taj71/practic_ws/src/robotiq_description', 'symlink_install': False, 'test_result_base': None}
[0.927s] Level 5:colcon.colcon_core.verb:set package 'ur5_controller' build argument 'cmake_args' from command line to 'None'
[0.927s] Level 5:colcon.colcon_core.verb:set package 'ur5_controller' build argument 'cmake_target' from command line to 'None'
[0.927s] Level 5:colcon.colcon_core.verb:set package 'ur5_controller' build argument 'cmake_target_skip_unavailable' from command line to 'False'
[0.927s] Level 5:colcon.colcon_core.verb:set package 'ur5_controller' build argument 'cmake_clean_cache' from command line to 'False'
[0.927s] Level 5:colcon.colcon_core.verb:set package 'ur5_controller' build argument 'cmake_clean_first' from command line to 'False'
[0.928s] Level 5:colcon.colcon_core.verb:set package 'ur5_controller' build argument 'cmake_force_configure' from command line to 'False'
[0.928s] Level 5:colcon.colcon_core.verb:set package 'ur5_controller' build argument 'ament_cmake_args' from command line to 'None'
[0.928s] Level 5:colcon.colcon_core.verb:set package 'ur5_controller' build argument 'catkin_cmake_args' from command line to 'None'
[0.928s] Level 5:colcon.colcon_core.verb:set package 'ur5_controller' build argument 'catkin_skip_building_tests' from command line to 'False'
[0.928s] DEBUG:colcon.colcon_core.verb:Building package 'ur5_controller' with the following arguments: {'ament_cmake_args': None, 'build_base': '/home/taj71/practic_ws/build/ur5_controller', 'catkin_cmake_args': None, 'catkin_skip_building_tests': False, 'cmake_args': None, 'cmake_clean_cache': False, 'cmake_clean_first': False, 'cmake_force_configure': False, 'cmake_target': None, 'cmake_target_skip_unavailable': False, 'install_base': '/home/taj71/practic_ws/install/ur5_controller', 'merge_install': False, 'path': '/home/taj71/practic_ws/src/ur5_controller', 'symlink_install': False, 'test_result_base': None}
[0.928s] Level 5:colcon.colcon_core.verb:set package 'ur5_robot_description' build argument 'cmake_args' from command line to 'None'
[0.928s] Level 5:colcon.colcon_core.verb:set package 'ur5_robot_description' build argument 'cmake_target' from command line to 'None'
[0.928s] Level 5:colcon.colcon_core.verb:set package 'ur5_robot_description' build argument 'cmake_target_skip_unavailable' from command line to 'False'
[0.928s] Level 5:colcon.colcon_core.verb:set package 'ur5_robot_description' build argument 'cmake_clean_cache' from command line to 'False'
[0.928s] Level 5:colcon.colcon_core.verb:set package 'ur5_robot_description' build argument 'cmake_clean_first' from command line to 'False'
[0.928s] Level 5:colcon.colcon_core.verb:set package 'ur5_robot_description' build argument 'cmake_force_configure' from command line to 'False'
[0.928s] Level 5:colcon.colcon_core.verb:set package 'ur5_robot_description' build argument 'ament_cmake_args' from command line to 'None'
[0.928s] Level 5:colcon.colcon_core.verb:set package 'ur5_robot_description' build argument 'catkin_cmake_args' from command line to 'None'
[0.928s] Level 5:colcon.colcon_core.verb:set package 'ur5_robot_description' build argument 'catkin_skip_building_tests' from command line to 'False'
[0.928s] DEBUG:colcon.colcon_core.verb:Building package 'ur5_robot_description' with the following arguments: {'ament_cmake_args': None, 'build_base': '/home/taj71/practic_ws/build/ur5_robot_description', 'catkin_cmake_args': None, 'catkin_skip_building_tests': False, 'cmake_args': None, 'cmake_clean_cache': False, 'cmake_clean_first': False, 'cmake_force_configure': False, 'cmake_target': None, 'cmake_target_skip_unavailable': False, 'install_base': '/home/taj71/practic_ws/install/ur5_robot_description', 'merge_install': False, 'path': '/home/taj71/practic_ws/src/ur5_robot_description', 'symlink_install': False, 'test_result_base': None}
[0.929s] Level 5:colcon.colcon_core.verb:set package 'ur5_gripper_moveit_config' build argument 'cmake_args' from command line to 'None'
[0.929s] Level 5:colcon.colcon_core.verb:set package 'ur5_gripper_moveit_config' build argument 'cmake_target' from command line to 'None'
[0.929s] Level 5:colcon.colcon_core.verb:set package 'ur5_gripper_moveit_config' build argument 'cmake_target_skip_unavailable' from command line to 'False'
[0.929s] Level 5:colcon.colcon_core.verb:set package 'ur5_gripper_moveit_config' build argument 'cmake_clean_cache' from command line to 'False'
[0.929s] Level 5:colcon.colcon_core.verb:set package 'ur5_gripper_moveit_config' build argument 'cmake_clean_first' from command line to 'False'
[0.929s] Level 5:colcon.colcon_core.verb:set package 'ur5_gripper_moveit_config' build argument 'cmake_force_configure' from command line to 'False'
[0.929s] Level 5:colcon.colcon_core.verb:set package 'ur5_gripper_moveit_config' build argument 'ament_cmake_args' from command line to 'None'
[0.929s] Level 5:colcon.colcon_core.verb:set package 'ur5_gripper_moveit_config' build argument 'catkin_cmake_args' from command line to 'None'
[0.929s] Level 5:colcon.colcon_core.verb:set package 'ur5_gripper_moveit_config' build argument 'catkin_skip_building_tests' from command line to 'False'
[0.929s] DEBUG:colcon.colcon_core.verb:Building package 'ur5_gripper_moveit_config' with the following arguments: {'ament_cmake_args': None, 'build_base': '/home/taj71/practic_ws/build/ur5_gripper_moveit_config', 'catkin_cmake_args': None, 'catkin_skip_building_tests': False, 'cmake_args': None, 'cmake_clean_cache': False, 'cmake_clean_first': False, 'cmake_force_configure': False, 'cmake_target': None, 'cmake_target_skip_unavailable': False, 'install_base': '/home/taj71/practic_ws/install/ur5_gripper_moveit_config', 'merge_install': False, 'path': '/home/taj71/practic_ws/src/ur5_gripper_moveit_config', 'symlink_install': False, 'test_result_base': None}
[0.929s] INFO:colcon.colcon_core.executor:Executing jobs using 'parallel' executor
[0.931s] DEBUG:colcon.colcon_parallel_executor.executor.parallel:run_until_complete
[0.932s] INFO:colcon.colcon_ros.task.ament_cmake.build:Building ROS package in '/home/taj71/practic_ws/src/ur5_robot_description' with build type 'ament_cmake'
[0.932s] INFO:colcon.colcon_cmake.task.cmake.build:Building CMake package in '/home/taj71/practic_ws/src/ur5_robot_description'
[0.937s] INFO:colcon.colcon_core.plugin_system:Skipping extension 'colcon_core.shell.bat': Not used on non-Windows systems
[0.937s] INFO:colcon.colcon_core.shell:Skip shell extension 'powershell' for command environment: Not usable outside of PowerShell
[0.937s] DEBUG:colcon.colcon_core.shell:Skip shell extension 'dsv' for command environment
[0.943s] INFO:colcon.colcon_ros.task.ament_cmake.build:Building ROS package in '/home/taj71/practic_ws/src/robotiq_description' with build type 'ament_cmake'
[0.944s] INFO:colcon.colcon_cmake.task.cmake.build:Building CMake package in '/home/taj71/practic_ws/src/robotiq_description'
[0.945s] INFO:colcon.colcon_core.shell:Skip shell extension 'powershell' for command environment: Not usable outside of PowerShell
[0.945s] DEBUG:colcon.colcon_core.shell:Skip shell extension 'dsv' for command environment
[0.950s] INFO:colcon.colcon_ros.task.ament_cmake.build:Building ROS package in '/home/taj71/practic_ws/src/ur5_controller' with build type 'ament_cmake'
[0.951s] INFO:colcon.colcon_cmake.task.cmake.build:Building CMake package in '/home/taj71/practic_ws/src/ur5_controller'
[0.951s] INFO:colcon.colcon_core.shell:Skip shell extension 'powershell' for command environment: Not usable outside of PowerShell
[0.951s] DEBUG:colcon.colcon_core.shell:Skip shell extension 'dsv' for command environment
[0.968s] DEBUG:colcon.colcon_core.event_handler.log_command:Invoking command in '/home/taj71/practic_ws/build/ur5_robot_description': CMAKE_PREFIX_PATH=${CMAKE_PREFIX_PATH}:/opt/ros/iron /usr/bin/cmake --build /home/taj71/practic_ws/build/ur5_robot_description -- -j8 -l8
[0.980s] DEBUG:colcon.colcon_core.event_handler.log_command:Invoking command in '/home/taj71/practic_ws/build/robotiq_description': CMAKE_PREFIX_PATH=${CMAKE_PREFIX_PATH}:/opt/ros/iron /usr/bin/cmake --build /home/taj71/practic_ws/build/robotiq_description -- -j8 -l8
[0.988s] DEBUG:colcon.colcon_core.event_handler.log_command:Invoking command in '/home/taj71/practic_ws/build/ur5_controller': CMAKE_PREFIX_PATH=${CMAKE_PREFIX_PATH}:/opt/ros/iron /usr/bin/cmake --build /home/taj71/practic_ws/build/ur5_controller -- -j8 -l8
[1.015s] DEBUG:colcon.colcon_core.event_handler.log_command:Invoked command in '/home/taj71/practic_ws/build/ur5_robot_description' returned '0': CMAKE_PREFIX_PATH=${CMAKE_PREFIX_PATH}:/opt/ros/iron /usr/bin/cmake --build /home/taj71/practic_ws/build/ur5_robot_description -- -j8 -l8
[1.027s] DEBUG:colcon.colcon_core.event_handler.log_command:Invoking command in '/home/taj71/practic_ws/build/ur5_robot_description': CMAKE_PREFIX_PATH=${CMAKE_PREFIX_PATH}:/opt/ros/iron /usr/bin/cmake --install /home/taj71/practic_ws/build/ur5_robot_description
[1.032s] DEBUG:colcon.colcon_core.event_handler.log_command:Invoked command in '/home/taj71/practic_ws/build/robotiq_description' returned '0': CMAKE_PREFIX_PATH=${CMAKE_PREFIX_PATH}:/opt/ros/iron /usr/bin/cmake --build /home/taj71/practic_ws/build/robotiq_description -- -j8 -l8
[1.037s] DEBUG:colcon.colcon_core.event_handler.log_command:Invoking command in '/home/taj71/practic_ws/build/robotiq_description': CMAKE_PREFIX_PATH=${CMAKE_PREFIX_PATH}:/opt/ros/iron /usr/bin/cmake --install /home/taj71/practic_ws/build/robotiq_description
[1.068s] DEBUG:colcon.colcon_core.event_handler.log_command:Invoked command in '/home/taj71/practic_ws/build/ur5_controller' returned '0': CMAKE_PREFIX_PATH=${CMAKE_PREFIX_PATH}:/opt/ros/iron /usr/bin/cmake --build /home/taj71/practic_ws/build/ur5_controller -- -j8 -l8
[1.069s] DEBUG:colcon.colcon_core.event_handler.log_command:Invoking command in '/home/taj71/practic_ws/build/ur5_controller': CMAKE_PREFIX_PATH=${CMAKE_PREFIX_PATH}:/opt/ros/iron /usr/bin/cmake --install /home/taj71/practic_ws/build/ur5_controller
[1.080s] Level 1:colcon.colcon_core.environment:create_environment_scripts_only(ur5_robot_description)
[1.102s] DEBUG:colcon.colcon_core.event_handler.log_command:Invoked command in '/home/taj71/practic_ws/build/ur5_robot_description' returned '0': CMAKE_PREFIX_PATH=${CMAKE_PREFIX_PATH}:/opt/ros/iron /usr/bin/cmake --install /home/taj71/practic_ws/build/ur5_robot_description
[1.105s] Level 1:colcon.colcon_core.environment:checking '/home/taj71/practic_ws/install/ur5_robot_description' for CMake module files
[1.105s] Level 1:colcon.colcon_core.environment:checking '/home/taj71/practic_ws/install/ur5_robot_description' for CMake config files
[1.106s] Level 1:colcon.colcon_core.shell:create_environment_hook('ur5_robot_description', 'cmake_prefix_path')
[1.106s] INFO:colcon.colcon_core.shell:Creating environment hook '/home/taj71/practic_ws/install/ur5_robot_description/share/ur5_robot_description/hook/cmake_prefix_path.ps1'
[1.107s] INFO:colcon.colcon_core.shell:Creating environment descriptor '/home/taj71/practic_ws/install/ur5_robot_description/share/ur5_robot_description/hook/cmake_prefix_path.dsv'
[1.107s] INFO:colcon.colcon_core.shell:Creating environment hook '/home/taj71/practic_ws/install/ur5_robot_description/share/ur5_robot_description/hook/cmake_prefix_path.sh'
[1.108s] Level 1:colcon.colcon_core.environment:checking '/home/taj71/practic_ws/install/ur5_robot_description/bin'
[1.108s] Level 1:colcon.colcon_core.environment:checking '/home/taj71/practic_ws/install/ur5_robot_description/lib/pkgconfig/ur5_robot_description.pc'
[1.109s] Level 1:colcon.colcon_core.environment:checking '/home/taj71/practic_ws/install/ur5_robot_description/lib/python3.10/site-packages'
[1.109s] Level 1:colcon.colcon_core.environment:checking '/home/taj71/practic_ws/install/ur5_robot_description/bin'
[1.109s] INFO:colcon.colcon_core.shell:Creating package script '/home/taj71/practic_ws/install/ur5_robot_description/share/ur5_robot_description/package.ps1'
[1.110s] INFO:colcon.colcon_core.shell:Creating package descriptor '/home/taj71/practic_ws/install/ur5_robot_description/share/ur5_robot_description/package.dsv'
[1.111s] INFO:colcon.colcon_core.shell:Creating package script '/home/taj71/practic_ws/install/ur5_robot_description/share/ur5_robot_description/package.sh'
[1.113s] INFO:colcon.colcon_core.shell:Creating package script '/home/taj71/practic_ws/install/ur5_robot_description/share/ur5_robot_description/package.bash'
[1.114s] INFO:colcon.colcon_core.shell:Creating package script '/home/taj71/practic_ws/install/ur5_robot_description/share/ur5_robot_description/package.zsh'
[1.115s] Level 1:colcon.colcon_core.environment:create_file_with_runtime_dependencies(/home/taj71/practic_ws/install/ur5_robot_description/share/colcon-core/packages/ur5_robot_description)
[1.115s] Level 1:colcon.colcon_core.environment:create_environment_scripts_only(ur5_robot_description)
[1.116s] Level 1:colcon.colcon_core.environment:checking '/home/taj71/practic_ws/install/ur5_robot_description' for CMake module files
[1.116s] Level 1:colcon.colcon_core.environment:checking '/home/taj71/practic_ws/install/ur5_robot_description' for CMake config files
[1.117s] Level 1:colcon.colcon_core.shell:create_environment_hook('ur5_robot_description', 'cmake_prefix_path')
[1.117s] INFO:colcon.colcon_core.shell:Creating environment hook '/home/taj71/practic_ws/install/ur5_robot_description/share/ur5_robot_description/hook/cmake_prefix_path.ps1'
[1.117s] INFO:colcon.colcon_core.shell:Creating environment descriptor '/home/taj71/practic_ws/install/ur5_robot_description/share/ur5_robot_description/hook/cmake_prefix_path.dsv'
[1.118s] INFO:colcon.colcon_core.shell:Creating environment hook '/home/taj71/practic_ws/install/ur5_robot_description/share/ur5_robot_description/hook/cmake_prefix_path.sh'
[1.118s] Level 1:colcon.colcon_core.environment:checking '/home/taj71/practic_ws/install/ur5_robot_description/bin'
[1.118s] Level 1:colcon.colcon_core.environment:checking '/home/taj71/practic_ws/install/ur5_robot_description/lib/pkgconfig/ur5_robot_description.pc'
[1.119s] Level 1:colcon.colcon_core.environment:checking '/home/taj71/practic_ws/install/ur5_robot_description/lib/python3.10/site-packages'
[1.119s] Level 1:colcon.colcon_core.environment:checking '/home/taj71/practic_ws/install/ur5_robot_description/bin'
[1.119s] INFO:colcon.colcon_core.shell:Creating package script '/home/taj71/practic_ws/install/ur5_robot_description/share/ur5_robot_description/package.ps1'
[1.120s] INFO:colcon.colcon_core.shell:Creating package descriptor '/home/taj71/practic_ws/install/ur5_robot_description/share/ur5_robot_description/package.dsv'
[1.120s] INFO:colcon.colcon_core.shell:Creating package script '/home/taj71/practic_ws/install/ur5_robot_description/share/ur5_robot_description/package.sh'
[1.121s] INFO:colcon.colcon_core.shell:Creating package script '/home/taj71/practic_ws/install/ur5_robot_description/share/ur5_robot_description/package.bash'
[1.122s] INFO:colcon.colcon_core.shell:Creating package script '/home/taj71/practic_ws/install/ur5_robot_description/share/ur5_robot_description/package.zsh'
[1.122s] Level 1:colcon.colcon_core.environment:create_file_with_runtime_dependencies(/home/taj71/practic_ws/install/ur5_robot_description/share/colcon-core/packages/ur5_robot_description)
[1.123s] Level 1:colcon.colcon_core.environment:create_environment_scripts_only(robotiq_description)
[1.123s] Level 1:colcon.colcon_core.environment:checking '/home/taj71/practic_ws/install/robotiq_description' for CMake module files
[1.126s] Level 1:colcon.colcon_core.environment:checking '/home/taj71/practic_ws/install/robotiq_description' for CMake config files
[1.128s] DEBUG:colcon.colcon_core.event_handler.log_command:Invoked command in '/home/taj71/practic_ws/build/robotiq_description' returned '0': CMAKE_PREFIX_PATH=${CMAKE_PREFIX_PATH}:/opt/ros/iron /usr/bin/cmake --install /home/taj71/practic_ws/build/robotiq_description
[1.128s] Level 1:colcon.colcon_core.shell:create_environment_hook('robotiq_description', 'cmake_prefix_path')
[1.129s] INFO:colcon.colcon_core.shell:Creating environment hook '/home/taj71/practic_ws/install/robotiq_description/share/robotiq_description/hook/cmake_prefix_path.ps1'
[1.130s] INFO:colcon.colcon_core.shell:Creating environment descriptor '/home/taj71/practic_ws/install/robotiq_description/share/robotiq_description/hook/cmake_prefix_path.dsv'
[1.130s] INFO:colcon.colcon_core.shell:Creating environment hook '/home/taj71/practic_ws/install/robotiq_description/share/robotiq_description/hook/cmake_prefix_path.sh'
[1.132s] Level 1:colcon.colcon_core.environment:checking '/home/taj71/practic_ws/install/robotiq_description/bin'
[1.132s] Level 1:colcon.colcon_core.environment:checking '/home/taj71/practic_ws/install/robotiq_description/lib/pkgconfig/robotiq_description.pc'
[1.132s] Level 1:colcon.colcon_core.environment:checking '/home/taj71/practic_ws/install/robotiq_description/lib/python3.10/site-packages'
[1.133s] Level 1:colcon.colcon_core.environment:checking '/home/taj71/practic_ws/install/robotiq_description/bin'
[1.133s] INFO:colcon.colcon_core.shell:Creating package script '/home/taj71/practic_ws/install/robotiq_description/share/robotiq_description/package.ps1'
[1.134s] INFO:colcon.colcon_core.shell:Creating package descriptor '/home/taj71/practic_ws/install/robotiq_description/share/robotiq_description/package.dsv'
[1.135s] INFO:colcon.colcon_core.shell:Creating package script '/home/taj71/practic_ws/install/robotiq_description/share/robotiq_description/package.sh'
[1.135s] INFO:colcon.colcon_core.shell:Creating package script '/home/taj71/practic_ws/install/robotiq_description/share/robotiq_description/package.bash'
[1.135s] INFO:colcon.colcon_core.shell:Creating package script '/home/taj71/practic_ws/install/robotiq_description/share/robotiq_description/package.zsh'
[1.136s] Level 1:colcon.colcon_core.environment:create_file_with_runtime_dependencies(/home/taj71/practic_ws/install/robotiq_description/share/colcon-core/packages/robotiq_description)
[1.137s] Level 1:colcon.colcon_core.environment:create_environment_scripts_only(robotiq_description)
[1.137s] Level 1:colcon.colcon_core.environment:checking '/home/taj71/practic_ws/install/robotiq_description' for CMake module files
[1.137s] Level 1:colcon.colcon_core.environment:checking '/home/taj71/practic_ws/install/robotiq_description' for CMake config files
[1.138s] Level 1:colcon.colcon_core.shell:create_environment_hook('robotiq_description', 'cmake_prefix_path')
[1.138s] INFO:colcon.colcon_core.shell:Creating environment hook '/home/taj71/practic_ws/install/robotiq_description/share/robotiq_description/hook/cmake_prefix_path.ps1'
[1.139s] INFO:colcon.colcon_core.shell:Creating environment descriptor '/home/taj71/practic_ws/install/robotiq_description/share/robotiq_description/hook/cmake_prefix_path.dsv'
[1.139s] INFO:colcon.colcon_core.shell:Creating environment hook '/home/taj71/practic_ws/install/robotiq_description/share/robotiq_description/hook/cmake_prefix_path.sh'
[1.140s] Level 1:colcon.colcon_core.environment:checking '/home/taj71/practic_ws/install/robotiq_description/bin'
[1.140s] Level 1:colcon.colcon_core.environment:checking '/home/taj71/practic_ws/install/robotiq_description/lib/pkgconfig/robotiq_description.pc'
[1.141s] Level 1:colcon.colcon_core.environment:checking '/home/taj71/practic_ws/install/robotiq_description/lib/python3.10/site-packages'
[1.141s] Level 1:colcon.colcon_core.environment:checking '/home/taj71/practic_ws/install/robotiq_description/bin'
[1.141s] INFO:colcon.colcon_core.shell:Creating package script '/home/taj71/practic_ws/install/robotiq_description/share/robotiq_description/package.ps1'
[1.142s] INFO:colcon.colcon_core.shell:Creating package descriptor '/home/taj71/practic_ws/install/robotiq_description/share/robotiq_description/package.dsv'
[1.143s] INFO:colcon.colcon_core.shell:Creating package script '/home/taj71/practic_ws/install/robotiq_description/share/robotiq_description/package.sh'
[1.143s] INFO:colcon.colcon_core.shell:Creating package script '/home/taj71/practic_ws/install/robotiq_description/share/robotiq_description/package.bash'
[1.144s] INFO:colcon.colcon_core.shell:Creating package script '/home/taj71/practic_ws/install/robotiq_description/share/robotiq_description/package.zsh'
[1.144s] Level 1:colcon.colcon_core.environment:create_file_with_runtime_dependencies(/home/taj71/practic_ws/install/robotiq_description/share/colcon-core/packages/robotiq_description)
[1.146s] INFO:colcon.colcon_ros.task.ament_cmake.build:Building ROS package in '/home/taj71/practic_ws/src/ur5_gripper_moveit_config' with build type 'ament_cmake'
[1.146s] INFO:colcon.colcon_cmake.task.cmake.build:Building CMake package in '/home/taj71/practic_ws/src/ur5_gripper_moveit_config'
[1.146s] INFO:colcon.colcon_core.shell:Skip shell extension 'powershell' for command environment: Not usable outside of PowerShell
[1.146s] DEBUG:colcon.colcon_core.shell:Skip shell extension 'dsv' for command environment
[1.156s] Level 1:colcon.colcon_core.environment:create_environment_scripts_only(ur5_controller)
[1.157s] Level 1:colcon.colcon_core.environment:checking '/home/taj71/practic_ws/install/ur5_controller' for CMake module files
[1.159s] DEBUG:colcon.colcon_core.event_handler.log_command:Invoked command in '/home/taj71/practic_ws/build/ur5_controller' returned '0': CMAKE_PREFIX_PATH=${CMAKE_PREFIX_PATH}:/opt/ros/iron /usr/bin/cmake --install /home/taj71/practic_ws/build/ur5_controller
[1.160s] Level 1:colcon.colcon_core.environment:checking '/home/taj71/practic_ws/install/ur5_controller' for CMake config files
[1.160s] Level 1:colcon.colcon_core.shell:create_environment_hook('ur5_controller', 'cmake_prefix_path')
[1.160s] INFO:colcon.colcon_core.shell:Creating environment hook '/home/taj71/practic_ws/install/ur5_controller/share/ur5_controller/hook/cmake_prefix_path.ps1'
[1.161s] INFO:colcon.colcon_core.shell:Creating environment descriptor '/home/taj71/practic_ws/install/ur5_controller/share/ur5_controller/hook/cmake_prefix_path.dsv'
[1.162s] INFO:colcon.colcon_core.shell:Creating environment hook '/home/taj71/practic_ws/install/ur5_controller/share/ur5_controller/hook/cmake_prefix_path.sh'
[1.163s] Level 1:colcon.colcon_core.environment:checking '/home/taj71/practic_ws/install/ur5_controller/bin'
[1.163s] Level 1:colcon.colcon_core.environment:checking '/home/taj71/practic_ws/install/ur5_controller/lib/pkgconfig/ur5_controller.pc'
[1.163s] Level 1:colcon.colcon_core.environment:checking '/home/taj71/practic_ws/install/ur5_controller/lib/python3.10/site-packages'
[1.164s] Level 1:colcon.colcon_core.environment:checking '/home/taj71/practic_ws/install/ur5_controller/bin'
[1.164s] INFO:colcon.colcon_core.shell:Creating package script '/home/taj71/practic_ws/install/ur5_controller/share/ur5_controller/package.ps1'
[1.165s] INFO:colcon.colcon_core.shell:Creating package descriptor '/home/taj71/practic_ws/install/ur5_controller/share/ur5_controller/package.dsv'
[1.166s] INFO:colcon.colcon_core.shell:Creating package script '/home/taj71/practic_ws/install/ur5_controller/share/ur5_controller/package.sh'
[1.166s] INFO:colcon.colcon_core.shell:Creating package script '/home/taj71/practic_ws/install/ur5_controller/share/ur5_controller/package.bash'
[1.168s] INFO:colcon.colcon_core.shell:Creating package script '/home/taj71/practic_ws/install/ur5_controller/share/ur5_controller/package.zsh'
[1.169s] Level 1:colcon.colcon_core.environment:create_file_with_runtime_dependencies(/home/taj71/practic_ws/install/ur5_controller/share/colcon-core/packages/ur5_controller)
[1.170s] Level 1:colcon.colcon_core.environment:create_environment_scripts_only(ur5_controller)
[1.171s] Level 1:colcon.colcon_core.environment:checking '/home/taj71/practic_ws/install/ur5_controller' for CMake module files
[1.172s] Level 1:colcon.colcon_core.environment:checking '/home/taj71/practic_ws/install/ur5_controller' for CMake config files
[1.173s] Level 1:colcon.colcon_core.shell:create_environment_hook('ur5_controller', 'cmake_prefix_path')
[1.173s] INFO:colcon.colcon_core.shell:Creating environment hook '/home/taj71/practic_ws/install/ur5_controller/share/ur5_controller/hook/cmake_prefix_path.ps1'
[1.174s] INFO:colcon.colcon_core.shell:Creating environment descriptor '/home/taj71/practic_ws/install/ur5_controller/share/ur5_controller/hook/cmake_prefix_path.dsv'
[1.175s] INFO:colcon.colcon_core.shell:Creating environment hook '/home/taj71/practic_ws/install/ur5_controller/share/ur5_controller/hook/cmake_prefix_path.sh'
[1.175s] Level 1:colcon.colcon_core.environment:checking '/home/taj71/practic_ws/install/ur5_controller/bin'
[1.176s] Level 1:colcon.colcon_core.environment:checking '/home/taj71/practic_ws/install/ur5_controller/lib/pkgconfig/ur5_controller.pc'
[1.176s] Level 1:colcon.colcon_core.environment:checking '/home/taj71/practic_ws/install/ur5_controller/lib/python3.10/site-packages'
[1.176s] Level 1:colcon.colcon_core.environment:checking '/home/taj71/practic_ws/install/ur5_controller/bin'
[1.177s] INFO:colcon.colcon_core.shell:Creating package script '/home/taj71/practic_ws/install/ur5_controller/share/ur5_controller/package.ps1'
[1.177s] INFO:colcon.colcon_core.shell:Creating package descriptor '/home/taj71/practic_ws/install/ur5_controller/share/ur5_controller/package.dsv'
[1.178s] INFO:colcon.colcon_core.shell:Creating package script '/home/taj71/practic_ws/install/ur5_controller/share/ur5_controller/package.sh'
[1.179s] INFO:colcon.colcon_core.shell:Creating package script '/home/taj71/practic_ws/install/ur5_controller/share/ur5_controller/package.bash'
[1.180s] INFO:colcon.colcon_core.shell:Creating package script '/home/taj71/practic_ws/install/ur5_controller/share/ur5_controller/package.zsh'
[1.180s] Level 1:colcon.colcon_core.environment:create_file_with_runtime_dependencies(/home/taj71/practic_ws/install/ur5_controller/share/colcon-core/packages/ur5_controller)
[1.380s] DEBUG:colcon.colcon_core.event_handler.log_command:Invoking command in '/home/taj71/practic_ws/build/ur5_gripper_moveit_config': CMAKE_PREFIX_PATH=/home/taj71/practic_ws/install/ur5_robot_description:/home/taj71/practic_ws/install/ur5_gripper_moveit_config:/home/taj71/practic_ws/install/ur5_controller:/home/taj71/practic_ws/install/robotiq_description:/opt/ros/iron /usr/bin/cmake --build /home/taj71/practic_ws/build/ur5_gripper_moveit_config -- -j8 -l8
[1.422s] DEBUG:colcon.colcon_core.event_handler.log_command:Invoked command in '/home/taj71/practic_ws/build/ur5_gripper_moveit_config' returned '0': CMAKE_PREFIX_PATH=/home/taj71/practic_ws/install/ur5_robot_description:/home/taj71/practic_ws/install/ur5_gripper_moveit_config:/home/taj71/practic_ws/install/ur5_controller:/home/taj71/practic_ws/install/robotiq_description:/opt/ros/iron /usr/bin/cmake --build /home/taj71/practic_ws/build/ur5_gripper_moveit_config -- -j8 -l8
[1.425s] DEBUG:colcon.colcon_core.event_handler.log_command:Invoking command in '/home/taj71/practic_ws/build/ur5_gripper_moveit_config': CMAKE_PREFIX_PATH=/home/taj71/practic_ws/install/ur5_robot_description:/home/taj71/practic_ws/install/ur5_gripper_moveit_config:/home/taj71/practic_ws/install/ur5_controller:/home/taj71/practic_ws/install/robotiq_description:/opt/ros/iron /usr/bin/cmake --install /home/taj71/practic_ws/build/ur5_gripper_moveit_config
[1.444s] Level 1:colcon.colcon_core.environment:create_environment_scripts_only(ur5_gripper_moveit_config)
[1.444s] Level 1:colcon.colcon_core.environment:checking '/home/taj71/practic_ws/install/ur5_gripper_moveit_config' for CMake module files
[1.445s] DEBUG:colcon.colcon_core.event_handler.log_command:Invoked command in '/home/taj71/practic_ws/build/ur5_gripper_moveit_config' returned '0': CMAKE_PREFIX_PATH=/home/taj71/practic_ws/install/ur5_robot_description:/home/taj71/practic_ws/install/ur5_gripper_moveit_config:/home/taj71/practic_ws/install/ur5_controller:/home/taj71/practic_ws/install/robotiq_description:/opt/ros/iron /usr/bin/cmake --install /home/taj71/practic_ws/build/ur5_gripper_moveit_config
[1.446s] Level 1:colcon.colcon_core.environment:checking '/home/taj71/practic_ws/install/ur5_gripper_moveit_config' for CMake config files
[1.446s] Level 1:colcon.colcon_core.shell:create_environment_hook('ur5_gripper_moveit_config', 'cmake_prefix_path')
[1.446s] INFO:colcon.colcon_core.shell:Creating environment hook '/home/taj71/practic_ws/install/ur5_gripper_moveit_config/share/ur5_gripper_moveit_config/hook/cmake_prefix_path.ps1'
[1.447s] INFO:colcon.colcon_core.shell:Creating environment descriptor '/home/taj71/practic_ws/install/ur5_gripper_moveit_config/share/ur5_gripper_moveit_config/hook/cmake_prefix_path.dsv'
[1.447s] INFO:colcon.colcon_core.shell:Creating environment hook '/home/taj71/practic_ws/install/ur5_gripper_moveit_config/share/ur5_gripper_moveit_config/hook/cmake_prefix_path.sh'
[1.448s] Level 1:colcon.colcon_core.environment:checking '/home/taj71/practic_ws/install/ur5_gripper_moveit_config/bin'
[1.448s] Level 1:colcon.colcon_core.environment:checking '/home/taj71/practic_ws/install/ur5_gripper_moveit_config/lib/pkgconfig/ur5_gripper_moveit_config.pc'
[1.448s] Level 1:colcon.colcon_core.environment:checking '/home/taj71/practic_ws/install/ur5_gripper_moveit_config/lib/python3.10/site-packages'
[1.449s] Level 1:colcon.colcon_core.environment:checking '/home/taj71/practic_ws/install/ur5_gripper_moveit_config/bin'
[1.449s] INFO:colcon.colcon_core.shell:Creating package script '/home/taj71/practic_ws/install/ur5_gripper_moveit_config/share/ur5_gripper_moveit_config/package.ps1'
[1.449s] INFO:colcon.colcon_core.shell:Creating package descriptor '/home/taj71/practic_ws/install/ur5_gripper_moveit_config/share/ur5_gripper_moveit_config/package.dsv'
[1.450s] INFO:colcon.colcon_core.shell:Creating package script '/home/taj71/practic_ws/install/ur5_gripper_moveit_config/share/ur5_gripper_moveit_config/package.sh'
[1.450s] INFO:colcon.colcon_core.shell:Creating package script '/home/taj71/practic_ws/install/ur5_gripper_moveit_config/share/ur5_gripper_moveit_config/package.bash'
[1.451s] INFO:colcon.colcon_core.shell:Creating package script '/home/taj71/practic_ws/install/ur5_gripper_moveit_config/share/ur5_gripper_moveit_config/package.zsh'
[1.451s] Level 1:colcon.colcon_core.environment:create_file_with_runtime_dependencies(/home/taj71/practic_ws/install/ur5_gripper_moveit_config/share/colcon-core/packages/ur5_gripper_moveit_config)
[1.452s] Level 1:colcon.colcon_core.environment:create_environment_scripts_only(ur5_gripper_moveit_config)
[1.452s] Level 1:colcon.colcon_core.environment:checking '/home/taj71/practic_ws/install/ur5_gripper_moveit_config' for CMake module files
[1.453s] Level 1:colcon.colcon_core.environment:checking '/home/taj71/practic_ws/install/ur5_gripper_moveit_config' for CMake config files
[1.453s] Level 1:colcon.colcon_core.shell:create_environment_hook('ur5_gripper_moveit_config', 'cmake_prefix_path')
[1.453s] INFO:colcon.colcon_core.shell:Creating environment hook '/home/taj71/practic_ws/install/ur5_gripper_moveit_config/share/ur5_gripper_moveit_config/hook/cmake_prefix_path.ps1'
[1.454s] INFO:colcon.colcon_core.shell:Creating environment descriptor '/home/taj71/practic_ws/install/ur5_gripper_moveit_config/share/ur5_gripper_moveit_config/hook/cmake_prefix_path.dsv'
[1.454s] INFO:colcon.colcon_core.shell:Creating environment hook '/home/taj71/practic_ws/install/ur5_gripper_moveit_config/share/ur5_gripper_moveit_config/hook/cmake_prefix_path.sh'
[1.455s] Level 1:colcon.colcon_core.environment:checking '/home/taj71/practic_ws/install/ur5_gripper_moveit_config/bin'
[1.455s] Level 1:colcon.colcon_core.environment:checking '/home/taj71/practic_ws/install/ur5_gripper_moveit_config/lib/pkgconfig/ur5_gripper_moveit_config.pc'
[1.455s] Level 1:colcon.colcon_core.environment:checking '/home/taj71/practic_ws/install/ur5_gripper_moveit_config/lib/python3.10/site-packages'
[1.455s] Level 1:colcon.colcon_core.environment:checking '/home/taj71/practic_ws/install/ur5_gripper_moveit_config/bin'
[1.456s] INFO:colcon.colcon_core.shell:Creating package script '/home/taj71/practic_ws/install/ur5_gripper_moveit_config/share/ur5_gripper_moveit_config/package.ps1'
[1.456s] INFO:colcon.colcon_core.shell:Creating package descriptor '/home/taj71/practic_ws/install/ur5_gripper_moveit_config/share/ur5_gripper_moveit_config/package.dsv'
[1.457s] INFO:colcon.colcon_core.shell:Creating package script '/home/taj71/practic_ws/install/ur5_gripper_moveit_config/share/ur5_gripper_moveit_config/package.sh'
[1.458s] INFO:colcon.colcon_core.shell:Creating package script '/home/taj71/practic_ws/install/ur5_gripper_moveit_config/share/ur5_gripper_moveit_config/package.bash'
[1.458s] INFO:colcon.colcon_core.shell:Creating package script '/home/taj71/practic_ws/install/ur5_gripper_moveit_config/share/ur5_gripper_moveit_config/package.zsh'
[1.459s] Level 1:colcon.colcon_core.environment:create_file_with_runtime_dependencies(/home/taj71/practic_ws/install/ur5_gripper_moveit_config/share/colcon-core/packages/ur5_gripper_moveit_config)
[1.459s] DEBUG:colcon.colcon_parallel_executor.executor.parallel:closing loop
[1.459s] DEBUG:colcon.colcon_parallel_executor.executor.parallel:loop closed
[1.460s] DEBUG:colcon.colcon_parallel_executor.executor.parallel:run_until_complete finished with '0'
[1.460s] DEBUG:colcon.colcon_core.event_reactor:joining thread
[1.627s] INFO:colcon.colcon_core.plugin_system:Skipping extension 'colcon_notification.desktop_notification.notify_send': Could not find 'notify-send'
[1.627s] INFO:colcon.colcon_core.plugin_system:Skipping extension 'colcon_notification.desktop_notification.terminal_notifier': Not used on non-Darwin systems
[1.627s] INFO:colcon.colcon_core.plugin_system:Skipping extension 'colcon_notification.desktop_notification.win32': Not used on non-Windows systems
[1.628s] INFO:colcon.colcon_notification.desktop_notification:Sending desktop notification using 'notify2'
[1.628s] DEBUG:colcon.colcon_notification.desktop_notification.notify2:Failed to initialize notify2: org.freedesktop.DBus.Error.FileNotFound: Failed to connect to socket /run/user/1000/bus: No such file or directory
[1.628s] DEBUG:colcon.colcon_core.event_reactor:joined thread
[1.629s] INFO:colcon.colcon_core.shell:Creating prefix script '/home/taj71/practic_ws/install/local_setup.ps1'
[1.630s] INFO:colcon.colcon_core.shell:Creating prefix util module '/home/taj71/practic_ws/install/_local_setup_util_ps1.py'
[1.632s] INFO:colcon.colcon_core.shell:Creating prefix chain script '/home/taj71/practic_ws/install/setup.ps1'
[1.633s] INFO:colcon.colcon_core.shell:Creating prefix script '/home/taj71/practic_ws/install/local_setup.sh'
[1.634s] INFO:colcon.colcon_core.shell:Creating prefix util module '/home/taj71/practic_ws/install/_local_setup_util_sh.py'
[1.635s] INFO:colcon.colcon_core.shell:Creating prefix chain script '/home/taj71/practic_ws/install/setup.sh'
[1.637s] INFO:colcon.colcon_core.shell:Creating prefix script '/home/taj71/practic_ws/install/local_setup.bash'
[1.637s] INFO:colcon.colcon_core.shell:Creating prefix chain script '/home/taj71/practic_ws/install/setup.bash'
[1.639s] INFO:colcon.colcon_core.shell:Creating prefix script '/home/taj71/practic_ws/install/local_setup.zsh'
[1.639s] INFO:colcon.colcon_core.shell:Creating prefix chain script '/home/taj71/practic_ws/install/setup.zsh'
