[0.560s] DEBUG:colcon:Command line arguments: ['/home/taj71/.local/bin/colcon', 'build']
[0.560s] DEBUG:colcon:Parsed command line arguments: Namespace(log_base=None, log_level=None, verb_name='build', build_base='build', install_base='install', merge_install=False, symlink_install=False, test_result_base=None, continue_on_error=False, executor='parallel', parallel_workers=8, event_handlers=None, ignore_user_meta=False, metas=['./colcon.meta'], base_paths=['.'], packages_ignore=None, packages_ignore_regex=None, paths=None, packages_up_to=None, packages_up_to_regex=None, packages_above=None, packages_above_and_dependencies=None, packages_above_depth=None, packages_select_by_dep=None, packages_skip_by_dep=None, packages_skip_up_to=None, packages_select_build_failed=False, packages_skip_build_finished=False, packages_select_test_failures=False, packages_skip_test_passed=False, packages_select=None, packages_skip=None, packages_select_regex=None, packages_skip_regex=None, packages_start=None, packages_end=None, allow_overriding=[], cmake_args=None, cmake_target=None, cmake_target_skip_unavailable=False, cmake_clean_cache=False, cmake_clean_first=False, cmake_force_configure=False, ament_cmake_args=None, catkin_cmake_args=None, catkin_skip_building_tests=False, mixin_files=None, mixin=None, verb_parser=<colcon_mixin.mixin.mixin_argument.MixinArgumentDecorator object at 0x7f55dbe03d60>, verb_extension=<colcon_core.verb.build.BuildVerb object at 0x7f55dbf44ca0>, main=<bound method BuildVerb.main of <colcon_core.verb.build.BuildVerb object at 0x7f55dbf44ca0>>, mixin_verb=('build',))
[0.768s] Level 1:colcon.colcon_core.package_discovery:discover_packages(colcon_meta) check parameters
[0.768s] Level 1:colcon.colcon_core.package_discovery:discover_packages(recursive) check parameters
[0.768s] Level 1:colcon.colcon_core.package_discovery:discover_packages(ignore) check parameters
[0.768s] Level 1:colcon.colcon_core.package_discovery:discover_packages(path) check parameters
[0.768s] Level 1:colcon.colcon_core.package_discovery:discover_packages(colcon_meta) discover
[0.768s] Level 1:colcon.colcon_core.package_discovery:discover_packages(recursive) discover
[0.769s] INFO:colcon.colcon_core.package_discovery:Crawling recursively for packages in '/home/taj71/ur5_ws'
[0.769s] Level 1:colcon.colcon_core.package_identification:_identify(.) by extensions ['ignore', 'ignore_ament_install']
[0.769s] Level 1:colcon.colcon_core.package_identification:_identify(.) by extension 'ignore'
[0.769s] Level 1:colcon.colcon_core.package_identification:_identify(.) by extension 'ignore_ament_install'
[0.769s] Level 1:colcon.colcon_core.package_identification:_identify(.) by extensions ['colcon_pkg']
[0.769s] Level 1:colcon.colcon_core.package_identification:_identify(.) by extension 'colcon_pkg'
[0.769s] Level 1:colcon.colcon_core.package_identification:_identify(.) by extensions ['colcon_meta']
[0.769s] Level 1:colcon.colcon_core.package_identification:_identify(.) by extension 'colcon_meta'
[0.769s] Level 1:colcon.colcon_core.package_identification:_identify(.) by extensions ['ros']
[0.769s] Level 1:colcon.colcon_core.package_identification:_identify(.) by extension 'ros'
[0.782s] Level 1:colcon.colcon_core.package_identification:_identify(.) by extensions ['cmake', 'python']
[0.782s] Level 1:colcon.colcon_core.package_identification:_identify(.) by extension 'cmake'
[0.782s] Level 1:colcon.colcon_core.package_identification:_identify(.) by extension 'python'
[0.782s] Level 1:colcon.colcon_core.package_identification:_identify(.) by extensions ['python_setup_py']
[0.782s] Level 1:colcon.colcon_core.package_identification:_identify(.) by extension 'python_setup_py'
[0.782s] Level 1:colcon.colcon_core.package_identification:_identify(build) by extensions ['ignore', 'ignore_ament_install']
[0.782s] Level 1:colcon.colcon_core.package_identification:_identify(build) by extension 'ignore'
[0.782s] Level 1:colcon.colcon_core.package_identification:_identify(build) ignored
[0.782s] Level 1:colcon.colcon_core.package_identification:_identify(install) by extensions ['ignore', 'ignore_ament_install']
[0.783s] Level 1:colcon.colcon_core.package_identification:_identify(install) by extension 'ignore'
[0.783s] Level 1:colcon.colcon_core.package_identification:_identify(install) ignored
[0.783s] Level 1:colcon.colcon_core.package_identification:_identify(log) by extensions ['ignore', 'ignore_ament_install']
[0.783s] Level 1:colcon.colcon_core.package_identification:_identify(log) by extension 'ignore'
[0.783s] Level 1:colcon.colcon_core.package_identification:_identify(log) ignored
[0.783s] Level 1:colcon.colcon_core.package_identification:_identify(src) by extensions ['ignore', 'ignore_ament_install']
[0.783s] Level 1:colcon.colcon_core.package_identification:_identify(src) by extension 'ignore'
[0.783s] Level 1:colcon.colcon_core.package_identification:_identify(src) by extension 'ignore_ament_install'
[0.783s] Level 1:colcon.colcon_core.package_identification:_identify(src) by extensions ['colcon_pkg']
[0.783s] Level 1:colcon.colcon_core.package_identification:_identify(src) by extension 'colcon_pkg'
[0.783s] Level 1:colcon.colcon_core.package_identification:_identify(src) by extensions ['colcon_meta']
[0.783s] Level 1:colcon.colcon_core.package_identification:_identify(src) by extension 'colcon_meta'
[0.783s] Level 1:colcon.colcon_core.package_identification:_identify(src) by extensions ['ros']
[0.783s] Level 1:colcon.colcon_core.package_identification:_identify(src) by extension 'ros'
[0.784s] Level 1:colcon.colcon_core.package_identification:_identify(src) by extensions ['cmake', 'python']
[0.784s] Level 1:colcon.colcon_core.package_identification:_identify(src) by extension 'cmake'
[0.784s] Level 1:colcon.colcon_core.package_identification:_identify(src) by extension 'python'
[0.784s] Level 1:colcon.colcon_core.package_identification:_identify(src) by extensions ['python_setup_py']
[0.784s] Level 1:colcon.colcon_core.package_identification:_identify(src) by extension 'python_setup_py'
[0.784s] Level 1:colcon.colcon_core.package_identification:_identify(src/robotiq_description) by extensions ['ignore', 'ignore_ament_install']
[0.784s] Level 1:colcon.colcon_core.package_identification:_identify(src/robotiq_description) by extension 'ignore'
[0.784s] Level 1:colcon.colcon_core.package_identification:_identify(src/robotiq_description) by extension 'ignore_ament_install'
[0.784s] Level 1:colcon.colcon_core.package_identification:_identify(src/robotiq_description) by extensions ['colcon_pkg']
[0.784s] Level 1:colcon.colcon_core.package_identification:_identify(src/robotiq_description) by extension 'colcon_pkg'
[0.784s] Level 1:colcon.colcon_core.package_identification:_identify(src/robotiq_description) by extensions ['colcon_meta']
[0.784s] Level 1:colcon.colcon_core.package_identification:_identify(src/robotiq_description) by extension 'colcon_meta'
[0.784s] Level 1:colcon.colcon_core.package_identification:_identify(src/robotiq_description) by extensions ['ros']
[0.784s] Level 1:colcon.colcon_core.package_identification:_identify(src/robotiq_description) by extension 'ros'
[0.788s] DEBUG:colcon.colcon_core.package_identification:Package 'src/robotiq_description' with type 'ros.ament_cmake' and name 'robotiq_description'
[0.788s] Level 1:colcon.colcon_core.package_identification:_identify(src/ur5_robot_description) by extensions ['ignore', 'ignore_ament_install']
[0.788s] Level 1:colcon.colcon_core.package_identification:_identify(src/ur5_robot_description) by extension 'ignore'
[0.788s] Level 1:colcon.colcon_core.package_identification:_identify(src/ur5_robot_description) by extension 'ignore_ament_install'
[0.788s] Level 1:colcon.colcon_core.package_identification:_identify(src/ur5_robot_description) by extensions ['colcon_pkg']
[0.788s] Level 1:colcon.colcon_core.package_identification:_identify(src/ur5_robot_description) by extension 'colcon_pkg'
[0.788s] Level 1:colcon.colcon_core.package_identification:_identify(src/ur5_robot_description) by extensions ['colcon_meta']
[0.789s] Level 1:colcon.colcon_core.package_identification:_identify(src/ur5_robot_description) by extension 'colcon_meta'
[0.789s] Level 1:colcon.colcon_core.package_identification:_identify(src/ur5_robot_description) by extensions ['ros']
[0.789s] Level 1:colcon.colcon_core.package_identification:_identify(src/ur5_robot_description) by extension 'ros'
[0.791s] DEBUG:colcon.colcon_core.package_identification:Package 'src/ur5_robot_description' with type 'ros.ament_cmake' and name 'ur5_robot_description'
[0.791s] Level 1:colcon.colcon_core.package_identification:_identify(src/ur5_robot_py) by extensions ['ignore', 'ignore_ament_install']
[0.791s] Level 1:colcon.colcon_core.package_identification:_identify(src/ur5_robot_py) by extension 'ignore'
[0.791s] Level 1:colcon.colcon_core.package_identification:_identify(src/ur5_robot_py) by extension 'ignore_ament_install'
[0.791s] Level 1:colcon.colcon_core.package_identification:_identify(src/ur5_robot_py) by extensions ['colcon_pkg']
[0.792s] Level 1:colcon.colcon_core.package_identification:_identify(src/ur5_robot_py) by extension 'colcon_pkg'
[0.792s] Level 1:colcon.colcon_core.package_identification:_identify(src/ur5_robot_py) by extensions ['colcon_meta']
[0.792s] Level 1:colcon.colcon_core.package_identification:_identify(src/ur5_robot_py) by extension 'colcon_meta'
[0.792s] Level 1:colcon.colcon_core.package_identification:_identify(src/ur5_robot_py) by extensions ['ros']
[0.792s] Level 1:colcon.colcon_core.package_identification:_identify(src/ur5_robot_py) by extension 'ros'
[0.793s] DEBUG:colcon.colcon_core.package_identification:Package 'src/ur5_robot_py' with type 'ros.ament_python' and name 'ur5_robot_py'
[0.793s] Level 1:colcon.colcon_core.package_discovery:discover_packages(recursive) using defaults
[0.793s] Level 1:colcon.colcon_core.package_discovery:discover_packages(ignore) discover
[0.793s] Level 1:colcon.colcon_core.package_discovery:discover_packages(ignore) using defaults
[0.793s] Level 1:colcon.colcon_core.package_discovery:discover_packages(path) discover
[0.793s] Level 1:colcon.colcon_core.package_discovery:discover_packages(path) using defaults
[0.817s] Level 1:colcon.colcon_core.package_discovery:discover_packages(prefix_path) check parameters
[0.818s] Level 1:colcon.colcon_core.package_discovery:discover_packages(prefix_path) discover
[0.820s] DEBUG:colcon.colcon_installed_package_information.package_discovery:Found 403 installed packages in /opt/ros/iron
[0.840s] Level 1:colcon.colcon_core.package_discovery:discover_packages(prefix_path) using defaults
[0.919s] Level 5:colcon.colcon_core.verb:set package 'robotiq_description' build argument 'cmake_args' from command line to 'None'
[0.919s] Level 5:colcon.colcon_core.verb:set package 'robotiq_description' build argument 'cmake_target' from command line to 'None'
[0.919s] Level 5:colcon.colcon_core.verb:set package 'robotiq_description' build argument 'cmake_target_skip_unavailable' from command line to 'False'
[0.919s] Level 5:colcon.colcon_core.verb:set package 'robotiq_description' build argument 'cmake_clean_cache' from command line to 'False'
[0.919s] Level 5:colcon.colcon_core.verb:set package 'robotiq_description' build argument 'cmake_clean_first' from command line to 'False'
[0.919s] Level 5:colcon.colcon_core.verb:set package 'robotiq_description' build argument 'cmake_force_configure' from command line to 'False'
[0.919s] Level 5:colcon.colcon_core.verb:set package 'robotiq_description' build argument 'ament_cmake_args' from command line to 'None'
[0.919s] Level 5:colcon.colcon_core.verb:set package 'robotiq_description' build argument 'catkin_cmake_args' from command line to 'None'
[0.919s] Level 5:colcon.colcon_core.verb:set package 'robotiq_description' build argument 'catkin_skip_building_tests' from command line to 'False'
[0.919s] DEBUG:colcon.colcon_core.verb:Building package 'robotiq_description' with the following arguments: {'ament_cmake_args': None, 'build_base': '/home/taj71/ur5_ws/build/robotiq_description', 'catkin_cmake_args': None, 'catkin_skip_building_tests': False, 'cmake_args': None, 'cmake_clean_cache': False, 'cmake_clean_first': False, 'cmake_force_configure': False, 'cmake_target': None, 'cmake_target_skip_unavailable': False, 'install_base': '/home/taj71/ur5_ws/install/robotiq_description', 'merge_install': False, 'path': '/home/taj71/ur5_ws/src/robotiq_description', 'symlink_install': False, 'test_result_base': None}
[0.920s] Level 5:colcon.colcon_core.verb:set package 'ur5_robot_description' build argument 'cmake_args' from command line to 'None'
[0.920s] Level 5:colcon.colcon_core.verb:set package 'ur5_robot_description' build argument 'cmake_target' from command line to 'None'
[0.920s] Level 5:colcon.colcon_core.verb:set package 'ur5_robot_description' build argument 'cmake_target_skip_unavailable' from command line to 'False'
[0.920s] Level 5:colcon.colcon_core.verb:set package 'ur5_robot_description' build argument 'cmake_clean_cache' from command line to 'False'
[0.920s] Level 5:colcon.colcon_core.verb:set package 'ur5_robot_description' build argument 'cmake_clean_first' from command line to 'False'
[0.921s] Level 5:colcon.colcon_core.verb:set package 'ur5_robot_description' build argument 'cmake_force_configure' from command line to 'False'
[0.921s] Level 5:colcon.colcon_core.verb:set package 'ur5_robot_description' build argument 'ament_cmake_args' from command line to 'None'
[0.921s] Level 5:colcon.colcon_core.verb:set package 'ur5_robot_description' build argument 'catkin_cmake_args' from command line to 'None'
[0.921s] Level 5:colcon.colcon_core.verb:set package 'ur5_robot_description' build argument 'catkin_skip_building_tests' from command line to 'False'
[0.921s] DEBUG:colcon.colcon_core.verb:Building package 'ur5_robot_description' with the following arguments: {'ament_cmake_args': None, 'build_base': '/home/taj71/ur5_ws/build/ur5_robot_description', 'catkin_cmake_args': None, 'catkin_skip_building_tests': False, 'cmake_args': None, 'cmake_clean_cache': False, 'cmake_clean_first': False, 'cmake_force_configure': False, 'cmake_target': None, 'cmake_target_skip_unavailable': False, 'install_base': '/home/taj71/ur5_ws/install/ur5_robot_description', 'merge_install': False, 'path': '/home/taj71/ur5_ws/src/ur5_robot_description', 'symlink_install': False, 'test_result_base': None}
[0.921s] Level 5:colcon.colcon_core.verb:set package 'ur5_robot_py' build argument 'cmake_args' from command line to 'None'
[0.921s] Level 5:colcon.colcon_core.verb:set package 'ur5_robot_py' build argument 'cmake_target' from command line to 'None'
[0.921s] Level 5:colcon.colcon_core.verb:set package 'ur5_robot_py' build argument 'cmake_target_skip_unavailable' from command line to 'False'
[0.921s] Level 5:colcon.colcon_core.verb:set package 'ur5_robot_py' build argument 'cmake_clean_cache' from command line to 'False'
[0.921s] Level 5:colcon.colcon_core.verb:set package 'ur5_robot_py' build argument 'cmake_clean_first' from command line to 'False'
[0.922s] Level 5:colcon.colcon_core.verb:set package 'ur5_robot_py' build argument 'cmake_force_configure' from command line to 'False'
[0.922s] Level 5:colcon.colcon_core.verb:set package 'ur5_robot_py' build argument 'ament_cmake_args' from command line to 'None'
[0.922s] Level 5:colcon.colcon_core.verb:set package 'ur5_robot_py' build argument 'catkin_cmake_args' from command line to 'None'
[0.922s] Level 5:colcon.colcon_core.verb:set package 'ur5_robot_py' build argument 'catkin_skip_building_tests' from command line to 'False'
[0.922s] DEBUG:colcon.colcon_core.verb:Building package 'ur5_robot_py' with the following arguments: {'ament_cmake_args': None, 'build_base': '/home/taj71/ur5_ws/build/ur5_robot_py', 'catkin_cmake_args': None, 'catkin_skip_building_tests': False, 'cmake_args': None, 'cmake_clean_cache': False, 'cmake_clean_first': False, 'cmake_force_configure': False, 'cmake_target': None, 'cmake_target_skip_unavailable': False, 'install_base': '/home/taj71/ur5_ws/install/ur5_robot_py', 'merge_install': False, 'path': '/home/taj71/ur5_ws/src/ur5_robot_py', 'symlink_install': False, 'test_result_base': None}
[0.922s] INFO:colcon.colcon_core.executor:Executing jobs using 'parallel' executor
[0.924s] DEBUG:colcon.colcon_parallel_executor.executor.parallel:run_until_complete
[0.924s] INFO:colcon.colcon_ros.task.ament_cmake.build:Building ROS package in '/home/taj71/ur5_ws/src/robotiq_description' with build type 'ament_cmake'
[0.924s] INFO:colcon.colcon_cmake.task.cmake.build:Building CMake package in '/home/taj71/ur5_ws/src/robotiq_description'
[0.929s] INFO:colcon.colcon_core.plugin_system:Skipping extension 'colcon_core.shell.bat': Not used on non-Windows systems
[0.929s] INFO:colcon.colcon_core.shell:Skip shell extension 'powershell' for command environment: Not usable outside of PowerShell
[0.929s] DEBUG:colcon.colcon_core.shell:Skip shell extension 'dsv' for command environment
[0.934s] INFO:colcon.colcon_ros.task.ament_cmake.build:Building ROS package in '/home/taj71/ur5_ws/src/ur5_robot_description' with build type 'ament_cmake'
[0.934s] INFO:colcon.colcon_cmake.task.cmake.build:Building CMake package in '/home/taj71/ur5_ws/src/ur5_robot_description'
[0.935s] INFO:colcon.colcon_core.shell:Skip shell extension 'powershell' for command environment: Not usable outside of PowerShell
[0.935s] DEBUG:colcon.colcon_core.shell:Skip shell extension 'dsv' for command environment
[0.940s] INFO:colcon.colcon_ros.task.ament_python.build:Building ROS package in '/home/taj71/ur5_ws/src/ur5_robot_py' with build type 'ament_python'
[0.940s] Level 1:colcon.colcon_core.shell:create_environment_hook('ur5_robot_py', 'ament_prefix_path')
[0.941s] INFO:colcon.colcon_core.shell:Creating environment hook '/home/taj71/ur5_ws/install/ur5_robot_py/share/ur5_robot_py/hook/ament_prefix_path.ps1'
[0.943s] INFO:colcon.colcon_core.shell:Creating environment descriptor '/home/taj71/ur5_ws/install/ur5_robot_py/share/ur5_robot_py/hook/ament_prefix_path.dsv'
[0.944s] INFO:colcon.colcon_core.shell:Creating environment hook '/home/taj71/ur5_ws/install/ur5_robot_py/share/ur5_robot_py/hook/ament_prefix_path.sh'
[0.945s] INFO:colcon.colcon_core.shell:Skip shell extension 'powershell' for command environment: Not usable outside of PowerShell
[0.945s] DEBUG:colcon.colcon_core.shell:Skip shell extension 'dsv' for command environment
[0.963s] DEBUG:colcon.colcon_core.event_handler.log_command:Invoking command in '/home/taj71/ur5_ws/build/robotiq_description': CMAKE_PREFIX_PATH=/opt/ros/iron /usr/bin/cmake --build /home/taj71/ur5_ws/build/robotiq_description -- -j8 -l8
[0.971s] DEBUG:colcon.colcon_core.event_handler.log_command:Invoking command in '/home/taj71/ur5_ws/build/ur5_robot_description': CMAKE_PREFIX_PATH=/opt/ros/iron /usr/bin/cmake --build /home/taj71/ur5_ws/build/ur5_robot_description -- -j8 -l8
[1.343s] INFO:colcon.colcon_core.task.python.build:Building Python package in '/home/taj71/ur5_ws/src/ur5_robot_py'
[1.344s] INFO:colcon.colcon_core.shell:Skip shell extension 'powershell' for command environment: Not usable outside of PowerShell
[1.344s] DEBUG:colcon.colcon_core.shell:Skip shell extension 'dsv' for command environment
[1.356s] DEBUG:colcon.colcon_core.event_handler.log_command:Invoked command in '/home/taj71/ur5_ws/build/robotiq_description' returned '0': CMAKE_PREFIX_PATH=/opt/ros/iron /usr/bin/cmake --build /home/taj71/ur5_ws/build/robotiq_description -- -j8 -l8
[1.370s] DEBUG:colcon.colcon_core.event_handler.log_command:Invoking command in '/home/taj71/ur5_ws/build/robotiq_description': CMAKE_PREFIX_PATH=/opt/ros/iron /usr/bin/cmake --install /home/taj71/ur5_ws/build/robotiq_description
[1.371s] DEBUG:colcon.colcon_core.event_handler.log_command:Invoked command in '/home/taj71/ur5_ws/build/ur5_robot_description' returned '0': CMAKE_PREFIX_PATH=/opt/ros/iron /usr/bin/cmake --build /home/taj71/ur5_ws/build/ur5_robot_description -- -j8 -l8
[1.376s] DEBUG:colcon.colcon_core.event_handler.log_command:Invoking command in '/home/taj71/ur5_ws/build/ur5_robot_description': CMAKE_PREFIX_PATH=/opt/ros/iron /usr/bin/cmake --install /home/taj71/ur5_ws/build/ur5_robot_description
[1.398s] Level 1:colcon.colcon_core.environment:create_environment_scripts_only(robotiq_description)
[1.400s] DEBUG:colcon.colcon_core.event_handler.log_command:Invoked command in '/home/taj71/ur5_ws/build/robotiq_description' returned '0': CMAKE_PREFIX_PATH=/opt/ros/iron /usr/bin/cmake --install /home/taj71/ur5_ws/build/robotiq_description
[1.419s] Level 1:colcon.colcon_core.environment:checking '/home/taj71/ur5_ws/install/robotiq_description' for CMake module files
[1.420s] Level 1:colcon.colcon_core.environment:checking '/home/taj71/ur5_ws/install/robotiq_description' for CMake config files
[1.420s] Level 1:colcon.colcon_core.shell:create_environment_hook('robotiq_description', 'cmake_prefix_path')
[1.420s] INFO:colcon.colcon_core.shell:Creating environment hook '/home/taj71/ur5_ws/install/robotiq_description/share/robotiq_description/hook/cmake_prefix_path.ps1'
[1.421s] INFO:colcon.colcon_core.shell:Creating environment descriptor '/home/taj71/ur5_ws/install/robotiq_description/share/robotiq_description/hook/cmake_prefix_path.dsv'
[1.422s] INFO:colcon.colcon_core.shell:Creating environment hook '/home/taj71/ur5_ws/install/robotiq_description/share/robotiq_description/hook/cmake_prefix_path.sh'
[1.423s] Level 1:colcon.colcon_core.environment:checking '/home/taj71/ur5_ws/install/robotiq_description/bin'
[1.423s] Level 1:colcon.colcon_core.environment:checking '/home/taj71/ur5_ws/install/robotiq_description/lib/pkgconfig/robotiq_description.pc'
[1.423s] Level 1:colcon.colcon_core.environment:checking '/home/taj71/ur5_ws/install/robotiq_description/lib/python3.10/site-packages'
[1.423s] Level 1:colcon.colcon_core.environment:checking '/home/taj71/ur5_ws/install/robotiq_description/bin'
[1.424s] INFO:colcon.colcon_core.shell:Creating package script '/home/taj71/ur5_ws/install/robotiq_description/share/robotiq_description/package.ps1'
[1.425s] INFO:colcon.colcon_core.shell:Creating package descriptor '/home/taj71/ur5_ws/install/robotiq_description/share/robotiq_description/package.dsv'
[1.425s] INFO:colcon.colcon_core.shell:Creating package script '/home/taj71/ur5_ws/install/robotiq_description/share/robotiq_description/package.sh'
[1.428s] INFO:colcon.colcon_core.shell:Creating package script '/home/taj71/ur5_ws/install/robotiq_description/share/robotiq_description/package.bash'
[1.431s] INFO:colcon.colcon_core.shell:Creating package script '/home/taj71/ur5_ws/install/robotiq_description/share/robotiq_description/package.zsh'
[1.432s] Level 1:colcon.colcon_core.environment:create_file_with_runtime_dependencies(/home/taj71/ur5_ws/install/robotiq_description/share/colcon-core/packages/robotiq_description)
[1.433s] Level 1:colcon.colcon_core.environment:create_environment_scripts_only(robotiq_description)
[1.434s] Level 1:colcon.colcon_core.environment:checking '/home/taj71/ur5_ws/install/robotiq_description' for CMake module files
[1.434s] Level 1:colcon.colcon_core.environment:checking '/home/taj71/ur5_ws/install/robotiq_description' for CMake config files
[1.435s] Level 1:colcon.colcon_core.shell:create_environment_hook('robotiq_description', 'cmake_prefix_path')
[1.435s] INFO:colcon.colcon_core.shell:Creating environment hook '/home/taj71/ur5_ws/install/robotiq_description/share/robotiq_description/hook/cmake_prefix_path.ps1'
[1.436s] INFO:colcon.colcon_core.shell:Creating environment descriptor '/home/taj71/ur5_ws/install/robotiq_description/share/robotiq_description/hook/cmake_prefix_path.dsv'
[1.436s] INFO:colcon.colcon_core.shell:Creating environment hook '/home/taj71/ur5_ws/install/robotiq_description/share/robotiq_description/hook/cmake_prefix_path.sh'
[1.437s] Level 1:colcon.colcon_core.environment:checking '/home/taj71/ur5_ws/install/robotiq_description/bin'
[1.437s] Level 1:colcon.colcon_core.environment:checking '/home/taj71/ur5_ws/install/robotiq_description/lib/pkgconfig/robotiq_description.pc'
[1.437s] Level 1:colcon.colcon_core.environment:checking '/home/taj71/ur5_ws/install/robotiq_description/lib/python3.10/site-packages'
[1.438s] Level 1:colcon.colcon_core.environment:checking '/home/taj71/ur5_ws/install/robotiq_description/bin'
[1.438s] INFO:colcon.colcon_core.shell:Creating package script '/home/taj71/ur5_ws/install/robotiq_description/share/robotiq_description/package.ps1'
[1.439s] INFO:colcon.colcon_core.shell:Creating package descriptor '/home/taj71/ur5_ws/install/robotiq_description/share/robotiq_description/package.dsv'
[1.440s] INFO:colcon.colcon_core.shell:Creating package script '/home/taj71/ur5_ws/install/robotiq_description/share/robotiq_description/package.sh'
[1.440s] INFO:colcon.colcon_core.shell:Creating package script '/home/taj71/ur5_ws/install/robotiq_description/share/robotiq_description/package.bash'
[1.441s] INFO:colcon.colcon_core.shell:Creating package script '/home/taj71/ur5_ws/install/robotiq_description/share/robotiq_description/package.zsh'
[1.441s] Level 1:colcon.colcon_core.environment:create_file_with_runtime_dependencies(/home/taj71/ur5_ws/install/robotiq_description/share/colcon-core/packages/robotiq_description)
[1.443s] Level 1:colcon.colcon_core.environment:create_environment_scripts_only(ur5_robot_description)
[1.444s] Level 1:colcon.colcon_core.environment:checking '/home/taj71/ur5_ws/install/ur5_robot_description' for CMake module files
[1.446s] Level 1:colcon.colcon_core.environment:checking '/home/taj71/ur5_ws/install/ur5_robot_description' for CMake config files
[1.447s] DEBUG:colcon.colcon_core.event_handler.log_command:Invoked command in '/home/taj71/ur5_ws/build/ur5_robot_description' returned '0': CMAKE_PREFIX_PATH=/opt/ros/iron /usr/bin/cmake --install /home/taj71/ur5_ws/build/ur5_robot_description
[1.448s] Level 1:colcon.colcon_core.shell:create_environment_hook('ur5_robot_description', 'cmake_prefix_path')
[1.448s] INFO:colcon.colcon_core.shell:Creating environment hook '/home/taj71/ur5_ws/install/ur5_robot_description/share/ur5_robot_description/hook/cmake_prefix_path.ps1'
[1.449s] INFO:colcon.colcon_core.shell:Creating environment descriptor '/home/taj71/ur5_ws/install/ur5_robot_description/share/ur5_robot_description/hook/cmake_prefix_path.dsv'
[1.450s] INFO:colcon.colcon_core.shell:Creating environment hook '/home/taj71/ur5_ws/install/ur5_robot_description/share/ur5_robot_description/hook/cmake_prefix_path.sh'
[1.450s] Level 1:colcon.colcon_core.environment:checking '/home/taj71/ur5_ws/install/ur5_robot_description/bin'
[1.451s] Level 1:colcon.colcon_core.environment:checking '/home/taj71/ur5_ws/install/ur5_robot_description/lib/pkgconfig/ur5_robot_description.pc'
[1.451s] Level 1:colcon.colcon_core.environment:checking '/home/taj71/ur5_ws/install/ur5_robot_description/lib/python3.10/site-packages'
[1.451s] Level 1:colcon.colcon_core.environment:checking '/home/taj71/ur5_ws/install/ur5_robot_description/bin'
[1.452s] INFO:colcon.colcon_core.shell:Creating package script '/home/taj71/ur5_ws/install/ur5_robot_description/share/ur5_robot_description/package.ps1'
[1.452s] INFO:colcon.colcon_core.shell:Creating package descriptor '/home/taj71/ur5_ws/install/ur5_robot_description/share/ur5_robot_description/package.dsv'
[1.453s] INFO:colcon.colcon_core.shell:Creating package script '/home/taj71/ur5_ws/install/ur5_robot_description/share/ur5_robot_description/package.sh'
[1.453s] INFO:colcon.colcon_core.shell:Creating package script '/home/taj71/ur5_ws/install/ur5_robot_description/share/ur5_robot_description/package.bash'
[1.454s] INFO:colcon.colcon_core.shell:Creating package script '/home/taj71/ur5_ws/install/ur5_robot_description/share/ur5_robot_description/package.zsh'
[1.454s] Level 1:colcon.colcon_core.environment:create_file_with_runtime_dependencies(/home/taj71/ur5_ws/install/ur5_robot_description/share/colcon-core/packages/ur5_robot_description)
[1.455s] Level 1:colcon.colcon_core.environment:create_environment_scripts_only(ur5_robot_description)
[1.456s] Level 1:colcon.colcon_core.environment:checking '/home/taj71/ur5_ws/install/ur5_robot_description' for CMake module files
[1.456s] Level 1:colcon.colcon_core.environment:checking '/home/taj71/ur5_ws/install/ur5_robot_description' for CMake config files
[1.457s] Level 1:colcon.colcon_core.shell:create_environment_hook('ur5_robot_description', 'cmake_prefix_path')
[1.457s] INFO:colcon.colcon_core.shell:Creating environment hook '/home/taj71/ur5_ws/install/ur5_robot_description/share/ur5_robot_description/hook/cmake_prefix_path.ps1'
[1.458s] INFO:colcon.colcon_core.shell:Creating environment descriptor '/home/taj71/ur5_ws/install/ur5_robot_description/share/ur5_robot_description/hook/cmake_prefix_path.dsv'
[1.458s] INFO:colcon.colcon_core.shell:Creating environment hook '/home/taj71/ur5_ws/install/ur5_robot_description/share/ur5_robot_description/hook/cmake_prefix_path.sh'
[1.460s] Level 1:colcon.colcon_core.environment:checking '/home/taj71/ur5_ws/install/ur5_robot_description/bin'
[1.460s] Level 1:colcon.colcon_core.environment:checking '/home/taj71/ur5_ws/install/ur5_robot_description/lib/pkgconfig/ur5_robot_description.pc'
[1.460s] Level 1:colcon.colcon_core.environment:checking '/home/taj71/ur5_ws/install/ur5_robot_description/lib/python3.10/site-packages'
[1.460s] Level 1:colcon.colcon_core.environment:checking '/home/taj71/ur5_ws/install/ur5_robot_description/bin'
[1.461s] INFO:colcon.colcon_core.shell:Creating package script '/home/taj71/ur5_ws/install/ur5_robot_description/share/ur5_robot_description/package.ps1'
[1.461s] INFO:colcon.colcon_core.shell:Creating package descriptor '/home/taj71/ur5_ws/install/ur5_robot_description/share/ur5_robot_description/package.dsv'
[1.462s] INFO:colcon.colcon_core.shell:Creating package script '/home/taj71/ur5_ws/install/ur5_robot_description/share/ur5_robot_description/package.sh'
[1.462s] INFO:colcon.colcon_core.shell:Creating package script '/home/taj71/ur5_ws/install/ur5_robot_description/share/ur5_robot_description/package.bash'
[1.463s] INFO:colcon.colcon_core.shell:Creating package script '/home/taj71/ur5_ws/install/ur5_robot_description/share/ur5_robot_description/package.zsh'
[1.464s] Level 1:colcon.colcon_core.environment:create_file_with_runtime_dependencies(/home/taj71/ur5_ws/install/ur5_robot_description/share/colcon-core/packages/ur5_robot_description)
[1.909s] DEBUG:colcon.colcon_core.event_handler.log_command:Invoking command in '/home/taj71/ur5_ws/src/ur5_robot_py': PYTHONPATH=/home/taj71/ur5_ws/build/ur5_robot_py/prefix_override:/home/taj71/.local/lib/python3.10/site-packages/colcon_core/task/python/colcon_distutils_commands:/home/taj71/ur5_ws/install/ur5_robot_py/lib/python3.10/site-packages:${PYTHONPATH} /usr/bin/python3 -W ignore:setup.py install is deprecated -W ignore:easy_install command is deprecated setup.py egg_info --egg-base ../../build/ur5_robot_py build --build-base /home/taj71/ur5_ws/build/ur5_robot_py/build install --record /home/taj71/ur5_ws/build/ur5_robot_py/install.log --single-version-externally-managed install_data
[2.371s] Level 1:colcon.colcon_core.environment:checking '/home/taj71/ur5_ws/install/ur5_robot_py' for CMake module files
[2.372s] DEBUG:colcon.colcon_core.event_handler.log_command:Invoked command in '/home/taj71/ur5_ws/src/ur5_robot_py' returned '0': PYTHONPATH=/home/taj71/ur5_ws/build/ur5_robot_py/prefix_override:/home/taj71/.local/lib/python3.10/site-packages/colcon_core/task/python/colcon_distutils_commands:/home/taj71/ur5_ws/install/ur5_robot_py/lib/python3.10/site-packages:${PYTHONPATH} /usr/bin/python3 -W ignore:setup.py install is deprecated -W ignore:easy_install command is deprecated setup.py egg_info --egg-base ../../build/ur5_robot_py build --build-base /home/taj71/ur5_ws/build/ur5_robot_py/build install --record /home/taj71/ur5_ws/build/ur5_robot_py/install.log --single-version-externally-managed install_data
[2.373s] Level 1:colcon.colcon_core.environment:checking '/home/taj71/ur5_ws/install/ur5_robot_py' for CMake config files
[2.374s] Level 1:colcon.colcon_core.environment:checking '/home/taj71/ur5_ws/install/ur5_robot_py/lib'
[2.374s] Level 1:colcon.colcon_core.environment:checking '/home/taj71/ur5_ws/install/ur5_robot_py/bin'
[2.375s] Level 1:colcon.colcon_core.environment:checking '/home/taj71/ur5_ws/install/ur5_robot_py/lib/pkgconfig/ur5_robot_py.pc'
[2.375s] Level 1:colcon.colcon_core.environment:checking '/home/taj71/ur5_ws/install/ur5_robot_py/lib/python3.10/site-packages'
[2.375s] Level 1:colcon.colcon_core.shell:create_environment_hook('ur5_robot_py', 'pythonpath')
[2.375s] INFO:colcon.colcon_core.shell:Creating environment hook '/home/taj71/ur5_ws/install/ur5_robot_py/share/ur5_robot_py/hook/pythonpath.ps1'
[2.376s] INFO:colcon.colcon_core.shell:Creating environment descriptor '/home/taj71/ur5_ws/install/ur5_robot_py/share/ur5_robot_py/hook/pythonpath.dsv'
[2.377s] INFO:colcon.colcon_core.shell:Creating environment hook '/home/taj71/ur5_ws/install/ur5_robot_py/share/ur5_robot_py/hook/pythonpath.sh'
[2.379s] Level 1:colcon.colcon_core.environment:checking '/home/taj71/ur5_ws/install/ur5_robot_py/bin'
[2.379s] Level 1:colcon.colcon_core.environment:create_environment_scripts_only(ur5_robot_py)
[2.379s] INFO:colcon.colcon_core.shell:Creating package script '/home/taj71/ur5_ws/install/ur5_robot_py/share/ur5_robot_py/package.ps1'
[2.380s] INFO:colcon.colcon_core.shell:Creating package descriptor '/home/taj71/ur5_ws/install/ur5_robot_py/share/ur5_robot_py/package.dsv'
[2.381s] INFO:colcon.colcon_core.shell:Creating package script '/home/taj71/ur5_ws/install/ur5_robot_py/share/ur5_robot_py/package.sh'
[2.381s] INFO:colcon.colcon_core.shell:Creating package script '/home/taj71/ur5_ws/install/ur5_robot_py/share/ur5_robot_py/package.bash'
[2.382s] INFO:colcon.colcon_core.shell:Creating package script '/home/taj71/ur5_ws/install/ur5_robot_py/share/ur5_robot_py/package.zsh'
[2.382s] Level 1:colcon.colcon_core.environment:create_file_with_runtime_dependencies(/home/taj71/ur5_ws/install/ur5_robot_py/share/colcon-core/packages/ur5_robot_py)
[2.384s] DEBUG:colcon.colcon_parallel_executor.executor.parallel:closing loop
[2.384s] DEBUG:colcon.colcon_parallel_executor.executor.parallel:loop closed
[2.384s] DEBUG:colcon.colcon_parallel_executor.executor.parallel:run_until_complete finished with '0'
[2.384s] DEBUG:colcon.colcon_core.event_reactor:joining thread
[2.578s] INFO:colcon.colcon_core.plugin_system:Skipping extension 'colcon_notification.desktop_notification.notify_send': Could not find 'notify-send'
[2.579s] INFO:colcon.colcon_core.plugin_system:Skipping extension 'colcon_notification.desktop_notification.terminal_notifier': Not used on non-Darwin systems
[2.579s] INFO:colcon.colcon_core.plugin_system:Skipping extension 'colcon_notification.desktop_notification.win32': Not used on non-Windows systems
[2.579s] INFO:colcon.colcon_notification.desktop_notification:Sending desktop notification using 'notify2'
[2.579s] DEBUG:colcon.colcon_notification.desktop_notification.notify2:Failed to initialize notify2: org.freedesktop.DBus.Error.FileNotFound: Failed to connect to socket /run/user/1000/bus: No such file or directory
[2.580s] DEBUG:colcon.colcon_core.event_reactor:joined thread
[2.580s] INFO:colcon.colcon_core.shell:Creating prefix script '/home/taj71/ur5_ws/install/local_setup.ps1'
[2.581s] INFO:colcon.colcon_core.shell:Creating prefix util module '/home/taj71/ur5_ws/install/_local_setup_util_ps1.py'
[2.583s] INFO:colcon.colcon_core.shell:Creating prefix chain script '/home/taj71/ur5_ws/install/setup.ps1'
[2.584s] INFO:colcon.colcon_core.shell:Creating prefix script '/home/taj71/ur5_ws/install/local_setup.sh'
[2.585s] INFO:colcon.colcon_core.shell:Creating prefix util module '/home/taj71/ur5_ws/install/_local_setup_util_sh.py'
[2.586s] INFO:colcon.colcon_core.shell:Creating prefix chain script '/home/taj71/ur5_ws/install/setup.sh'
[2.588s] INFO:colcon.colcon_core.shell:Creating prefix script '/home/taj71/ur5_ws/install/local_setup.bash'
[2.588s] INFO:colcon.colcon_core.shell:Creating prefix chain script '/home/taj71/ur5_ws/install/setup.bash'
[2.589s] INFO:colcon.colcon_core.shell:Creating prefix script '/home/taj71/ur5_ws/install/local_setup.zsh'
[2.590s] INFO:colcon.colcon_core.shell:Creating prefix chain script '/home/taj71/ur5_ws/install/setup.zsh'
