[0.036s] Invoking command in '/home/taj71/practic_ws/build/robotiq_description': CMAKE_PREFIX_PATH=${CMAKE_PREFIX_PATH}:/opt/ros/iron /usr/bin/cmake --build /home/taj71/practic_ws/build/robotiq_description -- -j8 -l8
[0.090s] Invoked command in '/home/taj71/practic_ws/build/robotiq_description' returned '0': CMAKE_PREFIX_PATH=${CMAKE_PREFIX_PATH}:/opt/ros/iron /usr/bin/cmake --build /home/taj71/practic_ws/build/robotiq_description -- -j8 -l8
[0.095s] Invoking command in '/home/taj71/practic_ws/build/robotiq_description': CMAKE_PREFIX_PATH=${CMAKE_PREFIX_PATH}:/opt/ros/iron /usr/bin/cmake --install /home/taj71/practic_ws/build/robotiq_description
[0.143s] -- Install configuration: ""
[0.143s] -- Up-to-date: /home/taj71/practic_ws/install/robotiq_description/share/robotiq_description/config
[0.144s] -- Up-to-date: /home/taj71/practic_ws/install/robotiq_description/share/robotiq_description/config/config.rviz:Zone.Identifier
[0.144s] -- Up-to-date: /home/taj71/practic_ws/install/robotiq_description/share/robotiq_description/config/config.rviz
[0.144s] -- Up-to-date: /home/taj71/practic_ws/install/robotiq_description/share/robotiq_description/launch
[0.145s] -- Up-to-date: /home/taj71/practic_ws/install/robotiq_description/share/robotiq_description/launch/display.launch.py:Zone.Identifier
[0.145s] -- Up-to-date: /home/taj71/practic_ws/install/robotiq_description/share/robotiq_description/launch/display.launch.py
[0.146s] -- Up-to-date: /home/taj71/practic_ws/install/robotiq_description/share/robotiq_description/meshes
[0.146s] -- Up-to-date: /home/taj71/practic_ws/install/robotiq_description/share/robotiq_description/meshes/collision
[0.146s] -- Up-to-date: /home/taj71/practic_ws/install/robotiq_description/share/robotiq_description/meshes/collision/robotiq_85_finger_tip_link.stl:Zone.Identifier
[0.146s] -- Up-to-date: /home/taj71/practic_ws/install/robotiq_description/share/robotiq_description/meshes/collision/robotiq_85_knuckle_link.stl:Zone.Identifier
[0.147s] -- Up-to-date: /home/taj71/practic_ws/install/robotiq_description/share/robotiq_description/meshes/collision/robotiq_85_inner_knuckle_link.stl
[0.147s] -- Up-to-date: /home/taj71/practic_ws/install/robotiq_description/share/robotiq_description/meshes/collision/robotiq_85_finger_link.stl:Zone.Identifier
[0.147s] -- Up-to-date: /home/taj71/practic_ws/install/robotiq_description/share/robotiq_description/meshes/collision/robotiq_85_base_link.stl
[0.147s] -- Up-to-date: /home/taj71/practic_ws/install/robotiq_description/share/robotiq_description/meshes/collision/robotiq_85_finger_tip_link.stl
[0.148s] -- Up-to-date: /home/taj71/practic_ws/install/robotiq_description/share/robotiq_description/meshes/collision/robotiq_85_finger_link.stl
[0.148s] -- Up-to-date: /home/taj71/practic_ws/install/robotiq_description/share/robotiq_description/meshes/collision/robotiq_85_inner_knuckle_link.stl:Zone.Identifier
[0.148s] -- Up-to-date: /home/taj71/practic_ws/install/robotiq_description/share/robotiq_description/meshes/collision/robotiq_85_knuckle_link.stl
[0.148s] -- Up-to-date: /home/taj71/practic_ws/install/robotiq_description/share/robotiq_description/meshes/collision/robotiq_85_base_link.stl:Zone.Identifier
[0.149s] -- Up-to-date: /home/taj71/practic_ws/install/robotiq_description/share/robotiq_description/meshes/visual
[0.149s] -- Up-to-date: /home/taj71/practic_ws/install/robotiq_description/share/robotiq_description/meshes/visual/robotiq_85_inner_knuckle_link.dae
[0.149s] -- Up-to-date: /home/taj71/practic_ws/install/robotiq_description/share/robotiq_description/meshes/visual/robotiq_85_knuckle_link.dae
[0.150s] -- Up-to-date: /home/taj71/practic_ws/install/robotiq_description/share/robotiq_description/meshes/visual/robotiq_85_inner_knuckle_link.dae:Zone.Identifier
[0.150s] -- Up-to-date: /home/taj71/practic_ws/install/robotiq_description/share/robotiq_description/meshes/visual/robotiq_85_finger_link.dae
[0.150s] -- Up-to-date: /home/taj71/practic_ws/install/robotiq_description/share/robotiq_description/meshes/visual/d455.stl
[0.150s] -- Up-to-date: /home/taj71/practic_ws/install/robotiq_description/share/robotiq_description/meshes/visual/robotiq_85_finger_tip_link.dae
[0.151s] -- Up-to-date: /home/taj71/practic_ws/install/robotiq_description/share/robotiq_description/meshes/visual/d455.stl:Zone.Identifier
[0.151s] -- Up-to-date: /home/taj71/practic_ws/install/robotiq_description/share/robotiq_description/meshes/visual/robotiq_85_base_link.dae
[0.152s] -- Up-to-date: /home/taj71/practic_ws/install/robotiq_description/share/robotiq_description/meshes/visual/robotiq_85_base_link.dae:Zone.Identifier
[0.152s] -- Up-to-date: /home/taj71/practic_ws/install/robotiq_description/share/robotiq_description/meshes/visual/robotiq_85_finger_link.dae:Zone.Identifier
[0.153s] -- Up-to-date: /home/taj71/practic_ws/install/robotiq_description/share/robotiq_description/meshes/visual/robotiq_85_knuckle_link.dae:Zone.Identifier
[0.153s] -- Up-to-date: /home/taj71/practic_ws/install/robotiq_description/share/robotiq_description/meshes/visual/robotiq_85_finger_tip_link.dae:Zone.Identifier
[0.153s] -- Up-to-date: /home/taj71/practic_ws/install/robotiq_description/share/robotiq_description/rviz
[0.154s] -- Up-to-date: /home/taj71/practic_ws/install/robotiq_description/share/robotiq_description/rviz/display.rviz
[0.154s] -- Up-to-date: /home/taj71/practic_ws/install/robotiq_description/share/robotiq_description/rviz/display.rviz:Zone.Identifier
[0.154s] -- Up-to-date: /home/taj71/practic_ws/install/robotiq_description/share/robotiq_description/urdf
[0.155s] -- Up-to-date: /home/taj71/practic_ws/install/robotiq_description/share/robotiq_description/urdf/robotiq_85_gripper2.xacro
[0.155s] -- Up-to-date: /home/taj71/practic_ws/install/robotiq_description/share/robotiq_description/urdf/robotiq_85_gripper.xacro
[0.155s] -- Up-to-date: /home/taj71/practic_ws/install/robotiq_description/share/robotiq_description/urdf/robotiq_85_gripper.transmission.xacro
[0.156s] -- Up-to-date: /home/taj71/practic_ws/install/robotiq_description/share/robotiq_description/urdf/robotiq_85_gripper.urdf.xacro
[0.156s] -- Up-to-date: /home/taj71/practic_ws/install/robotiq_description/share/robotiq_description/urdf/robotiq_85_gripper_sim_base.urdf.xacro
[0.156s] -- Up-to-date: /home/taj71/practic_ws/install/robotiq_description/share/ament_index/resource_index/package_run_dependencies/robotiq_description
[0.157s] -- Up-to-date: /home/taj71/practic_ws/install/robotiq_description/share/ament_index/resource_index/parent_prefix_path/robotiq_description
[0.157s] -- Up-to-date: /home/taj71/practic_ws/install/robotiq_description/share/robotiq_description/environment/ament_prefix_path.sh
[0.158s] -- Up-to-date: /home/taj71/practic_ws/install/robotiq_description/share/robotiq_description/environment/ament_prefix_path.dsv
[0.158s] -- Up-to-date: /home/taj71/practic_ws/install/robotiq_description/share/robotiq_description/environment/path.sh
[0.158s] -- Up-to-date: /home/taj71/practic_ws/install/robotiq_description/share/robotiq_description/environment/path.dsv
[0.159s] -- Up-to-date: /home/taj71/practic_ws/install/robotiq_description/share/robotiq_description/local_setup.bash
[0.160s] -- Up-to-date: /home/taj71/practic_ws/install/robotiq_description/share/robotiq_description/local_setup.sh
[0.160s] -- Up-to-date: /home/taj71/practic_ws/install/robotiq_description/share/robotiq_description/local_setup.zsh
[0.161s] -- Up-to-date: /home/taj71/practic_ws/install/robotiq_description/share/robotiq_description/local_setup.dsv
[0.161s] -- Installing: /home/taj71/practic_ws/install/robotiq_description/share/robotiq_description/package.dsv
[0.162s] -- Up-to-date: /home/taj71/practic_ws/install/robotiq_description/share/ament_index/resource_index/packages/robotiq_description
[0.162s] -- Up-to-date: /home/taj71/practic_ws/install/robotiq_description/share/robotiq_description/cmake/robotiq_descriptionConfig.cmake
[0.162s] -- Up-to-date: /home/taj71/practic_ws/install/robotiq_description/share/robotiq_description/cmake/robotiq_descriptionConfig-version.cmake
[0.163s] -- Up-to-date: /home/taj71/practic_ws/install/robotiq_description/share/robotiq_description/package.xml
[0.202s] Invoked command in '/home/taj71/practic_ws/build/robotiq_description' returned '0': CMAKE_PREFIX_PATH=${CMAKE_PREFIX_PATH}:/opt/ros/iron /usr/bin/cmake --install /home/taj71/practic_ws/build/robotiq_description
