[0.041s] Invoking command in '/home/taj71/octo_ws/src/build/ur5_controller': CMAKE_PREFIX_PATH=${CMAKE_PREFIX_PATH}:/opt/ros/iron /usr/bin/cmake --build /home/taj71/octo_ws/src/build/ur5_controller -- -j8 -l8
[0.047s] [0mCMake Error: The current CMakeCache.txt directory /home/taj71/octo_ws/src/build/ur5_controller/CMakeCache.txt is different than the directory /home/taj71/ur5_ws/src/build/ur5_controller where CMakeCache.txt was created. This may result in binaries being created in the wrong place. If you are not sure, reedit the CMakeCache.txt[0m
[0.107s] -- Found ament_cmake: 2.0.7 (/opt/ros/iron/share/ament_cmake/cmake)
[0.444s] -- Found ament_lint_auto: 0.14.4 (/opt/ros/iron/share/ament_lint_auto/cmake)
[0.578s] -- Added test 'flake8' to check Python code syntax and style conventions
[0.578s] -- Configured 'flake8' exclude dirs and/or files: 
[0.580s] -- Added test 'lint_cmake' to check CMake code style
[0.582s] -- Added test 'pep257' to check Python code against some of the docstring style conventions in PEP 257
[0.584s] -- Added test 'xmllint' to check XML markup files
[0.586s] -- Configuring done
[0.599s] -- Generating done
[0.603s] -- Build files have been written to: /home/taj71/ur5_ws/src/build/ur5_controller
[0.669s] Invoked command in '/home/taj71/octo_ws/src/build/ur5_controller' returned '0': CMAKE_PREFIX_PATH=${CMAKE_PREFIX_PATH}:/opt/ros/iron /usr/bin/cmake --build /home/taj71/octo_ws/src/build/ur5_controller -- -j8 -l8
[0.688s] Invoking command in '/home/taj71/octo_ws/src/build/ur5_controller': CMAKE_PREFIX_PATH=${CMAKE_PREFIX_PATH}:/opt/ros/iron /usr/bin/cmake --install /home/taj71/octo_ws/src/build/ur5_controller
[0.695s] -- Install configuration: ""
[0.695s] -- Up-to-date: /home/taj71/ur5_ws/src/install/ur5_controller/share/ament_index/resource_index/package_run_dependencies/ur5_controller
[0.695s] -- Installing: /home/taj71/ur5_ws/src/install/ur5_controller/share/ament_index/resource_index/parent_prefix_path/ur5_controller
[0.696s] -- Up-to-date: /home/taj71/ur5_ws/src/install/ur5_controller/share/ur5_controller/environment/ament_prefix_path.sh
[0.696s] -- Up-to-date: /home/taj71/ur5_ws/src/install/ur5_controller/share/ur5_controller/environment/ament_prefix_path.dsv
[0.696s] -- Up-to-date: /home/taj71/ur5_ws/src/install/ur5_controller/share/ur5_controller/environment/path.sh
[0.697s] -- Up-to-date: /home/taj71/ur5_ws/src/install/ur5_controller/share/ur5_controller/environment/path.dsv
[0.697s] -- Up-to-date: /home/taj71/ur5_ws/src/install/ur5_controller/share/ur5_controller/local_setup.bash
[0.697s] -- Up-to-date: /home/taj71/ur5_ws/src/install/ur5_controller/share/ur5_controller/local_setup.sh
[0.697s] -- Up-to-date: /home/taj71/ur5_ws/src/install/ur5_controller/share/ur5_controller/local_setup.zsh
[0.698s] -- Up-to-date: /home/taj71/ur5_ws/src/install/ur5_controller/share/ur5_controller/local_setup.dsv
[0.698s] -- Up-to-date: /home/taj71/ur5_ws/src/install/ur5_controller/share/ur5_controller/package.dsv
[0.698s] -- Up-to-date: /home/taj71/ur5_ws/src/install/ur5_controller/share/ament_index/resource_index/packages/ur5_controller
[0.698s] -- Up-to-date: /home/taj71/ur5_ws/src/install/ur5_controller/share/ur5_controller/cmake/ur5_controllerConfig.cmake
[0.699s] -- Up-to-date: /home/taj71/ur5_ws/src/install/ur5_controller/share/ur5_controller/cmake/ur5_controllerConfig-version.cmake
[0.699s] -- Up-to-date: /home/taj71/ur5_ws/src/install/ur5_controller/share/ur5_controller/package.xml
[0.755s] Invoked command in '/home/taj71/octo_ws/src/build/ur5_controller' returned '0': CMAKE_PREFIX_PATH=${CMAKE_PREFIX_PATH}:/opt/ros/iron /usr/bin/cmake --install /home/taj71/octo_ws/src/build/ur5_controller
