[0.529s] DEBUG:colcon:Command line arguments: ['/home/taj71/.local/bin/colcon', 'build']
[0.529s] DEBUG:colcon:Parsed command line arguments: Namespace(log_base=None, log_level=None, verb_name='build', build_base='build', install_base='install', merge_install=False, symlink_install=False, test_result_base=None, continue_on_error=False, executor='parallel', parallel_workers=8, event_handlers=None, ignore_user_meta=False, metas=['./colcon.meta'], base_paths=['.'], packages_ignore=None, packages_ignore_regex=None, paths=None, packages_up_to=None, packages_up_to_regex=None, packages_above=None, packages_above_and_dependencies=None, packages_above_depth=None, packages_select_by_dep=None, packages_skip_by_dep=None, packages_skip_up_to=None, packages_select_build_failed=False, packages_skip_build_finished=False, packages_select_test_failures=False, packages_skip_test_passed=False, packages_select=None, packages_skip=None, packages_select_regex=None, packages_skip_regex=None, packages_start=None, packages_end=None, allow_overriding=[], cmake_args=None, cmake_target=None, cmake_target_skip_unavailable=False, cmake_clean_cache=False, cmake_clean_first=False, cmake_force_configure=False, ament_cmake_args=None, catkin_cmake_args=None, catkin_skip_building_tests=False, mixin_files=None, mixin=None, verb_parser=<colcon_mixin.mixin.mixin_argument.MixinArgumentDecorator object at 0x7fb03589c8b0>, verb_extension=<colcon_core.verb.build.BuildVerb object at 0x7fb0359b1840>, main=<bound method BuildVerb.main of <colcon_core.verb.build.BuildVerb object at 0x7fb0359b1840>>, mixin_verb=('build',))
[0.789s] Level 1:colcon.colcon_core.package_discovery:discover_packages(colcon_meta) check parameters
[0.789s] Level 1:colcon.colcon_core.package_discovery:discover_packages(recursive) check parameters
[0.789s] Level 1:colcon.colcon_core.package_discovery:discover_packages(ignore) check parameters
[0.789s] Level 1:colcon.colcon_core.package_discovery:discover_packages(path) check parameters
[0.789s] Level 1:colcon.colcon_core.package_discovery:discover_packages(colcon_meta) discover
[0.789s] Level 1:colcon.colcon_core.package_discovery:discover_packages(recursive) discover
[0.789s] INFO:colcon.colcon_core.package_discovery:Crawling recursively for packages in '/home/taj71/octo_ws/src'
[0.790s] Level 1:colcon.colcon_core.package_identification:_identify(.) by extensions ['ignore', 'ignore_ament_install']
[0.790s] Level 1:colcon.colcon_core.package_identification:_identify(.) by extension 'ignore'
[0.790s] Level 1:colcon.colcon_core.package_identification:_identify(.) by extension 'ignore_ament_install'
[0.790s] Level 1:colcon.colcon_core.package_identification:_identify(.) by extensions ['colcon_pkg']
[0.790s] Level 1:colcon.colcon_core.package_identification:_identify(.) by extension 'colcon_pkg'
[0.790s] Level 1:colcon.colcon_core.package_identification:_identify(.) by extensions ['colcon_meta']
[0.790s] Level 1:colcon.colcon_core.package_identification:_identify(.) by extension 'colcon_meta'
[0.790s] Level 1:colcon.colcon_core.package_identification:_identify(.) by extensions ['ros']
[0.790s] Level 1:colcon.colcon_core.package_identification:_identify(.) by extension 'ros'
[0.805s] Level 1:colcon.colcon_core.package_identification:_identify(.) by extensions ['cmake', 'python']
[0.805s] Level 1:colcon.colcon_core.package_identification:_identify(.) by extension 'cmake'
[0.806s] Level 1:colcon.colcon_core.package_identification:_identify(.) by extension 'python'
[0.806s] Level 1:colcon.colcon_core.package_identification:_identify(.) by extensions ['python_setup_py']
[0.806s] Level 1:colcon.colcon_core.package_identification:_identify(.) by extension 'python_setup_py'
[0.806s] Level 1:colcon.colcon_core.package_identification:_identify(build) by extensions ['ignore', 'ignore_ament_install']
[0.806s] Level 1:colcon.colcon_core.package_identification:_identify(build) by extension 'ignore'
[0.806s] Level 1:colcon.colcon_core.package_identification:_identify(build) ignored
[0.806s] Level 1:colcon.colcon_core.package_identification:_identify(install) by extensions ['ignore', 'ignore_ament_install']
[0.806s] Level 1:colcon.colcon_core.package_identification:_identify(install) by extension 'ignore'
[0.806s] Level 1:colcon.colcon_core.package_identification:_identify(install) ignored
[0.806s] Level 1:colcon.colcon_core.package_identification:_identify(log) by extensions ['ignore', 'ignore_ament_install']
[0.807s] Level 1:colcon.colcon_core.package_identification:_identify(log) by extension 'ignore'
[0.807s] Level 1:colcon.colcon_core.package_identification:_identify(log) ignored
[0.807s] Level 1:colcon.colcon_core.package_identification:_identify(robotiq_description) by extensions ['ignore', 'ignore_ament_install']
[0.807s] Level 1:colcon.colcon_core.package_identification:_identify(robotiq_description) by extension 'ignore'
[0.807s] Level 1:colcon.colcon_core.package_identification:_identify(robotiq_description) by extension 'ignore_ament_install'
[0.807s] Level 1:colcon.colcon_core.package_identification:_identify(robotiq_description) by extensions ['colcon_pkg']
[0.807s] Level 1:colcon.colcon_core.package_identification:_identify(robotiq_description) by extension 'colcon_pkg'
[0.807s] Level 1:colcon.colcon_core.package_identification:_identify(robotiq_description) by extensions ['colcon_meta']
[0.807s] Level 1:colcon.colcon_core.package_identification:_identify(robotiq_description) by extension 'colcon_meta'
[0.807s] Level 1:colcon.colcon_core.package_identification:_identify(robotiq_description) by extensions ['ros']
[0.807s] Level 1:colcon.colcon_core.package_identification:_identify(robotiq_description) by extension 'ros'
[0.811s] DEBUG:colcon.colcon_core.package_identification:Package 'robotiq_description' with type 'ros.ament_cmake' and name 'robotiq_description'
[0.811s] Level 1:colcon.colcon_core.package_identification:_identify(ur5_controller) by extensions ['ignore', 'ignore_ament_install']
[0.811s] Level 1:colcon.colcon_core.package_identification:_identify(ur5_controller) by extension 'ignore'
[0.811s] Level 1:colcon.colcon_core.package_identification:_identify(ur5_controller) by extension 'ignore_ament_install'
[0.811s] Level 1:colcon.colcon_core.package_identification:_identify(ur5_controller) by extensions ['colcon_pkg']
[0.811s] Level 1:colcon.colcon_core.package_identification:_identify(ur5_controller) by extension 'colcon_pkg'
[0.811s] Level 1:colcon.colcon_core.package_identification:_identify(ur5_controller) by extensions ['colcon_meta']
[0.811s] Level 1:colcon.colcon_core.package_identification:_identify(ur5_controller) by extension 'colcon_meta'
[0.811s] Level 1:colcon.colcon_core.package_identification:_identify(ur5_controller) by extensions ['ros']
[0.811s] Level 1:colcon.colcon_core.package_identification:_identify(ur5_controller) by extension 'ros'
[0.812s] DEBUG:colcon.colcon_core.package_identification:Package 'ur5_controller' with type 'ros.ament_cmake' and name 'ur5_controller'
[0.812s] Level 1:colcon.colcon_core.package_identification:_identify(ur5_robot_description) by extensions ['ignore', 'ignore_ament_install']
[0.812s] Level 1:colcon.colcon_core.package_identification:_identify(ur5_robot_description) by extension 'ignore'
[0.812s] Level 1:colcon.colcon_core.package_identification:_identify(ur5_robot_description) by extension 'ignore_ament_install'
[0.813s] Level 1:colcon.colcon_core.package_identification:_identify(ur5_robot_description) by extensions ['colcon_pkg']
[0.813s] Level 1:colcon.colcon_core.package_identification:_identify(ur5_robot_description) by extension 'colcon_pkg'
[0.813s] Level 1:colcon.colcon_core.package_identification:_identify(ur5_robot_description) by extensions ['colcon_meta']
[0.813s] Level 1:colcon.colcon_core.package_identification:_identify(ur5_robot_description) by extension 'colcon_meta'
[0.813s] Level 1:colcon.colcon_core.package_identification:_identify(ur5_robot_description) by extensions ['ros']
[0.813s] Level 1:colcon.colcon_core.package_identification:_identify(ur5_robot_description) by extension 'ros'
[0.816s] DEBUG:colcon.colcon_core.package_identification:Package 'ur5_robot_description' with type 'ros.ament_cmake' and name 'ur5_robot_description'
[0.817s] Level 1:colcon.colcon_core.package_discovery:discover_packages(recursive) using defaults
[0.817s] Level 1:colcon.colcon_core.package_discovery:discover_packages(ignore) discover
[0.817s] Level 1:colcon.colcon_core.package_discovery:discover_packages(ignore) using defaults
[0.817s] Level 1:colcon.colcon_core.package_discovery:discover_packages(path) discover
[0.817s] Level 1:colcon.colcon_core.package_discovery:discover_packages(path) using defaults
[0.847s] Level 1:colcon.colcon_core.package_discovery:discover_packages(prefix_path) check parameters
[0.847s] Level 1:colcon.colcon_core.package_discovery:discover_packages(prefix_path) discover
[0.869s] DEBUG:colcon.colcon_installed_package_information.package_discovery:Found 3 installed packages in /home/taj71/octo_ws/install
[0.871s] DEBUG:colcon.colcon_installed_package_information.package_discovery:Found 412 installed packages in /opt/ros/iron
[0.874s] Level 1:colcon.colcon_core.package_discovery:discover_packages(prefix_path) using defaults
[0.957s] Level 5:colcon.colcon_core.verb:set package 'robotiq_description' build argument 'cmake_args' from command line to 'None'
[0.957s] Level 5:colcon.colcon_core.verb:set package 'robotiq_description' build argument 'cmake_target' from command line to 'None'
[0.957s] Level 5:colcon.colcon_core.verb:set package 'robotiq_description' build argument 'cmake_target_skip_unavailable' from command line to 'False'
[0.957s] Level 5:colcon.colcon_core.verb:set package 'robotiq_description' build argument 'cmake_clean_cache' from command line to 'False'
[0.957s] Level 5:colcon.colcon_core.verb:set package 'robotiq_description' build argument 'cmake_clean_first' from command line to 'False'
[0.957s] Level 5:colcon.colcon_core.verb:set package 'robotiq_description' build argument 'cmake_force_configure' from command line to 'False'
[0.957s] Level 5:colcon.colcon_core.verb:set package 'robotiq_description' build argument 'ament_cmake_args' from command line to 'None'
[0.957s] Level 5:colcon.colcon_core.verb:set package 'robotiq_description' build argument 'catkin_cmake_args' from command line to 'None'
[0.957s] Level 5:colcon.colcon_core.verb:set package 'robotiq_description' build argument 'catkin_skip_building_tests' from command line to 'False'
[0.957s] DEBUG:colcon.colcon_core.verb:Building package 'robotiq_description' with the following arguments: {'ament_cmake_args': None, 'build_base': '/home/taj71/octo_ws/src/build/robotiq_description', 'catkin_cmake_args': None, 'catkin_skip_building_tests': False, 'cmake_args': None, 'cmake_clean_cache': False, 'cmake_clean_first': False, 'cmake_force_configure': False, 'cmake_target': None, 'cmake_target_skip_unavailable': False, 'install_base': '/home/taj71/octo_ws/src/install/robotiq_description', 'merge_install': False, 'path': '/home/taj71/octo_ws/src/robotiq_description', 'symlink_install': False, 'test_result_base': None}
[0.958s] Level 5:colcon.colcon_core.verb:set package 'ur5_controller' build argument 'cmake_args' from command line to 'None'
[0.959s] Level 5:colcon.colcon_core.verb:set package 'ur5_controller' build argument 'cmake_target' from command line to 'None'
[0.959s] Level 5:colcon.colcon_core.verb:set package 'ur5_controller' build argument 'cmake_target_skip_unavailable' from command line to 'False'
[0.959s] Level 5:colcon.colcon_core.verb:set package 'ur5_controller' build argument 'cmake_clean_cache' from command line to 'False'
[0.959s] Level 5:colcon.colcon_core.verb:set package 'ur5_controller' build argument 'cmake_clean_first' from command line to 'False'
[0.959s] Level 5:colcon.colcon_core.verb:set package 'ur5_controller' build argument 'cmake_force_configure' from command line to 'False'
[0.959s] Level 5:colcon.colcon_core.verb:set package 'ur5_controller' build argument 'ament_cmake_args' from command line to 'None'
[0.959s] Level 5:colcon.colcon_core.verb:set package 'ur5_controller' build argument 'catkin_cmake_args' from command line to 'None'
[0.959s] Level 5:colcon.colcon_core.verb:set package 'ur5_controller' build argument 'catkin_skip_building_tests' from command line to 'False'
[0.959s] DEBUG:colcon.colcon_core.verb:Building package 'ur5_controller' with the following arguments: {'ament_cmake_args': None, 'build_base': '/home/taj71/octo_ws/src/build/ur5_controller', 'catkin_cmake_args': None, 'catkin_skip_building_tests': False, 'cmake_args': None, 'cmake_clean_cache': False, 'cmake_clean_first': False, 'cmake_force_configure': False, 'cmake_target': None, 'cmake_target_skip_unavailable': False, 'install_base': '/home/taj71/octo_ws/src/install/ur5_controller', 'merge_install': False, 'path': '/home/taj71/octo_ws/src/ur5_controller', 'symlink_install': False, 'test_result_base': None}
[0.960s] Level 5:colcon.colcon_core.verb:set package 'ur5_robot_description' build argument 'cmake_args' from command line to 'None'
[0.960s] Level 5:colcon.colcon_core.verb:set package 'ur5_robot_description' build argument 'cmake_target' from command line to 'None'
[0.960s] Level 5:colcon.colcon_core.verb:set package 'ur5_robot_description' build argument 'cmake_target_skip_unavailable' from command line to 'False'
[0.960s] Level 5:colcon.colcon_core.verb:set package 'ur5_robot_description' build argument 'cmake_clean_cache' from command line to 'False'
[0.960s] Level 5:colcon.colcon_core.verb:set package 'ur5_robot_description' build argument 'cmake_clean_first' from command line to 'False'
[0.960s] Level 5:colcon.colcon_core.verb:set package 'ur5_robot_description' build argument 'cmake_force_configure' from command line to 'False'
[0.960s] Level 5:colcon.colcon_core.verb:set package 'ur5_robot_description' build argument 'ament_cmake_args' from command line to 'None'
[0.960s] Level 5:colcon.colcon_core.verb:set package 'ur5_robot_description' build argument 'catkin_cmake_args' from command line to 'None'
[0.960s] Level 5:colcon.colcon_core.verb:set package 'ur5_robot_description' build argument 'catkin_skip_building_tests' from command line to 'False'
[0.960s] DEBUG:colcon.colcon_core.verb:Building package 'ur5_robot_description' with the following arguments: {'ament_cmake_args': None, 'build_base': '/home/taj71/octo_ws/src/build/ur5_robot_description', 'catkin_cmake_args': None, 'catkin_skip_building_tests': False, 'cmake_args': None, 'cmake_clean_cache': False, 'cmake_clean_first': False, 'cmake_force_configure': False, 'cmake_target': None, 'cmake_target_skip_unavailable': False, 'install_base': '/home/taj71/octo_ws/src/install/ur5_robot_description', 'merge_install': False, 'path': '/home/taj71/octo_ws/src/ur5_robot_description', 'symlink_install': False, 'test_result_base': None}
[0.961s] INFO:colcon.colcon_core.executor:Executing jobs using 'parallel' executor
[0.963s] DEBUG:colcon.colcon_parallel_executor.executor.parallel:run_until_complete
[0.964s] INFO:colcon.colcon_ros.task.ament_cmake.build:Building ROS package in '/home/taj71/octo_ws/src/robotiq_description' with build type 'ament_cmake'
[0.964s] INFO:colcon.colcon_cmake.task.cmake.build:Building CMake package in '/home/taj71/octo_ws/src/robotiq_description'
[0.968s] INFO:colcon.colcon_core.plugin_system:Skipping extension 'colcon_core.shell.bat': Not used on non-Windows systems
[0.969s] INFO:colcon.colcon_core.shell:Skip shell extension 'powershell' for command environment: Not usable outside of PowerShell
[0.969s] DEBUG:colcon.colcon_core.shell:Skip shell extension 'dsv' for command environment
[0.976s] INFO:colcon.colcon_ros.task.ament_cmake.build:Building ROS package in '/home/taj71/octo_ws/src/ur5_controller' with build type 'ament_cmake'
[0.976s] INFO:colcon.colcon_cmake.task.cmake.build:Building CMake package in '/home/taj71/octo_ws/src/ur5_controller'
[0.977s] INFO:colcon.colcon_core.shell:Skip shell extension 'powershell' for command environment: Not usable outside of PowerShell
[0.977s] DEBUG:colcon.colcon_core.shell:Skip shell extension 'dsv' for command environment
[0.983s] INFO:colcon.colcon_ros.task.ament_cmake.build:Building ROS package in '/home/taj71/octo_ws/src/ur5_robot_description' with build type 'ament_cmake'
[0.983s] INFO:colcon.colcon_cmake.task.cmake.build:Building CMake package in '/home/taj71/octo_ws/src/ur5_robot_description'
[0.984s] INFO:colcon.colcon_core.shell:Skip shell extension 'powershell' for command environment: Not usable outside of PowerShell
[0.985s] DEBUG:colcon.colcon_core.shell:Skip shell extension 'dsv' for command environment
[1.004s] DEBUG:colcon.colcon_core.event_handler.log_command:Invoking command in '/home/taj71/octo_ws/src/build/robotiq_description': CMAKE_PREFIX_PATH=${CMAKE_PREFIX_PATH}:/opt/ros/iron /usr/bin/cmake --build /home/taj71/octo_ws/src/build/robotiq_description -- -j8 -l8
[1.018s] DEBUG:colcon.colcon_core.event_handler.log_command:Invoking command in '/home/taj71/octo_ws/src/build/ur5_controller': CMAKE_PREFIX_PATH=${CMAKE_PREFIX_PATH}:/opt/ros/iron /usr/bin/cmake --build /home/taj71/octo_ws/src/build/ur5_controller -- -j8 -l8
[1.031s] DEBUG:colcon.colcon_core.event_handler.log_command:Invoking command in '/home/taj71/octo_ws/src/build/ur5_robot_description': CMAKE_PREFIX_PATH=${CMAKE_PREFIX_PATH}:/opt/ros/iron /usr/bin/cmake --build /home/taj71/octo_ws/src/build/ur5_robot_description -- -j8 -l8
[1.587s] DEBUG:colcon.colcon_core.event_handler.log_command:Invoked command in '/home/taj71/octo_ws/src/build/robotiq_description' returned '0': CMAKE_PREFIX_PATH=${CMAKE_PREFIX_PATH}:/opt/ros/iron /usr/bin/cmake --build /home/taj71/octo_ws/src/build/robotiq_description -- -j8 -l8
[1.603s] DEBUG:colcon.colcon_core.event_handler.log_command:Invoking command in '/home/taj71/octo_ws/src/build/robotiq_description': CMAKE_PREFIX_PATH=${CMAKE_PREFIX_PATH}:/opt/ros/iron /usr/bin/cmake --install /home/taj71/octo_ws/src/build/robotiq_description
[1.609s] DEBUG:colcon.colcon_core.event_handler.log_command:Invoked command in '/home/taj71/octo_ws/src/build/ur5_robot_description' returned '0': CMAKE_PREFIX_PATH=${CMAKE_PREFIX_PATH}:/opt/ros/iron /usr/bin/cmake --build /home/taj71/octo_ws/src/build/ur5_robot_description -- -j8 -l8
[1.619s] DEBUG:colcon.colcon_core.event_handler.log_command:Invoking command in '/home/taj71/octo_ws/src/build/ur5_robot_description': CMAKE_PREFIX_PATH=${CMAKE_PREFIX_PATH}:/opt/ros/iron /usr/bin/cmake --install /home/taj71/octo_ws/src/build/ur5_robot_description
[1.634s] Level 1:colcon.colcon_core.environment:create_environment_scripts_only(robotiq_description)
[1.645s] DEBUG:colcon.colcon_core.event_handler.log_command:Invoked command in '/home/taj71/octo_ws/src/build/ur5_controller' returned '0': CMAKE_PREFIX_PATH=${CMAKE_PREFIX_PATH}:/opt/ros/iron /usr/bin/cmake --build /home/taj71/octo_ws/src/build/ur5_controller -- -j8 -l8
[1.650s] Level 1:colcon.colcon_core.environment:checking '/home/taj71/octo_ws/src/install/robotiq_description' for CMake module files
[1.664s] Level 1:colcon.colcon_core.environment:checking '/home/taj71/octo_ws/src/install/robotiq_description' for CMake config files
[1.665s] DEBUG:colcon.colcon_core.event_handler.log_command:Invoking command in '/home/taj71/octo_ws/src/build/ur5_controller': CMAKE_PREFIX_PATH=${CMAKE_PREFIX_PATH}:/opt/ros/iron /usr/bin/cmake --install /home/taj71/octo_ws/src/build/ur5_controller
[1.670s] DEBUG:colcon.colcon_core.event_handler.log_command:Invoked command in '/home/taj71/octo_ws/src/build/robotiq_description' returned '0': CMAKE_PREFIX_PATH=${CMAKE_PREFIX_PATH}:/opt/ros/iron /usr/bin/cmake --install /home/taj71/octo_ws/src/build/robotiq_description
[1.676s] Level 1:colcon.colcon_core.shell:create_environment_hook('robotiq_description', 'cmake_prefix_path')
[1.676s] INFO:colcon.colcon_core.shell:Creating environment hook '/home/taj71/octo_ws/src/install/robotiq_description/share/robotiq_description/hook/cmake_prefix_path.ps1'
[1.677s] INFO:colcon.colcon_core.shell:Creating environment descriptor '/home/taj71/octo_ws/src/install/robotiq_description/share/robotiq_description/hook/cmake_prefix_path.dsv'
[1.678s] INFO:colcon.colcon_core.shell:Creating environment hook '/home/taj71/octo_ws/src/install/robotiq_description/share/robotiq_description/hook/cmake_prefix_path.sh'
[1.679s] Level 1:colcon.colcon_core.environment:checking '/home/taj71/octo_ws/src/install/robotiq_description/bin'
[1.680s] Level 1:colcon.colcon_core.environment:checking '/home/taj71/octo_ws/src/install/robotiq_description/lib/pkgconfig/robotiq_description.pc'
[1.680s] Level 1:colcon.colcon_core.environment:checking '/home/taj71/octo_ws/src/install/robotiq_description/lib/python3.10/site-packages'
[1.680s] Level 1:colcon.colcon_core.environment:checking '/home/taj71/octo_ws/src/install/robotiq_description/bin'
[1.681s] INFO:colcon.colcon_core.shell:Creating package script '/home/taj71/octo_ws/src/install/robotiq_description/share/robotiq_description/package.ps1'
[1.682s] INFO:colcon.colcon_core.shell:Creating package descriptor '/home/taj71/octo_ws/src/install/robotiq_description/share/robotiq_description/package.dsv'
[1.682s] INFO:colcon.colcon_core.shell:Creating package script '/home/taj71/octo_ws/src/install/robotiq_description/share/robotiq_description/package.sh'
[1.683s] INFO:colcon.colcon_core.shell:Creating package script '/home/taj71/octo_ws/src/install/robotiq_description/share/robotiq_description/package.bash'
[1.685s] INFO:colcon.colcon_core.shell:Creating package script '/home/taj71/octo_ws/src/install/robotiq_description/share/robotiq_description/package.zsh'
[1.685s] Level 1:colcon.colcon_core.environment:create_file_with_runtime_dependencies(/home/taj71/octo_ws/src/install/robotiq_description/share/colcon-core/packages/robotiq_description)
[1.686s] Level 1:colcon.colcon_core.environment:create_environment_scripts_only(robotiq_description)
[1.687s] Level 1:colcon.colcon_core.environment:checking '/home/taj71/octo_ws/src/install/robotiq_description' for CMake module files
[1.688s] Level 1:colcon.colcon_core.environment:checking '/home/taj71/octo_ws/src/install/robotiq_description' for CMake config files
[1.688s] Level 1:colcon.colcon_core.shell:create_environment_hook('robotiq_description', 'cmake_prefix_path')
[1.689s] INFO:colcon.colcon_core.shell:Creating environment hook '/home/taj71/octo_ws/src/install/robotiq_description/share/robotiq_description/hook/cmake_prefix_path.ps1'
[1.689s] INFO:colcon.colcon_core.shell:Creating environment descriptor '/home/taj71/octo_ws/src/install/robotiq_description/share/robotiq_description/hook/cmake_prefix_path.dsv'
[1.690s] INFO:colcon.colcon_core.shell:Creating environment hook '/home/taj71/octo_ws/src/install/robotiq_description/share/robotiq_description/hook/cmake_prefix_path.sh'
[1.691s] Level 1:colcon.colcon_core.environment:checking '/home/taj71/octo_ws/src/install/robotiq_description/bin'
[1.691s] Level 1:colcon.colcon_core.environment:checking '/home/taj71/octo_ws/src/install/robotiq_description/lib/pkgconfig/robotiq_description.pc'
[1.691s] Level 1:colcon.colcon_core.environment:checking '/home/taj71/octo_ws/src/install/robotiq_description/lib/python3.10/site-packages'
[1.691s] Level 1:colcon.colcon_core.environment:checking '/home/taj71/octo_ws/src/install/robotiq_description/bin'
[1.692s] INFO:colcon.colcon_core.shell:Creating package script '/home/taj71/octo_ws/src/install/robotiq_description/share/robotiq_description/package.ps1'
[1.693s] INFO:colcon.colcon_core.shell:Creating package descriptor '/home/taj71/octo_ws/src/install/robotiq_description/share/robotiq_description/package.dsv'
[1.694s] INFO:colcon.colcon_core.shell:Creating package script '/home/taj71/octo_ws/src/install/robotiq_description/share/robotiq_description/package.sh'
[1.695s] INFO:colcon.colcon_core.shell:Creating package script '/home/taj71/octo_ws/src/install/robotiq_description/share/robotiq_description/package.bash'
[1.696s] INFO:colcon.colcon_core.shell:Creating package script '/home/taj71/octo_ws/src/install/robotiq_description/share/robotiq_description/package.zsh'
[1.696s] Level 1:colcon.colcon_core.environment:create_file_with_runtime_dependencies(/home/taj71/octo_ws/src/install/robotiq_description/share/colcon-core/packages/robotiq_description)
[1.698s] Level 1:colcon.colcon_core.environment:create_environment_scripts_only(ur5_robot_description)
[1.699s] Level 1:colcon.colcon_core.environment:checking '/home/taj71/octo_ws/src/install/ur5_robot_description' for CMake module files
[1.701s] DEBUG:colcon.colcon_core.event_handler.log_command:Invoked command in '/home/taj71/octo_ws/src/build/ur5_robot_description' returned '0': CMAKE_PREFIX_PATH=${CMAKE_PREFIX_PATH}:/opt/ros/iron /usr/bin/cmake --install /home/taj71/octo_ws/src/build/ur5_robot_description
[1.702s] Level 1:colcon.colcon_core.environment:checking '/home/taj71/octo_ws/src/install/ur5_robot_description' for CMake config files
[1.702s] Level 1:colcon.colcon_core.shell:create_environment_hook('ur5_robot_description', 'cmake_prefix_path')
[1.703s] INFO:colcon.colcon_core.shell:Creating environment hook '/home/taj71/octo_ws/src/install/ur5_robot_description/share/ur5_robot_description/hook/cmake_prefix_path.ps1'
[1.704s] INFO:colcon.colcon_core.shell:Creating environment descriptor '/home/taj71/octo_ws/src/install/ur5_robot_description/share/ur5_robot_description/hook/cmake_prefix_path.dsv'
[1.704s] INFO:colcon.colcon_core.shell:Creating environment hook '/home/taj71/octo_ws/src/install/ur5_robot_description/share/ur5_robot_description/hook/cmake_prefix_path.sh'
[1.705s] Level 1:colcon.colcon_core.environment:checking '/home/taj71/octo_ws/src/install/ur5_robot_description/bin'
[1.705s] Level 1:colcon.colcon_core.environment:checking '/home/taj71/octo_ws/src/install/ur5_robot_description/lib/pkgconfig/ur5_robot_description.pc'
[1.706s] Level 1:colcon.colcon_core.environment:checking '/home/taj71/octo_ws/src/install/ur5_robot_description/lib/python3.10/site-packages'
[1.706s] Level 1:colcon.colcon_core.environment:checking '/home/taj71/octo_ws/src/install/ur5_robot_description/bin'
[1.707s] INFO:colcon.colcon_core.shell:Creating package script '/home/taj71/octo_ws/src/install/ur5_robot_description/share/ur5_robot_description/package.ps1'
[1.708s] INFO:colcon.colcon_core.shell:Creating package descriptor '/home/taj71/octo_ws/src/install/ur5_robot_description/share/ur5_robot_description/package.dsv'
[1.709s] INFO:colcon.colcon_core.shell:Creating package script '/home/taj71/octo_ws/src/install/ur5_robot_description/share/ur5_robot_description/package.sh'
[1.711s] INFO:colcon.colcon_core.shell:Creating package script '/home/taj71/octo_ws/src/install/ur5_robot_description/share/ur5_robot_description/package.bash'
[1.712s] INFO:colcon.colcon_core.shell:Creating package script '/home/taj71/octo_ws/src/install/ur5_robot_description/share/ur5_robot_description/package.zsh'
[1.713s] Level 1:colcon.colcon_core.environment:create_file_with_runtime_dependencies(/home/taj71/octo_ws/src/install/ur5_robot_description/share/colcon-core/packages/ur5_robot_description)
[1.714s] Level 1:colcon.colcon_core.environment:create_environment_scripts_only(ur5_robot_description)
[1.714s] Level 1:colcon.colcon_core.environment:checking '/home/taj71/octo_ws/src/install/ur5_robot_description' for CMake module files
[1.715s] Level 1:colcon.colcon_core.environment:checking '/home/taj71/octo_ws/src/install/ur5_robot_description' for CMake config files
[1.716s] Level 1:colcon.colcon_core.shell:create_environment_hook('ur5_robot_description', 'cmake_prefix_path')
[1.716s] INFO:colcon.colcon_core.shell:Creating environment hook '/home/taj71/octo_ws/src/install/ur5_robot_description/share/ur5_robot_description/hook/cmake_prefix_path.ps1'
[1.717s] INFO:colcon.colcon_core.shell:Creating environment descriptor '/home/taj71/octo_ws/src/install/ur5_robot_description/share/ur5_robot_description/hook/cmake_prefix_path.dsv'
[1.718s] INFO:colcon.colcon_core.shell:Creating environment hook '/home/taj71/octo_ws/src/install/ur5_robot_description/share/ur5_robot_description/hook/cmake_prefix_path.sh'
[1.720s] Level 1:colcon.colcon_core.environment:checking '/home/taj71/octo_ws/src/install/ur5_robot_description/bin'
[1.720s] Level 1:colcon.colcon_core.environment:checking '/home/taj71/octo_ws/src/install/ur5_robot_description/lib/pkgconfig/ur5_robot_description.pc'
[1.721s] Level 1:colcon.colcon_core.environment:checking '/home/taj71/octo_ws/src/install/ur5_robot_description/lib/python3.10/site-packages'
[1.721s] Level 1:colcon.colcon_core.environment:checking '/home/taj71/octo_ws/src/install/ur5_robot_description/bin'
[1.722s] INFO:colcon.colcon_core.shell:Creating package script '/home/taj71/octo_ws/src/install/ur5_robot_description/share/ur5_robot_description/package.ps1'
[1.723s] INFO:colcon.colcon_core.shell:Creating package descriptor '/home/taj71/octo_ws/src/install/ur5_robot_description/share/ur5_robot_description/package.dsv'
[1.723s] INFO:colcon.colcon_core.shell:Creating package script '/home/taj71/octo_ws/src/install/ur5_robot_description/share/ur5_robot_description/package.sh'
[1.724s] INFO:colcon.colcon_core.shell:Creating package script '/home/taj71/octo_ws/src/install/ur5_robot_description/share/ur5_robot_description/package.bash'
[1.725s] INFO:colcon.colcon_core.shell:Creating package script '/home/taj71/octo_ws/src/install/ur5_robot_description/share/ur5_robot_description/package.zsh'
[1.726s] Level 1:colcon.colcon_core.environment:create_file_with_runtime_dependencies(/home/taj71/octo_ws/src/install/ur5_robot_description/share/colcon-core/packages/ur5_robot_description)
[1.729s] Level 1:colcon.colcon_core.environment:create_environment_scripts_only(ur5_controller)
[1.730s] Level 1:colcon.colcon_core.environment:checking '/home/taj71/octo_ws/src/install/ur5_controller' for CMake module files
[1.731s] DEBUG:colcon.colcon_core.event_handler.log_command:Invoked command in '/home/taj71/octo_ws/src/build/ur5_controller' returned '0': CMAKE_PREFIX_PATH=${CMAKE_PREFIX_PATH}:/opt/ros/iron /usr/bin/cmake --install /home/taj71/octo_ws/src/build/ur5_controller
[1.732s] Level 1:colcon.colcon_core.environment:checking '/home/taj71/octo_ws/src/install/ur5_controller' for CMake config files
[1.732s] Level 1:colcon.colcon_core.shell:create_environment_hook('ur5_controller', 'cmake_prefix_path')
[1.732s] INFO:colcon.colcon_core.shell:Creating environment hook '/home/taj71/octo_ws/src/install/ur5_controller/share/ur5_controller/hook/cmake_prefix_path.ps1'
[1.733s] INFO:colcon.colcon_core.shell:Creating environment descriptor '/home/taj71/octo_ws/src/install/ur5_controller/share/ur5_controller/hook/cmake_prefix_path.dsv'
[1.734s] INFO:colcon.colcon_core.shell:Creating environment hook '/home/taj71/octo_ws/src/install/ur5_controller/share/ur5_controller/hook/cmake_prefix_path.sh'
[1.735s] Level 1:colcon.colcon_core.environment:checking '/home/taj71/octo_ws/src/install/ur5_controller/bin'
[1.735s] Level 1:colcon.colcon_core.environment:checking '/home/taj71/octo_ws/src/install/ur5_controller/lib/pkgconfig/ur5_controller.pc'
[1.736s] Level 1:colcon.colcon_core.environment:checking '/home/taj71/octo_ws/src/install/ur5_controller/lib/python3.10/site-packages'
[1.736s] Level 1:colcon.colcon_core.environment:checking '/home/taj71/octo_ws/src/install/ur5_controller/bin'
[1.737s] INFO:colcon.colcon_core.shell:Creating package script '/home/taj71/octo_ws/src/install/ur5_controller/share/ur5_controller/package.ps1'
[1.738s] INFO:colcon.colcon_core.shell:Creating package descriptor '/home/taj71/octo_ws/src/install/ur5_controller/share/ur5_controller/package.dsv'
[1.739s] INFO:colcon.colcon_core.shell:Creating package script '/home/taj71/octo_ws/src/install/ur5_controller/share/ur5_controller/package.sh'
[1.740s] INFO:colcon.colcon_core.shell:Creating package script '/home/taj71/octo_ws/src/install/ur5_controller/share/ur5_controller/package.bash'
[1.742s] INFO:colcon.colcon_core.shell:Creating package script '/home/taj71/octo_ws/src/install/ur5_controller/share/ur5_controller/package.zsh'
[1.743s] Level 1:colcon.colcon_core.environment:create_file_with_runtime_dependencies(/home/taj71/octo_ws/src/install/ur5_controller/share/colcon-core/packages/ur5_controller)
[1.744s] Level 1:colcon.colcon_core.environment:create_environment_scripts_only(ur5_controller)
[1.744s] Level 1:colcon.colcon_core.environment:checking '/home/taj71/octo_ws/src/install/ur5_controller' for CMake module files
[1.745s] Level 1:colcon.colcon_core.environment:checking '/home/taj71/octo_ws/src/install/ur5_controller' for CMake config files
[1.745s] Level 1:colcon.colcon_core.shell:create_environment_hook('ur5_controller', 'cmake_prefix_path')
[1.745s] INFO:colcon.colcon_core.shell:Creating environment hook '/home/taj71/octo_ws/src/install/ur5_controller/share/ur5_controller/hook/cmake_prefix_path.ps1'
[1.746s] INFO:colcon.colcon_core.shell:Creating environment descriptor '/home/taj71/octo_ws/src/install/ur5_controller/share/ur5_controller/hook/cmake_prefix_path.dsv'
[1.746s] INFO:colcon.colcon_core.shell:Creating environment hook '/home/taj71/octo_ws/src/install/ur5_controller/share/ur5_controller/hook/cmake_prefix_path.sh'
[1.747s] Level 1:colcon.colcon_core.environment:checking '/home/taj71/octo_ws/src/install/ur5_controller/bin'
[1.748s] Level 1:colcon.colcon_core.environment:checking '/home/taj71/octo_ws/src/install/ur5_controller/lib/pkgconfig/ur5_controller.pc'
[1.748s] Level 1:colcon.colcon_core.environment:checking '/home/taj71/octo_ws/src/install/ur5_controller/lib/python3.10/site-packages'
[1.748s] Level 1:colcon.colcon_core.environment:checking '/home/taj71/octo_ws/src/install/ur5_controller/bin'
[1.749s] INFO:colcon.colcon_core.shell:Creating package script '/home/taj71/octo_ws/src/install/ur5_controller/share/ur5_controller/package.ps1'
[1.750s] INFO:colcon.colcon_core.shell:Creating package descriptor '/home/taj71/octo_ws/src/install/ur5_controller/share/ur5_controller/package.dsv'
[1.751s] INFO:colcon.colcon_core.shell:Creating package script '/home/taj71/octo_ws/src/install/ur5_controller/share/ur5_controller/package.sh'
[1.753s] INFO:colcon.colcon_core.shell:Creating package script '/home/taj71/octo_ws/src/install/ur5_controller/share/ur5_controller/package.bash'
[1.754s] INFO:colcon.colcon_core.shell:Creating package script '/home/taj71/octo_ws/src/install/ur5_controller/share/ur5_controller/package.zsh'
[1.755s] Level 1:colcon.colcon_core.environment:create_file_with_runtime_dependencies(/home/taj71/octo_ws/src/install/ur5_controller/share/colcon-core/packages/ur5_controller)
[1.755s] DEBUG:colcon.colcon_parallel_executor.executor.parallel:closing loop
[1.757s] DEBUG:colcon.colcon_parallel_executor.executor.parallel:loop closed
[1.757s] DEBUG:colcon.colcon_parallel_executor.executor.parallel:run_until_complete finished with '0'
[1.758s] DEBUG:colcon.colcon_core.event_reactor:joining thread
[1.942s] INFO:colcon.colcon_core.plugin_system:Skipping extension 'colcon_notification.desktop_notification.notify_send': Could not find 'notify-send'
[1.943s] INFO:colcon.colcon_core.plugin_system:Skipping extension 'colcon_notification.desktop_notification.terminal_notifier': Not used on non-Darwin systems
[1.943s] INFO:colcon.colcon_core.plugin_system:Skipping extension 'colcon_notification.desktop_notification.win32': Not used on non-Windows systems
[1.943s] INFO:colcon.colcon_notification.desktop_notification:Sending desktop notification using 'notify2'
[1.943s] DEBUG:colcon.colcon_notification.desktop_notification.notify2:Failed to initialize notify2: org.freedesktop.DBus.Error.FileNotFound: Failed to connect to socket /run/user/1000/bus: No such file or directory
[1.943s] DEBUG:colcon.colcon_core.event_reactor:joined thread
[1.944s] INFO:colcon.colcon_core.shell:Creating prefix script '/home/taj71/octo_ws/src/install/local_setup.ps1'
[1.945s] INFO:colcon.colcon_core.shell:Creating prefix util module '/home/taj71/octo_ws/src/install/_local_setup_util_ps1.py'
[1.948s] INFO:colcon.colcon_core.shell:Creating prefix chain script '/home/taj71/octo_ws/src/install/setup.ps1'
[1.950s] INFO:colcon.colcon_core.shell:Creating prefix script '/home/taj71/octo_ws/src/install/local_setup.sh'
[1.950s] INFO:colcon.colcon_core.shell:Creating prefix util module '/home/taj71/octo_ws/src/install/_local_setup_util_sh.py'
[1.952s] INFO:colcon.colcon_core.shell:Creating prefix chain script '/home/taj71/octo_ws/src/install/setup.sh'
[1.953s] INFO:colcon.colcon_core.shell:Creating prefix script '/home/taj71/octo_ws/src/install/local_setup.bash'
[1.954s] INFO:colcon.colcon_core.shell:Creating prefix chain script '/home/taj71/octo_ws/src/install/setup.bash'
[1.956s] INFO:colcon.colcon_core.shell:Creating prefix script '/home/taj71/octo_ws/src/install/local_setup.zsh'
[1.957s] INFO:colcon.colcon_core.shell:Creating prefix chain script '/home/taj71/octo_ws/src/install/setup.zsh'
