[0.389s] DEBUG:colcon:Command line arguments: ['/home/taj71/.local/bin/colcon', 'build']
[0.389s] DEBUG:colcon:Parsed command line arguments: Namespace(log_base=None, log_level=None, verb_name='build', build_base='build', install_base='install', merge_install=False, symlink_install=False, test_result_base=None, continue_on_error=False, executor='parallel', parallel_workers=8, event_handlers=None, ignore_user_meta=False, metas=['./colcon.meta'], base_paths=['.'], packages_ignore=None, packages_ignore_regex=None, paths=None, packages_up_to=None, packages_up_to_regex=None, packages_above=None, packages_above_and_dependencies=None, packages_above_depth=None, packages_select_by_dep=None, packages_skip_by_dep=None, packages_skip_up_to=None, packages_select_build_failed=False, packages_skip_build_finished=False, packages_select_test_failures=False, packages_skip_test_passed=False, packages_select=None, packages_skip=None, packages_select_regex=None, packages_skip_regex=None, packages_start=None, packages_end=None, allow_overriding=[], cmake_args=None, cmake_target=None, cmake_target_skip_unavailable=False, cmake_clean_cache=False, cmake_clean_first=False, cmake_force_configure=False, ament_cmake_args=None, catkin_cmake_args=None, catkin_skip_building_tests=False, mixin_files=None, mixin=None, verb_parser=<colcon_mixin.mixin.mixin_argument.MixinArgumentDecorator object at 0x7f1856573f70>, verb_extension=<colcon_core.verb.build.BuildVerb object at 0x7f18566aceb0>, main=<bound method BuildVerb.main of <colcon_core.verb.build.BuildVerb object at 0x7f18566aceb0>>, mixin_verb=('build',))
[0.603s] Level 1:colcon.colcon_core.package_discovery:discover_packages(colcon_meta) check parameters
[0.603s] Level 1:colcon.colcon_core.package_discovery:discover_packages(recursive) check parameters
[0.603s] Level 1:colcon.colcon_core.package_discovery:discover_packages(ignore) check parameters
[0.603s] Level 1:colcon.colcon_core.package_discovery:discover_packages(path) check parameters
[0.603s] Level 1:colcon.colcon_core.package_discovery:discover_packages(colcon_meta) discover
[0.603s] Level 1:colcon.colcon_core.package_discovery:discover_packages(recursive) discover
[0.603s] INFO:colcon.colcon_core.package_discovery:Crawling recursively for packages in '/home/taj71/ur5_ws'
[0.604s] Level 1:colcon.colcon_core.package_identification:_identify(.) by extensions ['ignore', 'ignore_ament_install']
[0.604s] Level 1:colcon.colcon_core.package_identification:_identify(.) by extension 'ignore'
[0.604s] Level 1:colcon.colcon_core.package_identification:_identify(.) by extension 'ignore_ament_install'
[0.604s] Level 1:colcon.colcon_core.package_identification:_identify(.) by extensions ['colcon_pkg']
[0.604s] Level 1:colcon.colcon_core.package_identification:_identify(.) by extension 'colcon_pkg'
[0.604s] Level 1:colcon.colcon_core.package_identification:_identify(.) by extensions ['colcon_meta']
[0.604s] Level 1:colcon.colcon_core.package_identification:_identify(.) by extension 'colcon_meta'
[0.605s] Level 1:colcon.colcon_core.package_identification:_identify(.) by extensions ['ros']
[0.605s] Level 1:colcon.colcon_core.package_identification:_identify(.) by extension 'ros'
[0.618s] Level 1:colcon.colcon_core.package_identification:_identify(.) by extensions ['cmake', 'python']
[0.618s] Level 1:colcon.colcon_core.package_identification:_identify(.) by extension 'cmake'
[0.618s] Level 1:colcon.colcon_core.package_identification:_identify(.) by extension 'python'
[0.618s] Level 1:colcon.colcon_core.package_identification:_identify(.) by extensions ['python_setup_py']
[0.618s] Level 1:colcon.colcon_core.package_identification:_identify(.) by extension 'python_setup_py'
[0.618s] Level 1:colcon.colcon_core.package_identification:_identify(build) by extensions ['ignore', 'ignore_ament_install']
[0.618s] Level 1:colcon.colcon_core.package_identification:_identify(build) by extension 'ignore'
[0.619s] Level 1:colcon.colcon_core.package_identification:_identify(build) ignored
[0.619s] Level 1:colcon.colcon_core.package_identification:_identify(install) by extensions ['ignore', 'ignore_ament_install']
[0.619s] Level 1:colcon.colcon_core.package_identification:_identify(install) by extension 'ignore'
[0.619s] Level 1:colcon.colcon_core.package_identification:_identify(install) ignored
[0.619s] Level 1:colcon.colcon_core.package_identification:_identify(log) by extensions ['ignore', 'ignore_ament_install']
[0.619s] Level 1:colcon.colcon_core.package_identification:_identify(log) by extension 'ignore'
[0.619s] Level 1:colcon.colcon_core.package_identification:_identify(log) ignored
[0.619s] Level 1:colcon.colcon_core.package_identification:_identify(src) by extensions ['ignore', 'ignore_ament_install']
[0.620s] Level 1:colcon.colcon_core.package_identification:_identify(src) by extension 'ignore'
[0.620s] Level 1:colcon.colcon_core.package_identification:_identify(src) by extension 'ignore_ament_install'
[0.620s] Level 1:colcon.colcon_core.package_identification:_identify(src) by extensions ['colcon_pkg']
[0.620s] Level 1:colcon.colcon_core.package_identification:_identify(src) by extension 'colcon_pkg'
[0.620s] Level 1:colcon.colcon_core.package_identification:_identify(src) by extensions ['colcon_meta']
[0.620s] Level 1:colcon.colcon_core.package_identification:_identify(src) by extension 'colcon_meta'
[0.620s] Level 1:colcon.colcon_core.package_identification:_identify(src) by extensions ['ros']
[0.620s] Level 1:colcon.colcon_core.package_identification:_identify(src) by extension 'ros'
[0.620s] Level 1:colcon.colcon_core.package_identification:_identify(src) by extensions ['cmake', 'python']
[0.620s] Level 1:colcon.colcon_core.package_identification:_identify(src) by extension 'cmake'
[0.620s] Level 1:colcon.colcon_core.package_identification:_identify(src) by extension 'python'
[0.620s] Level 1:colcon.colcon_core.package_identification:_identify(src) by extensions ['python_setup_py']
[0.620s] Level 1:colcon.colcon_core.package_identification:_identify(src) by extension 'python_setup_py'
[0.620s] Level 1:colcon.colcon_core.package_identification:_identify(src/robotiq_description) by extensions ['ignore', 'ignore_ament_install']
[0.620s] Level 1:colcon.colcon_core.package_identification:_identify(src/robotiq_description) by extension 'ignore'
[0.620s] Level 1:colcon.colcon_core.package_identification:_identify(src/robotiq_description) by extension 'ignore_ament_install'
[0.620s] Level 1:colcon.colcon_core.package_identification:_identify(src/robotiq_description) by extensions ['colcon_pkg']
[0.621s] Level 1:colcon.colcon_core.package_identification:_identify(src/robotiq_description) by extension 'colcon_pkg'
[0.621s] Level 1:colcon.colcon_core.package_identification:_identify(src/robotiq_description) by extensions ['colcon_meta']
[0.621s] Level 1:colcon.colcon_core.package_identification:_identify(src/robotiq_description) by extension 'colcon_meta'
[0.621s] Level 1:colcon.colcon_core.package_identification:_identify(src/robotiq_description) by extensions ['ros']
[0.621s] Level 1:colcon.colcon_core.package_identification:_identify(src/robotiq_description) by extension 'ros'
[0.624s] DEBUG:colcon.colcon_core.package_identification:Package 'src/robotiq_description' with type 'ros.ament_cmake' and name 'robotiq_description'
[0.624s] Level 1:colcon.colcon_core.package_identification:_identify(src/ur5_robot_description) by extensions ['ignore', 'ignore_ament_install']
[0.624s] Level 1:colcon.colcon_core.package_identification:_identify(src/ur5_robot_description) by extension 'ignore'
[0.624s] Level 1:colcon.colcon_core.package_identification:_identify(src/ur5_robot_description) by extension 'ignore_ament_install'
[0.624s] Level 1:colcon.colcon_core.package_identification:_identify(src/ur5_robot_description) by extensions ['colcon_pkg']
[0.624s] Level 1:colcon.colcon_core.package_identification:_identify(src/ur5_robot_description) by extension 'colcon_pkg'
[0.624s] Level 1:colcon.colcon_core.package_identification:_identify(src/ur5_robot_description) by extensions ['colcon_meta']
[0.624s] Level 1:colcon.colcon_core.package_identification:_identify(src/ur5_robot_description) by extension 'colcon_meta'
[0.624s] Level 1:colcon.colcon_core.package_identification:_identify(src/ur5_robot_description) by extensions ['ros']
[0.624s] Level 1:colcon.colcon_core.package_identification:_identify(src/ur5_robot_description) by extension 'ros'
[0.625s] DEBUG:colcon.colcon_core.package_identification:Package 'src/ur5_robot_description' with type 'ros.ament_cmake' and name 'ur5_robot_description'
[0.625s] Level 1:colcon.colcon_core.package_identification:_identify(src/ur5_robot_py) by extensions ['ignore', 'ignore_ament_install']
[0.625s] Level 1:colcon.colcon_core.package_identification:_identify(src/ur5_robot_py) by extension 'ignore'
[0.625s] Level 1:colcon.colcon_core.package_identification:_identify(src/ur5_robot_py) by extension 'ignore_ament_install'
[0.625s] Level 1:colcon.colcon_core.package_identification:_identify(src/ur5_robot_py) by extensions ['colcon_pkg']
[0.625s] Level 1:colcon.colcon_core.package_identification:_identify(src/ur5_robot_py) by extension 'colcon_pkg'
[0.625s] Level 1:colcon.colcon_core.package_identification:_identify(src/ur5_robot_py) by extensions ['colcon_meta']
[0.625s] Level 1:colcon.colcon_core.package_identification:_identify(src/ur5_robot_py) by extension 'colcon_meta'
[0.625s] Level 1:colcon.colcon_core.package_identification:_identify(src/ur5_robot_py) by extensions ['ros']
[0.625s] Level 1:colcon.colcon_core.package_identification:_identify(src/ur5_robot_py) by extension 'ros'
[0.626s] DEBUG:colcon.colcon_core.package_identification:Package 'src/ur5_robot_py' with type 'ros.ament_python' and name 'ur5_robot_py'
[0.626s] Level 1:colcon.colcon_core.package_discovery:discover_packages(recursive) using defaults
[0.626s] Level 1:colcon.colcon_core.package_discovery:discover_packages(ignore) discover
[0.626s] Level 1:colcon.colcon_core.package_discovery:discover_packages(ignore) using defaults
[0.626s] Level 1:colcon.colcon_core.package_discovery:discover_packages(path) discover
[0.626s] Level 1:colcon.colcon_core.package_discovery:discover_packages(path) using defaults
[0.647s] Level 1:colcon.colcon_core.package_discovery:discover_packages(prefix_path) check parameters
[0.648s] Level 1:colcon.colcon_core.package_discovery:discover_packages(prefix_path) discover
[0.649s] WARNING:colcon.colcon_ros.prefix_path.ament:The path '/home/taj71/ur5_ws/install/robotiq_gripper' in the environment variable AMENT_PREFIX_PATH doesn't exist
[0.649s] WARNING:colcon.colcon_ros.prefix_path.catkin:The path '/home/taj71/ur5_ws/install/robotiq_gripper' in the environment variable CMAKE_PREFIX_PATH doesn't exist
[0.650s] DEBUG:colcon.colcon_installed_package_information.package_discovery:Found 3 installed packages in /home/taj71/ur5_ws/install
[0.652s] DEBUG:colcon.colcon_installed_package_information.package_discovery:Found 403 installed packages in /opt/ros/iron
[0.670s] Level 1:colcon.colcon_core.package_discovery:discover_packages(prefix_path) using defaults
[0.733s] Level 5:colcon.colcon_core.verb:set package 'robotiq_description' build argument 'cmake_args' from command line to 'None'
[0.733s] Level 5:colcon.colcon_core.verb:set package 'robotiq_description' build argument 'cmake_target' from command line to 'None'
[0.733s] Level 5:colcon.colcon_core.verb:set package 'robotiq_description' build argument 'cmake_target_skip_unavailable' from command line to 'False'
[0.733s] Level 5:colcon.colcon_core.verb:set package 'robotiq_description' build argument 'cmake_clean_cache' from command line to 'False'
[0.733s] Level 5:colcon.colcon_core.verb:set package 'robotiq_description' build argument 'cmake_clean_first' from command line to 'False'
[0.733s] Level 5:colcon.colcon_core.verb:set package 'robotiq_description' build argument 'cmake_force_configure' from command line to 'False'
[0.733s] Level 5:colcon.colcon_core.verb:set package 'robotiq_description' build argument 'ament_cmake_args' from command line to 'None'
[0.733s] Level 5:colcon.colcon_core.verb:set package 'robotiq_description' build argument 'catkin_cmake_args' from command line to 'None'
[0.733s] Level 5:colcon.colcon_core.verb:set package 'robotiq_description' build argument 'catkin_skip_building_tests' from command line to 'False'
[0.733s] DEBUG:colcon.colcon_core.verb:Building package 'robotiq_description' with the following arguments: {'ament_cmake_args': None, 'build_base': '/home/taj71/ur5_ws/build/robotiq_description', 'catkin_cmake_args': None, 'catkin_skip_building_tests': False, 'cmake_args': None, 'cmake_clean_cache': False, 'cmake_clean_first': False, 'cmake_force_configure': False, 'cmake_target': None, 'cmake_target_skip_unavailable': False, 'install_base': '/home/taj71/ur5_ws/install/robotiq_description', 'merge_install': False, 'path': '/home/taj71/ur5_ws/src/robotiq_description', 'symlink_install': False, 'test_result_base': None}
[0.734s] Level 5:colcon.colcon_core.verb:set package 'ur5_robot_description' build argument 'cmake_args' from command line to 'None'
[0.734s] Level 5:colcon.colcon_core.verb:set package 'ur5_robot_description' build argument 'cmake_target' from command line to 'None'
[0.734s] Level 5:colcon.colcon_core.verb:set package 'ur5_robot_description' build argument 'cmake_target_skip_unavailable' from command line to 'False'
[0.734s] Level 5:colcon.colcon_core.verb:set package 'ur5_robot_description' build argument 'cmake_clean_cache' from command line to 'False'
[0.734s] Level 5:colcon.colcon_core.verb:set package 'ur5_robot_description' build argument 'cmake_clean_first' from command line to 'False'
[0.734s] Level 5:colcon.colcon_core.verb:set package 'ur5_robot_description' build argument 'cmake_force_configure' from command line to 'False'
[0.734s] Level 5:colcon.colcon_core.verb:set package 'ur5_robot_description' build argument 'ament_cmake_args' from command line to 'None'
[0.734s] Level 5:colcon.colcon_core.verb:set package 'ur5_robot_description' build argument 'catkin_cmake_args' from command line to 'None'
[0.734s] Level 5:colcon.colcon_core.verb:set package 'ur5_robot_description' build argument 'catkin_skip_building_tests' from command line to 'False'
[0.734s] DEBUG:colcon.colcon_core.verb:Building package 'ur5_robot_description' with the following arguments: {'ament_cmake_args': None, 'build_base': '/home/taj71/ur5_ws/build/ur5_robot_description', 'catkin_cmake_args': None, 'catkin_skip_building_tests': False, 'cmake_args': None, 'cmake_clean_cache': False, 'cmake_clean_first': False, 'cmake_force_configure': False, 'cmake_target': None, 'cmake_target_skip_unavailable': False, 'install_base': '/home/taj71/ur5_ws/install/ur5_robot_description', 'merge_install': False, 'path': '/home/taj71/ur5_ws/src/ur5_robot_description', 'symlink_install': False, 'test_result_base': None}
[0.734s] Level 5:colcon.colcon_core.verb:set package 'ur5_robot_py' build argument 'cmake_args' from command line to 'None'
[0.735s] Level 5:colcon.colcon_core.verb:set package 'ur5_robot_py' build argument 'cmake_target' from command line to 'None'
[0.735s] Level 5:colcon.colcon_core.verb:set package 'ur5_robot_py' build argument 'cmake_target_skip_unavailable' from command line to 'False'
[0.735s] Level 5:colcon.colcon_core.verb:set package 'ur5_robot_py' build argument 'cmake_clean_cache' from command line to 'False'
[0.735s] Level 5:colcon.colcon_core.verb:set package 'ur5_robot_py' build argument 'cmake_clean_first' from command line to 'False'
[0.735s] Level 5:colcon.colcon_core.verb:set package 'ur5_robot_py' build argument 'cmake_force_configure' from command line to 'False'
[0.735s] Level 5:colcon.colcon_core.verb:set package 'ur5_robot_py' build argument 'ament_cmake_args' from command line to 'None'
[0.735s] Level 5:colcon.colcon_core.verb:set package 'ur5_robot_py' build argument 'catkin_cmake_args' from command line to 'None'
[0.735s] Level 5:colcon.colcon_core.verb:set package 'ur5_robot_py' build argument 'catkin_skip_building_tests' from command line to 'False'
[0.735s] DEBUG:colcon.colcon_core.verb:Building package 'ur5_robot_py' with the following arguments: {'ament_cmake_args': None, 'build_base': '/home/taj71/ur5_ws/build/ur5_robot_py', 'catkin_cmake_args': None, 'catkin_skip_building_tests': False, 'cmake_args': None, 'cmake_clean_cache': False, 'cmake_clean_first': False, 'cmake_force_configure': False, 'cmake_target': None, 'cmake_target_skip_unavailable': False, 'install_base': '/home/taj71/ur5_ws/install/ur5_robot_py', 'merge_install': False, 'path': '/home/taj71/ur5_ws/src/ur5_robot_py', 'symlink_install': False, 'test_result_base': None}
[0.735s] INFO:colcon.colcon_core.executor:Executing jobs using 'parallel' executor
[0.737s] DEBUG:colcon.colcon_parallel_executor.executor.parallel:run_until_complete
[0.737s] INFO:colcon.colcon_ros.task.ament_cmake.build:Building ROS package in '/home/taj71/ur5_ws/src/robotiq_description' with build type 'ament_cmake'
[0.738s] INFO:colcon.colcon_cmake.task.cmake.build:Building CMake package in '/home/taj71/ur5_ws/src/robotiq_description'
[0.742s] INFO:colcon.colcon_core.plugin_system:Skipping extension 'colcon_core.shell.bat': Not used on non-Windows systems
[0.742s] INFO:colcon.colcon_core.shell:Skip shell extension 'powershell' for command environment: Not usable outside of PowerShell
[0.742s] DEBUG:colcon.colcon_core.shell:Skip shell extension 'dsv' for command environment
[0.747s] INFO:colcon.colcon_ros.task.ament_cmake.build:Building ROS package in '/home/taj71/ur5_ws/src/ur5_robot_description' with build type 'ament_cmake'
[0.748s] INFO:colcon.colcon_cmake.task.cmake.build:Building CMake package in '/home/taj71/ur5_ws/src/ur5_robot_description'
[0.749s] INFO:colcon.colcon_core.shell:Skip shell extension 'powershell' for command environment: Not usable outside of PowerShell
[0.749s] DEBUG:colcon.colcon_core.shell:Skip shell extension 'dsv' for command environment
[0.755s] INFO:colcon.colcon_ros.task.ament_python.build:Building ROS package in '/home/taj71/ur5_ws/src/ur5_robot_py' with build type 'ament_python'
[0.755s] Level 1:colcon.colcon_core.shell:create_environment_hook('ur5_robot_py', 'ament_prefix_path')
[0.755s] INFO:colcon.colcon_core.shell:Creating environment hook '/home/taj71/ur5_ws/install/ur5_robot_py/share/ur5_robot_py/hook/ament_prefix_path.ps1'
[0.757s] INFO:colcon.colcon_core.shell:Creating environment descriptor '/home/taj71/ur5_ws/install/ur5_robot_py/share/ur5_robot_py/hook/ament_prefix_path.dsv'
[0.758s] INFO:colcon.colcon_core.shell:Creating environment hook '/home/taj71/ur5_ws/install/ur5_robot_py/share/ur5_robot_py/hook/ament_prefix_path.sh'
[0.759s] INFO:colcon.colcon_core.shell:Skip shell extension 'powershell' for command environment: Not usable outside of PowerShell
[0.759s] DEBUG:colcon.colcon_core.shell:Skip shell extension 'dsv' for command environment
[0.775s] DEBUG:colcon.colcon_core.event_handler.log_command:Invoking command in '/home/taj71/ur5_ws/build/robotiq_description': CMAKE_PREFIX_PATH=${CMAKE_PREFIX_PATH}:/home/taj71/ur5_ws/install/ur5_robot_py:/opt/ros/iron /usr/bin/cmake --build /home/taj71/ur5_ws/build/robotiq_description -- -j8 -l8
[0.788s] DEBUG:colcon.colcon_core.event_handler.log_command:Invoking command in '/home/taj71/ur5_ws/build/ur5_robot_description': CMAKE_PREFIX_PATH=${CMAKE_PREFIX_PATH}:/home/taj71/ur5_ws/install/ur5_robot_py:/opt/ros/iron /usr/bin/cmake --build /home/taj71/ur5_ws/build/ur5_robot_description -- -j8 -l8
[1.213s] INFO:colcon.colcon_core.task.python.build:Building Python package in '/home/taj71/ur5_ws/src/ur5_robot_py'
[1.214s] INFO:colcon.colcon_core.shell:Skip shell extension 'powershell' for command environment: Not usable outside of PowerShell
[1.214s] DEBUG:colcon.colcon_core.shell:Skip shell extension 'dsv' for command environment
[1.225s] DEBUG:colcon.colcon_core.event_handler.log_command:Invoked command in '/home/taj71/ur5_ws/build/ur5_robot_description' returned '0': CMAKE_PREFIX_PATH=${CMAKE_PREFIX_PATH}:/home/taj71/ur5_ws/install/ur5_robot_py:/opt/ros/iron /usr/bin/cmake --build /home/taj71/ur5_ws/build/ur5_robot_description -- -j8 -l8
[1.239s] DEBUG:colcon.colcon_core.event_handler.log_command:Invoking command in '/home/taj71/ur5_ws/build/ur5_robot_description': CMAKE_PREFIX_PATH=${CMAKE_PREFIX_PATH}:/home/taj71/ur5_ws/install/ur5_robot_py:/opt/ros/iron /usr/bin/cmake --install /home/taj71/ur5_ws/build/ur5_robot_description
[1.242s] DEBUG:colcon.colcon_core.event_handler.log_command:Invoked command in '/home/taj71/ur5_ws/build/robotiq_description' returned '0': CMAKE_PREFIX_PATH=${CMAKE_PREFIX_PATH}:/home/taj71/ur5_ws/install/ur5_robot_py:/opt/ros/iron /usr/bin/cmake --build /home/taj71/ur5_ws/build/robotiq_description -- -j8 -l8
[1.245s] DEBUG:colcon.colcon_core.event_handler.log_command:Invoking command in '/home/taj71/ur5_ws/build/robotiq_description': CMAKE_PREFIX_PATH=${CMAKE_PREFIX_PATH}:/home/taj71/ur5_ws/install/ur5_robot_py:/opt/ros/iron /usr/bin/cmake --install /home/taj71/ur5_ws/build/robotiq_description
[1.261s] Level 1:colcon.colcon_core.environment:create_environment_scripts_only(ur5_robot_description)
[1.285s] DEBUG:colcon.colcon_core.event_handler.log_command:Invoked command in '/home/taj71/ur5_ws/build/ur5_robot_description' returned '0': CMAKE_PREFIX_PATH=${CMAKE_PREFIX_PATH}:/home/taj71/ur5_ws/install/ur5_robot_py:/opt/ros/iron /usr/bin/cmake --install /home/taj71/ur5_ws/build/ur5_robot_description
[1.286s] Level 1:colcon.colcon_core.environment:checking '/home/taj71/ur5_ws/install/ur5_robot_description' for CMake module files
[1.287s] Level 1:colcon.colcon_core.environment:checking '/home/taj71/ur5_ws/install/ur5_robot_description' for CMake config files
[1.288s] Level 1:colcon.colcon_core.shell:create_environment_hook('ur5_robot_description', 'cmake_prefix_path')
[1.288s] INFO:colcon.colcon_core.shell:Creating environment hook '/home/taj71/ur5_ws/install/ur5_robot_description/share/ur5_robot_description/hook/cmake_prefix_path.ps1'
[1.289s] INFO:colcon.colcon_core.shell:Creating environment descriptor '/home/taj71/ur5_ws/install/ur5_robot_description/share/ur5_robot_description/hook/cmake_prefix_path.dsv'
[1.290s] INFO:colcon.colcon_core.shell:Creating environment hook '/home/taj71/ur5_ws/install/ur5_robot_description/share/ur5_robot_description/hook/cmake_prefix_path.sh'
[1.291s] Level 1:colcon.colcon_core.environment:checking '/home/taj71/ur5_ws/install/ur5_robot_description/bin'
[1.291s] Level 1:colcon.colcon_core.environment:checking '/home/taj71/ur5_ws/install/ur5_robot_description/lib/pkgconfig/ur5_robot_description.pc'
[1.292s] Level 1:colcon.colcon_core.environment:checking '/home/taj71/ur5_ws/install/ur5_robot_description/lib/python3.10/site-packages'
[1.292s] Level 1:colcon.colcon_core.environment:checking '/home/taj71/ur5_ws/install/ur5_robot_description/bin'
[1.292s] INFO:colcon.colcon_core.shell:Creating package script '/home/taj71/ur5_ws/install/ur5_robot_description/share/ur5_robot_description/package.ps1'
[1.293s] INFO:colcon.colcon_core.shell:Creating package descriptor '/home/taj71/ur5_ws/install/ur5_robot_description/share/ur5_robot_description/package.dsv'
[1.294s] INFO:colcon.colcon_core.shell:Creating package script '/home/taj71/ur5_ws/install/ur5_robot_description/share/ur5_robot_description/package.sh'
[1.296s] INFO:colcon.colcon_core.shell:Creating package script '/home/taj71/ur5_ws/install/ur5_robot_description/share/ur5_robot_description/package.bash'
[1.297s] INFO:colcon.colcon_core.shell:Creating package script '/home/taj71/ur5_ws/install/ur5_robot_description/share/ur5_robot_description/package.zsh'
[1.299s] Level 1:colcon.colcon_core.environment:create_file_with_runtime_dependencies(/home/taj71/ur5_ws/install/ur5_robot_description/share/colcon-core/packages/ur5_robot_description)
[1.300s] Level 1:colcon.colcon_core.environment:create_environment_scripts_only(ur5_robot_description)
[1.300s] Level 1:colcon.colcon_core.environment:checking '/home/taj71/ur5_ws/install/ur5_robot_description' for CMake module files
[1.301s] Level 1:colcon.colcon_core.environment:checking '/home/taj71/ur5_ws/install/ur5_robot_description' for CMake config files
[1.301s] Level 1:colcon.colcon_core.shell:create_environment_hook('ur5_robot_description', 'cmake_prefix_path')
[1.301s] INFO:colcon.colcon_core.shell:Creating environment hook '/home/taj71/ur5_ws/install/ur5_robot_description/share/ur5_robot_description/hook/cmake_prefix_path.ps1'
[1.302s] INFO:colcon.colcon_core.shell:Creating environment descriptor '/home/taj71/ur5_ws/install/ur5_robot_description/share/ur5_robot_description/hook/cmake_prefix_path.dsv'
[1.303s] INFO:colcon.colcon_core.shell:Creating environment hook '/home/taj71/ur5_ws/install/ur5_robot_description/share/ur5_robot_description/hook/cmake_prefix_path.sh'
[1.304s] Level 1:colcon.colcon_core.environment:checking '/home/taj71/ur5_ws/install/ur5_robot_description/bin'
[1.304s] Level 1:colcon.colcon_core.environment:checking '/home/taj71/ur5_ws/install/ur5_robot_description/lib/pkgconfig/ur5_robot_description.pc'
[1.304s] Level 1:colcon.colcon_core.environment:checking '/home/taj71/ur5_ws/install/ur5_robot_description/lib/python3.10/site-packages'
[1.304s] Level 1:colcon.colcon_core.environment:checking '/home/taj71/ur5_ws/install/ur5_robot_description/bin'
[1.305s] INFO:colcon.colcon_core.shell:Creating package script '/home/taj71/ur5_ws/install/ur5_robot_description/share/ur5_robot_description/package.ps1'
[1.306s] INFO:colcon.colcon_core.shell:Creating package descriptor '/home/taj71/ur5_ws/install/ur5_robot_description/share/ur5_robot_description/package.dsv'
[1.306s] INFO:colcon.colcon_core.shell:Creating package script '/home/taj71/ur5_ws/install/ur5_robot_description/share/ur5_robot_description/package.sh'
[1.307s] INFO:colcon.colcon_core.shell:Creating package script '/home/taj71/ur5_ws/install/ur5_robot_description/share/ur5_robot_description/package.bash'
[1.308s] INFO:colcon.colcon_core.shell:Creating package script '/home/taj71/ur5_ws/install/ur5_robot_description/share/ur5_robot_description/package.zsh'
[1.308s] Level 1:colcon.colcon_core.environment:create_file_with_runtime_dependencies(/home/taj71/ur5_ws/install/ur5_robot_description/share/colcon-core/packages/ur5_robot_description)
[1.310s] Level 1:colcon.colcon_core.environment:create_environment_scripts_only(robotiq_description)
[1.311s] Level 1:colcon.colcon_core.environment:checking '/home/taj71/ur5_ws/install/robotiq_description' for CMake module files
[1.313s] Level 1:colcon.colcon_core.environment:checking '/home/taj71/ur5_ws/install/robotiq_description' for CMake config files
[1.315s] DEBUG:colcon.colcon_core.event_handler.log_command:Invoked command in '/home/taj71/ur5_ws/build/robotiq_description' returned '0': CMAKE_PREFIX_PATH=${CMAKE_PREFIX_PATH}:/home/taj71/ur5_ws/install/ur5_robot_py:/opt/ros/iron /usr/bin/cmake --install /home/taj71/ur5_ws/build/robotiq_description
[1.315s] Level 1:colcon.colcon_core.shell:create_environment_hook('robotiq_description', 'cmake_prefix_path')
[1.316s] INFO:colcon.colcon_core.shell:Creating environment hook '/home/taj71/ur5_ws/install/robotiq_description/share/robotiq_description/hook/cmake_prefix_path.ps1'
[1.317s] INFO:colcon.colcon_core.shell:Creating environment descriptor '/home/taj71/ur5_ws/install/robotiq_description/share/robotiq_description/hook/cmake_prefix_path.dsv'
[1.317s] INFO:colcon.colcon_core.shell:Creating environment hook '/home/taj71/ur5_ws/install/robotiq_description/share/robotiq_description/hook/cmake_prefix_path.sh'
[1.318s] Level 1:colcon.colcon_core.environment:checking '/home/taj71/ur5_ws/install/robotiq_description/bin'
[1.318s] Level 1:colcon.colcon_core.environment:checking '/home/taj71/ur5_ws/install/robotiq_description/lib/pkgconfig/robotiq_description.pc'
[1.319s] Level 1:colcon.colcon_core.environment:checking '/home/taj71/ur5_ws/install/robotiq_description/lib/python3.10/site-packages'
[1.319s] Level 1:colcon.colcon_core.environment:checking '/home/taj71/ur5_ws/install/robotiq_description/bin'
[1.320s] INFO:colcon.colcon_core.shell:Creating package script '/home/taj71/ur5_ws/install/robotiq_description/share/robotiq_description/package.ps1'
[1.320s] INFO:colcon.colcon_core.shell:Creating package descriptor '/home/taj71/ur5_ws/install/robotiq_description/share/robotiq_description/package.dsv'
[1.321s] INFO:colcon.colcon_core.shell:Creating package script '/home/taj71/ur5_ws/install/robotiq_description/share/robotiq_description/package.sh'
[1.322s] INFO:colcon.colcon_core.shell:Creating package script '/home/taj71/ur5_ws/install/robotiq_description/share/robotiq_description/package.bash'
[1.322s] INFO:colcon.colcon_core.shell:Creating package script '/home/taj71/ur5_ws/install/robotiq_description/share/robotiq_description/package.zsh'
[1.323s] Level 1:colcon.colcon_core.environment:create_file_with_runtime_dependencies(/home/taj71/ur5_ws/install/robotiq_description/share/colcon-core/packages/robotiq_description)
[1.324s] Level 1:colcon.colcon_core.environment:create_environment_scripts_only(robotiq_description)
[1.324s] Level 1:colcon.colcon_core.environment:checking '/home/taj71/ur5_ws/install/robotiq_description' for CMake module files
[1.325s] Level 1:colcon.colcon_core.environment:checking '/home/taj71/ur5_ws/install/robotiq_description' for CMake config files
[1.326s] Level 1:colcon.colcon_core.shell:create_environment_hook('robotiq_description', 'cmake_prefix_path')
[1.326s] INFO:colcon.colcon_core.shell:Creating environment hook '/home/taj71/ur5_ws/install/robotiq_description/share/robotiq_description/hook/cmake_prefix_path.ps1'
[1.327s] INFO:colcon.colcon_core.shell:Creating environment descriptor '/home/taj71/ur5_ws/install/robotiq_description/share/robotiq_description/hook/cmake_prefix_path.dsv'
[1.327s] INFO:colcon.colcon_core.shell:Creating environment hook '/home/taj71/ur5_ws/install/robotiq_description/share/robotiq_description/hook/cmake_prefix_path.sh'
[1.328s] Level 1:colcon.colcon_core.environment:checking '/home/taj71/ur5_ws/install/robotiq_description/bin'
[1.328s] Level 1:colcon.colcon_core.environment:checking '/home/taj71/ur5_ws/install/robotiq_description/lib/pkgconfig/robotiq_description.pc'
[1.329s] Level 1:colcon.colcon_core.environment:checking '/home/taj71/ur5_ws/install/robotiq_description/lib/python3.10/site-packages'
[1.329s] Level 1:colcon.colcon_core.environment:checking '/home/taj71/ur5_ws/install/robotiq_description/bin'
[1.329s] INFO:colcon.colcon_core.shell:Creating package script '/home/taj71/ur5_ws/install/robotiq_description/share/robotiq_description/package.ps1'
[1.330s] INFO:colcon.colcon_core.shell:Creating package descriptor '/home/taj71/ur5_ws/install/robotiq_description/share/robotiq_description/package.dsv'
[1.331s] INFO:colcon.colcon_core.shell:Creating package script '/home/taj71/ur5_ws/install/robotiq_description/share/robotiq_description/package.sh'
[1.332s] INFO:colcon.colcon_core.shell:Creating package script '/home/taj71/ur5_ws/install/robotiq_description/share/robotiq_description/package.bash'
[1.332s] INFO:colcon.colcon_core.shell:Creating package script '/home/taj71/ur5_ws/install/robotiq_description/share/robotiq_description/package.zsh'
[1.333s] Level 1:colcon.colcon_core.environment:create_file_with_runtime_dependencies(/home/taj71/ur5_ws/install/robotiq_description/share/colcon-core/packages/robotiq_description)
[1.742s] DEBUG:colcon.colcon_core.event_handler.log_command:Invoking command in '/home/taj71/ur5_ws/src/ur5_robot_py': PYTHONPATH=/home/taj71/ur5_ws/build/ur5_robot_py/prefix_override:/home/taj71/.local/lib/python3.10/site-packages/colcon_core/task/python/colcon_distutils_commands:/home/taj71/ur5_ws/install/ur5_robot_py/lib/python3.10/site-packages:${PYTHONPATH} /usr/bin/python3 -W ignore:setup.py install is deprecated -W ignore:easy_install command is deprecated setup.py egg_info --egg-base ../../build/ur5_robot_py build --build-base /home/taj71/ur5_ws/build/ur5_robot_py/build install --record /home/taj71/ur5_ws/build/ur5_robot_py/install.log --single-version-externally-managed install_data
[2.157s] Level 1:colcon.colcon_core.environment:checking '/home/taj71/ur5_ws/install/ur5_robot_py' for CMake module files
[2.159s] DEBUG:colcon.colcon_core.event_handler.log_command:Invoked command in '/home/taj71/ur5_ws/src/ur5_robot_py' returned '0': PYTHONPATH=/home/taj71/ur5_ws/build/ur5_robot_py/prefix_override:/home/taj71/.local/lib/python3.10/site-packages/colcon_core/task/python/colcon_distutils_commands:/home/taj71/ur5_ws/install/ur5_robot_py/lib/python3.10/site-packages:${PYTHONPATH} /usr/bin/python3 -W ignore:setup.py install is deprecated -W ignore:easy_install command is deprecated setup.py egg_info --egg-base ../../build/ur5_robot_py build --build-base /home/taj71/ur5_ws/build/ur5_robot_py/build install --record /home/taj71/ur5_ws/build/ur5_robot_py/install.log --single-version-externally-managed install_data
[2.160s] Level 1:colcon.colcon_core.environment:checking '/home/taj71/ur5_ws/install/ur5_robot_py' for CMake config files
[2.161s] Level 1:colcon.colcon_core.environment:checking '/home/taj71/ur5_ws/install/ur5_robot_py/lib'
[2.162s] Level 1:colcon.colcon_core.environment:checking '/home/taj71/ur5_ws/install/ur5_robot_py/bin'
[2.162s] Level 1:colcon.colcon_core.environment:checking '/home/taj71/ur5_ws/install/ur5_robot_py/lib/pkgconfig/ur5_robot_py.pc'
[2.162s] Level 1:colcon.colcon_core.environment:checking '/home/taj71/ur5_ws/install/ur5_robot_py/lib/python3.10/site-packages'
[2.162s] Level 1:colcon.colcon_core.shell:create_environment_hook('ur5_robot_py', 'pythonpath')
[2.163s] INFO:colcon.colcon_core.shell:Creating environment hook '/home/taj71/ur5_ws/install/ur5_robot_py/share/ur5_robot_py/hook/pythonpath.ps1'
[2.163s] INFO:colcon.colcon_core.shell:Creating environment descriptor '/home/taj71/ur5_ws/install/ur5_robot_py/share/ur5_robot_py/hook/pythonpath.dsv'
[2.164s] INFO:colcon.colcon_core.shell:Creating environment hook '/home/taj71/ur5_ws/install/ur5_robot_py/share/ur5_robot_py/hook/pythonpath.sh'
[2.165s] Level 1:colcon.colcon_core.environment:checking '/home/taj71/ur5_ws/install/ur5_robot_py/bin'
[2.165s] Level 1:colcon.colcon_core.environment:create_environment_scripts_only(ur5_robot_py)
[2.166s] INFO:colcon.colcon_core.shell:Creating package script '/home/taj71/ur5_ws/install/ur5_robot_py/share/ur5_robot_py/package.ps1'
[2.166s] INFO:colcon.colcon_core.shell:Creating package descriptor '/home/taj71/ur5_ws/install/ur5_robot_py/share/ur5_robot_py/package.dsv'
[2.167s] INFO:colcon.colcon_core.shell:Creating package script '/home/taj71/ur5_ws/install/ur5_robot_py/share/ur5_robot_py/package.sh'
[2.168s] INFO:colcon.colcon_core.shell:Creating package script '/home/taj71/ur5_ws/install/ur5_robot_py/share/ur5_robot_py/package.bash'
[2.168s] INFO:colcon.colcon_core.shell:Creating package script '/home/taj71/ur5_ws/install/ur5_robot_py/share/ur5_robot_py/package.zsh'
[2.169s] Level 1:colcon.colcon_core.environment:create_file_with_runtime_dependencies(/home/taj71/ur5_ws/install/ur5_robot_py/share/colcon-core/packages/ur5_robot_py)
[2.169s] DEBUG:colcon.colcon_parallel_executor.executor.parallel:closing loop
[2.171s] DEBUG:colcon.colcon_parallel_executor.executor.parallel:loop closed
[2.171s] DEBUG:colcon.colcon_parallel_executor.executor.parallel:run_until_complete finished with '0'
[2.171s] DEBUG:colcon.colcon_core.event_reactor:joining thread
[2.341s] INFO:colcon.colcon_core.plugin_system:Skipping extension 'colcon_notification.desktop_notification.notify_send': Could not find 'notify-send'
[2.341s] INFO:colcon.colcon_core.plugin_system:Skipping extension 'colcon_notification.desktop_notification.terminal_notifier': Not used on non-Darwin systems
[2.341s] INFO:colcon.colcon_core.plugin_system:Skipping extension 'colcon_notification.desktop_notification.win32': Not used on non-Windows systems
[2.341s] INFO:colcon.colcon_notification.desktop_notification:Sending desktop notification using 'notify2'
[2.341s] DEBUG:colcon.colcon_notification.desktop_notification.notify2:Failed to initialize notify2: org.freedesktop.DBus.Error.FileNotFound: Failed to connect to socket /run/user/1000/bus: No such file or directory
[2.342s] DEBUG:colcon.colcon_core.event_reactor:joined thread
[2.342s] INFO:colcon.colcon_core.shell:Creating prefix script '/home/taj71/ur5_ws/install/local_setup.ps1'
[2.344s] INFO:colcon.colcon_core.shell:Creating prefix util module '/home/taj71/ur5_ws/install/_local_setup_util_ps1.py'
[2.347s] INFO:colcon.colcon_core.shell:Creating prefix chain script '/home/taj71/ur5_ws/install/setup.ps1'
[2.350s] INFO:colcon.colcon_core.shell:Creating prefix script '/home/taj71/ur5_ws/install/local_setup.sh'
[2.351s] INFO:colcon.colcon_core.shell:Creating prefix util module '/home/taj71/ur5_ws/install/_local_setup_util_sh.py'
[2.352s] INFO:colcon.colcon_core.shell:Creating prefix chain script '/home/taj71/ur5_ws/install/setup.sh'
[2.353s] INFO:colcon.colcon_core.shell:Creating prefix script '/home/taj71/ur5_ws/install/local_setup.bash'
[2.354s] INFO:colcon.colcon_core.shell:Creating prefix chain script '/home/taj71/ur5_ws/install/setup.bash'
[2.356s] INFO:colcon.colcon_core.shell:Creating prefix script '/home/taj71/ur5_ws/install/local_setup.zsh'
[2.356s] INFO:colcon.colcon_core.shell:Creating prefix chain script '/home/taj71/ur5_ws/install/setup.zsh'
