[0.052s] Invoking command in '/home/taj71/ur5_ws/build/ur5_robot_description': CMAKE_PREFIX_PATH=/opt/ros/iron /usr/bin/cmake --build /home/taj71/ur5_ws/build/ur5_robot_description -- -j8 -l8
[0.154s] -- Found ament_cmake: 2.0.7 (/opt/ros/iron/share/ament_cmake/cmake)
[0.573s] -- Found ament_lint_auto: 0.14.4 (/opt/ros/iron/share/ament_lint_auto/cmake)
[0.866s] -- Added test 'flake8' to check Python code syntax and style conventions
[0.866s] -- Configured 'flake8' exclude dirs and/or files: 
[0.869s] -- Added test 'lint_cmake' to check CMake code style
[0.871s] -- Added test 'pep257' to check Python code against some of the docstring style conventions in PEP 257
[0.875s] -- Added test 'xmllint' to check XML markup files
[0.885s] -- Configuring done
[0.906s] -- Generating done
[0.913s] -- Build files have been written to: /home/taj71/ur5_ws/build/ur5_robot_description
[1.000s] Invoked command in '/home/taj71/ur5_ws/build/ur5_robot_description' returned '0': CMAKE_PREFIX_PATH=/opt/ros/iron /usr/bin/cmake --build /home/taj71/ur5_ws/build/ur5_robot_description -- -j8 -l8
[1.003s] Invoking command in '/home/taj71/ur5_ws/build/ur5_robot_description': CMAKE_PREFIX_PATH=/opt/ros/iron /usr/bin/cmake --install /home/taj71/ur5_ws/build/ur5_robot_description
[1.013s] -- Install configuration: ""
[1.013s] -- Up-to-date: /home/taj71/ur5_ws/install/ur5_robot_description/share/ur5_robot_description/meshes
[1.014s] -- Up-to-date: /home/taj71/ur5_ws/install/ur5_robot_description/share/ur5_robot_description/meshes/wrist3.dae
[1.014s] -- Up-to-date: /home/taj71/ur5_ws/install/ur5_robot_description/share/ur5_robot_description/meshes/shoulder.dae
[1.015s] -- Installing: /home/taj71/ur5_ws/install/ur5_robot_description/share/ur5_robot_description/meshes/collision
[1.015s] -- Installing: /home/taj71/ur5_ws/install/ur5_robot_description/share/ur5_robot_description/meshes/collision/base.stl
[1.016s] -- Installing: /home/taj71/ur5_ws/install/ur5_robot_description/share/ur5_robot_description/meshes/collision/upperarm.stl
[1.016s] -- Installing: /home/taj71/ur5_ws/install/ur5_robot_description/share/ur5_robot_description/meshes/collision/wrist1.stl
[1.017s] -- Installing: /home/taj71/ur5_ws/install/ur5_robot_description/share/ur5_robot_description/meshes/collision/wrist3.stl
[1.018s] -- Installing: /home/taj71/ur5_ws/install/ur5_robot_description/share/ur5_robot_description/meshes/collision/forearm.stl
[1.018s] -- Installing: /home/taj71/ur5_ws/install/ur5_robot_description/share/ur5_robot_description/meshes/collision/wrist2.stl
[1.019s] -- Installing: /home/taj71/ur5_ws/install/ur5_robot_description/share/ur5_robot_description/meshes/collision/shoulder.stl
[1.019s] -- Up-to-date: /home/taj71/ur5_ws/install/ur5_robot_description/share/ur5_robot_description/meshes/base.dae
[1.020s] -- Up-to-date: /home/taj71/ur5_ws/install/ur5_robot_description/share/ur5_robot_description/meshes/wrist1.dae
[1.020s] -- Up-to-date: /home/taj71/ur5_ws/install/ur5_robot_description/share/ur5_robot_description/meshes/upperarm.dae
[1.021s] -- Up-to-date: /home/taj71/ur5_ws/install/ur5_robot_description/share/ur5_robot_description/meshes/forearm.dae
[1.022s] -- Up-to-date: /home/taj71/ur5_ws/install/ur5_robot_description/share/ur5_robot_description/meshes/wrist2.dae
[1.022s] -- Up-to-date: /home/taj71/ur5_ws/install/ur5_robot_description/share/ur5_robot_description/urdf
[1.022s] -- Up-to-date: /home/taj71/ur5_ws/install/ur5_robot_description/share/ur5_robot_description/urdf/ur5.urdf.xacro
[1.023s] -- Installing: /home/taj71/ur5_ws/install/ur5_robot_description/share/ur5_robot_description/urdf/eef.xacro
[1.023s] -- Installing: /home/taj71/ur5_ws/install/ur5_robot_description/share/ur5_robot_description/urdf/ur5_gripper.xacro
[1.023s] -- Installing: /home/taj71/ur5_ws/install/ur5_robot_description/share/ament_index/resource_index/package_run_dependencies/ur5_robot_description
[1.026s] -- Installing: /home/taj71/ur5_ws/install/ur5_robot_description/share/ament_index/resource_index/parent_prefix_path/ur5_robot_description
[1.029s] -- Up-to-date: /home/taj71/ur5_ws/install/ur5_robot_description/share/ur5_robot_description/environment/ament_prefix_path.sh
[1.029s] -- Up-to-date: /home/taj71/ur5_ws/install/ur5_robot_description/share/ur5_robot_description/environment/ament_prefix_path.dsv
[1.029s] -- Up-to-date: /home/taj71/ur5_ws/install/ur5_robot_description/share/ur5_robot_description/environment/path.sh
[1.030s] -- Up-to-date: /home/taj71/ur5_ws/install/ur5_robot_description/share/ur5_robot_description/environment/path.dsv
[1.030s] -- Up-to-date: /home/taj71/ur5_ws/install/ur5_robot_description/share/ur5_robot_description/local_setup.bash
[1.031s] -- Up-to-date: /home/taj71/ur5_ws/install/ur5_robot_description/share/ur5_robot_description/local_setup.sh
[1.032s] -- Up-to-date: /home/taj71/ur5_ws/install/ur5_robot_description/share/ur5_robot_description/local_setup.zsh
[1.033s] -- Up-to-date: /home/taj71/ur5_ws/install/ur5_robot_description/share/ur5_robot_description/local_setup.dsv
[1.035s] -- Installing: /home/taj71/ur5_ws/install/ur5_robot_description/share/ur5_robot_description/package.dsv
[1.035s] -- Up-to-date: /home/taj71/ur5_ws/install/ur5_robot_description/share/ament_index/resource_index/packages/ur5_robot_description
[1.036s] -- Up-to-date: /home/taj71/ur5_ws/install/ur5_robot_description/share/ur5_robot_description/cmake/ur5_robot_descriptionConfig.cmake
[1.036s] -- Up-to-date: /home/taj71/ur5_ws/install/ur5_robot_description/share/ur5_robot_description/cmake/ur5_robot_descriptionConfig-version.cmake
[1.036s] -- Installing: /home/taj71/ur5_ws/install/ur5_robot_description/share/ur5_robot_description/package.xml
[1.037s] Invoked command in '/home/taj71/ur5_ws/build/ur5_robot_description' returned '0': CMAKE_PREFIX_PATH=/opt/ros/iron /usr/bin/cmake --install /home/taj71/ur5_ws/build/ur5_robot_description
