[0.819s] DEBUG:colcon:Command line arguments: ['/home/taj71/.local/bin/colcon', 'build']
[0.819s] DEBUG:colcon:Parsed command line arguments: Namespace(log_base=None, log_level=None, verb_name='build', build_base='build', install_base='install', merge_install=False, symlink_install=False, test_result_base=None, continue_on_error=False, executor='parallel', parallel_workers=8, event_handlers=None, ignore_user_meta=False, metas=['./colcon.meta'], base_paths=['.'], packages_ignore=None, packages_ignore_regex=None, paths=None, packages_up_to=None, packages_up_to_regex=None, packages_above=None, packages_above_and_dependencies=None, packages_above_depth=None, packages_select_by_dep=None, packages_skip_by_dep=None, packages_skip_up_to=None, packages_select_build_failed=False, packages_skip_build_finished=False, packages_select_test_failures=False, packages_skip_test_passed=False, packages_select=None, packages_skip=None, packages_select_regex=None, packages_skip_regex=None, packages_start=None, packages_end=None, allow_overriding=[], cmake_args=None, cmake_target=None, cmake_target_skip_unavailable=False, cmake_clean_cache=False, cmake_clean_first=False, cmake_force_configure=False, ament_cmake_args=None, catkin_cmake_args=None, catkin_skip_building_tests=False, mixin_files=None, mixin=None, verb_parser=<colcon_mixin.mixin.mixin_argument.MixinArgumentDecorator object at 0x7f2aab0048b0>, verb_extension=<colcon_core.verb.build.BuildVerb object at 0x7f2aab109840>, main=<bound method BuildVerb.main of <colcon_core.verb.build.BuildVerb object at 0x7f2aab109840>>, mixin_verb=('build',))
[1.206s] Level 1:colcon.colcon_core.package_discovery:discover_packages(colcon_meta) check parameters
[1.207s] Level 1:colcon.colcon_core.package_discovery:discover_packages(recursive) check parameters
[1.207s] Level 1:colcon.colcon_core.package_discovery:discover_packages(ignore) check parameters
[1.207s] Level 1:colcon.colcon_core.package_discovery:discover_packages(path) check parameters
[1.207s] Level 1:colcon.colcon_core.package_discovery:discover_packages(colcon_meta) discover
[1.207s] Level 1:colcon.colcon_core.package_discovery:discover_packages(recursive) discover
[1.207s] INFO:colcon.colcon_core.package_discovery:Crawling recursively for packages in '/home/taj71/practic_ws'
[1.207s] Level 1:colcon.colcon_core.package_identification:_identify(.) by extensions ['ignore', 'ignore_ament_install']
[1.208s] Level 1:colcon.colcon_core.package_identification:_identify(.) by extension 'ignore'
[1.208s] Level 1:colcon.colcon_core.package_identification:_identify(.) by extension 'ignore_ament_install'
[1.208s] Level 1:colcon.colcon_core.package_identification:_identify(.) by extensions ['colcon_pkg']
[1.208s] Level 1:colcon.colcon_core.package_identification:_identify(.) by extension 'colcon_pkg'
[1.208s] Level 1:colcon.colcon_core.package_identification:_identify(.) by extensions ['colcon_meta']
[1.208s] Level 1:colcon.colcon_core.package_identification:_identify(.) by extension 'colcon_meta'
[1.208s] Level 1:colcon.colcon_core.package_identification:_identify(.) by extensions ['ros']
[1.208s] Level 1:colcon.colcon_core.package_identification:_identify(.) by extension 'ros'
[1.244s] Level 1:colcon.colcon_core.package_identification:_identify(.) by extensions ['cmake', 'python']
[1.245s] Level 1:colcon.colcon_core.package_identification:_identify(.) by extension 'cmake'
[1.245s] Level 1:colcon.colcon_core.package_identification:_identify(.) by extension 'python'
[1.245s] Level 1:colcon.colcon_core.package_identification:_identify(.) by extensions ['python_setup_py']
[1.245s] Level 1:colcon.colcon_core.package_identification:_identify(.) by extension 'python_setup_py'
[1.245s] Level 1:colcon.colcon_core.package_identification:_identify(build) by extensions ['ignore', 'ignore_ament_install']
[1.246s] Level 1:colcon.colcon_core.package_identification:_identify(build) by extension 'ignore'
[1.246s] Level 1:colcon.colcon_core.package_identification:_identify(build) ignored
[1.246s] Level 1:colcon.colcon_core.package_identification:_identify(install) by extensions ['ignore', 'ignore_ament_install']
[1.246s] Level 1:colcon.colcon_core.package_identification:_identify(install) by extension 'ignore'
[1.246s] Level 1:colcon.colcon_core.package_identification:_identify(install) ignored
[1.247s] Level 1:colcon.colcon_core.package_identification:_identify(log) by extensions ['ignore', 'ignore_ament_install']
[1.247s] Level 1:colcon.colcon_core.package_identification:_identify(log) by extension 'ignore'
[1.247s] Level 1:colcon.colcon_core.package_identification:_identify(log) ignored
[1.247s] Level 1:colcon.colcon_core.package_identification:_identify(src) by extensions ['ignore', 'ignore_ament_install']
[1.247s] Level 1:colcon.colcon_core.package_identification:_identify(src) by extension 'ignore'
[1.247s] Level 1:colcon.colcon_core.package_identification:_identify(src) by extension 'ignore_ament_install'
[1.247s] Level 1:colcon.colcon_core.package_identification:_identify(src) by extensions ['colcon_pkg']
[1.248s] Level 1:colcon.colcon_core.package_identification:_identify(src) by extension 'colcon_pkg'
[1.248s] Level 1:colcon.colcon_core.package_identification:_identify(src) by extensions ['colcon_meta']
[1.248s] Level 1:colcon.colcon_core.package_identification:_identify(src) by extension 'colcon_meta'
[1.248s] Level 1:colcon.colcon_core.package_identification:_identify(src) by extensions ['ros']
[1.248s] Level 1:colcon.colcon_core.package_identification:_identify(src) by extension 'ros'
[1.248s] Level 1:colcon.colcon_core.package_identification:_identify(src) by extensions ['cmake', 'python']
[1.248s] Level 1:colcon.colcon_core.package_identification:_identify(src) by extension 'cmake'
[1.248s] Level 1:colcon.colcon_core.package_identification:_identify(src) by extension 'python'
[1.248s] Level 1:colcon.colcon_core.package_identification:_identify(src) by extensions ['python_setup_py']
[1.248s] Level 1:colcon.colcon_core.package_identification:_identify(src) by extension 'python_setup_py'
[1.249s] Level 1:colcon.colcon_core.package_identification:_identify(src/build) by extensions ['ignore', 'ignore_ament_install']
[1.249s] Level 1:colcon.colcon_core.package_identification:_identify(src/build) by extension 'ignore'
[1.249s] Level 1:colcon.colcon_core.package_identification:_identify(src/build) ignored
[1.249s] Level 1:colcon.colcon_core.package_identification:_identify(src/install) by extensions ['ignore', 'ignore_ament_install']
[1.249s] Level 1:colcon.colcon_core.package_identification:_identify(src/install) by extension 'ignore'
[1.249s] Level 1:colcon.colcon_core.package_identification:_identify(src/install) ignored
[1.249s] Level 1:colcon.colcon_core.package_identification:_identify(src/log) by extensions ['ignore', 'ignore_ament_install']
[1.250s] Level 1:colcon.colcon_core.package_identification:_identify(src/log) by extension 'ignore'
[1.250s] Level 1:colcon.colcon_core.package_identification:_identify(src/log) ignored
[1.250s] Level 1:colcon.colcon_core.package_identification:_identify(src/robotiq_description) by extensions ['ignore', 'ignore_ament_install']
[1.250s] Level 1:colcon.colcon_core.package_identification:_identify(src/robotiq_description) by extension 'ignore'
[1.250s] Level 1:colcon.colcon_core.package_identification:_identify(src/robotiq_description) by extension 'ignore_ament_install'
[1.250s] Level 1:colcon.colcon_core.package_identification:_identify(src/robotiq_description) by extensions ['colcon_pkg']
[1.250s] Level 1:colcon.colcon_core.package_identification:_identify(src/robotiq_description) by extension 'colcon_pkg'
[1.250s] Level 1:colcon.colcon_core.package_identification:_identify(src/robotiq_description) by extensions ['colcon_meta']
[1.250s] Level 1:colcon.colcon_core.package_identification:_identify(src/robotiq_description) by extension 'colcon_meta'
[1.250s] Level 1:colcon.colcon_core.package_identification:_identify(src/robotiq_description) by extensions ['ros']
[1.250s] Level 1:colcon.colcon_core.package_identification:_identify(src/robotiq_description) by extension 'ros'
[1.255s] DEBUG:colcon.colcon_core.package_identification:Package 'src/robotiq_description' with type 'ros.ament_cmake' and name 'robotiq_description'
[1.256s] Level 1:colcon.colcon_core.package_identification:_identify(src/ur5_controller) by extensions ['ignore', 'ignore_ament_install']
[1.256s] Level 1:colcon.colcon_core.package_identification:_identify(src/ur5_controller) by extension 'ignore'
[1.256s] Level 1:colcon.colcon_core.package_identification:_identify(src/ur5_controller) by extension 'ignore_ament_install'
[1.256s] Level 1:colcon.colcon_core.package_identification:_identify(src/ur5_controller) by extensions ['colcon_pkg']
[1.256s] Level 1:colcon.colcon_core.package_identification:_identify(src/ur5_controller) by extension 'colcon_pkg'
[1.256s] Level 1:colcon.colcon_core.package_identification:_identify(src/ur5_controller) by extensions ['colcon_meta']
[1.256s] Level 1:colcon.colcon_core.package_identification:_identify(src/ur5_controller) by extension 'colcon_meta'
[1.256s] Level 1:colcon.colcon_core.package_identification:_identify(src/ur5_controller) by extensions ['ros']
[1.256s] Level 1:colcon.colcon_core.package_identification:_identify(src/ur5_controller) by extension 'ros'
[1.258s] DEBUG:colcon.colcon_core.package_identification:Package 'src/ur5_controller' with type 'ros.ament_cmake' and name 'ur5_controller'
[1.258s] Level 1:colcon.colcon_core.package_identification:_identify(src/ur5_gripper_moveit_config) by extensions ['ignore', 'ignore_ament_install']
[1.258s] Level 1:colcon.colcon_core.package_identification:_identify(src/ur5_gripper_moveit_config) by extension 'ignore'
[1.258s] Level 1:colcon.colcon_core.package_identification:_identify(src/ur5_gripper_moveit_config) by extension 'ignore_ament_install'
[1.258s] Level 1:colcon.colcon_core.package_identification:_identify(src/ur5_gripper_moveit_config) by extensions ['colcon_pkg']
[1.258s] Level 1:colcon.colcon_core.package_identification:_identify(src/ur5_gripper_moveit_config) by extension 'colcon_pkg'
[1.258s] Level 1:colcon.colcon_core.package_identification:_identify(src/ur5_gripper_moveit_config) by extensions ['colcon_meta']
[1.258s] Level 1:colcon.colcon_core.package_identification:_identify(src/ur5_gripper_moveit_config) by extension 'colcon_meta'
[1.259s] Level 1:colcon.colcon_core.package_identification:_identify(src/ur5_gripper_moveit_config) by extensions ['ros']
[1.259s] Level 1:colcon.colcon_core.package_identification:_identify(src/ur5_gripper_moveit_config) by extension 'ros'
[1.260s] DEBUG:colcon.colcon_core.package_identification:Package 'src/ur5_gripper_moveit_config' with type 'ros.ament_cmake' and name 'ur5_gripper_moveit_config'
[1.260s] Level 1:colcon.colcon_core.package_identification:_identify(src/ur5_robot_description) by extensions ['ignore', 'ignore_ament_install']
[1.260s] Level 1:colcon.colcon_core.package_identification:_identify(src/ur5_robot_description) by extension 'ignore'
[1.260s] Level 1:colcon.colcon_core.package_identification:_identify(src/ur5_robot_description) by extension 'ignore_ament_install'
[1.260s] Level 1:colcon.colcon_core.package_identification:_identify(src/ur5_robot_description) by extensions ['colcon_pkg']
[1.260s] Level 1:colcon.colcon_core.package_identification:_identify(src/ur5_robot_description) by extension 'colcon_pkg'
[1.261s] Level 1:colcon.colcon_core.package_identification:_identify(src/ur5_robot_description) by extensions ['colcon_meta']
[1.261s] Level 1:colcon.colcon_core.package_identification:_identify(src/ur5_robot_description) by extension 'colcon_meta'
[1.261s] Level 1:colcon.colcon_core.package_identification:_identify(src/ur5_robot_description) by extensions ['ros']
[1.261s] Level 1:colcon.colcon_core.package_identification:_identify(src/ur5_robot_description) by extension 'ros'
[1.266s] DEBUG:colcon.colcon_core.package_identification:Package 'src/ur5_robot_description' with type 'ros.ament_cmake' and name 'ur5_robot_description'
[1.266s] Level 1:colcon.colcon_core.package_discovery:discover_packages(recursive) using defaults
[1.267s] Level 1:colcon.colcon_core.package_discovery:discover_packages(ignore) discover
[1.267s] Level 1:colcon.colcon_core.package_discovery:discover_packages(ignore) using defaults
[1.267s] Level 1:colcon.colcon_core.package_discovery:discover_packages(path) discover
[1.267s] Level 1:colcon.colcon_core.package_discovery:discover_packages(path) using defaults
[1.360s] Level 1:colcon.colcon_core.package_discovery:discover_packages(prefix_path) check parameters
[1.360s] Level 1:colcon.colcon_core.package_discovery:discover_packages(prefix_path) discover
[1.367s] DEBUG:colcon.colcon_installed_package_information.package_discovery:Found 4 installed packages in /home/taj71/practic_ws/install
[1.371s] DEBUG:colcon.colcon_installed_package_information.package_discovery:Found 413 installed packages in /opt/ros/iron
[1.376s] Level 1:colcon.colcon_core.package_discovery:discover_packages(prefix_path) using defaults
[1.494s] Level 5:colcon.colcon_core.verb:set package 'robotiq_description' build argument 'cmake_args' from command line to 'None'
[1.494s] Level 5:colcon.colcon_core.verb:set package 'robotiq_description' build argument 'cmake_target' from command line to 'None'
[1.494s] Level 5:colcon.colcon_core.verb:set package 'robotiq_description' build argument 'cmake_target_skip_unavailable' from command line to 'False'
[1.494s] Level 5:colcon.colcon_core.verb:set package 'robotiq_description' build argument 'cmake_clean_cache' from command line to 'False'
[1.494s] Level 5:colcon.colcon_core.verb:set package 'robotiq_description' build argument 'cmake_clean_first' from command line to 'False'
[1.494s] Level 5:colcon.colcon_core.verb:set package 'robotiq_description' build argument 'cmake_force_configure' from command line to 'False'
[1.495s] Level 5:colcon.colcon_core.verb:set package 'robotiq_description' build argument 'ament_cmake_args' from command line to 'None'
[1.495s] Level 5:colcon.colcon_core.verb:set package 'robotiq_description' build argument 'catkin_cmake_args' from command line to 'None'
[1.495s] Level 5:colcon.colcon_core.verb:set package 'robotiq_description' build argument 'catkin_skip_building_tests' from command line to 'False'
[1.495s] DEBUG:colcon.colcon_core.verb:Building package 'robotiq_description' with the following arguments: {'ament_cmake_args': None, 'build_base': '/home/taj71/practic_ws/build/robotiq_description', 'catkin_cmake_args': None, 'catkin_skip_building_tests': False, 'cmake_args': None, 'cmake_clean_cache': False, 'cmake_clean_first': False, 'cmake_force_configure': False, 'cmake_target': None, 'cmake_target_skip_unavailable': False, 'install_base': '/home/taj71/practic_ws/install/robotiq_description', 'merge_install': False, 'path': '/home/taj71/practic_ws/src/robotiq_description', 'symlink_install': False, 'test_result_base': None}
[1.495s] Level 5:colcon.colcon_core.verb:set package 'ur5_controller' build argument 'cmake_args' from command line to 'None'
[1.495s] Level 5:colcon.colcon_core.verb:set package 'ur5_controller' build argument 'cmake_target' from command line to 'None'
[1.495s] Level 5:colcon.colcon_core.verb:set package 'ur5_controller' build argument 'cmake_target_skip_unavailable' from command line to 'False'
[1.496s] Level 5:colcon.colcon_core.verb:set package 'ur5_controller' build argument 'cmake_clean_cache' from command line to 'False'
[1.496s] Level 5:colcon.colcon_core.verb:set package 'ur5_controller' build argument 'cmake_clean_first' from command line to 'False'
[1.496s] Level 5:colcon.colcon_core.verb:set package 'ur5_controller' build argument 'cmake_force_configure' from command line to 'False'
[1.496s] Level 5:colcon.colcon_core.verb:set package 'ur5_controller' build argument 'ament_cmake_args' from command line to 'None'
[1.496s] Level 5:colcon.colcon_core.verb:set package 'ur5_controller' build argument 'catkin_cmake_args' from command line to 'None'
[1.496s] Level 5:colcon.colcon_core.verb:set package 'ur5_controller' build argument 'catkin_skip_building_tests' from command line to 'False'
[1.496s] DEBUG:colcon.colcon_core.verb:Building package 'ur5_controller' with the following arguments: {'ament_cmake_args': None, 'build_base': '/home/taj71/practic_ws/build/ur5_controller', 'catkin_cmake_args': None, 'catkin_skip_building_tests': False, 'cmake_args': None, 'cmake_clean_cache': False, 'cmake_clean_first': False, 'cmake_force_configure': False, 'cmake_target': None, 'cmake_target_skip_unavailable': False, 'install_base': '/home/taj71/practic_ws/install/ur5_controller', 'merge_install': False, 'path': '/home/taj71/practic_ws/src/ur5_controller', 'symlink_install': False, 'test_result_base': None}
[1.496s] Level 5:colcon.colcon_core.verb:set package 'ur5_robot_description' build argument 'cmake_args' from command line to 'None'
[1.496s] Level 5:colcon.colcon_core.verb:set package 'ur5_robot_description' build argument 'cmake_target' from command line to 'None'
[1.496s] Level 5:colcon.colcon_core.verb:set package 'ur5_robot_description' build argument 'cmake_target_skip_unavailable' from command line to 'False'
[1.497s] Level 5:colcon.colcon_core.verb:set package 'ur5_robot_description' build argument 'cmake_clean_cache' from command line to 'False'
[1.497s] Level 5:colcon.colcon_core.verb:set package 'ur5_robot_description' build argument 'cmake_clean_first' from command line to 'False'
[1.497s] Level 5:colcon.colcon_core.verb:set package 'ur5_robot_description' build argument 'cmake_force_configure' from command line to 'False'
[1.497s] Level 5:colcon.colcon_core.verb:set package 'ur5_robot_description' build argument 'ament_cmake_args' from command line to 'None'
[1.497s] Level 5:colcon.colcon_core.verb:set package 'ur5_robot_description' build argument 'catkin_cmake_args' from command line to 'None'
[1.497s] Level 5:colcon.colcon_core.verb:set package 'ur5_robot_description' build argument 'catkin_skip_building_tests' from command line to 'False'
[1.497s] DEBUG:colcon.colcon_core.verb:Building package 'ur5_robot_description' with the following arguments: {'ament_cmake_args': None, 'build_base': '/home/taj71/practic_ws/build/ur5_robot_description', 'catkin_cmake_args': None, 'catkin_skip_building_tests': False, 'cmake_args': None, 'cmake_clean_cache': False, 'cmake_clean_first': False, 'cmake_force_configure': False, 'cmake_target': None, 'cmake_target_skip_unavailable': False, 'install_base': '/home/taj71/practic_ws/install/ur5_robot_description', 'merge_install': False, 'path': '/home/taj71/practic_ws/src/ur5_robot_description', 'symlink_install': False, 'test_result_base': None}
[1.497s] Level 5:colcon.colcon_core.verb:set package 'ur5_gripper_moveit_config' build argument 'cmake_args' from command line to 'None'
[1.497s] Level 5:colcon.colcon_core.verb:set package 'ur5_gripper_moveit_config' build argument 'cmake_target' from command line to 'None'
[1.497s] Level 5:colcon.colcon_core.verb:set package 'ur5_gripper_moveit_config' build argument 'cmake_target_skip_unavailable' from command line to 'False'
[1.497s] Level 5:colcon.colcon_core.verb:set package 'ur5_gripper_moveit_config' build argument 'cmake_clean_cache' from command line to 'False'
[1.497s] Level 5:colcon.colcon_core.verb:set package 'ur5_gripper_moveit_config' build argument 'cmake_clean_first' from command line to 'False'
[1.497s] Level 5:colcon.colcon_core.verb:set package 'ur5_gripper_moveit_config' build argument 'cmake_force_configure' from command line to 'False'
[1.498s] Level 5:colcon.colcon_core.verb:set package 'ur5_gripper_moveit_config' build argument 'ament_cmake_args' from command line to 'None'
[1.498s] Level 5:colcon.colcon_core.verb:set package 'ur5_gripper_moveit_config' build argument 'catkin_cmake_args' from command line to 'None'
[1.498s] Level 5:colcon.colcon_core.verb:set package 'ur5_gripper_moveit_config' build argument 'catkin_skip_building_tests' from command line to 'False'
[1.498s] DEBUG:colcon.colcon_core.verb:Building package 'ur5_gripper_moveit_config' with the following arguments: {'ament_cmake_args': None, 'build_base': '/home/taj71/practic_ws/build/ur5_gripper_moveit_config', 'catkin_cmake_args': None, 'catkin_skip_building_tests': False, 'cmake_args': None, 'cmake_clean_cache': False, 'cmake_clean_first': False, 'cmake_force_configure': False, 'cmake_target': None, 'cmake_target_skip_unavailable': False, 'install_base': '/home/taj71/practic_ws/install/ur5_gripper_moveit_config', 'merge_install': False, 'path': '/home/taj71/practic_ws/src/ur5_gripper_moveit_config', 'symlink_install': False, 'test_result_base': None}
[1.498s] INFO:colcon.colcon_core.executor:Executing jobs using 'parallel' executor
[1.500s] DEBUG:colcon.colcon_parallel_executor.executor.parallel:run_until_complete
[1.501s] INFO:colcon.colcon_ros.task.ament_cmake.build:Building ROS package in '/home/taj71/practic_ws/src/ur5_robot_description' with build type 'ament_cmake'
[1.502s] INFO:colcon.colcon_cmake.task.cmake.build:Building CMake package in '/home/taj71/practic_ws/src/ur5_robot_description'
[1.508s] INFO:colcon.colcon_core.plugin_system:Skipping extension 'colcon_core.shell.bat': Not used on non-Windows systems
[1.509s] INFO:colcon.colcon_core.shell:Skip shell extension 'powershell' for command environment: Not usable outside of PowerShell
[1.509s] DEBUG:colcon.colcon_core.shell:Skip shell extension 'dsv' for command environment
[1.516s] INFO:colcon.colcon_ros.task.ament_cmake.build:Building ROS package in '/home/taj71/practic_ws/src/robotiq_description' with build type 'ament_cmake'
[1.517s] INFO:colcon.colcon_cmake.task.cmake.build:Building CMake package in '/home/taj71/practic_ws/src/robotiq_description'
[1.517s] INFO:colcon.colcon_core.shell:Skip shell extension 'powershell' for command environment: Not usable outside of PowerShell
[1.517s] DEBUG:colcon.colcon_core.shell:Skip shell extension 'dsv' for command environment
[1.527s] INFO:colcon.colcon_ros.task.ament_cmake.build:Building ROS package in '/home/taj71/practic_ws/src/ur5_controller' with build type 'ament_cmake'
[1.527s] INFO:colcon.colcon_cmake.task.cmake.build:Building CMake package in '/home/taj71/practic_ws/src/ur5_controller'
[1.529s] INFO:colcon.colcon_core.shell:Skip shell extension 'powershell' for command environment: Not usable outside of PowerShell
[1.529s] DEBUG:colcon.colcon_core.shell:Skip shell extension 'dsv' for command environment
[1.554s] DEBUG:colcon.colcon_core.event_handler.log_command:Invoking command in '/home/taj71/practic_ws/build/ur5_robot_description': CMAKE_PREFIX_PATH=${CMAKE_PREFIX_PATH}:/opt/ros/iron /usr/bin/cmake --build /home/taj71/practic_ws/build/ur5_robot_description -- -j8 -l8
[1.581s] DEBUG:colcon.colcon_core.event_handler.log_command:Invoking command in '/home/taj71/practic_ws/build/robotiq_description': CMAKE_PREFIX_PATH=${CMAKE_PREFIX_PATH}:/opt/ros/iron /usr/bin/cmake --build /home/taj71/practic_ws/build/robotiq_description -- -j8 -l8
[1.593s] DEBUG:colcon.colcon_core.event_handler.log_command:Invoking command in '/home/taj71/practic_ws/build/ur5_controller': CMAKE_PREFIX_PATH=${CMAKE_PREFIX_PATH}:/opt/ros/iron /usr/bin/cmake --build /home/taj71/practic_ws/build/ur5_controller -- -j8 -l8
[1.645s] DEBUG:colcon.colcon_core.event_handler.log_command:Invoked command in '/home/taj71/practic_ws/build/ur5_robot_description' returned '0': CMAKE_PREFIX_PATH=${CMAKE_PREFIX_PATH}:/opt/ros/iron /usr/bin/cmake --build /home/taj71/practic_ws/build/ur5_robot_description -- -j8 -l8
[1.670s] DEBUG:colcon.colcon_core.event_handler.log_command:Invoking command in '/home/taj71/practic_ws/build/ur5_robot_description': CMAKE_PREFIX_PATH=${CMAKE_PREFIX_PATH}:/opt/ros/iron /usr/bin/cmake --install /home/taj71/practic_ws/build/ur5_robot_description
[1.682s] DEBUG:colcon.colcon_core.event_handler.log_command:Invoked command in '/home/taj71/practic_ws/build/ur5_controller' returned '0': CMAKE_PREFIX_PATH=${CMAKE_PREFIX_PATH}:/opt/ros/iron /usr/bin/cmake --build /home/taj71/practic_ws/build/ur5_controller -- -j8 -l8
[1.692s] DEBUG:colcon.colcon_core.event_handler.log_command:Invoking command in '/home/taj71/practic_ws/build/ur5_controller': CMAKE_PREFIX_PATH=${CMAKE_PREFIX_PATH}:/opt/ros/iron /usr/bin/cmake --install /home/taj71/practic_ws/build/ur5_controller
[1.707s] DEBUG:colcon.colcon_core.event_handler.log_command:Invoked command in '/home/taj71/practic_ws/build/robotiq_description' returned '0': CMAKE_PREFIX_PATH=${CMAKE_PREFIX_PATH}:/opt/ros/iron /usr/bin/cmake --build /home/taj71/practic_ws/build/robotiq_description -- -j8 -l8
[1.738s] Level 1:colcon.colcon_core.environment:create_environment_scripts_only(ur5_robot_description)
[1.804s] Level 1:colcon.colcon_core.environment:checking '/home/taj71/practic_ws/install/ur5_robot_description' for CMake module files
[1.824s] DEBUG:colcon.colcon_core.event_handler.log_command:Invoking command in '/home/taj71/practic_ws/build/robotiq_description': CMAKE_PREFIX_PATH=${CMAKE_PREFIX_PATH}:/opt/ros/iron /usr/bin/cmake --install /home/taj71/practic_ws/build/robotiq_description
[1.825s] Level 1:colcon.colcon_core.environment:checking '/home/taj71/practic_ws/install/ur5_robot_description' for CMake config files
[1.843s] DEBUG:colcon.colcon_core.event_handler.log_command:Invoked command in '/home/taj71/practic_ws/build/ur5_robot_description' returned '0': CMAKE_PREFIX_PATH=${CMAKE_PREFIX_PATH}:/opt/ros/iron /usr/bin/cmake --install /home/taj71/practic_ws/build/ur5_robot_description
[1.878s] Level 1:colcon.colcon_core.shell:create_environment_hook('ur5_robot_description', 'cmake_prefix_path')
[1.879s] INFO:colcon.colcon_core.shell:Creating environment hook '/home/taj71/practic_ws/install/ur5_robot_description/share/ur5_robot_description/hook/cmake_prefix_path.ps1'
[1.881s] INFO:colcon.colcon_core.shell:Creating environment descriptor '/home/taj71/practic_ws/install/ur5_robot_description/share/ur5_robot_description/hook/cmake_prefix_path.dsv'
[1.882s] INFO:colcon.colcon_core.shell:Creating environment hook '/home/taj71/practic_ws/install/ur5_robot_description/share/ur5_robot_description/hook/cmake_prefix_path.sh'
[1.884s] Level 1:colcon.colcon_core.environment:checking '/home/taj71/practic_ws/install/ur5_robot_description/bin'
[1.884s] Level 1:colcon.colcon_core.environment:checking '/home/taj71/practic_ws/install/ur5_robot_description/lib/pkgconfig/ur5_robot_description.pc'
[1.884s] Level 1:colcon.colcon_core.environment:checking '/home/taj71/practic_ws/install/ur5_robot_description/lib/python3.10/site-packages'
[1.885s] Level 1:colcon.colcon_core.environment:checking '/home/taj71/practic_ws/install/ur5_robot_description/bin'
[1.885s] INFO:colcon.colcon_core.shell:Creating package script '/home/taj71/practic_ws/install/ur5_robot_description/share/ur5_robot_description/package.ps1'
[1.887s] INFO:colcon.colcon_core.shell:Creating package descriptor '/home/taj71/practic_ws/install/ur5_robot_description/share/ur5_robot_description/package.dsv'
[1.889s] INFO:colcon.colcon_core.shell:Creating package script '/home/taj71/practic_ws/install/ur5_robot_description/share/ur5_robot_description/package.sh'
[1.891s] INFO:colcon.colcon_core.shell:Creating package script '/home/taj71/practic_ws/install/ur5_robot_description/share/ur5_robot_description/package.bash'
[1.893s] INFO:colcon.colcon_core.shell:Creating package script '/home/taj71/practic_ws/install/ur5_robot_description/share/ur5_robot_description/package.zsh'
[1.894s] Level 1:colcon.colcon_core.environment:create_file_with_runtime_dependencies(/home/taj71/practic_ws/install/ur5_robot_description/share/colcon-core/packages/ur5_robot_description)
[1.896s] Level 1:colcon.colcon_core.environment:create_environment_scripts_only(ur5_robot_description)
[1.896s] Level 1:colcon.colcon_core.environment:checking '/home/taj71/practic_ws/install/ur5_robot_description' for CMake module files
[1.897s] Level 1:colcon.colcon_core.environment:checking '/home/taj71/practic_ws/install/ur5_robot_description' for CMake config files
[1.898s] Level 1:colcon.colcon_core.shell:create_environment_hook('ur5_robot_description', 'cmake_prefix_path')
[1.898s] INFO:colcon.colcon_core.shell:Creating environment hook '/home/taj71/practic_ws/install/ur5_robot_description/share/ur5_robot_description/hook/cmake_prefix_path.ps1'
[1.900s] INFO:colcon.colcon_core.shell:Creating environment descriptor '/home/taj71/practic_ws/install/ur5_robot_description/share/ur5_robot_description/hook/cmake_prefix_path.dsv'
[1.900s] INFO:colcon.colcon_core.shell:Creating environment hook '/home/taj71/practic_ws/install/ur5_robot_description/share/ur5_robot_description/hook/cmake_prefix_path.sh'
[1.903s] Level 1:colcon.colcon_core.environment:checking '/home/taj71/practic_ws/install/ur5_robot_description/bin'
[1.903s] Level 1:colcon.colcon_core.environment:checking '/home/taj71/practic_ws/install/ur5_robot_description/lib/pkgconfig/ur5_robot_description.pc'
[1.903s] Level 1:colcon.colcon_core.environment:checking '/home/taj71/practic_ws/install/ur5_robot_description/lib/python3.10/site-packages'
[1.904s] Level 1:colcon.colcon_core.environment:checking '/home/taj71/practic_ws/install/ur5_robot_description/bin'
[1.904s] INFO:colcon.colcon_core.shell:Creating package script '/home/taj71/practic_ws/install/ur5_robot_description/share/ur5_robot_description/package.ps1'
[1.906s] INFO:colcon.colcon_core.shell:Creating package descriptor '/home/taj71/practic_ws/install/ur5_robot_description/share/ur5_robot_description/package.dsv'
[1.908s] INFO:colcon.colcon_core.shell:Creating package script '/home/taj71/practic_ws/install/ur5_robot_description/share/ur5_robot_description/package.sh'
[1.909s] INFO:colcon.colcon_core.shell:Creating package script '/home/taj71/practic_ws/install/ur5_robot_description/share/ur5_robot_description/package.bash'
[1.910s] INFO:colcon.colcon_core.shell:Creating package script '/home/taj71/practic_ws/install/ur5_robot_description/share/ur5_robot_description/package.zsh'
[1.911s] Level 1:colcon.colcon_core.environment:create_file_with_runtime_dependencies(/home/taj71/practic_ws/install/ur5_robot_description/share/colcon-core/packages/ur5_robot_description)
[1.912s] Level 1:colcon.colcon_core.environment:create_environment_scripts_only(ur5_controller)
[1.912s] Level 1:colcon.colcon_core.environment:checking '/home/taj71/practic_ws/install/ur5_controller' for CMake module files
[1.915s] DEBUG:colcon.colcon_core.event_handler.log_command:Invoked command in '/home/taj71/practic_ws/build/ur5_controller' returned '0': CMAKE_PREFIX_PATH=${CMAKE_PREFIX_PATH}:/opt/ros/iron /usr/bin/cmake --install /home/taj71/practic_ws/build/ur5_controller
[1.916s] Level 1:colcon.colcon_core.environment:checking '/home/taj71/practic_ws/install/ur5_controller' for CMake config files
[1.917s] Level 1:colcon.colcon_core.shell:create_environment_hook('ur5_controller', 'cmake_prefix_path')
[1.918s] INFO:colcon.colcon_core.shell:Creating environment hook '/home/taj71/practic_ws/install/ur5_controller/share/ur5_controller/hook/cmake_prefix_path.ps1'
[1.920s] INFO:colcon.colcon_core.shell:Creating environment descriptor '/home/taj71/practic_ws/install/ur5_controller/share/ur5_controller/hook/cmake_prefix_path.dsv'
[1.922s] INFO:colcon.colcon_core.shell:Creating environment hook '/home/taj71/practic_ws/install/ur5_controller/share/ur5_controller/hook/cmake_prefix_path.sh'
[1.923s] Level 1:colcon.colcon_core.environment:checking '/home/taj71/practic_ws/install/ur5_controller/bin'
[1.924s] Level 1:colcon.colcon_core.environment:checking '/home/taj71/practic_ws/install/ur5_controller/lib/pkgconfig/ur5_controller.pc'
[1.924s] Level 1:colcon.colcon_core.environment:checking '/home/taj71/practic_ws/install/ur5_controller/lib/python3.10/site-packages'
[1.924s] Level 1:colcon.colcon_core.environment:checking '/home/taj71/practic_ws/install/ur5_controller/bin'
[1.925s] INFO:colcon.colcon_core.shell:Creating package script '/home/taj71/practic_ws/install/ur5_controller/share/ur5_controller/package.ps1'
[1.926s] INFO:colcon.colcon_core.shell:Creating package descriptor '/home/taj71/practic_ws/install/ur5_controller/share/ur5_controller/package.dsv'
[1.927s] INFO:colcon.colcon_core.shell:Creating package script '/home/taj71/practic_ws/install/ur5_controller/share/ur5_controller/package.sh'
[1.929s] INFO:colcon.colcon_core.shell:Creating package script '/home/taj71/practic_ws/install/ur5_controller/share/ur5_controller/package.bash'
[1.930s] INFO:colcon.colcon_core.shell:Creating package script '/home/taj71/practic_ws/install/ur5_controller/share/ur5_controller/package.zsh'
[1.932s] Level 1:colcon.colcon_core.environment:create_file_with_runtime_dependencies(/home/taj71/practic_ws/install/ur5_controller/share/colcon-core/packages/ur5_controller)
[1.933s] Level 1:colcon.colcon_core.environment:create_environment_scripts_only(ur5_controller)
[1.934s] Level 1:colcon.colcon_core.environment:checking '/home/taj71/practic_ws/install/ur5_controller' for CMake module files
[1.935s] Level 1:colcon.colcon_core.environment:checking '/home/taj71/practic_ws/install/ur5_controller' for CMake config files
[1.935s] Level 1:colcon.colcon_core.shell:create_environment_hook('ur5_controller', 'cmake_prefix_path')
[1.936s] INFO:colcon.colcon_core.shell:Creating environment hook '/home/taj71/practic_ws/install/ur5_controller/share/ur5_controller/hook/cmake_prefix_path.ps1'
[1.937s] INFO:colcon.colcon_core.shell:Creating environment descriptor '/home/taj71/practic_ws/install/ur5_controller/share/ur5_controller/hook/cmake_prefix_path.dsv'
[1.939s] INFO:colcon.colcon_core.shell:Creating environment hook '/home/taj71/practic_ws/install/ur5_controller/share/ur5_controller/hook/cmake_prefix_path.sh'
[1.942s] Level 1:colcon.colcon_core.environment:checking '/home/taj71/practic_ws/install/ur5_controller/bin'
[1.942s] Level 1:colcon.colcon_core.environment:checking '/home/taj71/practic_ws/install/ur5_controller/lib/pkgconfig/ur5_controller.pc'
[1.942s] Level 1:colcon.colcon_core.environment:checking '/home/taj71/practic_ws/install/ur5_controller/lib/python3.10/site-packages'
[1.943s] Level 1:colcon.colcon_core.environment:checking '/home/taj71/practic_ws/install/ur5_controller/bin'
[1.944s] INFO:colcon.colcon_core.shell:Creating package script '/home/taj71/practic_ws/install/ur5_controller/share/ur5_controller/package.ps1'
[1.945s] INFO:colcon.colcon_core.shell:Creating package descriptor '/home/taj71/practic_ws/install/ur5_controller/share/ur5_controller/package.dsv'
[1.946s] INFO:colcon.colcon_core.shell:Creating package script '/home/taj71/practic_ws/install/ur5_controller/share/ur5_controller/package.sh'
[1.947s] INFO:colcon.colcon_core.shell:Creating package script '/home/taj71/practic_ws/install/ur5_controller/share/ur5_controller/package.bash'
[1.949s] INFO:colcon.colcon_core.shell:Creating package script '/home/taj71/practic_ws/install/ur5_controller/share/ur5_controller/package.zsh'
[1.950s] Level 1:colcon.colcon_core.environment:create_file_with_runtime_dependencies(/home/taj71/practic_ws/install/ur5_controller/share/colcon-core/packages/ur5_controller)
[1.953s] INFO:colcon.colcon_ros.task.ament_cmake.build:Building ROS package in '/home/taj71/practic_ws/src/ur5_gripper_moveit_config' with build type 'ament_cmake'
[1.954s] INFO:colcon.colcon_cmake.task.cmake.build:Building CMake package in '/home/taj71/practic_ws/src/ur5_gripper_moveit_config'
[1.955s] INFO:colcon.colcon_core.shell:Skip shell extension 'powershell' for command environment: Not usable outside of PowerShell
[1.956s] DEBUG:colcon.colcon_core.shell:Skip shell extension 'dsv' for command environment
[1.981s] Level 1:colcon.colcon_core.environment:create_environment_scripts_only(robotiq_description)
[1.985s] Level 1:colcon.colcon_core.environment:checking '/home/taj71/practic_ws/install/robotiq_description' for CMake module files
[1.985s] DEBUG:colcon.colcon_core.event_handler.log_command:Invoked command in '/home/taj71/practic_ws/build/robotiq_description' returned '0': CMAKE_PREFIX_PATH=${CMAKE_PREFIX_PATH}:/opt/ros/iron /usr/bin/cmake --install /home/taj71/practic_ws/build/robotiq_description
[1.988s] Level 1:colcon.colcon_core.environment:checking '/home/taj71/practic_ws/install/robotiq_description' for CMake config files
[1.990s] Level 1:colcon.colcon_core.shell:create_environment_hook('robotiq_description', 'cmake_prefix_path')
[1.991s] INFO:colcon.colcon_core.shell:Creating environment hook '/home/taj71/practic_ws/install/robotiq_description/share/robotiq_description/hook/cmake_prefix_path.ps1'
[1.994s] INFO:colcon.colcon_core.shell:Creating environment descriptor '/home/taj71/practic_ws/install/robotiq_description/share/robotiq_description/hook/cmake_prefix_path.dsv'
[1.997s] INFO:colcon.colcon_core.shell:Creating environment hook '/home/taj71/practic_ws/install/robotiq_description/share/robotiq_description/hook/cmake_prefix_path.sh'
[2.003s] Level 1:colcon.colcon_core.environment:checking '/home/taj71/practic_ws/install/robotiq_description/bin'
[2.003s] Level 1:colcon.colcon_core.environment:checking '/home/taj71/practic_ws/install/robotiq_description/lib/pkgconfig/robotiq_description.pc'
[2.004s] Level 1:colcon.colcon_core.environment:checking '/home/taj71/practic_ws/install/robotiq_description/lib/python3.10/site-packages'
[2.004s] Level 1:colcon.colcon_core.environment:checking '/home/taj71/practic_ws/install/robotiq_description/bin'
[2.005s] INFO:colcon.colcon_core.shell:Creating package script '/home/taj71/practic_ws/install/robotiq_description/share/robotiq_description/package.ps1'
[2.008s] INFO:colcon.colcon_core.shell:Creating package descriptor '/home/taj71/practic_ws/install/robotiq_description/share/robotiq_description/package.dsv'
[2.012s] INFO:colcon.colcon_core.shell:Creating package script '/home/taj71/practic_ws/install/robotiq_description/share/robotiq_description/package.sh'
[2.014s] INFO:colcon.colcon_core.shell:Creating package script '/home/taj71/practic_ws/install/robotiq_description/share/robotiq_description/package.bash'
[2.016s] INFO:colcon.colcon_core.shell:Creating package script '/home/taj71/practic_ws/install/robotiq_description/share/robotiq_description/package.zsh'
[2.017s] Level 1:colcon.colcon_core.environment:create_file_with_runtime_dependencies(/home/taj71/practic_ws/install/robotiq_description/share/colcon-core/packages/robotiq_description)
[2.019s] Level 1:colcon.colcon_core.environment:create_environment_scripts_only(robotiq_description)
[2.020s] Level 1:colcon.colcon_core.environment:checking '/home/taj71/practic_ws/install/robotiq_description' for CMake module files
[2.021s] Level 1:colcon.colcon_core.environment:checking '/home/taj71/practic_ws/install/robotiq_description' for CMake config files
[2.022s] Level 1:colcon.colcon_core.shell:create_environment_hook('robotiq_description', 'cmake_prefix_path')
[2.022s] INFO:colcon.colcon_core.shell:Creating environment hook '/home/taj71/practic_ws/install/robotiq_description/share/robotiq_description/hook/cmake_prefix_path.ps1'
[2.024s] INFO:colcon.colcon_core.shell:Creating environment descriptor '/home/taj71/practic_ws/install/robotiq_description/share/robotiq_description/hook/cmake_prefix_path.dsv'
[2.027s] INFO:colcon.colcon_core.shell:Creating environment hook '/home/taj71/practic_ws/install/robotiq_description/share/robotiq_description/hook/cmake_prefix_path.sh'
[2.030s] Level 1:colcon.colcon_core.environment:checking '/home/taj71/practic_ws/install/robotiq_description/bin'
[2.031s] Level 1:colcon.colcon_core.environment:checking '/home/taj71/practic_ws/install/robotiq_description/lib/pkgconfig/robotiq_description.pc'
[2.031s] Level 1:colcon.colcon_core.environment:checking '/home/taj71/practic_ws/install/robotiq_description/lib/python3.10/site-packages'
[2.032s] Level 1:colcon.colcon_core.environment:checking '/home/taj71/practic_ws/install/robotiq_description/bin'
[2.033s] INFO:colcon.colcon_core.shell:Creating package script '/home/taj71/practic_ws/install/robotiq_description/share/robotiq_description/package.ps1'
[2.036s] INFO:colcon.colcon_core.shell:Creating package descriptor '/home/taj71/practic_ws/install/robotiq_description/share/robotiq_description/package.dsv'
[2.043s] INFO:colcon.colcon_core.shell:Creating package script '/home/taj71/practic_ws/install/robotiq_description/share/robotiq_description/package.sh'
[2.047s] INFO:colcon.colcon_core.shell:Creating package script '/home/taj71/practic_ws/install/robotiq_description/share/robotiq_description/package.bash'
[2.052s] INFO:colcon.colcon_core.shell:Creating package script '/home/taj71/practic_ws/install/robotiq_description/share/robotiq_description/package.zsh'
[2.062s] Level 1:colcon.colcon_core.environment:create_file_with_runtime_dependencies(/home/taj71/practic_ws/install/robotiq_description/share/colcon-core/packages/robotiq_description)
[2.373s] DEBUG:colcon.colcon_core.event_handler.log_command:Invoking command in '/home/taj71/practic_ws/build/ur5_gripper_moveit_config': CMAKE_PREFIX_PATH=/home/taj71/practic_ws/install/ur5_robot_description:/home/taj71/practic_ws/install/ur5_gripper_moveit_config:/home/taj71/practic_ws/install/ur5_controller:/home/taj71/practic_ws/install/robotiq_description:/opt/ros/iron /usr/bin/cmake --build /home/taj71/practic_ws/build/ur5_gripper_moveit_config -- -j8 -l8
[2.437s] DEBUG:colcon.colcon_core.event_handler.log_command:Invoked command in '/home/taj71/practic_ws/build/ur5_gripper_moveit_config' returned '0': CMAKE_PREFIX_PATH=/home/taj71/practic_ws/install/ur5_robot_description:/home/taj71/practic_ws/install/ur5_gripper_moveit_config:/home/taj71/practic_ws/install/ur5_controller:/home/taj71/practic_ws/install/robotiq_description:/opt/ros/iron /usr/bin/cmake --build /home/taj71/practic_ws/build/ur5_gripper_moveit_config -- -j8 -l8
[2.444s] DEBUG:colcon.colcon_core.event_handler.log_command:Invoking command in '/home/taj71/practic_ws/build/ur5_gripper_moveit_config': CMAKE_PREFIX_PATH=/home/taj71/practic_ws/install/ur5_robot_description:/home/taj71/practic_ws/install/ur5_gripper_moveit_config:/home/taj71/practic_ws/install/ur5_controller:/home/taj71/practic_ws/install/robotiq_description:/opt/ros/iron /usr/bin/cmake --install /home/taj71/practic_ws/build/ur5_gripper_moveit_config
[2.473s] Level 1:colcon.colcon_core.environment:create_environment_scripts_only(ur5_gripper_moveit_config)
[2.473s] Level 1:colcon.colcon_core.environment:checking '/home/taj71/practic_ws/install/ur5_gripper_moveit_config' for CMake module files
[2.478s] DEBUG:colcon.colcon_core.event_handler.log_command:Invoked command in '/home/taj71/practic_ws/build/ur5_gripper_moveit_config' returned '0': CMAKE_PREFIX_PATH=/home/taj71/practic_ws/install/ur5_robot_description:/home/taj71/practic_ws/install/ur5_gripper_moveit_config:/home/taj71/practic_ws/install/ur5_controller:/home/taj71/practic_ws/install/robotiq_description:/opt/ros/iron /usr/bin/cmake --install /home/taj71/practic_ws/build/ur5_gripper_moveit_config
[2.479s] Level 1:colcon.colcon_core.environment:checking '/home/taj71/practic_ws/install/ur5_gripper_moveit_config' for CMake config files
[2.479s] Level 1:colcon.colcon_core.shell:create_environment_hook('ur5_gripper_moveit_config', 'cmake_prefix_path')
[2.480s] INFO:colcon.colcon_core.shell:Creating environment hook '/home/taj71/practic_ws/install/ur5_gripper_moveit_config/share/ur5_gripper_moveit_config/hook/cmake_prefix_path.ps1'
[2.482s] INFO:colcon.colcon_core.shell:Creating environment descriptor '/home/taj71/practic_ws/install/ur5_gripper_moveit_config/share/ur5_gripper_moveit_config/hook/cmake_prefix_path.dsv'
[2.483s] INFO:colcon.colcon_core.shell:Creating environment hook '/home/taj71/practic_ws/install/ur5_gripper_moveit_config/share/ur5_gripper_moveit_config/hook/cmake_prefix_path.sh'
[2.485s] Level 1:colcon.colcon_core.environment:checking '/home/taj71/practic_ws/install/ur5_gripper_moveit_config/bin'
[2.485s] Level 1:colcon.colcon_core.environment:checking '/home/taj71/practic_ws/install/ur5_gripper_moveit_config/lib/pkgconfig/ur5_gripper_moveit_config.pc'
[2.486s] Level 1:colcon.colcon_core.environment:checking '/home/taj71/practic_ws/install/ur5_gripper_moveit_config/lib/python3.10/site-packages'
[2.487s] Level 1:colcon.colcon_core.environment:checking '/home/taj71/practic_ws/install/ur5_gripper_moveit_config/bin'
[2.488s] INFO:colcon.colcon_core.shell:Creating package script '/home/taj71/practic_ws/install/ur5_gripper_moveit_config/share/ur5_gripper_moveit_config/package.ps1'
[2.490s] INFO:colcon.colcon_core.shell:Creating package descriptor '/home/taj71/practic_ws/install/ur5_gripper_moveit_config/share/ur5_gripper_moveit_config/package.dsv'
[2.492s] INFO:colcon.colcon_core.shell:Creating package script '/home/taj71/practic_ws/install/ur5_gripper_moveit_config/share/ur5_gripper_moveit_config/package.sh'
[2.493s] INFO:colcon.colcon_core.shell:Creating package script '/home/taj71/practic_ws/install/ur5_gripper_moveit_config/share/ur5_gripper_moveit_config/package.bash'
[2.494s] INFO:colcon.colcon_core.shell:Creating package script '/home/taj71/practic_ws/install/ur5_gripper_moveit_config/share/ur5_gripper_moveit_config/package.zsh'
[2.495s] Level 1:colcon.colcon_core.environment:create_file_with_runtime_dependencies(/home/taj71/practic_ws/install/ur5_gripper_moveit_config/share/colcon-core/packages/ur5_gripper_moveit_config)
[2.496s] Level 1:colcon.colcon_core.environment:create_environment_scripts_only(ur5_gripper_moveit_config)
[2.497s] Level 1:colcon.colcon_core.environment:checking '/home/taj71/practic_ws/install/ur5_gripper_moveit_config' for CMake module files
[2.498s] Level 1:colcon.colcon_core.environment:checking '/home/taj71/practic_ws/install/ur5_gripper_moveit_config' for CMake config files
[2.498s] Level 1:colcon.colcon_core.shell:create_environment_hook('ur5_gripper_moveit_config', 'cmake_prefix_path')
[2.498s] INFO:colcon.colcon_core.shell:Creating environment hook '/home/taj71/practic_ws/install/ur5_gripper_moveit_config/share/ur5_gripper_moveit_config/hook/cmake_prefix_path.ps1'
[2.499s] INFO:colcon.colcon_core.shell:Creating environment descriptor '/home/taj71/practic_ws/install/ur5_gripper_moveit_config/share/ur5_gripper_moveit_config/hook/cmake_prefix_path.dsv'
[2.500s] INFO:colcon.colcon_core.shell:Creating environment hook '/home/taj71/practic_ws/install/ur5_gripper_moveit_config/share/ur5_gripper_moveit_config/hook/cmake_prefix_path.sh'
[2.502s] Level 1:colcon.colcon_core.environment:checking '/home/taj71/practic_ws/install/ur5_gripper_moveit_config/bin'
[2.502s] Level 1:colcon.colcon_core.environment:checking '/home/taj71/practic_ws/install/ur5_gripper_moveit_config/lib/pkgconfig/ur5_gripper_moveit_config.pc'
[2.503s] Level 1:colcon.colcon_core.environment:checking '/home/taj71/practic_ws/install/ur5_gripper_moveit_config/lib/python3.10/site-packages'
[2.503s] Level 1:colcon.colcon_core.environment:checking '/home/taj71/practic_ws/install/ur5_gripper_moveit_config/bin'
[2.504s] INFO:colcon.colcon_core.shell:Creating package script '/home/taj71/practic_ws/install/ur5_gripper_moveit_config/share/ur5_gripper_moveit_config/package.ps1'
[2.505s] INFO:colcon.colcon_core.shell:Creating package descriptor '/home/taj71/practic_ws/install/ur5_gripper_moveit_config/share/ur5_gripper_moveit_config/package.dsv'
[2.506s] INFO:colcon.colcon_core.shell:Creating package script '/home/taj71/practic_ws/install/ur5_gripper_moveit_config/share/ur5_gripper_moveit_config/package.sh'
[2.507s] INFO:colcon.colcon_core.shell:Creating package script '/home/taj71/practic_ws/install/ur5_gripper_moveit_config/share/ur5_gripper_moveit_config/package.bash'
[2.508s] INFO:colcon.colcon_core.shell:Creating package script '/home/taj71/practic_ws/install/ur5_gripper_moveit_config/share/ur5_gripper_moveit_config/package.zsh'
[2.509s] Level 1:colcon.colcon_core.environment:create_file_with_runtime_dependencies(/home/taj71/practic_ws/install/ur5_gripper_moveit_config/share/colcon-core/packages/ur5_gripper_moveit_config)
[2.511s] DEBUG:colcon.colcon_parallel_executor.executor.parallel:closing loop
[2.513s] DEBUG:colcon.colcon_parallel_executor.executor.parallel:loop closed
[2.513s] DEBUG:colcon.colcon_parallel_executor.executor.parallel:run_until_complete finished with '0'
[2.514s] DEBUG:colcon.colcon_core.event_reactor:joining thread
[2.874s] INFO:colcon.colcon_core.plugin_system:Skipping extension 'colcon_notification.desktop_notification.notify_send': Could not find 'notify-send'
[2.874s] INFO:colcon.colcon_core.plugin_system:Skipping extension 'colcon_notification.desktop_notification.terminal_notifier': Not used on non-Darwin systems
[2.874s] INFO:colcon.colcon_core.plugin_system:Skipping extension 'colcon_notification.desktop_notification.win32': Not used on non-Windows systems
[2.875s] INFO:colcon.colcon_notification.desktop_notification:Sending desktop notification using 'notify2'
[2.875s] DEBUG:colcon.colcon_notification.desktop_notification.notify2:Failed to initialize notify2: org.freedesktop.DBus.Error.FileNotFound: Failed to connect to socket /run/user/1000/bus: No such file or directory
[2.875s] DEBUG:colcon.colcon_core.event_reactor:joined thread
[2.876s] INFO:colcon.colcon_core.shell:Creating prefix script '/home/taj71/practic_ws/install/local_setup.ps1'
[2.878s] INFO:colcon.colcon_core.shell:Creating prefix util module '/home/taj71/practic_ws/install/_local_setup_util_ps1.py'
[2.882s] INFO:colcon.colcon_core.shell:Creating prefix chain script '/home/taj71/practic_ws/install/setup.ps1'
[2.886s] INFO:colcon.colcon_core.shell:Creating prefix script '/home/taj71/practic_ws/install/local_setup.sh'
[2.889s] INFO:colcon.colcon_core.shell:Creating prefix util module '/home/taj71/practic_ws/install/_local_setup_util_sh.py'
[2.894s] INFO:colcon.colcon_core.shell:Creating prefix chain script '/home/taj71/practic_ws/install/setup.sh'
[2.898s] INFO:colcon.colcon_core.shell:Creating prefix script '/home/taj71/practic_ws/install/local_setup.bash'
[2.899s] INFO:colcon.colcon_core.shell:Creating prefix chain script '/home/taj71/practic_ws/install/setup.bash'
[2.902s] INFO:colcon.colcon_core.shell:Creating prefix script '/home/taj71/practic_ws/install/local_setup.zsh'
[2.903s] INFO:colcon.colcon_core.shell:Creating prefix chain script '/home/taj71/practic_ws/install/setup.zsh'
