[0.061s] Invoking command in '/home/taj71/practic_ws/build/ur5_controller': CMAKE_PREFIX_PATH=${CMAKE_PREFIX_PATH}:/opt/ros/iron /usr/bin/cmake --build /home/taj71/practic_ws/build/ur5_controller -- -j8 -l8
[0.178s] Invoked command in '/home/taj71/practic_ws/build/ur5_controller' returned '0': CMAKE_PREFIX_PATH=${CMAKE_PREFIX_PATH}:/opt/ros/iron /usr/bin/cmake --build /home/taj71/practic_ws/build/ur5_controller -- -j8 -l8
[0.255s] Invoking command in '/home/taj71/practic_ws/build/ur5_controller': CMAKE_PREFIX_PATH=${CMAKE_PREFIX_PATH}:/opt/ros/iron /usr/bin/cmake --install /home/taj71/practic_ws/build/ur5_controller
[0.257s] -- Install configuration: ""
[0.258s] -- Up-to-date: /home/taj71/practic_ws/install/ur5_controller/share/ur5_controller/config
[0.258s] -- Up-to-date: /home/taj71/practic_ws/install/ur5_controller/share/ur5_controller/config/ur5_controller.yaml
[0.259s] -- Up-to-date: /home/taj71/practic_ws/install/ur5_controller/share/ur5_controller/config/new.yaml:Zone.Identifier
[0.259s] -- Up-to-date: /home/taj71/practic_ws/install/ur5_controller/share/ur5_controller/config/new.yaml
[0.260s] -- Up-to-date: /home/taj71/practic_ws/install/ur5_controller/share/ur5_controller/config/ur5_controller.yaml:Zone.Identifier
[0.260s] -- Up-to-date: /home/taj71/practic_ws/install/ur5_controller/share/ur5_controller/launch
[0.261s] -- Up-to-date: /home/taj71/practic_ws/install/ur5_controller/share/ur5_controller/launch/controller.launch.py
[0.261s] -- Up-to-date: /home/taj71/practic_ws/install/ur5_controller/share/ur5_controller/launch/controller.launch.py:Zone.Identifier
[0.262s] -- Up-to-date: /home/taj71/practic_ws/install/ur5_controller/share/ament_index/resource_index/package_run_dependencies/ur5_controller
[0.262s] -- Up-to-date: /home/taj71/practic_ws/install/ur5_controller/share/ament_index/resource_index/parent_prefix_path/ur5_controller
[0.262s] -- Up-to-date: /home/taj71/practic_ws/install/ur5_controller/share/ur5_controller/environment/ament_prefix_path.sh
[0.263s] -- Up-to-date: /home/taj71/practic_ws/install/ur5_controller/share/ur5_controller/environment/ament_prefix_path.dsv
[0.263s] -- Up-to-date: /home/taj71/practic_ws/install/ur5_controller/share/ur5_controller/environment/path.sh
[0.263s] -- Up-to-date: /home/taj71/practic_ws/install/ur5_controller/share/ur5_controller/environment/path.dsv
[0.264s] -- Up-to-date: /home/taj71/practic_ws/install/ur5_controller/share/ur5_controller/local_setup.bash
[0.264s] -- Up-to-date: /home/taj71/practic_ws/install/ur5_controller/share/ur5_controller/local_setup.sh
[0.265s] -- Up-to-date: /home/taj71/practic_ws/install/ur5_controller/share/ur5_controller/local_setup.zsh
[0.265s] -- Up-to-date: /home/taj71/practic_ws/install/ur5_controller/share/ur5_controller/local_setup.dsv
[0.265s] -- Installing: /home/taj71/practic_ws/install/ur5_controller/share/ur5_controller/package.dsv
[0.266s] -- Up-to-date: /home/taj71/practic_ws/install/ur5_controller/share/ament_index/resource_index/packages/ur5_controller
[0.267s] -- Up-to-date: /home/taj71/practic_ws/install/ur5_controller/share/ur5_controller/cmake/ur5_controllerConfig.cmake
[0.267s] -- Up-to-date: /home/taj71/practic_ws/install/ur5_controller/share/ur5_controller/cmake/ur5_controllerConfig-version.cmake
[0.268s] -- Up-to-date: /home/taj71/practic_ws/install/ur5_controller/share/ur5_controller/package.xml
[0.411s] Invoked command in '/home/taj71/practic_ws/build/ur5_controller' returned '0': CMAKE_PREFIX_PATH=${CMAKE_PREFIX_PATH}:/opt/ros/iron /usr/bin/cmake --install /home/taj71/practic_ws/build/ur5_controller
