[0.823s] DEBUG:colcon:Command line arguments: ['/home/taj71/.local/bin/colcon', 'list', '-p', '--base-paths', '/home/taj71/practic_ws']
[0.823s] DEBUG:colcon:Parsed command line arguments: Namespace(log_base=None, log_level=None, verb_name='list', build_base='build', ignore_user_meta=False, metas=['./colcon.meta'], base_paths=['/home/taj71/practic_ws'], packages_ignore=None, packages_ignore_regex=None, paths=None, packages_up_to=None, packages_up_to_regex=None, packages_above=None, packages_above_and_dependencies=None, packages_above_depth=None, packages_select_by_dep=None, packages_skip_by_dep=None, packages_skip_up_to=None, packages_select_build_failed=False, packages_skip_build_finished=False, packages_select_test_failures=False, packages_skip_test_passed=False, packages_select=None, packages_skip=None, packages_select_regex=None, packages_skip_regex=None, packages_start=None, packages_end=None, allow_overriding=[], topological_order=False, names_only=False, paths_only=True, topological_graph=False, topological_graph_dot=False, topological_graph_density=False, topological_graph_legend=False, topological_graph_dot_cluster=False, topological_graph_dot_include_skipped=False, mixin_files=None, mixin=None, verb_parser=<colcon_mixin.mixin.mixin_argument.MixinArgumentDecorator object at 0x7f187dd751b0>, verb_extension=<colcon_package_information.verb.list.ListVerb object at 0x7f187dd74280>, main=<bound method ListVerb.main of <colcon_package_information.verb.list.ListVerb object at 0x7f187dd74280>>, mixin_verb=('list',))
[1.366s] Level 1:colcon.colcon_core.package_discovery:discover_packages(colcon_meta) check parameters
[1.367s] Level 1:colcon.colcon_core.package_discovery:discover_packages(recursive) check parameters
[1.367s] Level 1:colcon.colcon_core.package_discovery:discover_packages(ignore) check parameters
[1.367s] Level 1:colcon.colcon_core.package_discovery:discover_packages(path) check parameters
[1.367s] Level 1:colcon.colcon_core.package_discovery:discover_packages(recursive) discover
[1.367s] INFO:colcon.colcon_core.package_discovery:Crawling recursively for packages in '/home/taj71/practic_ws'
[1.367s] Level 1:colcon.colcon_core.package_identification:_identify(/home/taj71/practic_ws) by extensions ['ignore', 'ignore_ament_install']
[1.368s] Level 1:colcon.colcon_core.package_identification:_identify(/home/taj71/practic_ws) by extension 'ignore'
[1.369s] Level 1:colcon.colcon_core.package_identification:_identify(/home/taj71/practic_ws) by extension 'ignore_ament_install'
[1.369s] Level 1:colcon.colcon_core.package_identification:_identify(/home/taj71/practic_ws) by extensions ['colcon_pkg']
[1.369s] Level 1:colcon.colcon_core.package_identification:_identify(/home/taj71/practic_ws) by extension 'colcon_pkg'
[1.370s] Level 1:colcon.colcon_core.package_identification:_identify(/home/taj71/practic_ws) by extensions ['colcon_meta']
[1.370s] Level 1:colcon.colcon_core.package_identification:_identify(/home/taj71/practic_ws) by extension 'colcon_meta'
[1.370s] Level 1:colcon.colcon_core.package_identification:_identify(/home/taj71/practic_ws) by extensions ['ros']
[1.370s] Level 1:colcon.colcon_core.package_identification:_identify(/home/taj71/practic_ws) by extension 'ros'
[1.409s] Level 1:colcon.colcon_core.package_identification:_identify(/home/taj71/practic_ws) by extensions ['cmake', 'python']
[1.409s] Level 1:colcon.colcon_core.package_identification:_identify(/home/taj71/practic_ws) by extension 'cmake'
[1.409s] Level 1:colcon.colcon_core.package_identification:_identify(/home/taj71/practic_ws) by extension 'python'
[1.409s] Level 1:colcon.colcon_core.package_identification:_identify(/home/taj71/practic_ws) by extensions ['python_setup_py']
[1.409s] Level 1:colcon.colcon_core.package_identification:_identify(/home/taj71/practic_ws) by extension 'python_setup_py'
[1.410s] Level 1:colcon.colcon_core.package_identification:_identify(/home/taj71/practic_ws/build) by extensions ['ignore', 'ignore_ament_install']
[1.410s] Level 1:colcon.colcon_core.package_identification:_identify(/home/taj71/practic_ws/build) by extension 'ignore'
[1.410s] Level 1:colcon.colcon_core.package_identification:_identify(/home/taj71/practic_ws/build) ignored
[1.410s] Level 1:colcon.colcon_core.package_identification:_identify(/home/taj71/practic_ws/install) by extensions ['ignore', 'ignore_ament_install']
[1.411s] Level 1:colcon.colcon_core.package_identification:_identify(/home/taj71/practic_ws/install) by extension 'ignore'
[1.411s] Level 1:colcon.colcon_core.package_identification:_identify(/home/taj71/practic_ws/install) ignored
[1.411s] Level 1:colcon.colcon_core.package_identification:_identify(/home/taj71/practic_ws/log) by extensions ['ignore', 'ignore_ament_install']
[1.412s] Level 1:colcon.colcon_core.package_identification:_identify(/home/taj71/practic_ws/log) by extension 'ignore'
[1.412s] Level 1:colcon.colcon_core.package_identification:_identify(/home/taj71/practic_ws/log) ignored
[1.412s] Level 1:colcon.colcon_core.package_identification:_identify(/home/taj71/practic_ws/src) by extensions ['ignore', 'ignore_ament_install']
[1.412s] Level 1:colcon.colcon_core.package_identification:_identify(/home/taj71/practic_ws/src) by extension 'ignore'
[1.412s] Level 1:colcon.colcon_core.package_identification:_identify(/home/taj71/practic_ws/src) by extension 'ignore_ament_install'
[1.413s] Level 1:colcon.colcon_core.package_identification:_identify(/home/taj71/practic_ws/src) by extensions ['colcon_pkg']
[1.413s] Level 1:colcon.colcon_core.package_identification:_identify(/home/taj71/practic_ws/src) by extension 'colcon_pkg'
[1.413s] Level 1:colcon.colcon_core.package_identification:_identify(/home/taj71/practic_ws/src) by extensions ['colcon_meta']
[1.413s] Level 1:colcon.colcon_core.package_identification:_identify(/home/taj71/practic_ws/src) by extension 'colcon_meta'
[1.413s] Level 1:colcon.colcon_core.package_identification:_identify(/home/taj71/practic_ws/src) by extensions ['ros']
[1.413s] Level 1:colcon.colcon_core.package_identification:_identify(/home/taj71/practic_ws/src) by extension 'ros'
[1.413s] Level 1:colcon.colcon_core.package_identification:_identify(/home/taj71/practic_ws/src) by extensions ['cmake', 'python']
[1.414s] Level 1:colcon.colcon_core.package_identification:_identify(/home/taj71/practic_ws/src) by extension 'cmake'
[1.414s] Level 1:colcon.colcon_core.package_identification:_identify(/home/taj71/practic_ws/src) by extension 'python'
[1.414s] Level 1:colcon.colcon_core.package_identification:_identify(/home/taj71/practic_ws/src) by extensions ['python_setup_py']
[1.414s] Level 1:colcon.colcon_core.package_identification:_identify(/home/taj71/practic_ws/src) by extension 'python_setup_py'
[1.414s] Level 1:colcon.colcon_core.package_identification:_identify(/home/taj71/practic_ws/src/build) by extensions ['ignore', 'ignore_ament_install']
[1.415s] Level 1:colcon.colcon_core.package_identification:_identify(/home/taj71/practic_ws/src/build) by extension 'ignore'
[1.415s] Level 1:colcon.colcon_core.package_identification:_identify(/home/taj71/practic_ws/src/build) ignored
[1.415s] Level 1:colcon.colcon_core.package_identification:_identify(/home/taj71/practic_ws/src/install) by extensions ['ignore', 'ignore_ament_install']
[1.416s] Level 1:colcon.colcon_core.package_identification:_identify(/home/taj71/practic_ws/src/install) by extension 'ignore'
[1.416s] Level 1:colcon.colcon_core.package_identification:_identify(/home/taj71/practic_ws/src/install) ignored
[1.417s] Level 1:colcon.colcon_core.package_identification:_identify(/home/taj71/practic_ws/src/log) by extensions ['ignore', 'ignore_ament_install']
[1.417s] Level 1:colcon.colcon_core.package_identification:_identify(/home/taj71/practic_ws/src/log) by extension 'ignore'
[1.417s] Level 1:colcon.colcon_core.package_identification:_identify(/home/taj71/practic_ws/src/log) ignored
[1.418s] Level 1:colcon.colcon_core.package_identification:_identify(/home/taj71/practic_ws/src/robotiq_description) by extensions ['ignore', 'ignore_ament_install']
[1.418s] Level 1:colcon.colcon_core.package_identification:_identify(/home/taj71/practic_ws/src/robotiq_description) by extension 'ignore'
[1.418s] Level 1:colcon.colcon_core.package_identification:_identify(/home/taj71/practic_ws/src/robotiq_description) by extension 'ignore_ament_install'
[1.419s] Level 1:colcon.colcon_core.package_identification:_identify(/home/taj71/practic_ws/src/robotiq_description) by extensions ['colcon_pkg']
[1.419s] Level 1:colcon.colcon_core.package_identification:_identify(/home/taj71/practic_ws/src/robotiq_description) by extension 'colcon_pkg'
[1.419s] Level 1:colcon.colcon_core.package_identification:_identify(/home/taj71/practic_ws/src/robotiq_description) by extensions ['colcon_meta']
[1.419s] Level 1:colcon.colcon_core.package_identification:_identify(/home/taj71/practic_ws/src/robotiq_description) by extension 'colcon_meta'
[1.419s] Level 1:colcon.colcon_core.package_identification:_identify(/home/taj71/practic_ws/src/robotiq_description) by extensions ['ros']
[1.419s] Level 1:colcon.colcon_core.package_identification:_identify(/home/taj71/practic_ws/src/robotiq_description) by extension 'ros'
[1.426s] DEBUG:colcon.colcon_core.package_identification:Package '/home/taj71/practic_ws/src/robotiq_description' with type 'ros.ament_cmake' and name 'robotiq_description'
[1.426s] Level 1:colcon.colcon_core.package_identification:_identify(/home/taj71/practic_ws/src/ur5_controller) by extensions ['ignore', 'ignore_ament_install']
[1.426s] Level 1:colcon.colcon_core.package_identification:_identify(/home/taj71/practic_ws/src/ur5_controller) by extension 'ignore'
[1.426s] Level 1:colcon.colcon_core.package_identification:_identify(/home/taj71/practic_ws/src/ur5_controller) by extension 'ignore_ament_install'
[1.427s] Level 1:colcon.colcon_core.package_identification:_identify(/home/taj71/practic_ws/src/ur5_controller) by extensions ['colcon_pkg']
[1.427s] Level 1:colcon.colcon_core.package_identification:_identify(/home/taj71/practic_ws/src/ur5_controller) by extension 'colcon_pkg'
[1.427s] Level 1:colcon.colcon_core.package_identification:_identify(/home/taj71/practic_ws/src/ur5_controller) by extensions ['colcon_meta']
[1.427s] Level 1:colcon.colcon_core.package_identification:_identify(/home/taj71/practic_ws/src/ur5_controller) by extension 'colcon_meta'
[1.427s] Level 1:colcon.colcon_core.package_identification:_identify(/home/taj71/practic_ws/src/ur5_controller) by extensions ['ros']
[1.427s] Level 1:colcon.colcon_core.package_identification:_identify(/home/taj71/practic_ws/src/ur5_controller) by extension 'ros'
[1.429s] DEBUG:colcon.colcon_core.package_identification:Package '/home/taj71/practic_ws/src/ur5_controller' with type 'ros.ament_cmake' and name 'ur5_controller'
[1.429s] Level 1:colcon.colcon_core.package_identification:_identify(/home/taj71/practic_ws/src/ur5_gripper_moveit_config) by extensions ['ignore', 'ignore_ament_install']
[1.429s] Level 1:colcon.colcon_core.package_identification:_identify(/home/taj71/practic_ws/src/ur5_gripper_moveit_config) by extension 'ignore'
[1.430s] Level 1:colcon.colcon_core.package_identification:_identify(/home/taj71/practic_ws/src/ur5_gripper_moveit_config) by extension 'ignore_ament_install'
[1.430s] Level 1:colcon.colcon_core.package_identification:_identify(/home/taj71/practic_ws/src/ur5_gripper_moveit_config) by extensions ['colcon_pkg']
[1.430s] Level 1:colcon.colcon_core.package_identification:_identify(/home/taj71/practic_ws/src/ur5_gripper_moveit_config) by extension 'colcon_pkg'
[1.430s] Level 1:colcon.colcon_core.package_identification:_identify(/home/taj71/practic_ws/src/ur5_gripper_moveit_config) by extensions ['colcon_meta']
[1.430s] Level 1:colcon.colcon_core.package_identification:_identify(/home/taj71/practic_ws/src/ur5_gripper_moveit_config) by extension 'colcon_meta'
[1.430s] Level 1:colcon.colcon_core.package_identification:_identify(/home/taj71/practic_ws/src/ur5_gripper_moveit_config) by extensions ['ros']
[1.430s] Level 1:colcon.colcon_core.package_identification:_identify(/home/taj71/practic_ws/src/ur5_gripper_moveit_config) by extension 'ros'
[1.433s] DEBUG:colcon.colcon_core.package_identification:Package '/home/taj71/practic_ws/src/ur5_gripper_moveit_config' with type 'ros.ament_cmake' and name 'ur5_gripper_moveit_config'
[1.433s] Level 1:colcon.colcon_core.package_identification:_identify(/home/taj71/practic_ws/src/ur5_robot_description) by extensions ['ignore', 'ignore_ament_install']
[1.433s] Level 1:colcon.colcon_core.package_identification:_identify(/home/taj71/practic_ws/src/ur5_robot_description) by extension 'ignore'
[1.434s] Level 1:colcon.colcon_core.package_identification:_identify(/home/taj71/practic_ws/src/ur5_robot_description) by extension 'ignore_ament_install'
[1.434s] Level 1:colcon.colcon_core.package_identification:_identify(/home/taj71/practic_ws/src/ur5_robot_description) by extensions ['colcon_pkg']
[1.434s] Level 1:colcon.colcon_core.package_identification:_identify(/home/taj71/practic_ws/src/ur5_robot_description) by extension 'colcon_pkg'
[1.434s] Level 1:colcon.colcon_core.package_identification:_identify(/home/taj71/practic_ws/src/ur5_robot_description) by extensions ['colcon_meta']
[1.434s] Level 1:colcon.colcon_core.package_identification:_identify(/home/taj71/practic_ws/src/ur5_robot_description) by extension 'colcon_meta'
[1.434s] Level 1:colcon.colcon_core.package_identification:_identify(/home/taj71/practic_ws/src/ur5_robot_description) by extensions ['ros']
[1.434s] Level 1:colcon.colcon_core.package_identification:_identify(/home/taj71/practic_ws/src/ur5_robot_description) by extension 'ros'
[1.441s] DEBUG:colcon.colcon_core.package_identification:Package '/home/taj71/practic_ws/src/ur5_robot_description' with type 'ros.ament_cmake' and name 'ur5_robot_description'
[1.442s] Level 1:colcon.colcon_core.package_discovery:discover_packages(recursive) using defaults
