[0.103s] Invoking command in '/home/taj71/practic_ws/build/ur5_controller': CMAKE_PREFIX_PATH=/opt/ros/iron /usr/bin/cmake --build /home/taj71/practic_ws/build/ur5_controller -- -j8 -l8
[0.297s] Invoked command in '/home/taj71/practic_ws/build/ur5_controller' returned '0': CMAKE_PREFIX_PATH=/opt/ros/iron /usr/bin/cmake --build /home/taj71/practic_ws/build/ur5_controller -- -j8 -l8
[0.328s] Invoking command in '/home/taj71/practic_ws/build/ur5_controller': CMAKE_PREFIX_PATH=/opt/ros/iron /usr/bin/cmake --install /home/taj71/practic_ws/build/ur5_controller
[0.330s] -- Install configuration: ""
[0.330s] -- Up-to-date: /home/taj71/practic_ws/install/ur5_controller/share/ur5_controller/config
[0.331s] -- Up-to-date: /home/taj71/practic_ws/install/ur5_controller/share/ur5_controller/config/ur5_controller.yaml
[0.331s] -- Up-to-date: /home/taj71/practic_ws/install/ur5_controller/share/ur5_controller/config/new.yaml:Zone.Identifier
[0.332s] -- Up-to-date: /home/taj71/practic_ws/install/ur5_controller/share/ur5_controller/config/new.yaml
[0.332s] -- Up-to-date: /home/taj71/practic_ws/install/ur5_controller/share/ur5_controller/config/ur5_controller.yaml:Zone.Identifier
[0.333s] -- Up-to-date: /home/taj71/practic_ws/install/ur5_controller/share/ur5_controller/launch
[0.333s] -- Up-to-date: /home/taj71/practic_ws/install/ur5_controller/share/ur5_controller/launch/controller.launch.py
[0.334s] -- Up-to-date: /home/taj71/practic_ws/install/ur5_controller/share/ur5_controller/launch/controller.launch.py:Zone.Identifier
[0.347s] -- Up-to-date: /home/taj71/practic_ws/install/ur5_controller/share/ament_index/resource_index/package_run_dependencies/ur5_controller
[0.348s] -- Up-to-date: /home/taj71/practic_ws/install/ur5_controller/share/ament_index/resource_index/parent_prefix_path/ur5_controller
[0.349s] -- Up-to-date: /home/taj71/practic_ws/install/ur5_controller/share/ur5_controller/environment/ament_prefix_path.sh
[0.349s] -- Up-to-date: /home/taj71/practic_ws/install/ur5_controller/share/ur5_controller/environment/ament_prefix_path.dsv
[0.350s] -- Up-to-date: /home/taj71/practic_ws/install/ur5_controller/share/ur5_controller/environment/path.sh
[0.351s] -- Up-to-date: /home/taj71/practic_ws/install/ur5_controller/share/ur5_controller/environment/path.dsv
[0.352s] -- Up-to-date: /home/taj71/practic_ws/install/ur5_controller/share/ur5_controller/local_setup.bash
[0.353s] -- Up-to-date: /home/taj71/practic_ws/install/ur5_controller/share/ur5_controller/local_setup.sh
[0.353s] -- Up-to-date: /home/taj71/practic_ws/install/ur5_controller/share/ur5_controller/local_setup.zsh
[0.354s] -- Up-to-date: /home/taj71/practic_ws/install/ur5_controller/share/ur5_controller/local_setup.dsv
[0.355s] -- Installing: /home/taj71/practic_ws/install/ur5_controller/share/ur5_controller/package.dsv
[0.356s] -- Up-to-date: /home/taj71/practic_ws/install/ur5_controller/share/ament_index/resource_index/packages/ur5_controller
[0.357s] -- Up-to-date: /home/taj71/practic_ws/install/ur5_controller/share/ur5_controller/cmake/ur5_controllerConfig.cmake
[0.358s] -- Up-to-date: /home/taj71/practic_ws/install/ur5_controller/share/ur5_controller/cmake/ur5_controllerConfig-version.cmake
[0.359s] -- Up-to-date: /home/taj71/practic_ws/install/ur5_controller/share/ur5_controller/package.xml
[0.474s] Invoked command in '/home/taj71/practic_ws/build/ur5_controller' returned '0': CMAKE_PREFIX_PATH=/opt/ros/iron /usr/bin/cmake --install /home/taj71/practic_ws/build/ur5_controller
