[0.032s] Invoking command in '/home/taj71/practic_ws/build/robotiq_description': CMAKE_PREFIX_PATH=/opt/ros/iron /usr/bin/cmake --build /home/taj71/practic_ws/build/robotiq_description -- -j8 -l8
[0.102s] Invoked command in '/home/taj71/practic_ws/build/robotiq_description' returned '0': CMAKE_PREFIX_PATH=/opt/ros/iron /usr/bin/cmake --build /home/taj71/practic_ws/build/robotiq_description -- -j8 -l8
[0.104s] Invoking command in '/home/taj71/practic_ws/build/robotiq_description': CMAKE_PREFIX_PATH=/opt/ros/iron /usr/bin/cmake --install /home/taj71/practic_ws/build/robotiq_description
[0.164s] -- Install configuration: ""
[0.165s] -- Up-to-date: /home/taj71/practic_ws/install/robotiq_description/share/robotiq_description/config
[0.166s] -- Up-to-date: /home/taj71/practic_ws/install/robotiq_description/share/robotiq_description/config/config.rviz:Zone.Identifier
[0.166s] -- Up-to-date: /home/taj71/practic_ws/install/robotiq_description/share/robotiq_description/config/config.rviz
[0.167s] -- Up-to-date: /home/taj71/practic_ws/install/robotiq_description/share/robotiq_description/launch
[0.167s] -- Up-to-date: /home/taj71/practic_ws/install/robotiq_description/share/robotiq_description/launch/display.launch.py:Zone.Identifier
[0.168s] -- Up-to-date: /home/taj71/practic_ws/install/robotiq_description/share/robotiq_description/launch/display.launch.py
[0.168s] -- Up-to-date: /home/taj71/practic_ws/install/robotiq_description/share/robotiq_description/meshes
[0.169s] -- Up-to-date: /home/taj71/practic_ws/install/robotiq_description/share/robotiq_description/meshes/collision
[0.169s] -- Up-to-date: /home/taj71/practic_ws/install/robotiq_description/share/robotiq_description/meshes/collision/robotiq_85_finger_tip_link.stl:Zone.Identifier
[0.170s] -- Up-to-date: /home/taj71/practic_ws/install/robotiq_description/share/robotiq_description/meshes/collision/robotiq_85_knuckle_link.stl:Zone.Identifier
[0.170s] -- Up-to-date: /home/taj71/practic_ws/install/robotiq_description/share/robotiq_description/meshes/collision/robotiq_85_inner_knuckle_link.stl
[0.171s] -- Up-to-date: /home/taj71/practic_ws/install/robotiq_description/share/robotiq_description/meshes/collision/robotiq_85_finger_link.stl:Zone.Identifier
[0.171s] -- Up-to-date: /home/taj71/practic_ws/install/robotiq_description/share/robotiq_description/meshes/collision/robotiq_85_base_link.stl
[0.171s] -- Up-to-date: /home/taj71/practic_ws/install/robotiq_description/share/robotiq_description/meshes/collision/robotiq_85_finger_tip_link.stl
[0.172s] -- Up-to-date: /home/taj71/practic_ws/install/robotiq_description/share/robotiq_description/meshes/collision/robotiq_85_finger_link.stl
[0.172s] -- Up-to-date: /home/taj71/practic_ws/install/robotiq_description/share/robotiq_description/meshes/collision/robotiq_85_inner_knuckle_link.stl:Zone.Identifier
[0.172s] -- Up-to-date: /home/taj71/practic_ws/install/robotiq_description/share/robotiq_description/meshes/collision/robotiq_85_knuckle_link.stl
[0.173s] -- Up-to-date: /home/taj71/practic_ws/install/robotiq_description/share/robotiq_description/meshes/collision/robotiq_85_base_link.stl:Zone.Identifier
[0.173s] -- Up-to-date: /home/taj71/practic_ws/install/robotiq_description/share/robotiq_description/meshes/visual
[0.173s] -- Up-to-date: /home/taj71/practic_ws/install/robotiq_description/share/robotiq_description/meshes/visual/robotiq_85_inner_knuckle_link.dae
[0.174s] -- Up-to-date: /home/taj71/practic_ws/install/robotiq_description/share/robotiq_description/meshes/visual/robotiq_85_knuckle_link.dae
[0.174s] -- Up-to-date: /home/taj71/practic_ws/install/robotiq_description/share/robotiq_description/meshes/visual/robotiq_85_inner_knuckle_link.dae:Zone.Identifier
[0.174s] -- Up-to-date: /home/taj71/practic_ws/install/robotiq_description/share/robotiq_description/meshes/visual/robotiq_85_finger_link.dae
[0.175s] -- Up-to-date: /home/taj71/practic_ws/install/robotiq_description/share/robotiq_description/meshes/visual/d455.stl
[0.175s] -- Up-to-date: /home/taj71/practic_ws/install/robotiq_description/share/robotiq_description/meshes/visual/robotiq_85_finger_tip_link.dae
[0.176s] -- Up-to-date: /home/taj71/practic_ws/install/robotiq_description/share/robotiq_description/meshes/visual/d455.stl:Zone.Identifier
[0.176s] -- Up-to-date: /home/taj71/practic_ws/install/robotiq_description/share/robotiq_description/meshes/visual/robotiq_85_base_link.dae
[0.176s] -- Up-to-date: /home/taj71/practic_ws/install/robotiq_description/share/robotiq_description/meshes/visual/robotiq_85_base_link.dae:Zone.Identifier
[0.177s] -- Up-to-date: /home/taj71/practic_ws/install/robotiq_description/share/robotiq_description/meshes/visual/robotiq_85_finger_link.dae:Zone.Identifier
[0.178s] -- Up-to-date: /home/taj71/practic_ws/install/robotiq_description/share/robotiq_description/meshes/visual/robotiq_85_knuckle_link.dae:Zone.Identifier
[0.178s] -- Up-to-date: /home/taj71/practic_ws/install/robotiq_description/share/robotiq_description/meshes/visual/robotiq_85_finger_tip_link.dae:Zone.Identifier
[0.178s] -- Up-to-date: /home/taj71/practic_ws/install/robotiq_description/share/robotiq_description/rviz
[0.179s] -- Up-to-date: /home/taj71/practic_ws/install/robotiq_description/share/robotiq_description/rviz/display.rviz
[0.179s] -- Up-to-date: /home/taj71/practic_ws/install/robotiq_description/share/robotiq_description/rviz/display.rviz:Zone.Identifier
[0.179s] -- Up-to-date: /home/taj71/practic_ws/install/robotiq_description/share/robotiq_description/urdf
[0.180s] -- Up-to-date: /home/taj71/practic_ws/install/robotiq_description/share/robotiq_description/urdf/robotiq_85_gripper.xacro:Zone.Identifier
[0.180s] -- Up-to-date: /home/taj71/practic_ws/install/robotiq_description/share/robotiq_description/urdf/robotiq_85_gripper_sim_base.urdf.xacro:Zone.Identifier
[0.180s] -- Up-to-date: /home/taj71/practic_ws/install/robotiq_description/share/robotiq_description/urdf/robotiq_85_gripper2.xacro
[0.180s] -- Up-to-date: /home/taj71/practic_ws/install/robotiq_description/share/robotiq_description/urdf/robotiq_85_gripper.transmission.xacro:Zone.Identifier
[0.181s] -- Up-to-date: /home/taj71/practic_ws/install/robotiq_description/share/robotiq_description/urdf/robotiq_85_gripper2.xacro:Zone.Identifier
[0.182s] -- Up-to-date: /home/taj71/practic_ws/install/robotiq_description/share/robotiq_description/urdf/robotiq_85_gripper.xacro
[0.182s] -- Up-to-date: /home/taj71/practic_ws/install/robotiq_description/share/robotiq_description/urdf/robotiq_85_gripper.transmission.xacro
[0.182s] -- Up-to-date: /home/taj71/practic_ws/install/robotiq_description/share/robotiq_description/urdf/robotiq_85_gripper.urdf.xacro:Zone.Identifier
[0.183s] -- Up-to-date: /home/taj71/practic_ws/install/robotiq_description/share/robotiq_description/urdf/robotiq_85_gripper.urdf.xacro
[0.184s] -- Up-to-date: /home/taj71/practic_ws/install/robotiq_description/share/robotiq_description/urdf/robotiq_85_gripper_sim_base.urdf.xacro
[0.184s] -- Up-to-date: /home/taj71/practic_ws/install/robotiq_description/share/ament_index/resource_index/package_run_dependencies/robotiq_description
[0.184s] -- Up-to-date: /home/taj71/practic_ws/install/robotiq_description/share/ament_index/resource_index/parent_prefix_path/robotiq_description
[0.185s] -- Up-to-date: /home/taj71/practic_ws/install/robotiq_description/share/robotiq_description/environment/ament_prefix_path.sh
[0.185s] -- Up-to-date: /home/taj71/practic_ws/install/robotiq_description/share/robotiq_description/environment/ament_prefix_path.dsv
[0.185s] -- Up-to-date: /home/taj71/practic_ws/install/robotiq_description/share/robotiq_description/environment/path.sh
[0.186s] -- Up-to-date: /home/taj71/practic_ws/install/robotiq_description/share/robotiq_description/environment/path.dsv
[0.186s] -- Up-to-date: /home/taj71/practic_ws/install/robotiq_description/share/robotiq_description/local_setup.bash
[0.188s] -- Up-to-date: /home/taj71/practic_ws/install/robotiq_description/share/robotiq_description/local_setup.sh
[0.188s] -- Up-to-date: /home/taj71/practic_ws/install/robotiq_description/share/robotiq_description/local_setup.zsh
[0.189s] -- Up-to-date: /home/taj71/practic_ws/install/robotiq_description/share/robotiq_description/local_setup.dsv
[0.189s] -- Installing: /home/taj71/practic_ws/install/robotiq_description/share/robotiq_description/package.dsv
[0.190s] -- Up-to-date: /home/taj71/practic_ws/install/robotiq_description/share/ament_index/resource_index/packages/robotiq_description
[0.191s] -- Up-to-date: /home/taj71/practic_ws/install/robotiq_description/share/robotiq_description/cmake/robotiq_descriptionConfig.cmake
[0.191s] -- Up-to-date: /home/taj71/practic_ws/install/robotiq_description/share/robotiq_description/cmake/robotiq_descriptionConfig-version.cmake
[0.191s] -- Up-to-date: /home/taj71/practic_ws/install/robotiq_description/share/robotiq_description/package.xml
[0.244s] Invoked command in '/home/taj71/practic_ws/build/robotiq_description' returned '0': CMAKE_PREFIX_PATH=/opt/ros/iron /usr/bin/cmake --install /home/taj71/practic_ws/build/robotiq_description
