[0.079s] Invoking command in '/home/taj71/ur5_ws/build/ur5_controller': CMAKE_PREFIX_PATH=/opt/ros/iron:/opt/ros/humble /usr/bin/cmake --build /home/taj71/ur5_ws/build/ur5_controller -- -j8 -l8
[0.897s] Invoked command in '/home/taj71/ur5_ws/build/ur5_controller' returned '0': CMAKE_PREFIX_PATH=/opt/ros/iron:/opt/ros/humble /usr/bin/cmake --build /home/taj71/ur5_ws/build/ur5_controller -- -j8 -l8
[0.901s] Invoking command in '/home/taj71/ur5_ws/build/ur5_controller': CMAKE_PREFIX_PATH=/opt/ros/iron:/opt/ros/humble /usr/bin/cmake --install /home/taj71/ur5_ws/build/ur5_controller
[0.956s] -- Install configuration: ""
[0.962s] -- Up-to-date: /home/taj71/ur5_ws/install/ur5_controller/share/ur5_controller/config
[0.966s] -- Installing: /home/taj71/ur5_ws/install/ur5_controller/share/ur5_controller/config/ur5_controller.yaml
[0.968s] -- Up-to-date: /home/taj71/ur5_ws/install/ur5_controller/share/ur5_controller/config/new.yaml
[0.970s] -- Up-to-date: /home/taj71/ur5_ws/install/ur5_controller/share/ur5_controller/launch
[0.973s] -- Installing: /home/taj71/ur5_ws/install/ur5_controller/share/ur5_controller/launch/controller.launch.py
[0.973s] -- Up-to-date: /home/taj71/ur5_ws/install/ur5_controller/share/ament_index/resource_index/package_run_dependencies/ur5_controller
[0.974s] -- Up-to-date: /home/taj71/ur5_ws/install/ur5_controller/share/ament_index/resource_index/parent_prefix_path/ur5_controller
[0.975s] -- Up-to-date: /home/taj71/ur5_ws/install/ur5_controller/share/ur5_controller/environment/ament_prefix_path.sh
[0.976s] -- Up-to-date: /home/taj71/ur5_ws/install/ur5_controller/share/ur5_controller/environment/ament_prefix_path.dsv
[0.978s] -- Up-to-date: /home/taj71/ur5_ws/install/ur5_controller/share/ur5_controller/environment/path.sh
[0.981s] -- Up-to-date: /home/taj71/ur5_ws/install/ur5_controller/share/ur5_controller/environment/path.dsv
[0.982s] -- Up-to-date: /home/taj71/ur5_ws/install/ur5_controller/share/ur5_controller/local_setup.bash
[0.984s] -- Up-to-date: /home/taj71/ur5_ws/install/ur5_controller/share/ur5_controller/local_setup.sh
[0.986s] -- Up-to-date: /home/taj71/ur5_ws/install/ur5_controller/share/ur5_controller/local_setup.zsh
[0.986s] -- Up-to-date: /home/taj71/ur5_ws/install/ur5_controller/share/ur5_controller/local_setup.dsv
[0.987s] -- Installing: /home/taj71/ur5_ws/install/ur5_controller/share/ur5_controller/package.dsv
[0.987s] -- Up-to-date: /home/taj71/ur5_ws/install/ur5_controller/share/ament_index/resource_index/packages/ur5_controller
[0.987s] -- Up-to-date: /home/taj71/ur5_ws/install/ur5_controller/share/ur5_controller/cmake/ur5_controllerConfig.cmake
[0.988s] -- Up-to-date: /home/taj71/ur5_ws/install/ur5_controller/share/ur5_controller/cmake/ur5_controllerConfig-version.cmake
[0.988s] -- Up-to-date: /home/taj71/ur5_ws/install/ur5_controller/share/ur5_controller/package.xml
[1.082s] Invoked command in '/home/taj71/ur5_ws/build/ur5_controller' returned '0': CMAKE_PREFIX_PATH=/opt/ros/iron:/opt/ros/humble /usr/bin/cmake --install /home/taj71/ur5_ws/build/ur5_controller
