[0.047s] Invoking command in '/home/taj71/ur5_ws/build/ur5_robot_description': CMAKE_PREFIX_PATH=/opt/ros/iron /usr/bin/cmake --build /home/taj71/ur5_ws/build/ur5_robot_description -- -j8 -l8
[0.071s] -- Found ament_cmake: 2.0.7 (/opt/ros/iron/share/ament_cmake/cmake)
[0.350s] -- Found ament_cmake_pytest: 2.0.7 (/opt/ros/iron/share/ament_cmake_pytest/cmake)
[0.474s] -- Configuring done
[0.482s] -- Generating done
[0.487s] -- Build files have been written to: /home/taj71/ur5_ws/build/ur5_robot_description
[0.626s] Invoked command in '/home/taj71/ur5_ws/build/ur5_robot_description' returned '0': CMAKE_PREFIX_PATH=/opt/ros/iron /usr/bin/cmake --build /home/taj71/ur5_ws/build/ur5_robot_description -- -j8 -l8
[0.639s] Invoking command in '/home/taj71/ur5_ws/build/ur5_robot_description': CMAKE_PREFIX_PATH=/opt/ros/iron /usr/bin/cmake --install /home/taj71/ur5_ws/build/ur5_robot_description
[0.648s] -- Install configuration: ""
[0.649s] -- Up-to-date: /home/taj71/ur5_ws/install/ur5_robot_description/share/ur5_robot_description/launch
[0.649s] -- Installing: /home/taj71/ur5_ws/install/ur5_robot_description/share/ur5_robot_description/launch/rviz_ur5_gripper.launch.py
[0.650s] -- Up-to-date: /home/taj71/ur5_ws/install/ur5_robot_description/share/ur5_robot_description/meshes
[0.650s] -- Up-to-date: /home/taj71/ur5_ws/install/ur5_robot_description/share/ur5_robot_description/meshes/wrist3.dae
[0.650s] -- Up-to-date: /home/taj71/ur5_ws/install/ur5_robot_description/share/ur5_robot_description/meshes/shoulder.dae
[0.651s] -- Up-to-date: /home/taj71/ur5_ws/install/ur5_robot_description/share/ur5_robot_description/meshes/collision
[0.651s] -- Up-to-date: /home/taj71/ur5_ws/install/ur5_robot_description/share/ur5_robot_description/meshes/collision/base.stl
[0.652s] -- Up-to-date: /home/taj71/ur5_ws/install/ur5_robot_description/share/ur5_robot_description/meshes/collision/upperarm.stl
[0.652s] -- Up-to-date: /home/taj71/ur5_ws/install/ur5_robot_description/share/ur5_robot_description/meshes/collision/wrist1.stl
[0.652s] -- Up-to-date: /home/taj71/ur5_ws/install/ur5_robot_description/share/ur5_robot_description/meshes/collision/wrist3.stl
[0.653s] -- Up-to-date: /home/taj71/ur5_ws/install/ur5_robot_description/share/ur5_robot_description/meshes/collision/forearm.stl
[0.653s] -- Up-to-date: /home/taj71/ur5_ws/install/ur5_robot_description/share/ur5_robot_description/meshes/collision/wrist2.stl
[0.654s] -- Up-to-date: /home/taj71/ur5_ws/install/ur5_robot_description/share/ur5_robot_description/meshes/collision/shoulder.stl
[0.655s] -- Up-to-date: /home/taj71/ur5_ws/install/ur5_robot_description/share/ur5_robot_description/meshes/base.dae
[0.656s] -- Up-to-date: /home/taj71/ur5_ws/install/ur5_robot_description/share/ur5_robot_description/meshes/wrist1.dae
[0.658s] -- Up-to-date: /home/taj71/ur5_ws/install/ur5_robot_description/share/ur5_robot_description/meshes/upperarm.dae
[0.658s] -- Up-to-date: /home/taj71/ur5_ws/install/ur5_robot_description/share/ur5_robot_description/meshes/forearm.dae
[0.678s] -- Up-to-date: /home/taj71/ur5_ws/install/ur5_robot_description/share/ur5_robot_description/meshes/wrist2.dae
[0.678s] -- Up-to-date: /home/taj71/ur5_ws/install/ur5_robot_description/share/ur5_robot_description/rviz
[0.678s] -- Installing: /home/taj71/ur5_ws/install/ur5_robot_description/share/ur5_robot_description/rviz/display.rviz
[0.679s] -- Up-to-date: /home/taj71/ur5_ws/install/ur5_robot_description/share/ur5_robot_description/rviz/display_new.rviz
[0.680s] -- Up-to-date: /home/taj71/ur5_ws/install/ur5_robot_description/share/ur5_robot_description/urdf
[0.680s] -- Installing: /home/taj71/ur5_ws/install/ur5_robot_description/share/ur5_robot_description/urdf/ur5_gripper_main.xacro
[0.680s] -- Up-to-date: /home/taj71/ur5_ws/install/ur5_robot_description/share/ur5_robot_description/urdf/eef.xacro
[0.681s] -- Up-to-date: /home/taj71/ur5_ws/install/ur5_robot_description/share/ur5_robot_description/urdf/ur5_gripper.xacro
[0.681s] -- Up-to-date: /home/taj71/ur5_ws/install/ur5_robot_description/share/ament_index/resource_index/package_run_dependencies/ur5_robot_description
[0.682s] -- Installing: /home/taj71/ur5_ws/install/ur5_robot_description/share/ament_index/resource_index/parent_prefix_path/ur5_robot_description
[0.682s] -- Up-to-date: /home/taj71/ur5_ws/install/ur5_robot_description/share/ur5_robot_description/environment/ament_prefix_path.sh
[0.683s] -- Up-to-date: /home/taj71/ur5_ws/install/ur5_robot_description/share/ur5_robot_description/environment/ament_prefix_path.dsv
[0.683s] -- Up-to-date: /home/taj71/ur5_ws/install/ur5_robot_description/share/ur5_robot_description/environment/path.sh
[0.683s] -- Up-to-date: /home/taj71/ur5_ws/install/ur5_robot_description/share/ur5_robot_description/environment/path.dsv
[0.684s] -- Up-to-date: /home/taj71/ur5_ws/install/ur5_robot_description/share/ur5_robot_description/local_setup.bash
[0.684s] -- Up-to-date: /home/taj71/ur5_ws/install/ur5_robot_description/share/ur5_robot_description/local_setup.sh
[0.684s] -- Up-to-date: /home/taj71/ur5_ws/install/ur5_robot_description/share/ur5_robot_description/local_setup.zsh
[0.685s] -- Up-to-date: /home/taj71/ur5_ws/install/ur5_robot_description/share/ur5_robot_description/local_setup.dsv
[0.685s] -- Installing: /home/taj71/ur5_ws/install/ur5_robot_description/share/ur5_robot_description/package.dsv
[0.685s] -- Up-to-date: /home/taj71/ur5_ws/install/ur5_robot_description/share/ament_index/resource_index/packages/ur5_robot_description
[0.686s] -- Up-to-date: /home/taj71/ur5_ws/install/ur5_robot_description/share/ur5_robot_description/cmake/ur5_robot_descriptionConfig.cmake
[0.686s] -- Up-to-date: /home/taj71/ur5_ws/install/ur5_robot_description/share/ur5_robot_description/cmake/ur5_robot_descriptionConfig-version.cmake
[0.686s] -- Installing: /home/taj71/ur5_ws/install/ur5_robot_description/share/ur5_robot_description/package.xml
[0.688s] Invoked command in '/home/taj71/ur5_ws/build/ur5_robot_description' returned '0': CMAKE_PREFIX_PATH=/opt/ros/iron /usr/bin/cmake --install /home/taj71/ur5_ws/build/ur5_robot_description
