[2.498s] Invoking command in '/home/taj71/ur5_ws/src/ur5_robot_py': PYTHONPATH=/home/taj71/ur5_ws/build/ur5_robot_py/prefix_override:/home/taj71/.local/lib/python3.10/site-packages/colcon_core/task/python/colcon_distutils_commands:/home/taj71/ur5_ws/install/ur5_robot_py/lib/python3.10/site-packages:${PYTHONPATH} /usr/bin/python3 -W ignore:setup.py install is deprecated -W ignore:easy_install command is deprecated setup.py egg_info --egg-base ../../build/ur5_robot_py build --build-base /home/taj71/ur5_ws/build/ur5_robot_py/build install --record /home/taj71/ur5_ws/build/ur5_robot_py/install.log --single-version-externally-managed install_data
[3.131s] running egg_info
[3.133s] writing ../../build/ur5_robot_py/ur5_robot_py.egg-info/PKG-INFO
[3.134s] writing dependency_links to ../../build/ur5_robot_py/ur5_robot_py.egg-info/dependency_links.txt
[3.135s] writing entry points to ../../build/ur5_robot_py/ur5_robot_py.egg-info/entry_points.txt
[3.135s] writing requirements to ../../build/ur5_robot_py/ur5_robot_py.egg-info/requires.txt
[3.136s] writing top-level names to ../../build/ur5_robot_py/ur5_robot_py.egg-info/top_level.txt
[3.144s] reading manifest file '../../build/ur5_robot_py/ur5_robot_py.egg-info/SOURCES.txt'
[3.146s] writing manifest file '../../build/ur5_robot_py/ur5_robot_py.egg-info/SOURCES.txt'
[3.147s] running build
[3.147s] running build_py
[3.148s] running install
[3.148s] running install_lib
[3.151s] running install_data
[3.151s] running install_egg_info
[3.156s] removing '/home/taj71/ur5_ws/install/ur5_robot_py/lib/python3.10/site-packages/ur5_robot_py-0.0.0-py3.10.egg-info' (and everything under it)
[3.157s] Copying ../../build/ur5_robot_py/ur5_robot_py.egg-info to /home/taj71/ur5_ws/install/ur5_robot_py/lib/python3.10/site-packages/ur5_robot_py-0.0.0-py3.10.egg-info
[3.161s] running install_scripts
[3.222s] writing list of installed files to '/home/taj71/ur5_ws/build/ur5_robot_py/install.log'
[3.297s] Invoked command in '/home/taj71/ur5_ws/src/ur5_robot_py' returned '0': PYTHONPATH=/home/taj71/ur5_ws/build/ur5_robot_py/prefix_override:/home/taj71/.local/lib/python3.10/site-packages/colcon_core/task/python/colcon_distutils_commands:/home/taj71/ur5_ws/install/ur5_robot_py/lib/python3.10/site-packages:${PYTHONPATH} /usr/bin/python3 -W ignore:setup.py install is deprecated -W ignore:easy_install command is deprecated setup.py egg_info --egg-base ../../build/ur5_robot_py build --build-base /home/taj71/ur5_ws/build/ur5_robot_py/build install --record /home/taj71/ur5_ws/build/ur5_robot_py/install.log --single-version-externally-managed install_data
