[0.099s] Invoking command in '/home/taj71/ur5_ws/build/ur5_controller': CMAKE_PREFIX_PATH=/opt/ros/iron:/opt/ros/humble /usr/bin/cmake --build /home/taj71/ur5_ws/build/ur5_controller -- -j8 -l8
[1.012s] Invoked command in '/home/taj71/ur5_ws/build/ur5_controller' returned '0': CMAKE_PREFIX_PATH=/opt/ros/iron:/opt/ros/humble /usr/bin/cmake --build /home/taj71/ur5_ws/build/ur5_controller -- -j8 -l8
[1.019s] Invoking command in '/home/taj71/ur5_ws/build/ur5_controller': CMAKE_PREFIX_PATH=/opt/ros/iron:/opt/ros/humble /usr/bin/cmake --install /home/taj71/ur5_ws/build/ur5_controller
[1.142s] -- Install configuration: ""
[1.142s] -- Up-to-date: /home/taj71/ur5_ws/install/ur5_controller/share/ur5_controller/config
[1.144s] -- Installing: /home/taj71/ur5_ws/install/ur5_controller/share/ur5_controller/config/ur5_controller.yaml
[1.145s] -- Up-to-date: /home/taj71/ur5_ws/install/ur5_controller/share/ur5_controller/config/new.yaml
[1.146s] -- Up-to-date: /home/taj71/ur5_ws/install/ur5_controller/share/ament_index/resource_index/package_run_dependencies/ur5_controller
[1.147s] -- Up-to-date: /home/taj71/ur5_ws/install/ur5_controller/share/ament_index/resource_index/parent_prefix_path/ur5_controller
[1.147s] -- Up-to-date: /home/taj71/ur5_ws/install/ur5_controller/share/ur5_controller/environment/ament_prefix_path.sh
[1.148s] -- Up-to-date: /home/taj71/ur5_ws/install/ur5_controller/share/ur5_controller/environment/ament_prefix_path.dsv
[1.152s] -- Up-to-date: /home/taj71/ur5_ws/install/ur5_controller/share/ur5_controller/environment/path.sh
[1.153s] -- Up-to-date: /home/taj71/ur5_ws/install/ur5_controller/share/ur5_controller/environment/path.dsv
[1.153s] -- Up-to-date: /home/taj71/ur5_ws/install/ur5_controller/share/ur5_controller/local_setup.bash
[1.154s] -- Up-to-date: /home/taj71/ur5_ws/install/ur5_controller/share/ur5_controller/local_setup.sh
[1.154s] -- Up-to-date: /home/taj71/ur5_ws/install/ur5_controller/share/ur5_controller/local_setup.zsh
[1.155s] -- Up-to-date: /home/taj71/ur5_ws/install/ur5_controller/share/ur5_controller/local_setup.dsv
[1.155s] -- Installing: /home/taj71/ur5_ws/install/ur5_controller/share/ur5_controller/package.dsv
[1.156s] -- Up-to-date: /home/taj71/ur5_ws/install/ur5_controller/share/ament_index/resource_index/packages/ur5_controller
[1.157s] -- Up-to-date: /home/taj71/ur5_ws/install/ur5_controller/share/ur5_controller/cmake/ur5_controllerConfig.cmake
[1.157s] -- Up-to-date: /home/taj71/ur5_ws/install/ur5_controller/share/ur5_controller/cmake/ur5_controllerConfig-version.cmake
[1.158s] -- Up-to-date: /home/taj71/ur5_ws/install/ur5_controller/share/ur5_controller/package.xml
[1.220s] Invoked command in '/home/taj71/ur5_ws/build/ur5_controller' returned '0': CMAKE_PREFIX_PATH=/opt/ros/iron:/opt/ros/humble /usr/bin/cmake --install /home/taj71/ur5_ws/build/ur5_controller
