[0.687s] DEBUG:colcon:Command line arguments: ['/home/taj71/.local/bin/colcon', 'build']
[0.687s] DEBUG:colcon:Parsed command line arguments: Namespace(log_base=None, log_level=None, verb_name='build', build_base='build', install_base='install', merge_install=False, symlink_install=False, test_result_base=None, continue_on_error=False, executor='parallel', parallel_workers=8, event_handlers=None, ignore_user_meta=False, metas=['./colcon.meta'], base_paths=['.'], packages_ignore=None, packages_ignore_regex=None, paths=None, packages_up_to=None, packages_up_to_regex=None, packages_above=None, packages_above_and_dependencies=None, packages_above_depth=None, packages_select_by_dep=None, packages_skip_by_dep=None, packages_skip_up_to=None, packages_select_build_failed=False, packages_skip_build_finished=False, packages_select_test_failures=False, packages_skip_test_passed=False, packages_select=None, packages_skip=None, packages_select_regex=None, packages_skip_regex=None, packages_start=None, packages_end=None, allow_overriding=[], cmake_args=None, cmake_target=None, cmake_target_skip_unavailable=False, cmake_clean_cache=False, cmake_clean_first=False, cmake_force_configure=False, ament_cmake_args=None, catkin_cmake_args=None, catkin_skip_building_tests=False, mixin_files=None, mixin=None, verb_parser=<colcon_mixin.mixin.mixin_argument.MixinArgumentDecorator object at 0x7fb4024abd60>, verb_extension=<colcon_core.verb.build.BuildVerb object at 0x7fb4025e8ca0>, main=<bound method BuildVerb.main of <colcon_core.verb.build.BuildVerb object at 0x7fb4025e8ca0>>, mixin_verb=('build',))
[0.948s] Level 1:colcon.colcon_core.package_discovery:discover_packages(colcon_meta) check parameters
[0.949s] Level 1:colcon.colcon_core.package_discovery:discover_packages(recursive) check parameters
[0.949s] Level 1:colcon.colcon_core.package_discovery:discover_packages(ignore) check parameters
[0.949s] Level 1:colcon.colcon_core.package_discovery:discover_packages(path) check parameters
[0.949s] Level 1:colcon.colcon_core.package_discovery:discover_packages(colcon_meta) discover
[0.949s] Level 1:colcon.colcon_core.package_discovery:discover_packages(recursive) discover
[0.949s] INFO:colcon.colcon_core.package_discovery:Crawling recursively for packages in '/home/taj71/ur5_ws'
[0.949s] Level 1:colcon.colcon_core.package_identification:_identify(.) by extensions ['ignore', 'ignore_ament_install']
[0.949s] Level 1:colcon.colcon_core.package_identification:_identify(.) by extension 'ignore'
[0.949s] Level 1:colcon.colcon_core.package_identification:_identify(.) by extension 'ignore_ament_install'
[0.949s] Level 1:colcon.colcon_core.package_identification:_identify(.) by extensions ['colcon_pkg']
[0.949s] Level 1:colcon.colcon_core.package_identification:_identify(.) by extension 'colcon_pkg'
[0.950s] Level 1:colcon.colcon_core.package_identification:_identify(.) by extensions ['colcon_meta']
[0.950s] Level 1:colcon.colcon_core.package_identification:_identify(.) by extension 'colcon_meta'
[0.950s] Level 1:colcon.colcon_core.package_identification:_identify(.) by extensions ['ros']
[0.950s] Level 1:colcon.colcon_core.package_identification:_identify(.) by extension 'ros'
[0.971s] Level 1:colcon.colcon_core.package_identification:_identify(.) by extensions ['cmake', 'python']
[0.971s] Level 1:colcon.colcon_core.package_identification:_identify(.) by extension 'cmake'
[0.971s] Level 1:colcon.colcon_core.package_identification:_identify(.) by extension 'python'
[0.971s] Level 1:colcon.colcon_core.package_identification:_identify(.) by extensions ['python_setup_py']
[0.971s] Level 1:colcon.colcon_core.package_identification:_identify(.) by extension 'python_setup_py'
[0.971s] Level 1:colcon.colcon_core.package_identification:_identify(build) by extensions ['ignore', 'ignore_ament_install']
[0.972s] Level 1:colcon.colcon_core.package_identification:_identify(build) by extension 'ignore'
[0.972s] Level 1:colcon.colcon_core.package_identification:_identify(build) ignored
[0.972s] Level 1:colcon.colcon_core.package_identification:_identify(install) by extensions ['ignore', 'ignore_ament_install']
[0.972s] Level 1:colcon.colcon_core.package_identification:_identify(install) by extension 'ignore'
[0.972s] Level 1:colcon.colcon_core.package_identification:_identify(install) ignored
[0.972s] Level 1:colcon.colcon_core.package_identification:_identify(log) by extensions ['ignore', 'ignore_ament_install']
[0.973s] Level 1:colcon.colcon_core.package_identification:_identify(log) by extension 'ignore'
[0.973s] Level 1:colcon.colcon_core.package_identification:_identify(log) ignored
[0.973s] Level 1:colcon.colcon_core.package_identification:_identify(src) by extensions ['ignore', 'ignore_ament_install']
[0.973s] Level 1:colcon.colcon_core.package_identification:_identify(src) by extension 'ignore'
[0.973s] Level 1:colcon.colcon_core.package_identification:_identify(src) by extension 'ignore_ament_install'
[0.973s] Level 1:colcon.colcon_core.package_identification:_identify(src) by extensions ['colcon_pkg']
[0.973s] Level 1:colcon.colcon_core.package_identification:_identify(src) by extension 'colcon_pkg'
[0.973s] Level 1:colcon.colcon_core.package_identification:_identify(src) by extensions ['colcon_meta']
[0.973s] Level 1:colcon.colcon_core.package_identification:_identify(src) by extension 'colcon_meta'
[0.973s] Level 1:colcon.colcon_core.package_identification:_identify(src) by extensions ['ros']
[0.973s] Level 1:colcon.colcon_core.package_identification:_identify(src) by extension 'ros'
[0.974s] Level 1:colcon.colcon_core.package_identification:_identify(src) by extensions ['cmake', 'python']
[0.974s] Level 1:colcon.colcon_core.package_identification:_identify(src) by extension 'cmake'
[0.974s] Level 1:colcon.colcon_core.package_identification:_identify(src) by extension 'python'
[0.974s] Level 1:colcon.colcon_core.package_identification:_identify(src) by extensions ['python_setup_py']
[0.974s] Level 1:colcon.colcon_core.package_identification:_identify(src) by extension 'python_setup_py'
[0.974s] Level 1:colcon.colcon_core.package_identification:_identify(src/robotiq_description) by extensions ['ignore', 'ignore_ament_install']
[0.974s] Level 1:colcon.colcon_core.package_identification:_identify(src/robotiq_description) by extension 'ignore'
[0.974s] Level 1:colcon.colcon_core.package_identification:_identify(src/robotiq_description) by extension 'ignore_ament_install'
[0.974s] Level 1:colcon.colcon_core.package_identification:_identify(src/robotiq_description) by extensions ['colcon_pkg']
[0.975s] Level 1:colcon.colcon_core.package_identification:_identify(src/robotiq_description) by extension 'colcon_pkg'
[0.975s] Level 1:colcon.colcon_core.package_identification:_identify(src/robotiq_description) by extensions ['colcon_meta']
[0.975s] Level 1:colcon.colcon_core.package_identification:_identify(src/robotiq_description) by extension 'colcon_meta'
[0.975s] Level 1:colcon.colcon_core.package_identification:_identify(src/robotiq_description) by extensions ['ros']
[0.975s] Level 1:colcon.colcon_core.package_identification:_identify(src/robotiq_description) by extension 'ros'
[0.981s] DEBUG:colcon.colcon_core.package_identification:Package 'src/robotiq_description' with type 'ros.ament_cmake' and name 'robotiq_description'
[0.981s] Level 1:colcon.colcon_core.package_identification:_identify(src/ur5_robot_description) by extensions ['ignore', 'ignore_ament_install']
[0.982s] Level 1:colcon.colcon_core.package_identification:_identify(src/ur5_robot_description) by extension 'ignore'
[0.982s] Level 1:colcon.colcon_core.package_identification:_identify(src/ur5_robot_description) by extension 'ignore_ament_install'
[0.982s] Level 1:colcon.colcon_core.package_identification:_identify(src/ur5_robot_description) by extensions ['colcon_pkg']
[0.982s] Level 1:colcon.colcon_core.package_identification:_identify(src/ur5_robot_description) by extension 'colcon_pkg'
[0.982s] Level 1:colcon.colcon_core.package_identification:_identify(src/ur5_robot_description) by extensions ['colcon_meta']
[0.982s] Level 1:colcon.colcon_core.package_identification:_identify(src/ur5_robot_description) by extension 'colcon_meta'
[0.982s] Level 1:colcon.colcon_core.package_identification:_identify(src/ur5_robot_description) by extensions ['ros']
[0.982s] Level 1:colcon.colcon_core.package_identification:_identify(src/ur5_robot_description) by extension 'ros'
[0.984s] DEBUG:colcon.colcon_core.package_identification:Package 'src/ur5_robot_description' with type 'ros.ament_cmake' and name 'ur5_robot_description'
[0.984s] Level 1:colcon.colcon_core.package_identification:_identify(src/ur5_robot_py) by extensions ['ignore', 'ignore_ament_install']
[0.984s] Level 1:colcon.colcon_core.package_identification:_identify(src/ur5_robot_py) by extension 'ignore'
[0.984s] Level 1:colcon.colcon_core.package_identification:_identify(src/ur5_robot_py) by extension 'ignore_ament_install'
[0.984s] Level 1:colcon.colcon_core.package_identification:_identify(src/ur5_robot_py) by extensions ['colcon_pkg']
[0.984s] Level 1:colcon.colcon_core.package_identification:_identify(src/ur5_robot_py) by extension 'colcon_pkg'
[0.984s] Level 1:colcon.colcon_core.package_identification:_identify(src/ur5_robot_py) by extensions ['colcon_meta']
[0.984s] Level 1:colcon.colcon_core.package_identification:_identify(src/ur5_robot_py) by extension 'colcon_meta'
[0.984s] Level 1:colcon.colcon_core.package_identification:_identify(src/ur5_robot_py) by extensions ['ros']
[0.985s] Level 1:colcon.colcon_core.package_identification:_identify(src/ur5_robot_py) by extension 'ros'
[0.985s] DEBUG:colcon.colcon_core.package_identification:Package 'src/ur5_robot_py' with type 'ros.ament_python' and name 'ur5_robot_py'
[0.985s] Level 1:colcon.colcon_core.package_discovery:discover_packages(recursive) using defaults
[0.986s] Level 1:colcon.colcon_core.package_discovery:discover_packages(ignore) discover
[0.986s] Level 1:colcon.colcon_core.package_discovery:discover_packages(ignore) using defaults
[0.986s] Level 1:colcon.colcon_core.package_discovery:discover_packages(path) discover
[0.986s] Level 1:colcon.colcon_core.package_discovery:discover_packages(path) using defaults
[1.009s] Level 1:colcon.colcon_core.package_discovery:discover_packages(prefix_path) check parameters
[1.009s] Level 1:colcon.colcon_core.package_discovery:discover_packages(prefix_path) discover
[1.013s] DEBUG:colcon.colcon_installed_package_information.package_discovery:Found 403 installed packages in /opt/ros/iron
[1.033s] Level 1:colcon.colcon_core.package_discovery:discover_packages(prefix_path) using defaults
[1.103s] Level 5:colcon.colcon_core.verb:set package 'robotiq_description' build argument 'cmake_args' from command line to 'None'
[1.103s] Level 5:colcon.colcon_core.verb:set package 'robotiq_description' build argument 'cmake_target' from command line to 'None'
[1.103s] Level 5:colcon.colcon_core.verb:set package 'robotiq_description' build argument 'cmake_target_skip_unavailable' from command line to 'False'
[1.103s] Level 5:colcon.colcon_core.verb:set package 'robotiq_description' build argument 'cmake_clean_cache' from command line to 'False'
[1.103s] Level 5:colcon.colcon_core.verb:set package 'robotiq_description' build argument 'cmake_clean_first' from command line to 'False'
[1.103s] Level 5:colcon.colcon_core.verb:set package 'robotiq_description' build argument 'cmake_force_configure' from command line to 'False'
[1.103s] Level 5:colcon.colcon_core.verb:set package 'robotiq_description' build argument 'ament_cmake_args' from command line to 'None'
[1.103s] Level 5:colcon.colcon_core.verb:set package 'robotiq_description' build argument 'catkin_cmake_args' from command line to 'None'
[1.103s] Level 5:colcon.colcon_core.verb:set package 'robotiq_description' build argument 'catkin_skip_building_tests' from command line to 'False'
[1.103s] DEBUG:colcon.colcon_core.verb:Building package 'robotiq_description' with the following arguments: {'ament_cmake_args': None, 'build_base': '/home/taj71/ur5_ws/build/robotiq_description', 'catkin_cmake_args': None, 'catkin_skip_building_tests': False, 'cmake_args': None, 'cmake_clean_cache': False, 'cmake_clean_first': False, 'cmake_force_configure': False, 'cmake_target': None, 'cmake_target_skip_unavailable': False, 'install_base': '/home/taj71/ur5_ws/install/robotiq_description', 'merge_install': False, 'path': '/home/taj71/ur5_ws/src/robotiq_description', 'symlink_install': False, 'test_result_base': None}
[1.104s] Level 5:colcon.colcon_core.verb:set package 'ur5_robot_description' build argument 'cmake_args' from command line to 'None'
[1.104s] Level 5:colcon.colcon_core.verb:set package 'ur5_robot_description' build argument 'cmake_target' from command line to 'None'
[1.104s] Level 5:colcon.colcon_core.verb:set package 'ur5_robot_description' build argument 'cmake_target_skip_unavailable' from command line to 'False'
[1.104s] Level 5:colcon.colcon_core.verb:set package 'ur5_robot_description' build argument 'cmake_clean_cache' from command line to 'False'
[1.104s] Level 5:colcon.colcon_core.verb:set package 'ur5_robot_description' build argument 'cmake_clean_first' from command line to 'False'
[1.104s] Level 5:colcon.colcon_core.verb:set package 'ur5_robot_description' build argument 'cmake_force_configure' from command line to 'False'
[1.104s] Level 5:colcon.colcon_core.verb:set package 'ur5_robot_description' build argument 'ament_cmake_args' from command line to 'None'
[1.104s] Level 5:colcon.colcon_core.verb:set package 'ur5_robot_description' build argument 'catkin_cmake_args' from command line to 'None'
[1.104s] Level 5:colcon.colcon_core.verb:set package 'ur5_robot_description' build argument 'catkin_skip_building_tests' from command line to 'False'
[1.104s] DEBUG:colcon.colcon_core.verb:Building package 'ur5_robot_description' with the following arguments: {'ament_cmake_args': None, 'build_base': '/home/taj71/ur5_ws/build/ur5_robot_description', 'catkin_cmake_args': None, 'catkin_skip_building_tests': False, 'cmake_args': None, 'cmake_clean_cache': False, 'cmake_clean_first': False, 'cmake_force_configure': False, 'cmake_target': None, 'cmake_target_skip_unavailable': False, 'install_base': '/home/taj71/ur5_ws/install/ur5_robot_description', 'merge_install': False, 'path': '/home/taj71/ur5_ws/src/ur5_robot_description', 'symlink_install': False, 'test_result_base': None}
[1.105s] Level 5:colcon.colcon_core.verb:set package 'ur5_robot_py' build argument 'cmake_args' from command line to 'None'
[1.105s] Level 5:colcon.colcon_core.verb:set package 'ur5_robot_py' build argument 'cmake_target' from command line to 'None'
[1.105s] Level 5:colcon.colcon_core.verb:set package 'ur5_robot_py' build argument 'cmake_target_skip_unavailable' from command line to 'False'
[1.105s] Level 5:colcon.colcon_core.verb:set package 'ur5_robot_py' build argument 'cmake_clean_cache' from command line to 'False'
[1.105s] Level 5:colcon.colcon_core.verb:set package 'ur5_robot_py' build argument 'cmake_clean_first' from command line to 'False'
[1.105s] Level 5:colcon.colcon_core.verb:set package 'ur5_robot_py' build argument 'cmake_force_configure' from command line to 'False'
[1.105s] Level 5:colcon.colcon_core.verb:set package 'ur5_robot_py' build argument 'ament_cmake_args' from command line to 'None'
[1.105s] Level 5:colcon.colcon_core.verb:set package 'ur5_robot_py' build argument 'catkin_cmake_args' from command line to 'None'
[1.105s] Level 5:colcon.colcon_core.verb:set package 'ur5_robot_py' build argument 'catkin_skip_building_tests' from command line to 'False'
[1.105s] DEBUG:colcon.colcon_core.verb:Building package 'ur5_robot_py' with the following arguments: {'ament_cmake_args': None, 'build_base': '/home/taj71/ur5_ws/build/ur5_robot_py', 'catkin_cmake_args': None, 'catkin_skip_building_tests': False, 'cmake_args': None, 'cmake_clean_cache': False, 'cmake_clean_first': False, 'cmake_force_configure': False, 'cmake_target': None, 'cmake_target_skip_unavailable': False, 'install_base': '/home/taj71/ur5_ws/install/ur5_robot_py', 'merge_install': False, 'path': '/home/taj71/ur5_ws/src/ur5_robot_py', 'symlink_install': False, 'test_result_base': None}
[1.106s] INFO:colcon.colcon_core.executor:Executing jobs using 'parallel' executor
[1.108s] DEBUG:colcon.colcon_parallel_executor.executor.parallel:run_until_complete
[1.108s] INFO:colcon.colcon_ros.task.ament_cmake.build:Building ROS package in '/home/taj71/ur5_ws/src/robotiq_description' with build type 'ament_cmake'
[1.108s] INFO:colcon.colcon_cmake.task.cmake.build:Building CMake package in '/home/taj71/ur5_ws/src/robotiq_description'
[1.113s] INFO:colcon.colcon_core.plugin_system:Skipping extension 'colcon_core.shell.bat': Not used on non-Windows systems
[1.113s] INFO:colcon.colcon_core.shell:Skip shell extension 'powershell' for command environment: Not usable outside of PowerShell
[1.113s] DEBUG:colcon.colcon_core.shell:Skip shell extension 'dsv' for command environment
[1.120s] INFO:colcon.colcon_ros.task.ament_cmake.build:Building ROS package in '/home/taj71/ur5_ws/src/ur5_robot_description' with build type 'ament_cmake'
[1.120s] INFO:colcon.colcon_cmake.task.cmake.build:Building CMake package in '/home/taj71/ur5_ws/src/ur5_robot_description'
[1.121s] INFO:colcon.colcon_core.shell:Skip shell extension 'powershell' for command environment: Not usable outside of PowerShell
[1.121s] DEBUG:colcon.colcon_core.shell:Skip shell extension 'dsv' for command environment
[1.128s] INFO:colcon.colcon_ros.task.ament_python.build:Building ROS package in '/home/taj71/ur5_ws/src/ur5_robot_py' with build type 'ament_python'
[1.128s] Level 1:colcon.colcon_core.shell:create_environment_hook('ur5_robot_py', 'ament_prefix_path')
[1.129s] INFO:colcon.colcon_core.shell:Creating environment hook '/home/taj71/ur5_ws/install/ur5_robot_py/share/ur5_robot_py/hook/ament_prefix_path.ps1'
[1.130s] INFO:colcon.colcon_core.shell:Creating environment descriptor '/home/taj71/ur5_ws/install/ur5_robot_py/share/ur5_robot_py/hook/ament_prefix_path.dsv'
[1.131s] INFO:colcon.colcon_core.shell:Creating environment hook '/home/taj71/ur5_ws/install/ur5_robot_py/share/ur5_robot_py/hook/ament_prefix_path.sh'
[1.133s] INFO:colcon.colcon_core.shell:Skip shell extension 'powershell' for command environment: Not usable outside of PowerShell
[1.133s] DEBUG:colcon.colcon_core.shell:Skip shell extension 'dsv' for command environment
[1.162s] DEBUG:colcon.colcon_core.event_handler.log_command:Invoking command in '/home/taj71/ur5_ws/build/robotiq_description': CMAKE_PREFIX_PATH=/opt/ros/iron /usr/bin/cmake --build /home/taj71/ur5_ws/build/robotiq_description -- -j8 -l8
[1.169s] DEBUG:colcon.colcon_core.event_handler.log_command:Invoking command in '/home/taj71/ur5_ws/build/ur5_robot_description': CMAKE_PREFIX_PATH=/opt/ros/iron /usr/bin/cmake --build /home/taj71/ur5_ws/build/ur5_robot_description -- -j8 -l8
[1.738s] INFO:colcon.colcon_core.task.python.build:Building Python package in '/home/taj71/ur5_ws/src/ur5_robot_py'
[1.738s] INFO:colcon.colcon_core.shell:Skip shell extension 'powershell' for command environment: Not usable outside of PowerShell
[1.739s] DEBUG:colcon.colcon_core.shell:Skip shell extension 'dsv' for command environment
[1.748s] DEBUG:colcon.colcon_core.event_handler.log_command:Invoked command in '/home/taj71/ur5_ws/build/ur5_robot_description' returned '0': CMAKE_PREFIX_PATH=/opt/ros/iron /usr/bin/cmake --build /home/taj71/ur5_ws/build/ur5_robot_description -- -j8 -l8
[1.761s] DEBUG:colcon.colcon_core.event_handler.log_command:Invoking command in '/home/taj71/ur5_ws/build/ur5_robot_description': CMAKE_PREFIX_PATH=/opt/ros/iron /usr/bin/cmake --install /home/taj71/ur5_ws/build/ur5_robot_description
[1.762s] DEBUG:colcon.colcon_core.event_handler.log_command:Invoked command in '/home/taj71/ur5_ws/build/robotiq_description' returned '0': CMAKE_PREFIX_PATH=/opt/ros/iron /usr/bin/cmake --build /home/taj71/ur5_ws/build/robotiq_description -- -j8 -l8
[1.764s] DEBUG:colcon.colcon_core.event_handler.log_command:Invoking command in '/home/taj71/ur5_ws/build/robotiq_description': CMAKE_PREFIX_PATH=/opt/ros/iron /usr/bin/cmake --install /home/taj71/ur5_ws/build/robotiq_description
[1.796s] Level 1:colcon.colcon_core.environment:create_environment_scripts_only(ur5_robot_description)
[1.809s] DEBUG:colcon.colcon_core.event_handler.log_command:Invoked command in '/home/taj71/ur5_ws/build/ur5_robot_description' returned '0': CMAKE_PREFIX_PATH=/opt/ros/iron /usr/bin/cmake --install /home/taj71/ur5_ws/build/ur5_robot_description
[1.814s] Level 1:colcon.colcon_core.environment:checking '/home/taj71/ur5_ws/install/ur5_robot_description' for CMake module files
[1.815s] Level 1:colcon.colcon_core.environment:checking '/home/taj71/ur5_ws/install/ur5_robot_description' for CMake config files
[1.815s] Level 1:colcon.colcon_core.shell:create_environment_hook('ur5_robot_description', 'cmake_prefix_path')
[1.816s] INFO:colcon.colcon_core.shell:Creating environment hook '/home/taj71/ur5_ws/install/ur5_robot_description/share/ur5_robot_description/hook/cmake_prefix_path.ps1'
[1.817s] INFO:colcon.colcon_core.shell:Creating environment descriptor '/home/taj71/ur5_ws/install/ur5_robot_description/share/ur5_robot_description/hook/cmake_prefix_path.dsv'
[1.817s] INFO:colcon.colcon_core.shell:Creating environment hook '/home/taj71/ur5_ws/install/ur5_robot_description/share/ur5_robot_description/hook/cmake_prefix_path.sh'
[1.818s] Level 1:colcon.colcon_core.environment:checking '/home/taj71/ur5_ws/install/ur5_robot_description/bin'
[1.818s] Level 1:colcon.colcon_core.environment:checking '/home/taj71/ur5_ws/install/ur5_robot_description/lib/pkgconfig/ur5_robot_description.pc'
[1.818s] Level 1:colcon.colcon_core.environment:checking '/home/taj71/ur5_ws/install/ur5_robot_description/lib/python3.10/site-packages'
[1.818s] Level 1:colcon.colcon_core.environment:checking '/home/taj71/ur5_ws/install/ur5_robot_description/bin'
[1.819s] INFO:colcon.colcon_core.shell:Creating package script '/home/taj71/ur5_ws/install/ur5_robot_description/share/ur5_robot_description/package.ps1'
[1.820s] INFO:colcon.colcon_core.shell:Creating package descriptor '/home/taj71/ur5_ws/install/ur5_robot_description/share/ur5_robot_description/package.dsv'
[1.821s] INFO:colcon.colcon_core.shell:Creating package script '/home/taj71/ur5_ws/install/ur5_robot_description/share/ur5_robot_description/package.sh'
[1.822s] INFO:colcon.colcon_core.shell:Creating package script '/home/taj71/ur5_ws/install/ur5_robot_description/share/ur5_robot_description/package.bash'
[1.823s] INFO:colcon.colcon_core.shell:Creating package script '/home/taj71/ur5_ws/install/ur5_robot_description/share/ur5_robot_description/package.zsh'
[1.824s] Level 1:colcon.colcon_core.environment:create_file_with_runtime_dependencies(/home/taj71/ur5_ws/install/ur5_robot_description/share/colcon-core/packages/ur5_robot_description)
[1.825s] Level 1:colcon.colcon_core.environment:create_environment_scripts_only(ur5_robot_description)
[1.825s] Level 1:colcon.colcon_core.environment:checking '/home/taj71/ur5_ws/install/ur5_robot_description' for CMake module files
[1.826s] Level 1:colcon.colcon_core.environment:checking '/home/taj71/ur5_ws/install/ur5_robot_description' for CMake config files
[1.826s] Level 1:colcon.colcon_core.shell:create_environment_hook('ur5_robot_description', 'cmake_prefix_path')
[1.827s] INFO:colcon.colcon_core.shell:Creating environment hook '/home/taj71/ur5_ws/install/ur5_robot_description/share/ur5_robot_description/hook/cmake_prefix_path.ps1'
[1.827s] INFO:colcon.colcon_core.shell:Creating environment descriptor '/home/taj71/ur5_ws/install/ur5_robot_description/share/ur5_robot_description/hook/cmake_prefix_path.dsv'
[1.828s] INFO:colcon.colcon_core.shell:Creating environment hook '/home/taj71/ur5_ws/install/ur5_robot_description/share/ur5_robot_description/hook/cmake_prefix_path.sh'
[1.829s] Level 1:colcon.colcon_core.environment:checking '/home/taj71/ur5_ws/install/ur5_robot_description/bin'
[1.829s] Level 1:colcon.colcon_core.environment:checking '/home/taj71/ur5_ws/install/ur5_robot_description/lib/pkgconfig/ur5_robot_description.pc'
[1.830s] Level 1:colcon.colcon_core.environment:checking '/home/taj71/ur5_ws/install/ur5_robot_description/lib/python3.10/site-packages'
[1.830s] Level 1:colcon.colcon_core.environment:checking '/home/taj71/ur5_ws/install/ur5_robot_description/bin'
[1.831s] INFO:colcon.colcon_core.shell:Creating package script '/home/taj71/ur5_ws/install/ur5_robot_description/share/ur5_robot_description/package.ps1'
[1.831s] INFO:colcon.colcon_core.shell:Creating package descriptor '/home/taj71/ur5_ws/install/ur5_robot_description/share/ur5_robot_description/package.dsv'
[1.832s] INFO:colcon.colcon_core.shell:Creating package script '/home/taj71/ur5_ws/install/ur5_robot_description/share/ur5_robot_description/package.sh'
[1.833s] INFO:colcon.colcon_core.shell:Creating package script '/home/taj71/ur5_ws/install/ur5_robot_description/share/ur5_robot_description/package.bash'
[1.833s] INFO:colcon.colcon_core.shell:Creating package script '/home/taj71/ur5_ws/install/ur5_robot_description/share/ur5_robot_description/package.zsh'
[1.834s] Level 1:colcon.colcon_core.environment:create_file_with_runtime_dependencies(/home/taj71/ur5_ws/install/ur5_robot_description/share/colcon-core/packages/ur5_robot_description)
[1.835s] Level 1:colcon.colcon_core.environment:create_environment_scripts_only(robotiq_description)
[1.836s] Level 1:colcon.colcon_core.environment:checking '/home/taj71/ur5_ws/install/robotiq_description' for CMake module files
[1.838s] DEBUG:colcon.colcon_core.event_handler.log_command:Invoked command in '/home/taj71/ur5_ws/build/robotiq_description' returned '0': CMAKE_PREFIX_PATH=/opt/ros/iron /usr/bin/cmake --install /home/taj71/ur5_ws/build/robotiq_description
[1.839s] Level 1:colcon.colcon_core.environment:checking '/home/taj71/ur5_ws/install/robotiq_description' for CMake config files
[1.839s] Level 1:colcon.colcon_core.shell:create_environment_hook('robotiq_description', 'cmake_prefix_path')
[1.840s] INFO:colcon.colcon_core.shell:Creating environment hook '/home/taj71/ur5_ws/install/robotiq_description/share/robotiq_description/hook/cmake_prefix_path.ps1'
[1.841s] INFO:colcon.colcon_core.shell:Creating environment descriptor '/home/taj71/ur5_ws/install/robotiq_description/share/robotiq_description/hook/cmake_prefix_path.dsv'
[1.841s] INFO:colcon.colcon_core.shell:Creating environment hook '/home/taj71/ur5_ws/install/robotiq_description/share/robotiq_description/hook/cmake_prefix_path.sh'
[1.842s] Level 1:colcon.colcon_core.environment:checking '/home/taj71/ur5_ws/install/robotiq_description/bin'
[1.842s] Level 1:colcon.colcon_core.environment:checking '/home/taj71/ur5_ws/install/robotiq_description/lib/pkgconfig/robotiq_description.pc'
[1.842s] Level 1:colcon.colcon_core.environment:checking '/home/taj71/ur5_ws/install/robotiq_description/lib/python3.10/site-packages'
[1.843s] Level 1:colcon.colcon_core.environment:checking '/home/taj71/ur5_ws/install/robotiq_description/bin'
[1.843s] INFO:colcon.colcon_core.shell:Creating package script '/home/taj71/ur5_ws/install/robotiq_description/share/robotiq_description/package.ps1'
[1.844s] INFO:colcon.colcon_core.shell:Creating package descriptor '/home/taj71/ur5_ws/install/robotiq_description/share/robotiq_description/package.dsv'
[1.844s] INFO:colcon.colcon_core.shell:Creating package script '/home/taj71/ur5_ws/install/robotiq_description/share/robotiq_description/package.sh'
[1.845s] INFO:colcon.colcon_core.shell:Creating package script '/home/taj71/ur5_ws/install/robotiq_description/share/robotiq_description/package.bash'
[1.846s] INFO:colcon.colcon_core.shell:Creating package script '/home/taj71/ur5_ws/install/robotiq_description/share/robotiq_description/package.zsh'
[1.847s] Level 1:colcon.colcon_core.environment:create_file_with_runtime_dependencies(/home/taj71/ur5_ws/install/robotiq_description/share/colcon-core/packages/robotiq_description)
[1.848s] Level 1:colcon.colcon_core.environment:create_environment_scripts_only(robotiq_description)
[1.849s] Level 1:colcon.colcon_core.environment:checking '/home/taj71/ur5_ws/install/robotiq_description' for CMake module files
[1.849s] Level 1:colcon.colcon_core.environment:checking '/home/taj71/ur5_ws/install/robotiq_description' for CMake config files
[1.850s] Level 1:colcon.colcon_core.shell:create_environment_hook('robotiq_description', 'cmake_prefix_path')
[1.850s] INFO:colcon.colcon_core.shell:Creating environment hook '/home/taj71/ur5_ws/install/robotiq_description/share/robotiq_description/hook/cmake_prefix_path.ps1'
[1.851s] INFO:colcon.colcon_core.shell:Creating environment descriptor '/home/taj71/ur5_ws/install/robotiq_description/share/robotiq_description/hook/cmake_prefix_path.dsv'
[1.852s] INFO:colcon.colcon_core.shell:Creating environment hook '/home/taj71/ur5_ws/install/robotiq_description/share/robotiq_description/hook/cmake_prefix_path.sh'
[1.854s] Level 1:colcon.colcon_core.environment:checking '/home/taj71/ur5_ws/install/robotiq_description/bin'
[1.854s] Level 1:colcon.colcon_core.environment:checking '/home/taj71/ur5_ws/install/robotiq_description/lib/pkgconfig/robotiq_description.pc'
[1.855s] Level 1:colcon.colcon_core.environment:checking '/home/taj71/ur5_ws/install/robotiq_description/lib/python3.10/site-packages'
[1.855s] Level 1:colcon.colcon_core.environment:checking '/home/taj71/ur5_ws/install/robotiq_description/bin'
[1.856s] INFO:colcon.colcon_core.shell:Creating package script '/home/taj71/ur5_ws/install/robotiq_description/share/robotiq_description/package.ps1'
[1.857s] INFO:colcon.colcon_core.shell:Creating package descriptor '/home/taj71/ur5_ws/install/robotiq_description/share/robotiq_description/package.dsv'
[1.858s] INFO:colcon.colcon_core.shell:Creating package script '/home/taj71/ur5_ws/install/robotiq_description/share/robotiq_description/package.sh'
[1.859s] INFO:colcon.colcon_core.shell:Creating package script '/home/taj71/ur5_ws/install/robotiq_description/share/robotiq_description/package.bash'
[1.860s] INFO:colcon.colcon_core.shell:Creating package script '/home/taj71/ur5_ws/install/robotiq_description/share/robotiq_description/package.zsh'
[1.861s] Level 1:colcon.colcon_core.environment:create_file_with_runtime_dependencies(/home/taj71/ur5_ws/install/robotiq_description/share/colcon-core/packages/robotiq_description)
[2.400s] DEBUG:colcon.colcon_core.event_handler.log_command:Invoking command in '/home/taj71/ur5_ws/src/ur5_robot_py': PYTHONPATH=/home/taj71/ur5_ws/build/ur5_robot_py/prefix_override:/home/taj71/.local/lib/python3.10/site-packages/colcon_core/task/python/colcon_distutils_commands:/home/taj71/ur5_ws/install/ur5_robot_py/lib/python3.10/site-packages:${PYTHONPATH} /usr/bin/python3 -W ignore:setup.py install is deprecated -W ignore:easy_install command is deprecated setup.py egg_info --egg-base ../../build/ur5_robot_py build --build-base /home/taj71/ur5_ws/build/ur5_robot_py/build install --record /home/taj71/ur5_ws/build/ur5_robot_py/install.log --single-version-externally-managed install_data
[2.914s] Level 1:colcon.colcon_core.environment:checking '/home/taj71/ur5_ws/install/ur5_robot_py' for CMake module files
[2.915s] DEBUG:colcon.colcon_core.event_handler.log_command:Invoked command in '/home/taj71/ur5_ws/src/ur5_robot_py' returned '0': PYTHONPATH=/home/taj71/ur5_ws/build/ur5_robot_py/prefix_override:/home/taj71/.local/lib/python3.10/site-packages/colcon_core/task/python/colcon_distutils_commands:/home/taj71/ur5_ws/install/ur5_robot_py/lib/python3.10/site-packages:${PYTHONPATH} /usr/bin/python3 -W ignore:setup.py install is deprecated -W ignore:easy_install command is deprecated setup.py egg_info --egg-base ../../build/ur5_robot_py build --build-base /home/taj71/ur5_ws/build/ur5_robot_py/build install --record /home/taj71/ur5_ws/build/ur5_robot_py/install.log --single-version-externally-managed install_data
[2.916s] Level 1:colcon.colcon_core.environment:checking '/home/taj71/ur5_ws/install/ur5_robot_py' for CMake config files
[2.918s] Level 1:colcon.colcon_core.environment:checking '/home/taj71/ur5_ws/install/ur5_robot_py/lib'
[2.918s] Level 1:colcon.colcon_core.environment:checking '/home/taj71/ur5_ws/install/ur5_robot_py/bin'
[2.919s] Level 1:colcon.colcon_core.environment:checking '/home/taj71/ur5_ws/install/ur5_robot_py/lib/pkgconfig/ur5_robot_py.pc'
[2.919s] Level 1:colcon.colcon_core.environment:checking '/home/taj71/ur5_ws/install/ur5_robot_py/lib/python3.10/site-packages'
[2.919s] Level 1:colcon.colcon_core.shell:create_environment_hook('ur5_robot_py', 'pythonpath')
[2.920s] INFO:colcon.colcon_core.shell:Creating environment hook '/home/taj71/ur5_ws/install/ur5_robot_py/share/ur5_robot_py/hook/pythonpath.ps1'
[2.921s] INFO:colcon.colcon_core.shell:Creating environment descriptor '/home/taj71/ur5_ws/install/ur5_robot_py/share/ur5_robot_py/hook/pythonpath.dsv'
[2.922s] INFO:colcon.colcon_core.shell:Creating environment hook '/home/taj71/ur5_ws/install/ur5_robot_py/share/ur5_robot_py/hook/pythonpath.sh'
[2.923s] Level 1:colcon.colcon_core.environment:checking '/home/taj71/ur5_ws/install/ur5_robot_py/bin'
[2.923s] Level 1:colcon.colcon_core.environment:create_environment_scripts_only(ur5_robot_py)
[2.924s] INFO:colcon.colcon_core.shell:Creating package script '/home/taj71/ur5_ws/install/ur5_robot_py/share/ur5_robot_py/package.ps1'
[2.926s] INFO:colcon.colcon_core.shell:Creating package descriptor '/home/taj71/ur5_ws/install/ur5_robot_py/share/ur5_robot_py/package.dsv'
[2.928s] INFO:colcon.colcon_core.shell:Creating package script '/home/taj71/ur5_ws/install/ur5_robot_py/share/ur5_robot_py/package.sh'
[2.929s] INFO:colcon.colcon_core.shell:Creating package script '/home/taj71/ur5_ws/install/ur5_robot_py/share/ur5_robot_py/package.bash'
[2.929s] INFO:colcon.colcon_core.shell:Creating package script '/home/taj71/ur5_ws/install/ur5_robot_py/share/ur5_robot_py/package.zsh'
[2.930s] Level 1:colcon.colcon_core.environment:create_file_with_runtime_dependencies(/home/taj71/ur5_ws/install/ur5_robot_py/share/colcon-core/packages/ur5_robot_py)
[2.931s] DEBUG:colcon.colcon_parallel_executor.executor.parallel:closing loop
[2.932s] DEBUG:colcon.colcon_parallel_executor.executor.parallel:loop closed
[2.932s] DEBUG:colcon.colcon_parallel_executor.executor.parallel:run_until_complete finished with '0'
[2.932s] DEBUG:colcon.colcon_core.event_reactor:joining thread
[3.144s] INFO:colcon.colcon_core.plugin_system:Skipping extension 'colcon_notification.desktop_notification.notify_send': Could not find 'notify-send'
[3.144s] INFO:colcon.colcon_core.plugin_system:Skipping extension 'colcon_notification.desktop_notification.terminal_notifier': Not used on non-Darwin systems
[3.145s] INFO:colcon.colcon_core.plugin_system:Skipping extension 'colcon_notification.desktop_notification.win32': Not used on non-Windows systems
[3.145s] INFO:colcon.colcon_notification.desktop_notification:Sending desktop notification using 'notify2'
[3.145s] DEBUG:colcon.colcon_notification.desktop_notification.notify2:Failed to initialize notify2: org.freedesktop.DBus.Error.FileNotFound: Failed to connect to socket /run/user/1000/bus: No such file or directory
[3.145s] DEBUG:colcon.colcon_core.event_reactor:joined thread
[3.145s] INFO:colcon.colcon_core.shell:Creating prefix script '/home/taj71/ur5_ws/install/local_setup.ps1'
[3.147s] INFO:colcon.colcon_core.shell:Creating prefix util module '/home/taj71/ur5_ws/install/_local_setup_util_ps1.py'
[3.149s] INFO:colcon.colcon_core.shell:Creating prefix chain script '/home/taj71/ur5_ws/install/setup.ps1'
[3.150s] INFO:colcon.colcon_core.shell:Creating prefix script '/home/taj71/ur5_ws/install/local_setup.sh'
[3.151s] INFO:colcon.colcon_core.shell:Creating prefix util module '/home/taj71/ur5_ws/install/_local_setup_util_sh.py'
[3.151s] INFO:colcon.colcon_core.shell:Creating prefix chain script '/home/taj71/ur5_ws/install/setup.sh'
[3.153s] INFO:colcon.colcon_core.shell:Creating prefix script '/home/taj71/ur5_ws/install/local_setup.bash'
[3.153s] INFO:colcon.colcon_core.shell:Creating prefix chain script '/home/taj71/ur5_ws/install/setup.bash'
[3.154s] INFO:colcon.colcon_core.shell:Creating prefix script '/home/taj71/ur5_ws/install/local_setup.zsh'
[3.155s] INFO:colcon.colcon_core.shell:Creating prefix chain script '/home/taj71/ur5_ws/install/setup.zsh'
