[0.244s] Invoking command in '/home/taj71/practic_ws/build/ur5_gripper_moveit_config': CMAKE_PREFIX_PATH=/home/taj71/practic_ws/install/ur5_robot_description:/home/taj71/practic_ws/install/ur5_gripper_moveit_config:/home/taj71/practic_ws/install/ur5_controller:/home/taj71/practic_ws/install/robotiq_description:/opt/ros/iron /usr/bin/cmake --build /home/taj71/practic_ws/build/ur5_gripper_moveit_config -- -j8 -l8
[0.280s] Invoked command in '/home/taj71/practic_ws/build/ur5_gripper_moveit_config' returned '0': CMAKE_PREFIX_PATH=/home/taj71/practic_ws/install/ur5_robot_description:/home/taj71/practic_ws/install/ur5_gripper_moveit_config:/home/taj71/practic_ws/install/ur5_controller:/home/taj71/practic_ws/install/robotiq_description:/opt/ros/iron /usr/bin/cmake --build /home/taj71/practic_ws/build/ur5_gripper_moveit_config -- -j8 -l8
[0.283s] Invoking command in '/home/taj71/practic_ws/build/ur5_gripper_moveit_config': CMAKE_PREFIX_PATH=/home/taj71/practic_ws/install/ur5_robot_description:/home/taj71/practic_ws/install/ur5_gripper_moveit_config:/home/taj71/practic_ws/install/ur5_controller:/home/taj71/practic_ws/install/robotiq_description:/opt/ros/iron /usr/bin/cmake --install /home/taj71/practic_ws/build/ur5_gripper_moveit_config
[0.292s] -- Install configuration: ""
[0.293s] -- Up-to-date: /home/taj71/practic_ws/install/ur5_gripper_moveit_config/share/ur5_gripper_moveit_config/launch
[0.293s] -- Up-to-date: /home/taj71/practic_ws/install/ur5_gripper_moveit_config/share/ur5_gripper_moveit_config/launch/rsp.launch.py
[0.293s] -- Installing: /home/taj71/practic_ws/install/ur5_gripper_moveit_config/share/ur5_gripper_moveit_config/launch/moveit.launch.py
[0.294s] -- Up-to-date: /home/taj71/practic_ws/install/ur5_gripper_moveit_config/share/ur5_gripper_moveit_config/launch/move_group.launch.py
[0.295s] -- Up-to-date: /home/taj71/practic_ws/install/ur5_gripper_moveit_config/share/ur5_gripper_moveit_config/launch/demo.launch.py
[0.295s] -- Up-to-date: /home/taj71/practic_ws/install/ur5_gripper_moveit_config/share/ur5_gripper_moveit_config/launch/warehouse_db.launch.py
[0.296s] -- Up-to-date: /home/taj71/practic_ws/install/ur5_gripper_moveit_config/share/ur5_gripper_moveit_config/launch/moveit_rviz.launch.py
[0.296s] -- Up-to-date: /home/taj71/practic_ws/install/ur5_gripper_moveit_config/share/ur5_gripper_moveit_config/launch/setup_assistant.launch.py
[0.296s] -- Up-to-date: /home/taj71/practic_ws/install/ur5_gripper_moveit_config/share/ur5_gripper_moveit_config/launch/static_virtual_joint_tfs.launch.py
[0.297s] -- Up-to-date: /home/taj71/practic_ws/install/ur5_gripper_moveit_config/share/ur5_gripper_moveit_config/launch/spawn_controllers.launch.py
[0.297s] -- Up-to-date: /home/taj71/practic_ws/install/ur5_gripper_moveit_config/share/ur5_gripper_moveit_config/config
[0.298s] -- Up-to-date: /home/taj71/practic_ws/install/ur5_gripper_moveit_config/share/ur5_gripper_moveit_config/config/moveit_controllers.yaml
[0.298s] -- Up-to-date: /home/taj71/practic_ws/install/ur5_gripper_moveit_config/share/ur5_gripper_moveit_config/config/ros2_controllers.yaml
[0.298s] -- Up-to-date: /home/taj71/practic_ws/install/ur5_gripper_moveit_config/share/ur5_gripper_moveit_config/config/ur5_robot.urdf.xacro
[0.299s] -- Up-to-date: /home/taj71/practic_ws/install/ur5_gripper_moveit_config/share/ur5_gripper_moveit_config/config/ur5_robot.ros2_control.xacro
[0.299s] -- Up-to-date: /home/taj71/practic_ws/install/ur5_gripper_moveit_config/share/ur5_gripper_moveit_config/config/kinematics.yaml
[0.300s] -- Up-to-date: /home/taj71/practic_ws/install/ur5_gripper_moveit_config/share/ur5_gripper_moveit_config/config/ur5_robot.srdf
[0.300s] -- Up-to-date: /home/taj71/practic_ws/install/ur5_gripper_moveit_config/share/ur5_gripper_moveit_config/config/pilz_cartesian_limits.yaml
[0.300s] -- Up-to-date: /home/taj71/practic_ws/install/ur5_gripper_moveit_config/share/ur5_gripper_moveit_config/config/initial_positions.yaml
[0.301s] -- Up-to-date: /home/taj71/practic_ws/install/ur5_gripper_moveit_config/share/ur5_gripper_moveit_config/config/joint_limits.yaml
[0.301s] -- Up-to-date: /home/taj71/practic_ws/install/ur5_gripper_moveit_config/share/ament_index/resource_index/package_run_dependencies/ur5_gripper_moveit_config
[0.301s] -- Up-to-date: /home/taj71/practic_ws/install/ur5_gripper_moveit_config/share/ament_index/resource_index/parent_prefix_path/ur5_gripper_moveit_config
[0.302s] -- Up-to-date: /home/taj71/practic_ws/install/ur5_gripper_moveit_config/share/ur5_gripper_moveit_config/environment/ament_prefix_path.sh
[0.302s] -- Up-to-date: /home/taj71/practic_ws/install/ur5_gripper_moveit_config/share/ur5_gripper_moveit_config/environment/ament_prefix_path.dsv
[0.302s] -- Up-to-date: /home/taj71/practic_ws/install/ur5_gripper_moveit_config/share/ur5_gripper_moveit_config/environment/path.sh
[0.302s] -- Up-to-date: /home/taj71/practic_ws/install/ur5_gripper_moveit_config/share/ur5_gripper_moveit_config/environment/path.dsv
[0.303s] -- Up-to-date: /home/taj71/practic_ws/install/ur5_gripper_moveit_config/share/ur5_gripper_moveit_config/local_setup.bash
[0.303s] -- Up-to-date: /home/taj71/practic_ws/install/ur5_gripper_moveit_config/share/ur5_gripper_moveit_config/local_setup.sh
[0.303s] -- Up-to-date: /home/taj71/practic_ws/install/ur5_gripper_moveit_config/share/ur5_gripper_moveit_config/local_setup.zsh
[0.304s] -- Up-to-date: /home/taj71/practic_ws/install/ur5_gripper_moveit_config/share/ur5_gripper_moveit_config/local_setup.dsv
[0.304s] -- Installing: /home/taj71/practic_ws/install/ur5_gripper_moveit_config/share/ur5_gripper_moveit_config/package.dsv
[0.304s] -- Up-to-date: /home/taj71/practic_ws/install/ur5_gripper_moveit_config/share/ament_index/resource_index/packages/ur5_gripper_moveit_config
[0.305s] -- Up-to-date: /home/taj71/practic_ws/install/ur5_gripper_moveit_config/share/ur5_gripper_moveit_config/cmake/ur5_gripper_moveit_configConfig.cmake
[0.306s] -- Up-to-date: /home/taj71/practic_ws/install/ur5_gripper_moveit_config/share/ur5_gripper_moveit_config/cmake/ur5_gripper_moveit_configConfig-version.cmake
[0.306s] -- Up-to-date: /home/taj71/practic_ws/install/ur5_gripper_moveit_config/share/ur5_gripper_moveit_config/package.xml
[0.307s] Invoked command in '/home/taj71/practic_ws/build/ur5_gripper_moveit_config' returned '0': CMAKE_PREFIX_PATH=/home/taj71/practic_ws/install/ur5_robot_description:/home/taj71/practic_ws/install/ur5_gripper_moveit_config:/home/taj71/practic_ws/install/ur5_controller:/home/taj71/practic_ws/install/robotiq_description:/opt/ros/iron /usr/bin/cmake --install /home/taj71/practic_ws/build/ur5_gripper_moveit_config
