[0.034s] Invoking command in '/home/taj71/practic_ws/build/ur5_controller': CMAKE_PREFIX_PATH=/opt/ros/iron /usr/bin/cmake /home/taj71/practic_ws/src/ur5_controller -DCMAKE_INSTALL_PREFIX=/home/taj71/practic_ws/install/ur5_controller
[0.644s] -- The C compiler identification is GNU 11.4.0
[2.459s] -- The CXX compiler identification is GNU 11.4.0
[3.835s] -- Detecting C compiler ABI info
[4.259s] -- Detecting C compiler ABI info - done
[4.274s] -- Check for working C compiler: /usr/bin/cc - skipped
[4.274s] -- Detecting C compile features
[4.276s] -- Detecting C compile features - done
[4.282s] -- Detecting CXX compiler ABI info
[4.721s] -- Detecting CXX compiler ABI info - done
[4.735s] -- Check for working CXX compiler: /usr/bin/c++ - skipped
[4.735s] -- Detecting CXX compile features
[4.736s] -- Detecting CXX compile features - done
[4.750s] -- Found ament_cmake: 2.0.7 (/opt/ros/iron/share/ament_cmake/cmake)
[5.044s] -- Found Python3: /usr/bin/python3.10 (found version "3.10.12") found components: Interpreter 
[5.243s] -- Found ament_lint_auto: 0.14.4 (/opt/ros/iron/share/ament_lint_auto/cmake)
[5.395s] -- Added test 'flake8' to check Python code syntax and style conventions
[5.395s] -- Configured 'flake8' exclude dirs and/or files: 
[5.398s] -- Added test 'lint_cmake' to check CMake code style
[5.400s] -- Added test 'pep257' to check Python code against some of the docstring style conventions in PEP 257
[5.403s] -- Added test 'xmllint' to check XML markup files
[5.405s] -- Configuring done
[5.411s] -- Generating done
[5.415s] -- Build files have been written to: /home/taj71/practic_ws/build/ur5_controller
[5.421s] Invoked command in '/home/taj71/practic_ws/build/ur5_controller' returned '0': CMAKE_PREFIX_PATH=/opt/ros/iron /usr/bin/cmake /home/taj71/practic_ws/src/ur5_controller -DCMAKE_INSTALL_PREFIX=/home/taj71/practic_ws/install/ur5_controller
[5.424s] Invoking command in '/home/taj71/practic_ws/build/ur5_controller': CMAKE_PREFIX_PATH=/opt/ros/iron /usr/bin/cmake --build /home/taj71/practic_ws/build/ur5_controller -- -j8 -l8
[5.485s] Invoked command in '/home/taj71/practic_ws/build/ur5_controller' returned '0': CMAKE_PREFIX_PATH=/opt/ros/iron /usr/bin/cmake --build /home/taj71/practic_ws/build/ur5_controller -- -j8 -l8
[5.503s] Invoking command in '/home/taj71/practic_ws/build/ur5_controller': CMAKE_PREFIX_PATH=/opt/ros/iron /usr/bin/cmake --install /home/taj71/practic_ws/build/ur5_controller
[5.512s] -- Install configuration: ""
[5.512s] -- Installing: /home/taj71/practic_ws/install/ur5_controller/share/ur5_controller/config
[5.512s] -- Installing: /home/taj71/practic_ws/install/ur5_controller/share/ur5_controller/config/ur5_controller.yaml
[5.513s] -- Installing: /home/taj71/practic_ws/install/ur5_controller/share/ur5_controller/config/new.yaml:Zone.Identifier
[5.513s] -- Installing: /home/taj71/practic_ws/install/ur5_controller/share/ur5_controller/config/new.yaml
[5.514s] -- Installing: /home/taj71/practic_ws/install/ur5_controller/share/ur5_controller/config/ur5_controller.yaml:Zone.Identifier
[5.515s] -- Installing: /home/taj71/practic_ws/install/ur5_controller/share/ur5_controller/launch
[5.516s] -- Installing: /home/taj71/practic_ws/install/ur5_controller/share/ur5_controller/launch/controller.launch.py
[5.516s] -- Installing: /home/taj71/practic_ws/install/ur5_controller/share/ur5_controller/launch/controller.launch.py:Zone.Identifier
[5.516s] -- Installing: /home/taj71/practic_ws/install/ur5_controller/share/ament_index/resource_index/package_run_dependencies/ur5_controller
[5.517s] -- Installing: /home/taj71/practic_ws/install/ur5_controller/share/ament_index/resource_index/parent_prefix_path/ur5_controller
[5.517s] -- Installing: /home/taj71/practic_ws/install/ur5_controller/share/ur5_controller/environment/ament_prefix_path.sh
[5.518s] -- Installing: /home/taj71/practic_ws/install/ur5_controller/share/ur5_controller/environment/ament_prefix_path.dsv
[5.519s] -- Installing: /home/taj71/practic_ws/install/ur5_controller/share/ur5_controller/environment/path.sh
[5.519s] -- Installing: /home/taj71/practic_ws/install/ur5_controller/share/ur5_controller/environment/path.dsv
[5.519s] -- Installing: /home/taj71/practic_ws/install/ur5_controller/share/ur5_controller/local_setup.bash
[5.519s] -- Installing: /home/taj71/practic_ws/install/ur5_controller/share/ur5_controller/local_setup.sh
[5.520s] -- Installing: /home/taj71/practic_ws/install/ur5_controller/share/ur5_controller/local_setup.zsh
[5.520s] -- Installing: /home/taj71/practic_ws/install/ur5_controller/share/ur5_controller/local_setup.dsv
[5.520s] -- Installing: /home/taj71/practic_ws/install/ur5_controller/share/ur5_controller/package.dsv
[5.520s] -- Installing: /home/taj71/practic_ws/install/ur5_controller/share/ament_index/resource_index/packages/ur5_controller
[5.521s] -- Installing: /home/taj71/practic_ws/install/ur5_controller/share/ur5_controller/cmake/ur5_controllerConfig.cmake
[5.521s] -- Installing: /home/taj71/practic_ws/install/ur5_controller/share/ur5_controller/cmake/ur5_controllerConfig-version.cmake
[5.521s] -- Installing: /home/taj71/practic_ws/install/ur5_controller/share/ur5_controller/package.xml
[5.569s] Invoked command in '/home/taj71/practic_ws/build/ur5_controller' returned '0': CMAKE_PREFIX_PATH=/opt/ros/iron /usr/bin/cmake --install /home/taj71/practic_ws/build/ur5_controller
