[0.482s] DEBUG:colcon:Command line arguments: ['/home/taj71/.local/bin/colcon', 'build']
[0.482s] DEBUG:colcon:Parsed command line arguments: Namespace(log_base=None, log_level=None, verb_name='build', build_base='build', install_base='install', merge_install=False, symlink_install=False, test_result_base=None, continue_on_error=False, executor='parallel', parallel_workers=8, event_handlers=None, ignore_user_meta=False, metas=['./colcon.meta'], base_paths=['.'], packages_ignore=None, packages_ignore_regex=None, paths=None, packages_up_to=None, packages_up_to_regex=None, packages_above=None, packages_above_and_dependencies=None, packages_above_depth=None, packages_select_by_dep=None, packages_skip_by_dep=None, packages_skip_up_to=None, packages_select_build_failed=False, packages_skip_build_finished=False, packages_select_test_failures=False, packages_skip_test_passed=False, packages_select=None, packages_skip=None, packages_select_regex=None, packages_skip_regex=None, packages_start=None, packages_end=None, allow_overriding=[], cmake_args=None, cmake_target=None, cmake_target_skip_unavailable=False, cmake_clean_cache=False, cmake_clean_first=False, cmake_force_configure=False, ament_cmake_args=None, catkin_cmake_args=None, catkin_skip_building_tests=False, mixin_files=None, mixin=None, verb_parser=<colcon_mixin.mixin.mixin_argument.MixinArgumentDecorator object at 0x7f9298987d60>, verb_extension=<colcon_core.verb.build.BuildVerb object at 0x7f9298ac4ca0>, main=<bound method BuildVerb.main of <colcon_core.verb.build.BuildVerb object at 0x7f9298ac4ca0>>, mixin_verb=('build',))
[0.702s] Level 1:colcon.colcon_core.package_discovery:discover_packages(colcon_meta) check parameters
[0.703s] Level 1:colcon.colcon_core.package_discovery:discover_packages(recursive) check parameters
[0.703s] Level 1:colcon.colcon_core.package_discovery:discover_packages(ignore) check parameters
[0.703s] Level 1:colcon.colcon_core.package_discovery:discover_packages(path) check parameters
[0.703s] Level 1:colcon.colcon_core.package_discovery:discover_packages(colcon_meta) discover
[0.703s] Level 1:colcon.colcon_core.package_discovery:discover_packages(recursive) discover
[0.703s] INFO:colcon.colcon_core.package_discovery:Crawling recursively for packages in '/home/taj71/ur5_ws'
[0.703s] Level 1:colcon.colcon_core.package_identification:_identify(.) by extensions ['ignore', 'ignore_ament_install']
[0.703s] Level 1:colcon.colcon_core.package_identification:_identify(.) by extension 'ignore'
[0.703s] Level 1:colcon.colcon_core.package_identification:_identify(.) by extension 'ignore_ament_install'
[0.703s] Level 1:colcon.colcon_core.package_identification:_identify(.) by extensions ['colcon_pkg']
[0.704s] Level 1:colcon.colcon_core.package_identification:_identify(.) by extension 'colcon_pkg'
[0.704s] Level 1:colcon.colcon_core.package_identification:_identify(.) by extensions ['colcon_meta']
[0.704s] Level 1:colcon.colcon_core.package_identification:_identify(.) by extension 'colcon_meta'
[0.704s] Level 1:colcon.colcon_core.package_identification:_identify(.) by extensions ['ros']
[0.704s] Level 1:colcon.colcon_core.package_identification:_identify(.) by extension 'ros'
[0.724s] Level 1:colcon.colcon_core.package_identification:_identify(.) by extensions ['cmake', 'python']
[0.724s] Level 1:colcon.colcon_core.package_identification:_identify(.) by extension 'cmake'
[0.724s] Level 1:colcon.colcon_core.package_identification:_identify(.) by extension 'python'
[0.724s] Level 1:colcon.colcon_core.package_identification:_identify(.) by extensions ['python_setup_py']
[0.725s] Level 1:colcon.colcon_core.package_identification:_identify(.) by extension 'python_setup_py'
[0.725s] Level 1:colcon.colcon_core.package_identification:_identify(build) by extensions ['ignore', 'ignore_ament_install']
[0.725s] Level 1:colcon.colcon_core.package_identification:_identify(build) by extension 'ignore'
[0.725s] Level 1:colcon.colcon_core.package_identification:_identify(build) ignored
[0.725s] Level 1:colcon.colcon_core.package_identification:_identify(install) by extensions ['ignore', 'ignore_ament_install']
[0.725s] Level 1:colcon.colcon_core.package_identification:_identify(install) by extension 'ignore'
[0.725s] Level 1:colcon.colcon_core.package_identification:_identify(install) ignored
[0.725s] Level 1:colcon.colcon_core.package_identification:_identify(log) by extensions ['ignore', 'ignore_ament_install']
[0.726s] Level 1:colcon.colcon_core.package_identification:_identify(log) by extension 'ignore'
[0.726s] Level 1:colcon.colcon_core.package_identification:_identify(log) ignored
[0.726s] Level 1:colcon.colcon_core.package_identification:_identify(src) by extensions ['ignore', 'ignore_ament_install']
[0.726s] Level 1:colcon.colcon_core.package_identification:_identify(src) by extension 'ignore'
[0.726s] Level 1:colcon.colcon_core.package_identification:_identify(src) by extension 'ignore_ament_install'
[0.726s] Level 1:colcon.colcon_core.package_identification:_identify(src) by extensions ['colcon_pkg']
[0.726s] Level 1:colcon.colcon_core.package_identification:_identify(src) by extension 'colcon_pkg'
[0.726s] Level 1:colcon.colcon_core.package_identification:_identify(src) by extensions ['colcon_meta']
[0.726s] Level 1:colcon.colcon_core.package_identification:_identify(src) by extension 'colcon_meta'
[0.726s] Level 1:colcon.colcon_core.package_identification:_identify(src) by extensions ['ros']
[0.726s] Level 1:colcon.colcon_core.package_identification:_identify(src) by extension 'ros'
[0.726s] Level 1:colcon.colcon_core.package_identification:_identify(src) by extensions ['cmake', 'python']
[0.726s] Level 1:colcon.colcon_core.package_identification:_identify(src) by extension 'cmake'
[0.726s] Level 1:colcon.colcon_core.package_identification:_identify(src) by extension 'python'
[0.727s] Level 1:colcon.colcon_core.package_identification:_identify(src) by extensions ['python_setup_py']
[0.727s] Level 1:colcon.colcon_core.package_identification:_identify(src) by extension 'python_setup_py'
[0.727s] Level 1:colcon.colcon_core.package_identification:_identify(src/robotiq_description) by extensions ['ignore', 'ignore_ament_install']
[0.727s] Level 1:colcon.colcon_core.package_identification:_identify(src/robotiq_description) by extension 'ignore'
[0.727s] Level 1:colcon.colcon_core.package_identification:_identify(src/robotiq_description) by extension 'ignore_ament_install'
[0.727s] Level 1:colcon.colcon_core.package_identification:_identify(src/robotiq_description) by extensions ['colcon_pkg']
[0.727s] Level 1:colcon.colcon_core.package_identification:_identify(src/robotiq_description) by extension 'colcon_pkg'
[0.727s] Level 1:colcon.colcon_core.package_identification:_identify(src/robotiq_description) by extensions ['colcon_meta']
[0.727s] Level 1:colcon.colcon_core.package_identification:_identify(src/robotiq_description) by extension 'colcon_meta'
[0.727s] Level 1:colcon.colcon_core.package_identification:_identify(src/robotiq_description) by extensions ['ros']
[0.727s] Level 1:colcon.colcon_core.package_identification:_identify(src/robotiq_description) by extension 'ros'
[0.731s] DEBUG:colcon.colcon_core.package_identification:Package 'src/robotiq_description' with type 'ros.ament_cmake' and name 'robotiq_description'
[0.732s] Level 1:colcon.colcon_core.package_identification:_identify(src/ur5_robot_description) by extensions ['ignore', 'ignore_ament_install']
[0.732s] Level 1:colcon.colcon_core.package_identification:_identify(src/ur5_robot_description) by extension 'ignore'
[0.732s] Level 1:colcon.colcon_core.package_identification:_identify(src/ur5_robot_description) by extension 'ignore_ament_install'
[0.732s] Level 1:colcon.colcon_core.package_identification:_identify(src/ur5_robot_description) by extensions ['colcon_pkg']
[0.732s] Level 1:colcon.colcon_core.package_identification:_identify(src/ur5_robot_description) by extension 'colcon_pkg'
[0.732s] Level 1:colcon.colcon_core.package_identification:_identify(src/ur5_robot_description) by extensions ['colcon_meta']
[0.732s] Level 1:colcon.colcon_core.package_identification:_identify(src/ur5_robot_description) by extension 'colcon_meta'
[0.732s] Level 1:colcon.colcon_core.package_identification:_identify(src/ur5_robot_description) by extensions ['ros']
[0.732s] Level 1:colcon.colcon_core.package_identification:_identify(src/ur5_robot_description) by extension 'ros'
[0.733s] DEBUG:colcon.colcon_core.package_identification:Package 'src/ur5_robot_description' with type 'ros.ament_cmake' and name 'ur5_robot_description'
[0.734s] Level 1:colcon.colcon_core.package_identification:_identify(src/ur5_robot_py) by extensions ['ignore', 'ignore_ament_install']
[0.734s] Level 1:colcon.colcon_core.package_identification:_identify(src/ur5_robot_py) by extension 'ignore'
[0.734s] Level 1:colcon.colcon_core.package_identification:_identify(src/ur5_robot_py) by extension 'ignore_ament_install'
[0.734s] Level 1:colcon.colcon_core.package_identification:_identify(src/ur5_robot_py) by extensions ['colcon_pkg']
[0.734s] Level 1:colcon.colcon_core.package_identification:_identify(src/ur5_robot_py) by extension 'colcon_pkg'
[0.734s] Level 1:colcon.colcon_core.package_identification:_identify(src/ur5_robot_py) by extensions ['colcon_meta']
[0.734s] Level 1:colcon.colcon_core.package_identification:_identify(src/ur5_robot_py) by extension 'colcon_meta'
[0.734s] Level 1:colcon.colcon_core.package_identification:_identify(src/ur5_robot_py) by extensions ['ros']
[0.734s] Level 1:colcon.colcon_core.package_identification:_identify(src/ur5_robot_py) by extension 'ros'
[0.735s] DEBUG:colcon.colcon_core.package_identification:Package 'src/ur5_robot_py' with type 'ros.ament_python' and name 'ur5_robot_py'
[0.735s] Level 1:colcon.colcon_core.package_discovery:discover_packages(recursive) using defaults
[0.735s] Level 1:colcon.colcon_core.package_discovery:discover_packages(ignore) discover
[0.735s] Level 1:colcon.colcon_core.package_discovery:discover_packages(ignore) using defaults
[0.735s] Level 1:colcon.colcon_core.package_discovery:discover_packages(path) discover
[0.735s] Level 1:colcon.colcon_core.package_discovery:discover_packages(path) using defaults
[0.764s] Level 1:colcon.colcon_core.package_discovery:discover_packages(prefix_path) check parameters
[0.764s] Level 1:colcon.colcon_core.package_discovery:discover_packages(prefix_path) discover
[0.768s] DEBUG:colcon.colcon_installed_package_information.package_discovery:Found 403 installed packages in /opt/ros/iron
[0.791s] Level 1:colcon.colcon_core.package_discovery:discover_packages(prefix_path) using defaults
[0.872s] Level 5:colcon.colcon_core.verb:set package 'robotiq_description' build argument 'cmake_args' from command line to 'None'
[0.872s] Level 5:colcon.colcon_core.verb:set package 'robotiq_description' build argument 'cmake_target' from command line to 'None'
[0.872s] Level 5:colcon.colcon_core.verb:set package 'robotiq_description' build argument 'cmake_target_skip_unavailable' from command line to 'False'
[0.872s] Level 5:colcon.colcon_core.verb:set package 'robotiq_description' build argument 'cmake_clean_cache' from command line to 'False'
[0.872s] Level 5:colcon.colcon_core.verb:set package 'robotiq_description' build argument 'cmake_clean_first' from command line to 'False'
[0.872s] Level 5:colcon.colcon_core.verb:set package 'robotiq_description' build argument 'cmake_force_configure' from command line to 'False'
[0.873s] Level 5:colcon.colcon_core.verb:set package 'robotiq_description' build argument 'ament_cmake_args' from command line to 'None'
[0.873s] Level 5:colcon.colcon_core.verb:set package 'robotiq_description' build argument 'catkin_cmake_args' from command line to 'None'
[0.873s] Level 5:colcon.colcon_core.verb:set package 'robotiq_description' build argument 'catkin_skip_building_tests' from command line to 'False'
[0.873s] DEBUG:colcon.colcon_core.verb:Building package 'robotiq_description' with the following arguments: {'ament_cmake_args': None, 'build_base': '/home/taj71/ur5_ws/build/robotiq_description', 'catkin_cmake_args': None, 'catkin_skip_building_tests': False, 'cmake_args': None, 'cmake_clean_cache': False, 'cmake_clean_first': False, 'cmake_force_configure': False, 'cmake_target': None, 'cmake_target_skip_unavailable': False, 'install_base': '/home/taj71/ur5_ws/install/robotiq_description', 'merge_install': False, 'path': '/home/taj71/ur5_ws/src/robotiq_description', 'symlink_install': False, 'test_result_base': None}
[0.874s] Level 5:colcon.colcon_core.verb:set package 'ur5_robot_description' build argument 'cmake_args' from command line to 'None'
[0.874s] Level 5:colcon.colcon_core.verb:set package 'ur5_robot_description' build argument 'cmake_target' from command line to 'None'
[0.874s] Level 5:colcon.colcon_core.verb:set package 'ur5_robot_description' build argument 'cmake_target_skip_unavailable' from command line to 'False'
[0.874s] Level 5:colcon.colcon_core.verb:set package 'ur5_robot_description' build argument 'cmake_clean_cache' from command line to 'False'
[0.874s] Level 5:colcon.colcon_core.verb:set package 'ur5_robot_description' build argument 'cmake_clean_first' from command line to 'False'
[0.874s] Level 5:colcon.colcon_core.verb:set package 'ur5_robot_description' build argument 'cmake_force_configure' from command line to 'False'
[0.874s] Level 5:colcon.colcon_core.verb:set package 'ur5_robot_description' build argument 'ament_cmake_args' from command line to 'None'
[0.874s] Level 5:colcon.colcon_core.verb:set package 'ur5_robot_description' build argument 'catkin_cmake_args' from command line to 'None'
[0.874s] Level 5:colcon.colcon_core.verb:set package 'ur5_robot_description' build argument 'catkin_skip_building_tests' from command line to 'False'
[0.874s] DEBUG:colcon.colcon_core.verb:Building package 'ur5_robot_description' with the following arguments: {'ament_cmake_args': None, 'build_base': '/home/taj71/ur5_ws/build/ur5_robot_description', 'catkin_cmake_args': None, 'catkin_skip_building_tests': False, 'cmake_args': None, 'cmake_clean_cache': False, 'cmake_clean_first': False, 'cmake_force_configure': False, 'cmake_target': None, 'cmake_target_skip_unavailable': False, 'install_base': '/home/taj71/ur5_ws/install/ur5_robot_description', 'merge_install': False, 'path': '/home/taj71/ur5_ws/src/ur5_robot_description', 'symlink_install': False, 'test_result_base': None}
[0.875s] Level 5:colcon.colcon_core.verb:set package 'ur5_robot_py' build argument 'cmake_args' from command line to 'None'
[0.875s] Level 5:colcon.colcon_core.verb:set package 'ur5_robot_py' build argument 'cmake_target' from command line to 'None'
[0.875s] Level 5:colcon.colcon_core.verb:set package 'ur5_robot_py' build argument 'cmake_target_skip_unavailable' from command line to 'False'
[0.875s] Level 5:colcon.colcon_core.verb:set package 'ur5_robot_py' build argument 'cmake_clean_cache' from command line to 'False'
[0.875s] Level 5:colcon.colcon_core.verb:set package 'ur5_robot_py' build argument 'cmake_clean_first' from command line to 'False'
[0.875s] Level 5:colcon.colcon_core.verb:set package 'ur5_robot_py' build argument 'cmake_force_configure' from command line to 'False'
[0.875s] Level 5:colcon.colcon_core.verb:set package 'ur5_robot_py' build argument 'ament_cmake_args' from command line to 'None'
[0.875s] Level 5:colcon.colcon_core.verb:set package 'ur5_robot_py' build argument 'catkin_cmake_args' from command line to 'None'
[0.875s] Level 5:colcon.colcon_core.verb:set package 'ur5_robot_py' build argument 'catkin_skip_building_tests' from command line to 'False'
[0.875s] DEBUG:colcon.colcon_core.verb:Building package 'ur5_robot_py' with the following arguments: {'ament_cmake_args': None, 'build_base': '/home/taj71/ur5_ws/build/ur5_robot_py', 'catkin_cmake_args': None, 'catkin_skip_building_tests': False, 'cmake_args': None, 'cmake_clean_cache': False, 'cmake_clean_first': False, 'cmake_force_configure': False, 'cmake_target': None, 'cmake_target_skip_unavailable': False, 'install_base': '/home/taj71/ur5_ws/install/ur5_robot_py', 'merge_install': False, 'path': '/home/taj71/ur5_ws/src/ur5_robot_py', 'symlink_install': False, 'test_result_base': None}
[0.876s] INFO:colcon.colcon_core.executor:Executing jobs using 'parallel' executor
[0.878s] DEBUG:colcon.colcon_parallel_executor.executor.parallel:run_until_complete
[0.879s] INFO:colcon.colcon_ros.task.ament_cmake.build:Building ROS package in '/home/taj71/ur5_ws/src/robotiq_description' with build type 'ament_cmake'
[0.880s] INFO:colcon.colcon_cmake.task.cmake.build:Building CMake package in '/home/taj71/ur5_ws/src/robotiq_description'
[0.884s] INFO:colcon.colcon_core.plugin_system:Skipping extension 'colcon_core.shell.bat': Not used on non-Windows systems
[0.884s] INFO:colcon.colcon_core.shell:Skip shell extension 'powershell' for command environment: Not usable outside of PowerShell
[0.884s] DEBUG:colcon.colcon_core.shell:Skip shell extension 'dsv' for command environment
[0.890s] INFO:colcon.colcon_ros.task.ament_cmake.build:Building ROS package in '/home/taj71/ur5_ws/src/ur5_robot_description' with build type 'ament_cmake'
[0.890s] INFO:colcon.colcon_cmake.task.cmake.build:Building CMake package in '/home/taj71/ur5_ws/src/ur5_robot_description'
[0.892s] INFO:colcon.colcon_core.shell:Skip shell extension 'powershell' for command environment: Not usable outside of PowerShell
[0.892s] DEBUG:colcon.colcon_core.shell:Skip shell extension 'dsv' for command environment
[0.896s] INFO:colcon.colcon_ros.task.ament_python.build:Building ROS package in '/home/taj71/ur5_ws/src/ur5_robot_py' with build type 'ament_python'
[0.896s] Level 1:colcon.colcon_core.shell:create_environment_hook('ur5_robot_py', 'ament_prefix_path')
[0.897s] INFO:colcon.colcon_core.shell:Creating environment hook '/home/taj71/ur5_ws/install/ur5_robot_py/share/ur5_robot_py/hook/ament_prefix_path.ps1'
[0.898s] INFO:colcon.colcon_core.shell:Creating environment descriptor '/home/taj71/ur5_ws/install/ur5_robot_py/share/ur5_robot_py/hook/ament_prefix_path.dsv'
[0.899s] INFO:colcon.colcon_core.shell:Creating environment hook '/home/taj71/ur5_ws/install/ur5_robot_py/share/ur5_robot_py/hook/ament_prefix_path.sh'
[0.900s] INFO:colcon.colcon_core.shell:Skip shell extension 'powershell' for command environment: Not usable outside of PowerShell
[0.900s] DEBUG:colcon.colcon_core.shell:Skip shell extension 'dsv' for command environment
[0.915s] DEBUG:colcon.colcon_core.event_handler.log_command:Invoking command in '/home/taj71/ur5_ws/build/robotiq_description': CMAKE_PREFIX_PATH=/opt/ros/iron /usr/bin/cmake --build /home/taj71/ur5_ws/build/robotiq_description -- -j8 -l8
[0.930s] DEBUG:colcon.colcon_core.event_handler.log_command:Invoking command in '/home/taj71/ur5_ws/build/ur5_robot_description': CMAKE_PREFIX_PATH=/opt/ros/iron /usr/bin/cmake --build /home/taj71/ur5_ws/build/ur5_robot_description -- -j8 -l8
[1.400s] INFO:colcon.colcon_core.task.python.build:Building Python package in '/home/taj71/ur5_ws/src/ur5_robot_py'
[1.401s] INFO:colcon.colcon_core.shell:Skip shell extension 'powershell' for command environment: Not usable outside of PowerShell
[1.401s] DEBUG:colcon.colcon_core.shell:Skip shell extension 'dsv' for command environment
[1.413s] DEBUG:colcon.colcon_core.event_handler.log_command:Invoked command in '/home/taj71/ur5_ws/build/robotiq_description' returned '0': CMAKE_PREFIX_PATH=/opt/ros/iron /usr/bin/cmake --build /home/taj71/ur5_ws/build/robotiq_description -- -j8 -l8
[1.427s] DEBUG:colcon.colcon_core.event_handler.log_command:Invoking command in '/home/taj71/ur5_ws/build/robotiq_description': CMAKE_PREFIX_PATH=/opt/ros/iron /usr/bin/cmake --install /home/taj71/ur5_ws/build/robotiq_description
[1.430s] DEBUG:colcon.colcon_core.event_handler.log_command:Invoked command in '/home/taj71/ur5_ws/build/ur5_robot_description' returned '0': CMAKE_PREFIX_PATH=/opt/ros/iron /usr/bin/cmake --build /home/taj71/ur5_ws/build/ur5_robot_description -- -j8 -l8
[1.435s] DEBUG:colcon.colcon_core.event_handler.log_command:Invoking command in '/home/taj71/ur5_ws/build/ur5_robot_description': CMAKE_PREFIX_PATH=/opt/ros/iron /usr/bin/cmake --install /home/taj71/ur5_ws/build/ur5_robot_description
[1.459s] Level 1:colcon.colcon_core.environment:create_environment_scripts_only(robotiq_description)
[1.486s] DEBUG:colcon.colcon_core.event_handler.log_command:Invoked command in '/home/taj71/ur5_ws/build/robotiq_description' returned '0': CMAKE_PREFIX_PATH=/opt/ros/iron /usr/bin/cmake --install /home/taj71/ur5_ws/build/robotiq_description
[1.488s] Level 1:colcon.colcon_core.environment:checking '/home/taj71/ur5_ws/install/robotiq_description' for CMake module files
[1.489s] Level 1:colcon.colcon_core.environment:checking '/home/taj71/ur5_ws/install/robotiq_description' for CMake config files
[1.490s] Level 1:colcon.colcon_core.shell:create_environment_hook('robotiq_description', 'cmake_prefix_path')
[1.491s] INFO:colcon.colcon_core.shell:Creating environment hook '/home/taj71/ur5_ws/install/robotiq_description/share/robotiq_description/hook/cmake_prefix_path.ps1'
[1.492s] INFO:colcon.colcon_core.shell:Creating environment descriptor '/home/taj71/ur5_ws/install/robotiq_description/share/robotiq_description/hook/cmake_prefix_path.dsv'
[1.493s] INFO:colcon.colcon_core.shell:Creating environment hook '/home/taj71/ur5_ws/install/robotiq_description/share/robotiq_description/hook/cmake_prefix_path.sh'
[1.494s] Level 1:colcon.colcon_core.environment:checking '/home/taj71/ur5_ws/install/robotiq_description/bin'
[1.494s] Level 1:colcon.colcon_core.environment:checking '/home/taj71/ur5_ws/install/robotiq_description/lib/pkgconfig/robotiq_description.pc'
[1.495s] Level 1:colcon.colcon_core.environment:checking '/home/taj71/ur5_ws/install/robotiq_description/lib/python3.10/site-packages'
[1.495s] Level 1:colcon.colcon_core.environment:checking '/home/taj71/ur5_ws/install/robotiq_description/bin'
[1.496s] INFO:colcon.colcon_core.shell:Creating package script '/home/taj71/ur5_ws/install/robotiq_description/share/robotiq_description/package.ps1'
[1.499s] INFO:colcon.colcon_core.shell:Creating package descriptor '/home/taj71/ur5_ws/install/robotiq_description/share/robotiq_description/package.dsv'
[1.500s] INFO:colcon.colcon_core.shell:Creating package script '/home/taj71/ur5_ws/install/robotiq_description/share/robotiq_description/package.sh'
[1.502s] INFO:colcon.colcon_core.shell:Creating package script '/home/taj71/ur5_ws/install/robotiq_description/share/robotiq_description/package.bash'
[1.504s] INFO:colcon.colcon_core.shell:Creating package script '/home/taj71/ur5_ws/install/robotiq_description/share/robotiq_description/package.zsh'
[1.506s] Level 1:colcon.colcon_core.environment:create_file_with_runtime_dependencies(/home/taj71/ur5_ws/install/robotiq_description/share/colcon-core/packages/robotiq_description)
[1.508s] Level 1:colcon.colcon_core.environment:create_environment_scripts_only(robotiq_description)
[1.508s] Level 1:colcon.colcon_core.environment:checking '/home/taj71/ur5_ws/install/robotiq_description' for CMake module files
[1.509s] Level 1:colcon.colcon_core.environment:checking '/home/taj71/ur5_ws/install/robotiq_description' for CMake config files
[1.510s] Level 1:colcon.colcon_core.shell:create_environment_hook('robotiq_description', 'cmake_prefix_path')
[1.510s] INFO:colcon.colcon_core.shell:Creating environment hook '/home/taj71/ur5_ws/install/robotiq_description/share/robotiq_description/hook/cmake_prefix_path.ps1'
[1.511s] INFO:colcon.colcon_core.shell:Creating environment descriptor '/home/taj71/ur5_ws/install/robotiq_description/share/robotiq_description/hook/cmake_prefix_path.dsv'
[1.512s] INFO:colcon.colcon_core.shell:Creating environment hook '/home/taj71/ur5_ws/install/robotiq_description/share/robotiq_description/hook/cmake_prefix_path.sh'
[1.514s] Level 1:colcon.colcon_core.environment:checking '/home/taj71/ur5_ws/install/robotiq_description/bin'
[1.514s] Level 1:colcon.colcon_core.environment:checking '/home/taj71/ur5_ws/install/robotiq_description/lib/pkgconfig/robotiq_description.pc'
[1.515s] Level 1:colcon.colcon_core.environment:checking '/home/taj71/ur5_ws/install/robotiq_description/lib/python3.10/site-packages'
[1.515s] Level 1:colcon.colcon_core.environment:checking '/home/taj71/ur5_ws/install/robotiq_description/bin'
[1.516s] INFO:colcon.colcon_core.shell:Creating package script '/home/taj71/ur5_ws/install/robotiq_description/share/robotiq_description/package.ps1'
[1.517s] INFO:colcon.colcon_core.shell:Creating package descriptor '/home/taj71/ur5_ws/install/robotiq_description/share/robotiq_description/package.dsv'
[1.519s] INFO:colcon.colcon_core.shell:Creating package script '/home/taj71/ur5_ws/install/robotiq_description/share/robotiq_description/package.sh'
[1.520s] INFO:colcon.colcon_core.shell:Creating package script '/home/taj71/ur5_ws/install/robotiq_description/share/robotiq_description/package.bash'
[1.521s] INFO:colcon.colcon_core.shell:Creating package script '/home/taj71/ur5_ws/install/robotiq_description/share/robotiq_description/package.zsh'
[1.523s] Level 1:colcon.colcon_core.environment:create_file_with_runtime_dependencies(/home/taj71/ur5_ws/install/robotiq_description/share/colcon-core/packages/robotiq_description)
[1.524s] Level 1:colcon.colcon_core.environment:create_environment_scripts_only(ur5_robot_description)
[1.525s] Level 1:colcon.colcon_core.environment:checking '/home/taj71/ur5_ws/install/ur5_robot_description' for CMake module files
[1.528s] Level 1:colcon.colcon_core.environment:checking '/home/taj71/ur5_ws/install/ur5_robot_description' for CMake config files
[1.529s] DEBUG:colcon.colcon_core.event_handler.log_command:Invoked command in '/home/taj71/ur5_ws/build/ur5_robot_description' returned '0': CMAKE_PREFIX_PATH=/opt/ros/iron /usr/bin/cmake --install /home/taj71/ur5_ws/build/ur5_robot_description
[1.530s] Level 1:colcon.colcon_core.shell:create_environment_hook('ur5_robot_description', 'cmake_prefix_path')
[1.530s] INFO:colcon.colcon_core.shell:Creating environment hook '/home/taj71/ur5_ws/install/ur5_robot_description/share/ur5_robot_description/hook/cmake_prefix_path.ps1'
[1.531s] INFO:colcon.colcon_core.shell:Creating environment descriptor '/home/taj71/ur5_ws/install/ur5_robot_description/share/ur5_robot_description/hook/cmake_prefix_path.dsv'
[1.532s] INFO:colcon.colcon_core.shell:Creating environment hook '/home/taj71/ur5_ws/install/ur5_robot_description/share/ur5_robot_description/hook/cmake_prefix_path.sh'
[1.533s] Level 1:colcon.colcon_core.environment:checking '/home/taj71/ur5_ws/install/ur5_robot_description/bin'
[1.533s] Level 1:colcon.colcon_core.environment:checking '/home/taj71/ur5_ws/install/ur5_robot_description/lib/pkgconfig/ur5_robot_description.pc'
[1.534s] Level 1:colcon.colcon_core.environment:checking '/home/taj71/ur5_ws/install/ur5_robot_description/lib/python3.10/site-packages'
[1.534s] Level 1:colcon.colcon_core.environment:checking '/home/taj71/ur5_ws/install/ur5_robot_description/bin'
[1.535s] INFO:colcon.colcon_core.shell:Creating package script '/home/taj71/ur5_ws/install/ur5_robot_description/share/ur5_robot_description/package.ps1'
[1.535s] INFO:colcon.colcon_core.shell:Creating package descriptor '/home/taj71/ur5_ws/install/ur5_robot_description/share/ur5_robot_description/package.dsv'
[1.536s] INFO:colcon.colcon_core.shell:Creating package script '/home/taj71/ur5_ws/install/ur5_robot_description/share/ur5_robot_description/package.sh'
[1.537s] INFO:colcon.colcon_core.shell:Creating package script '/home/taj71/ur5_ws/install/ur5_robot_description/share/ur5_robot_description/package.bash'
[1.538s] INFO:colcon.colcon_core.shell:Creating package script '/home/taj71/ur5_ws/install/ur5_robot_description/share/ur5_robot_description/package.zsh'
[1.539s] Level 1:colcon.colcon_core.environment:create_file_with_runtime_dependencies(/home/taj71/ur5_ws/install/ur5_robot_description/share/colcon-core/packages/ur5_robot_description)
[1.541s] Level 1:colcon.colcon_core.environment:create_environment_scripts_only(ur5_robot_description)
[1.542s] Level 1:colcon.colcon_core.environment:checking '/home/taj71/ur5_ws/install/ur5_robot_description' for CMake module files
[1.543s] Level 1:colcon.colcon_core.environment:checking '/home/taj71/ur5_ws/install/ur5_robot_description' for CMake config files
[1.543s] Level 1:colcon.colcon_core.shell:create_environment_hook('ur5_robot_description', 'cmake_prefix_path')
[1.544s] INFO:colcon.colcon_core.shell:Creating environment hook '/home/taj71/ur5_ws/install/ur5_robot_description/share/ur5_robot_description/hook/cmake_prefix_path.ps1'
[1.545s] INFO:colcon.colcon_core.shell:Creating environment descriptor '/home/taj71/ur5_ws/install/ur5_robot_description/share/ur5_robot_description/hook/cmake_prefix_path.dsv'
[1.547s] INFO:colcon.colcon_core.shell:Creating environment hook '/home/taj71/ur5_ws/install/ur5_robot_description/share/ur5_robot_description/hook/cmake_prefix_path.sh'
[1.548s] Level 1:colcon.colcon_core.environment:checking '/home/taj71/ur5_ws/install/ur5_robot_description/bin'
[1.549s] Level 1:colcon.colcon_core.environment:checking '/home/taj71/ur5_ws/install/ur5_robot_description/lib/pkgconfig/ur5_robot_description.pc'
[1.549s] Level 1:colcon.colcon_core.environment:checking '/home/taj71/ur5_ws/install/ur5_robot_description/lib/python3.10/site-packages'
[1.549s] Level 1:colcon.colcon_core.environment:checking '/home/taj71/ur5_ws/install/ur5_robot_description/bin'
[1.550s] INFO:colcon.colcon_core.shell:Creating package script '/home/taj71/ur5_ws/install/ur5_robot_description/share/ur5_robot_description/package.ps1'
[1.551s] INFO:colcon.colcon_core.shell:Creating package descriptor '/home/taj71/ur5_ws/install/ur5_robot_description/share/ur5_robot_description/package.dsv'
[1.553s] INFO:colcon.colcon_core.shell:Creating package script '/home/taj71/ur5_ws/install/ur5_robot_description/share/ur5_robot_description/package.sh'
[1.555s] INFO:colcon.colcon_core.shell:Creating package script '/home/taj71/ur5_ws/install/ur5_robot_description/share/ur5_robot_description/package.bash'
[1.556s] INFO:colcon.colcon_core.shell:Creating package script '/home/taj71/ur5_ws/install/ur5_robot_description/share/ur5_robot_description/package.zsh'
[1.558s] Level 1:colcon.colcon_core.environment:create_file_with_runtime_dependencies(/home/taj71/ur5_ws/install/ur5_robot_description/share/colcon-core/packages/ur5_robot_description)
[2.065s] DEBUG:colcon.colcon_core.event_handler.log_command:Invoking command in '/home/taj71/ur5_ws/src/ur5_robot_py': PYTHONPATH=/home/taj71/ur5_ws/build/ur5_robot_py/prefix_override:/home/taj71/.local/lib/python3.10/site-packages/colcon_core/task/python/colcon_distutils_commands:/home/taj71/ur5_ws/install/ur5_robot_py/lib/python3.10/site-packages:${PYTHONPATH} /usr/bin/python3 -W ignore:setup.py install is deprecated -W ignore:easy_install command is deprecated setup.py egg_info --egg-base ../../build/ur5_robot_py build --build-base /home/taj71/ur5_ws/build/ur5_robot_py/build install --record /home/taj71/ur5_ws/build/ur5_robot_py/install.log --single-version-externally-managed install_data
[2.625s] Level 1:colcon.colcon_core.environment:checking '/home/taj71/ur5_ws/install/ur5_robot_py' for CMake module files
[2.626s] DEBUG:colcon.colcon_core.event_handler.log_command:Invoked command in '/home/taj71/ur5_ws/src/ur5_robot_py' returned '0': PYTHONPATH=/home/taj71/ur5_ws/build/ur5_robot_py/prefix_override:/home/taj71/.local/lib/python3.10/site-packages/colcon_core/task/python/colcon_distutils_commands:/home/taj71/ur5_ws/install/ur5_robot_py/lib/python3.10/site-packages:${PYTHONPATH} /usr/bin/python3 -W ignore:setup.py install is deprecated -W ignore:easy_install command is deprecated setup.py egg_info --egg-base ../../build/ur5_robot_py build --build-base /home/taj71/ur5_ws/build/ur5_robot_py/build install --record /home/taj71/ur5_ws/build/ur5_robot_py/install.log --single-version-externally-managed install_data
[2.627s] Level 1:colcon.colcon_core.environment:checking '/home/taj71/ur5_ws/install/ur5_robot_py' for CMake config files
[2.628s] Level 1:colcon.colcon_core.environment:checking '/home/taj71/ur5_ws/install/ur5_robot_py/lib'
[2.628s] Level 1:colcon.colcon_core.environment:checking '/home/taj71/ur5_ws/install/ur5_robot_py/bin'
[2.629s] Level 1:colcon.colcon_core.environment:checking '/home/taj71/ur5_ws/install/ur5_robot_py/lib/pkgconfig/ur5_robot_py.pc'
[2.630s] Level 1:colcon.colcon_core.environment:checking '/home/taj71/ur5_ws/install/ur5_robot_py/lib/python3.10/site-packages'
[2.630s] Level 1:colcon.colcon_core.shell:create_environment_hook('ur5_robot_py', 'pythonpath')
[2.630s] INFO:colcon.colcon_core.shell:Creating environment hook '/home/taj71/ur5_ws/install/ur5_robot_py/share/ur5_robot_py/hook/pythonpath.ps1'
[2.631s] INFO:colcon.colcon_core.shell:Creating environment descriptor '/home/taj71/ur5_ws/install/ur5_robot_py/share/ur5_robot_py/hook/pythonpath.dsv'
[2.632s] INFO:colcon.colcon_core.shell:Creating environment hook '/home/taj71/ur5_ws/install/ur5_robot_py/share/ur5_robot_py/hook/pythonpath.sh'
[2.633s] Level 1:colcon.colcon_core.environment:checking '/home/taj71/ur5_ws/install/ur5_robot_py/bin'
[2.633s] Level 1:colcon.colcon_core.environment:create_environment_scripts_only(ur5_robot_py)
[2.634s] INFO:colcon.colcon_core.shell:Creating package script '/home/taj71/ur5_ws/install/ur5_robot_py/share/ur5_robot_py/package.ps1'
[2.635s] INFO:colcon.colcon_core.shell:Creating package descriptor '/home/taj71/ur5_ws/install/ur5_robot_py/share/ur5_robot_py/package.dsv'
[2.635s] INFO:colcon.colcon_core.shell:Creating package script '/home/taj71/ur5_ws/install/ur5_robot_py/share/ur5_robot_py/package.sh'
[2.636s] INFO:colcon.colcon_core.shell:Creating package script '/home/taj71/ur5_ws/install/ur5_robot_py/share/ur5_robot_py/package.bash'
[2.637s] INFO:colcon.colcon_core.shell:Creating package script '/home/taj71/ur5_ws/install/ur5_robot_py/share/ur5_robot_py/package.zsh'
[2.638s] Level 1:colcon.colcon_core.environment:create_file_with_runtime_dependencies(/home/taj71/ur5_ws/install/ur5_robot_py/share/colcon-core/packages/ur5_robot_py)
[2.638s] DEBUG:colcon.colcon_parallel_executor.executor.parallel:closing loop
[2.640s] DEBUG:colcon.colcon_parallel_executor.executor.parallel:loop closed
[2.640s] DEBUG:colcon.colcon_parallel_executor.executor.parallel:run_until_complete finished with '0'
[2.641s] DEBUG:colcon.colcon_core.event_reactor:joining thread
[2.823s] INFO:colcon.colcon_core.plugin_system:Skipping extension 'colcon_notification.desktop_notification.notify_send': Could not find 'notify-send'
[2.823s] INFO:colcon.colcon_core.plugin_system:Skipping extension 'colcon_notification.desktop_notification.terminal_notifier': Not used on non-Darwin systems
[2.823s] INFO:colcon.colcon_core.plugin_system:Skipping extension 'colcon_notification.desktop_notification.win32': Not used on non-Windows systems
[2.823s] INFO:colcon.colcon_notification.desktop_notification:Sending desktop notification using 'notify2'
[2.824s] DEBUG:colcon.colcon_notification.desktop_notification.notify2:Failed to initialize notify2: org.freedesktop.DBus.Error.FileNotFound: Failed to connect to socket /run/user/1000/bus: No such file or directory
[2.824s] DEBUG:colcon.colcon_core.event_reactor:joined thread
[2.825s] INFO:colcon.colcon_core.shell:Creating prefix script '/home/taj71/ur5_ws/install/local_setup.ps1'
[2.826s] INFO:colcon.colcon_core.shell:Creating prefix util module '/home/taj71/ur5_ws/install/_local_setup_util_ps1.py'
[2.829s] INFO:colcon.colcon_core.shell:Creating prefix chain script '/home/taj71/ur5_ws/install/setup.ps1'
[2.830s] INFO:colcon.colcon_core.shell:Creating prefix script '/home/taj71/ur5_ws/install/local_setup.sh'
[2.831s] INFO:colcon.colcon_core.shell:Creating prefix util module '/home/taj71/ur5_ws/install/_local_setup_util_sh.py'
[2.832s] INFO:colcon.colcon_core.shell:Creating prefix chain script '/home/taj71/ur5_ws/install/setup.sh'
[2.833s] INFO:colcon.colcon_core.shell:Creating prefix script '/home/taj71/ur5_ws/install/local_setup.bash'
[2.834s] INFO:colcon.colcon_core.shell:Creating prefix chain script '/home/taj71/ur5_ws/install/setup.bash'
[2.835s] INFO:colcon.colcon_core.shell:Creating prefix script '/home/taj71/ur5_ws/install/local_setup.zsh'
[2.836s] INFO:colcon.colcon_core.shell:Creating prefix chain script '/home/taj71/ur5_ws/install/setup.zsh'
