[0.036s] Invoking command in '/home/taj71/practic_ws/build/ur5_robot_description': CMAKE_PREFIX_PATH=${CMAKE_PREFIX_PATH}:/opt/ros/iron /usr/bin/cmake --build /home/taj71/practic_ws/build/ur5_robot_description -- -j8 -l8
[0.084s] Invoked command in '/home/taj71/practic_ws/build/ur5_robot_description' returned '0': CMAKE_PREFIX_PATH=${CMAKE_PREFIX_PATH}:/opt/ros/iron /usr/bin/cmake --build /home/taj71/practic_ws/build/ur5_robot_description -- -j8 -l8
[0.096s] Invoking command in '/home/taj71/practic_ws/build/ur5_robot_description': CMAKE_PREFIX_PATH=${CMAKE_PREFIX_PATH}:/opt/ros/iron /usr/bin/cmake --install /home/taj71/practic_ws/build/ur5_robot_description
[0.108s] -- Install configuration: ""
[0.108s] -- Up-to-date: /home/taj71/practic_ws/install/ur5_robot_description/share/ur5_robot_description/launch
[0.113s] -- Up-to-date: /home/taj71/practic_ws/install/ur5_robot_description/share/ur5_robot_description/launch/moveit.launch.py:Zone.Identifier
[0.113s] -- Up-to-date: /home/taj71/practic_ws/install/ur5_robot_description/share/ur5_robot_description/launch/gz.launch.py:Zone.Identifier
[0.115s] -- Up-to-date: /home/taj71/practic_ws/install/ur5_robot_description/share/ur5_robot_description/launch/gazebo.launch.py:Zone.Identifier
[0.115s] -- Up-to-date: /home/taj71/practic_ws/install/ur5_robot_description/share/ur5_robot_description/launch/gazebo.launch.py
[0.116s] -- Up-to-date: /home/taj71/practic_ws/install/ur5_robot_description/share/ur5_robot_description/launch/gz.launch.py
[0.116s] -- Up-to-date: /home/taj71/practic_ws/install/ur5_robot_description/share/ur5_robot_description/launch/rviz_ur5_gripper.launch.py:Zone.Identifier
[0.116s] -- Up-to-date: /home/taj71/practic_ws/install/ur5_robot_description/share/ur5_robot_description/launch/rviz_ur5_gripper.launch.py
[0.117s] -- Up-to-date: /home/taj71/practic_ws/install/ur5_robot_description/share/ur5_robot_description/meshes
[0.117s] -- Up-to-date: /home/taj71/practic_ws/install/ur5_robot_description/share/ur5_robot_description/meshes/collision
[0.117s] -- Up-to-date: /home/taj71/practic_ws/install/ur5_robot_description/share/ur5_robot_description/meshes/collision/upperarm.stl:Zone.Identifier:Zone.Identifier
[0.118s] -- Up-to-date: /home/taj71/practic_ws/install/ur5_robot_description/share/ur5_robot_description/meshes/collision/upperarm.stl:Zone.Identifier
[0.118s] -- Up-to-date: /home/taj71/practic_ws/install/ur5_robot_description/share/ur5_robot_description/meshes/collision/wrist1.stl:Zone.Identifier:Zone.Identifier
[0.119s] -- Up-to-date: /home/taj71/practic_ws/install/ur5_robot_description/share/ur5_robot_description/meshes/collision/wrist3.stl:Zone.Identifier:Zone.Identifier
[0.119s] -- Up-to-date: /home/taj71/practic_ws/install/ur5_robot_description/share/ur5_robot_description/meshes/collision/base.stl
[0.120s] -- Up-to-date: /home/taj71/practic_ws/install/ur5_robot_description/share/ur5_robot_description/meshes/collision/base.stl:Zone.Identifier
[0.121s] -- Up-to-date: /home/taj71/practic_ws/install/ur5_robot_description/share/ur5_robot_description/meshes/collision/wrist2.stl:Zone.Identifier
[0.121s] -- Up-to-date: /home/taj71/practic_ws/install/ur5_robot_description/share/ur5_robot_description/meshes/collision/upperarm.stl
[0.121s] -- Up-to-date: /home/taj71/practic_ws/install/ur5_robot_description/share/ur5_robot_description/meshes/collision/wrist3.stl:Zone.Identifier
[0.122s] -- Up-to-date: /home/taj71/practic_ws/install/ur5_robot_description/share/ur5_robot_description/meshes/collision/wrist2.stl:Zone.Identifier:Zone.Identifier
[0.124s] -- Up-to-date: /home/taj71/practic_ws/install/ur5_robot_description/share/ur5_robot_description/meshes/collision/wrist1.stl:Zone.Identifier
[0.124s] -- Up-to-date: /home/taj71/practic_ws/install/ur5_robot_description/share/ur5_robot_description/meshes/collision/shoulder.stl:Zone.Identifier
[0.125s] -- Up-to-date: /home/taj71/practic_ws/install/ur5_robot_description/share/ur5_robot_description/meshes/collision/wrist1.stl
[0.125s] -- Up-to-date: /home/taj71/practic_ws/install/ur5_robot_description/share/ur5_robot_description/meshes/collision/wrist3.stl
[0.128s] -- Up-to-date: /home/taj71/practic_ws/install/ur5_robot_description/share/ur5_robot_description/meshes/collision/forearm.stl
[0.129s] -- Up-to-date: /home/taj71/practic_ws/install/ur5_robot_description/share/ur5_robot_description/meshes/collision/forearm.stl:Zone.Identifier
[0.129s] -- Up-to-date: /home/taj71/practic_ws/install/ur5_robot_description/share/ur5_robot_description/meshes/collision/wrist2.stl
[0.129s] -- Up-to-date: /home/taj71/practic_ws/install/ur5_robot_description/share/ur5_robot_description/meshes/collision/shoulder.stl:Zone.Identifier:Zone.Identifier
[0.130s] -- Up-to-date: /home/taj71/practic_ws/install/ur5_robot_description/share/ur5_robot_description/meshes/collision/shoulder.stl
[0.130s] -- Up-to-date: /home/taj71/practic_ws/install/ur5_robot_description/share/ur5_robot_description/meshes/visual
[0.131s] -- Up-to-date: /home/taj71/practic_ws/install/ur5_robot_description/share/ur5_robot_description/meshes/visual/wrist3.dae
[0.131s] -- Up-to-date: /home/taj71/practic_ws/install/ur5_robot_description/share/ur5_robot_description/meshes/visual/forearm.dae:Zone.Identifier:Zone.Identifier
[0.132s] -- Up-to-date: /home/taj71/practic_ws/install/ur5_robot_description/share/ur5_robot_description/meshes/visual/shoulder.dae
[0.132s] -- Up-to-date: /home/taj71/practic_ws/install/ur5_robot_description/share/ur5_robot_description/meshes/visual/forearm.dae:Zone.Identifier
[0.132s] -- Up-to-date: /home/taj71/practic_ws/install/ur5_robot_description/share/ur5_robot_description/meshes/visual/wrist2.dae:Zone.Identifier:Zone.Identifier
[0.133s] -- Up-to-date: /home/taj71/practic_ws/install/ur5_robot_description/share/ur5_robot_description/meshes/visual/base.dae
[0.133s] -- Up-to-date: /home/taj71/practic_ws/install/ur5_robot_description/share/ur5_robot_description/meshes/visual/wrist2.dae:Zone.Identifier
[0.133s] -- Up-to-date: /home/taj71/practic_ws/install/ur5_robot_description/share/ur5_robot_description/meshes/visual/base.dae:Zone.Identifier
[0.134s] -- Up-to-date: /home/taj71/practic_ws/install/ur5_robot_description/share/ur5_robot_description/meshes/visual/wrist1.dae
[0.137s] -- Up-to-date: /home/taj71/practic_ws/install/ur5_robot_description/share/ur5_robot_description/meshes/visual/forearm.dae:Zone.Identifier:Zone.Identifier:Zone.Identifier
[0.137s] -- Up-to-date: /home/taj71/practic_ws/install/ur5_robot_description/share/ur5_robot_description/meshes/visual/upperarm.dae
[0.138s] -- Up-to-date: /home/taj71/practic_ws/install/ur5_robot_description/share/ur5_robot_description/meshes/visual/wrist2.dae:Zone.Identifier:Zone.Identifier:Zone.Identifier
[0.139s] -- Up-to-date: /home/taj71/practic_ws/install/ur5_robot_description/share/ur5_robot_description/meshes/visual/shoulder.dae:Zone.Identifier
[0.140s] -- Up-to-date: /home/taj71/practic_ws/install/ur5_robot_description/share/ur5_robot_description/meshes/visual/wrist1.dae:Zone.Identifier
[0.142s] -- Up-to-date: /home/taj71/practic_ws/install/ur5_robot_description/share/ur5_robot_description/meshes/visual/upperarm.dae:Zone.Identifier
[0.142s] -- Up-to-date: /home/taj71/practic_ws/install/ur5_robot_description/share/ur5_robot_description/meshes/visual/forearm.dae
[0.143s] -- Up-to-date: /home/taj71/practic_ws/install/ur5_robot_description/share/ur5_robot_description/meshes/visual/wrist3.dae:Zone.Identifier
[0.144s] -- Up-to-date: /home/taj71/practic_ws/install/ur5_robot_description/share/ur5_robot_description/meshes/visual/wrist2.dae
[0.144s] -- Up-to-date: /home/taj71/practic_ws/install/ur5_robot_description/share/ur5_robot_description/rviz
[0.145s] -- Up-to-date: /home/taj71/practic_ws/install/ur5_robot_description/share/ur5_robot_description/rviz/display.rviz
[0.145s] -- Up-to-date: /home/taj71/practic_ws/install/ur5_robot_description/share/ur5_robot_description/rviz/display.rviz:Zone.Identifier
[0.145s] -- Up-to-date: /home/taj71/practic_ws/install/ur5_robot_description/share/ur5_robot_description/rviz/display_new.rviz
[0.146s] -- Up-to-date: /home/taj71/practic_ws/install/ur5_robot_description/share/ur5_robot_description/rviz/display_new.rviz:Zone.Identifier
[0.146s] -- Up-to-date: /home/taj71/practic_ws/install/ur5_robot_description/share/ur5_robot_description/urdf
[0.147s] -- Up-to-date: /home/taj71/practic_ws/install/ur5_robot_description/share/ur5_robot_description/urdf/ur5_gripper_main.xacro:Zone.Identifier
[0.147s] -- Up-to-date: /home/taj71/practic_ws/install/ur5_robot_description/share/ur5_robot_description/urdf/ur5_robot_transmission.xacro
[0.147s] -- Up-to-date: /home/taj71/practic_ws/install/ur5_robot_description/share/ur5_robot_description/urdf/ur5_gripper_main.xacro
[0.147s] -- Up-to-date: /home/taj71/practic_ws/install/ur5_robot_description/share/ur5_robot_description/urdf/eef.xacro
[0.148s] -- Up-to-date: /home/taj71/practic_ws/install/ur5_robot_description/share/ur5_robot_description/urdf/ur5_ros2_control.xacro:Zone.Identifier
[0.149s] -- Up-to-date: /home/taj71/practic_ws/install/ur5_robot_description/share/ur5_robot_description/urdf/ur5_robot_gazebo.xacro:Zone.Identifier
[0.149s] -- Up-to-date: /home/taj71/practic_ws/install/ur5_robot_description/share/ur5_robot_description/urdf/ur5_robot_transmission.xacro:Zone.Identifier
[0.150s] -- Up-to-date: /home/taj71/practic_ws/install/ur5_robot_description/share/ur5_robot_description/urdf/eef.xacro:Zone.Identifier
[0.150s] -- Up-to-date: /home/taj71/practic_ws/install/ur5_robot_description/share/ur5_robot_description/urdf/ur5_ros2_control.xacro
[0.151s] -- Up-to-date: /home/taj71/practic_ws/install/ur5_robot_description/share/ur5_robot_description/urdf/ur5_robot_gazebo.xacro
[0.151s] -- Up-to-date: /home/taj71/practic_ws/install/ur5_robot_description/share/ament_index/resource_index/package_run_dependencies/ur5_robot_description
[0.151s] -- Up-to-date: /home/taj71/practic_ws/install/ur5_robot_description/share/ament_index/resource_index/parent_prefix_path/ur5_robot_description
[0.152s] -- Up-to-date: /home/taj71/practic_ws/install/ur5_robot_description/share/ur5_robot_description/environment/ament_prefix_path.sh
[0.152s] -- Up-to-date: /home/taj71/practic_ws/install/ur5_robot_description/share/ur5_robot_description/environment/ament_prefix_path.dsv
[0.153s] -- Up-to-date: /home/taj71/practic_ws/install/ur5_robot_description/share/ur5_robot_description/environment/path.sh
[0.153s] -- Up-to-date: /home/taj71/practic_ws/install/ur5_robot_description/share/ur5_robot_description/environment/path.dsv
[0.153s] -- Up-to-date: /home/taj71/practic_ws/install/ur5_robot_description/share/ur5_robot_description/local_setup.bash
[0.154s] -- Up-to-date: /home/taj71/practic_ws/install/ur5_robot_description/share/ur5_robot_description/local_setup.sh
[0.154s] -- Up-to-date: /home/taj71/practic_ws/install/ur5_robot_description/share/ur5_robot_description/local_setup.zsh
[0.154s] -- Up-to-date: /home/taj71/practic_ws/install/ur5_robot_description/share/ur5_robot_description/local_setup.dsv
[0.155s] -- Installing: /home/taj71/practic_ws/install/ur5_robot_description/share/ur5_robot_description/package.dsv
[0.155s] -- Up-to-date: /home/taj71/practic_ws/install/ur5_robot_description/share/ament_index/resource_index/packages/ur5_robot_description
[0.155s] -- Up-to-date: /home/taj71/practic_ws/install/ur5_robot_description/share/ur5_robot_description/cmake/ur5_robot_descriptionConfig.cmake
[0.156s] -- Up-to-date: /home/taj71/practic_ws/install/ur5_robot_description/share/ur5_robot_description/cmake/ur5_robot_descriptionConfig-version.cmake
[0.156s] -- Up-to-date: /home/taj71/practic_ws/install/ur5_robot_description/share/ur5_robot_description/package.xml
[0.181s] Invoked command in '/home/taj71/practic_ws/build/ur5_robot_description' returned '0': CMAKE_PREFIX_PATH=${CMAKE_PREFIX_PATH}:/opt/ros/iron /usr/bin/cmake --install /home/taj71/practic_ws/build/ur5_robot_description
