[0.117s] Invoking command in '/home/taj71/ur5_ws/build/robotiq_description': CMAKE_PREFIX_PATH=${CMAKE_PREFIX_PATH}:/home/taj71/ur5_ws/install/ur5_robot_py:/opt/ros/iron /usr/bin/cmake --build /home/taj71/ur5_ws/build/robotiq_description -- -j8 -l8
[0.963s] Invoked command in '/home/taj71/ur5_ws/build/robotiq_description' returned '0': CMAKE_PREFIX_PATH=${CMAKE_PREFIX_PATH}:/home/taj71/ur5_ws/install/ur5_robot_py:/opt/ros/iron /usr/bin/cmake --build /home/taj71/ur5_ws/build/robotiq_description -- -j8 -l8
[0.973s] Invoking command in '/home/taj71/ur5_ws/build/robotiq_description': CMAKE_PREFIX_PATH=${CMAKE_PREFIX_PATH}:/home/taj71/ur5_ws/install/ur5_robot_py:/opt/ros/iron /usr/bin/cmake --install /home/taj71/ur5_ws/build/robotiq_description
[1.019s] -- Install configuration: ""
[1.026s] -- Up-to-date: /home/taj71/ur5_ws/install/robotiq_description/share/robotiq_description/config
[1.028s] -- Up-to-date: /home/taj71/ur5_ws/install/robotiq_description/share/robotiq_description/config/config.rviz
[1.033s] -- Up-to-date: /home/taj71/ur5_ws/install/robotiq_description/share/robotiq_description/launch
[1.034s] -- Up-to-date: /home/taj71/ur5_ws/install/robotiq_description/share/robotiq_description/launch/display.launch.py
[1.035s] -- Up-to-date: /home/taj71/ur5_ws/install/robotiq_description/share/robotiq_description/meshes
[1.040s] -- Up-to-date: /home/taj71/ur5_ws/install/robotiq_description/share/robotiq_description/meshes/collision
[1.044s] -- Up-to-date: /home/taj71/ur5_ws/install/robotiq_description/share/robotiq_description/meshes/collision/robotiq_85_inner_knuckle_link.stl
[1.046s] -- Up-to-date: /home/taj71/ur5_ws/install/robotiq_description/share/robotiq_description/meshes/collision/robotiq_85_base_link.stl
[1.048s] -- Up-to-date: /home/taj71/ur5_ws/install/robotiq_description/share/robotiq_description/meshes/collision/robotiq_85_finger_tip_link.stl
[1.048s] -- Up-to-date: /home/taj71/ur5_ws/install/robotiq_description/share/robotiq_description/meshes/collision/robotiq_85_finger_link.stl
[1.049s] -- Up-to-date: /home/taj71/ur5_ws/install/robotiq_description/share/robotiq_description/meshes/collision/robotiq_85_knuckle_link.stl
[1.050s] -- Up-to-date: /home/taj71/ur5_ws/install/robotiq_description/share/robotiq_description/meshes/visual
[1.052s] -- Up-to-date: /home/taj71/ur5_ws/install/robotiq_description/share/robotiq_description/meshes/visual/robotiq_85_inner_knuckle_link.dae
[1.056s] -- Up-to-date: /home/taj71/ur5_ws/install/robotiq_description/share/robotiq_description/meshes/visual/robotiq_85_knuckle_link.dae
[1.059s] -- Up-to-date: /home/taj71/ur5_ws/install/robotiq_description/share/robotiq_description/meshes/visual/robotiq_85_finger_link.dae
[1.063s] -- Up-to-date: /home/taj71/ur5_ws/install/robotiq_description/share/robotiq_description/meshes/visual/robotiq_85_finger_tip_link.dae
[1.065s] -- Up-to-date: /home/taj71/ur5_ws/install/robotiq_description/share/robotiq_description/meshes/visual/robotiq_85_base_link.dae
[1.067s] -- Up-to-date: /home/taj71/ur5_ws/install/robotiq_description/share/robotiq_description/rviz
[1.068s] -- Up-to-date: /home/taj71/ur5_ws/install/robotiq_description/share/robotiq_description/rviz/display.rviz
[1.070s] -- Up-to-date: /home/taj71/ur5_ws/install/robotiq_description/share/robotiq_description/urdf
[1.072s] -- Up-to-date: /home/taj71/ur5_ws/install/robotiq_description/share/robotiq_description/urdf/robotiq_85_gripper2.xacro
[1.073s] -- Up-to-date: /home/taj71/ur5_ws/install/robotiq_description/share/robotiq_description/urdf/robotiq_85_gripper.xacro
[1.074s] -- Up-to-date: /home/taj71/ur5_ws/install/robotiq_description/share/robotiq_description/urdf/robotiq_85_gripper.transmission.xacro
[1.075s] -- Up-to-date: /home/taj71/ur5_ws/install/robotiq_description/share/robotiq_description/urdf/robotiq_85_gripper.urdf.xacro
[1.077s] -- Up-to-date: /home/taj71/ur5_ws/install/robotiq_description/share/robotiq_description/urdf/robotiq_85_gripper_sim_base.urdf.xacro
[1.080s] -- Up-to-date: /home/taj71/ur5_ws/install/robotiq_description/share/ament_index/resource_index/package_run_dependencies/robotiq_description
[1.081s] -- Up-to-date: /home/taj71/ur5_ws/install/robotiq_description/share/ament_index/resource_index/parent_prefix_path/robotiq_description
[1.082s] -- Up-to-date: /home/taj71/ur5_ws/install/robotiq_description/share/robotiq_description/environment/ament_prefix_path.sh
[1.083s] -- Up-to-date: /home/taj71/ur5_ws/install/robotiq_description/share/robotiq_description/environment/ament_prefix_path.dsv
[1.083s] -- Up-to-date: /home/taj71/ur5_ws/install/robotiq_description/share/robotiq_description/environment/path.sh
[1.084s] -- Up-to-date: /home/taj71/ur5_ws/install/robotiq_description/share/robotiq_description/environment/path.dsv
[1.084s] -- Up-to-date: /home/taj71/ur5_ws/install/robotiq_description/share/robotiq_description/local_setup.bash
[1.085s] -- Up-to-date: /home/taj71/ur5_ws/install/robotiq_description/share/robotiq_description/local_setup.sh
[1.085s] -- Up-to-date: /home/taj71/ur5_ws/install/robotiq_description/share/robotiq_description/local_setup.zsh
[1.088s] -- Up-to-date: /home/taj71/ur5_ws/install/robotiq_description/share/robotiq_description/local_setup.dsv
[1.089s] -- Installing: /home/taj71/ur5_ws/install/robotiq_description/share/robotiq_description/package.dsv
[1.090s] -- Up-to-date: /home/taj71/ur5_ws/install/robotiq_description/share/ament_index/resource_index/packages/robotiq_description
[1.094s] -- Up-to-date: /home/taj71/ur5_ws/install/robotiq_description/share/robotiq_description/cmake/robotiq_descriptionConfig.cmake
[1.096s] -- Up-to-date: /home/taj71/ur5_ws/install/robotiq_description/share/robotiq_description/cmake/robotiq_descriptionConfig-version.cmake
[1.096s] -- Up-to-date: /home/taj71/ur5_ws/install/robotiq_description/share/robotiq_description/package.xml
[1.266s] Invoked command in '/home/taj71/ur5_ws/build/robotiq_description' returned '0': CMAKE_PREFIX_PATH=${CMAKE_PREFIX_PATH}:/home/taj71/ur5_ws/install/ur5_robot_py:/opt/ros/iron /usr/bin/cmake --install /home/taj71/ur5_ws/build/robotiq_description
