[0.040s] Invoking command in '/home/taj71/ur5_ws/build/robotiq_description': CMAKE_PREFIX_PATH=${CMAKE_PREFIX_PATH}:/home/taj71/ur5_ws/install/ur5_robot_py:/opt/ros/iron /usr/bin/cmake --build /home/taj71/ur5_ws/build/robotiq_description -- -j8 -l8
[0.443s] Invoked command in '/home/taj71/ur5_ws/build/robotiq_description' returned '0': CMAKE_PREFIX_PATH=${CMAKE_PREFIX_PATH}:/home/taj71/ur5_ws/install/ur5_robot_py:/opt/ros/iron /usr/bin/cmake --build /home/taj71/ur5_ws/build/robotiq_description -- -j8 -l8
[0.455s] Invoking command in '/home/taj71/ur5_ws/build/robotiq_description': CMAKE_PREFIX_PATH=${CMAKE_PREFIX_PATH}:/home/taj71/ur5_ws/install/ur5_robot_py:/opt/ros/iron /usr/bin/cmake --install /home/taj71/ur5_ws/build/robotiq_description
[0.465s] -- Install configuration: ""
[0.467s] -- Up-to-date: /home/taj71/ur5_ws/install/robotiq_description/share/robotiq_description/config
[0.469s] -- Up-to-date: /home/taj71/ur5_ws/install/robotiq_description/share/robotiq_description/config/config.rviz
[0.469s] -- Up-to-date: /home/taj71/ur5_ws/install/robotiq_description/share/robotiq_description/launch
[0.471s] -- Up-to-date: /home/taj71/ur5_ws/install/robotiq_description/share/robotiq_description/launch/display.launch.py
[0.471s] -- Up-to-date: /home/taj71/ur5_ws/install/robotiq_description/share/robotiq_description/meshes
[0.471s] -- Up-to-date: /home/taj71/ur5_ws/install/robotiq_description/share/robotiq_description/meshes/collision
[0.472s] -- Up-to-date: /home/taj71/ur5_ws/install/robotiq_description/share/robotiq_description/meshes/collision/robotiq_85_inner_knuckle_link.stl
[0.472s] -- Up-to-date: /home/taj71/ur5_ws/install/robotiq_description/share/robotiq_description/meshes/collision/robotiq_85_base_link.stl
[0.473s] -- Up-to-date: /home/taj71/ur5_ws/install/robotiq_description/share/robotiq_description/meshes/collision/robotiq_85_finger_tip_link.stl
[0.473s] -- Up-to-date: /home/taj71/ur5_ws/install/robotiq_description/share/robotiq_description/meshes/collision/robotiq_85_finger_link.stl
[0.473s] -- Up-to-date: /home/taj71/ur5_ws/install/robotiq_description/share/robotiq_description/meshes/collision/robotiq_85_knuckle_link.stl
[0.474s] -- Up-to-date: /home/taj71/ur5_ws/install/robotiq_description/share/robotiq_description/meshes/visual
[0.474s] -- Up-to-date: /home/taj71/ur5_ws/install/robotiq_description/share/robotiq_description/meshes/visual/robotiq_85_inner_knuckle_link.dae
[0.474s] -- Up-to-date: /home/taj71/ur5_ws/install/robotiq_description/share/robotiq_description/meshes/visual/robotiq_85_knuckle_link.dae
[0.475s] -- Up-to-date: /home/taj71/ur5_ws/install/robotiq_description/share/robotiq_description/meshes/visual/robotiq_85_finger_link.dae
[0.476s] -- Up-to-date: /home/taj71/ur5_ws/install/robotiq_description/share/robotiq_description/meshes/visual/robotiq_85_finger_tip_link.dae
[0.477s] -- Up-to-date: /home/taj71/ur5_ws/install/robotiq_description/share/robotiq_description/meshes/visual/robotiq_85_base_link.dae
[0.477s] -- Up-to-date: /home/taj71/ur5_ws/install/robotiq_description/share/robotiq_description/rviz
[0.478s] -- Up-to-date: /home/taj71/ur5_ws/install/robotiq_description/share/robotiq_description/rviz/display.rviz
[0.478s] -- Up-to-date: /home/taj71/ur5_ws/install/robotiq_description/share/robotiq_description/urdf
[0.479s] -- Up-to-date: /home/taj71/ur5_ws/install/robotiq_description/share/robotiq_description/urdf/robotiq_85_gripper2.xacro
[0.479s] -- Up-to-date: /home/taj71/ur5_ws/install/robotiq_description/share/robotiq_description/urdf/robotiq_85_gripper.xacro
[0.480s] -- Up-to-date: /home/taj71/ur5_ws/install/robotiq_description/share/robotiq_description/urdf/robotiq_85_gripper.transmission.xacro
[0.480s] -- Up-to-date: /home/taj71/ur5_ws/install/robotiq_description/share/robotiq_description/urdf/robotiq_85_gripper.urdf.xacro
[0.482s] -- Up-to-date: /home/taj71/ur5_ws/install/robotiq_description/share/robotiq_description/urdf/robotiq_85_gripper_sim_base.urdf.xacro
[0.482s] -- Up-to-date: /home/taj71/ur5_ws/install/robotiq_description/share/ament_index/resource_index/package_run_dependencies/robotiq_description
[0.483s] -- Up-to-date: /home/taj71/ur5_ws/install/robotiq_description/share/ament_index/resource_index/parent_prefix_path/robotiq_description
[0.483s] -- Up-to-date: /home/taj71/ur5_ws/install/robotiq_description/share/robotiq_description/environment/ament_prefix_path.sh
[0.483s] -- Up-to-date: /home/taj71/ur5_ws/install/robotiq_description/share/robotiq_description/environment/ament_prefix_path.dsv
[0.484s] -- Up-to-date: /home/taj71/ur5_ws/install/robotiq_description/share/robotiq_description/environment/path.sh
[0.484s] -- Up-to-date: /home/taj71/ur5_ws/install/robotiq_description/share/robotiq_description/environment/path.dsv
[0.484s] -- Up-to-date: /home/taj71/ur5_ws/install/robotiq_description/share/robotiq_description/local_setup.bash
[0.485s] -- Up-to-date: /home/taj71/ur5_ws/install/robotiq_description/share/robotiq_description/local_setup.sh
[0.485s] -- Up-to-date: /home/taj71/ur5_ws/install/robotiq_description/share/robotiq_description/local_setup.zsh
[0.486s] -- Up-to-date: /home/taj71/ur5_ws/install/robotiq_description/share/robotiq_description/local_setup.dsv
[0.486s] -- Installing: /home/taj71/ur5_ws/install/robotiq_description/share/robotiq_description/package.dsv
[0.486s] -- Up-to-date: /home/taj71/ur5_ws/install/robotiq_description/share/ament_index/resource_index/packages/robotiq_description
[0.487s] -- Up-to-date: /home/taj71/ur5_ws/install/robotiq_description/share/robotiq_description/cmake/robotiq_descriptionConfig.cmake
[0.489s] -- Up-to-date: /home/taj71/ur5_ws/install/robotiq_description/share/robotiq_description/cmake/robotiq_descriptionConfig-version.cmake
[0.489s] -- Up-to-date: /home/taj71/ur5_ws/install/robotiq_description/share/robotiq_description/package.xml
[0.512s] Invoked command in '/home/taj71/ur5_ws/build/robotiq_description' returned '0': CMAKE_PREFIX_PATH=${CMAKE_PREFIX_PATH}:/home/taj71/ur5_ws/install/ur5_robot_py:/opt/ros/iron /usr/bin/cmake --install /home/taj71/ur5_ws/build/robotiq_description
