[1.019s] DEBUG:colcon:Command line arguments: ['/home/taj71/.local/bin/colcon', 'build']
[1.020s] DEBUG:colcon:Parsed command line arguments: Namespace(log_base=None, log_level=None, verb_name='build', build_base='build', install_base='install', merge_install=False, symlink_install=False, test_result_base=None, continue_on_error=False, executor='parallel', parallel_workers=8, event_handlers=None, ignore_user_meta=False, metas=['./colcon.meta'], base_paths=['.'], packages_ignore=None, packages_ignore_regex=None, paths=None, packages_up_to=None, packages_up_to_regex=None, packages_above=None, packages_above_and_dependencies=None, packages_above_depth=None, packages_select_by_dep=None, packages_skip_by_dep=None, packages_skip_up_to=None, packages_select_build_failed=False, packages_skip_build_finished=False, packages_select_test_failures=False, packages_skip_test_passed=False, packages_select=None, packages_skip=None, packages_select_regex=None, packages_skip_regex=None, packages_start=None, packages_end=None, allow_overriding=[], cmake_args=None, cmake_target=None, cmake_target_skip_unavailable=False, cmake_clean_cache=False, cmake_clean_first=False, cmake_force_configure=False, ament_cmake_args=None, catkin_cmake_args=None, catkin_skip_building_tests=False, mixin_files=None, mixin=None, verb_parser=<colcon_mixin.mixin.mixin_argument.MixinArgumentDecorator object at 0x7fc4477fc910>, verb_extension=<colcon_core.verb.build.BuildVerb object at 0x7fc4479018a0>, main=<bound method BuildVerb.main of <colcon_core.verb.build.BuildVerb object at 0x7fc4479018a0>>, mixin_verb=('build',))
[1.497s] Level 1:colcon.colcon_core.package_discovery:discover_packages(colcon_meta) check parameters
[1.498s] Level 1:colcon.colcon_core.package_discovery:discover_packages(recursive) check parameters
[1.498s] Level 1:colcon.colcon_core.package_discovery:discover_packages(ignore) check parameters
[1.498s] Level 1:colcon.colcon_core.package_discovery:discover_packages(path) check parameters
[1.498s] Level 1:colcon.colcon_core.package_discovery:discover_packages(colcon_meta) discover
[1.499s] Level 1:colcon.colcon_core.package_discovery:discover_packages(recursive) discover
[1.499s] INFO:colcon.colcon_core.package_discovery:Crawling recursively for packages in '/home/taj71/practic_ws'
[1.499s] Level 1:colcon.colcon_core.package_identification:_identify(.) by extensions ['ignore', 'ignore_ament_install']
[1.499s] Level 1:colcon.colcon_core.package_identification:_identify(.) by extension 'ignore'
[1.499s] Level 1:colcon.colcon_core.package_identification:_identify(.) by extension 'ignore_ament_install'
[1.501s] Level 1:colcon.colcon_core.package_identification:_identify(.) by extensions ['colcon_pkg']
[1.501s] Level 1:colcon.colcon_core.package_identification:_identify(.) by extension 'colcon_pkg'
[1.501s] Level 1:colcon.colcon_core.package_identification:_identify(.) by extensions ['colcon_meta']
[1.501s] Level 1:colcon.colcon_core.package_identification:_identify(.) by extension 'colcon_meta'
[1.501s] Level 1:colcon.colcon_core.package_identification:_identify(.) by extensions ['ros']
[1.501s] Level 1:colcon.colcon_core.package_identification:_identify(.) by extension 'ros'
[1.538s] Level 1:colcon.colcon_core.package_identification:_identify(.) by extensions ['cmake', 'python']
[1.538s] Level 1:colcon.colcon_core.package_identification:_identify(.) by extension 'cmake'
[1.538s] Level 1:colcon.colcon_core.package_identification:_identify(.) by extension 'python'
[1.539s] Level 1:colcon.colcon_core.package_identification:_identify(.) by extensions ['python_setup_py']
[1.539s] Level 1:colcon.colcon_core.package_identification:_identify(.) by extension 'python_setup_py'
[1.539s] Level 1:colcon.colcon_core.package_identification:_identify(build) by extensions ['ignore', 'ignore_ament_install']
[1.539s] Level 1:colcon.colcon_core.package_identification:_identify(build) by extension 'ignore'
[1.539s] Level 1:colcon.colcon_core.package_identification:_identify(build) ignored
[1.540s] Level 1:colcon.colcon_core.package_identification:_identify(install) by extensions ['ignore', 'ignore_ament_install']
[1.540s] Level 1:colcon.colcon_core.package_identification:_identify(install) by extension 'ignore'
[1.540s] Level 1:colcon.colcon_core.package_identification:_identify(install) ignored
[1.541s] Level 1:colcon.colcon_core.package_identification:_identify(log) by extensions ['ignore', 'ignore_ament_install']
[1.541s] Level 1:colcon.colcon_core.package_identification:_identify(log) by extension 'ignore'
[1.541s] Level 1:colcon.colcon_core.package_identification:_identify(log) ignored
[1.541s] Level 1:colcon.colcon_core.package_identification:_identify(src) by extensions ['ignore', 'ignore_ament_install']
[1.541s] Level 1:colcon.colcon_core.package_identification:_identify(src) by extension 'ignore'
[1.541s] Level 1:colcon.colcon_core.package_identification:_identify(src) by extension 'ignore_ament_install'
[1.541s] Level 1:colcon.colcon_core.package_identification:_identify(src) by extensions ['colcon_pkg']
[1.542s] Level 1:colcon.colcon_core.package_identification:_identify(src) by extension 'colcon_pkg'
[1.542s] Level 1:colcon.colcon_core.package_identification:_identify(src) by extensions ['colcon_meta']
[1.542s] Level 1:colcon.colcon_core.package_identification:_identify(src) by extension 'colcon_meta'
[1.542s] Level 1:colcon.colcon_core.package_identification:_identify(src) by extensions ['ros']
[1.542s] Level 1:colcon.colcon_core.package_identification:_identify(src) by extension 'ros'
[1.543s] Level 1:colcon.colcon_core.package_identification:_identify(src) by extensions ['cmake', 'python']
[1.543s] Level 1:colcon.colcon_core.package_identification:_identify(src) by extension 'cmake'
[1.543s] Level 1:colcon.colcon_core.package_identification:_identify(src) by extension 'python'
[1.543s] Level 1:colcon.colcon_core.package_identification:_identify(src) by extensions ['python_setup_py']
[1.543s] Level 1:colcon.colcon_core.package_identification:_identify(src) by extension 'python_setup_py'
[1.543s] Level 1:colcon.colcon_core.package_identification:_identify(src/build) by extensions ['ignore', 'ignore_ament_install']
[1.544s] Level 1:colcon.colcon_core.package_identification:_identify(src/build) by extension 'ignore'
[1.544s] Level 1:colcon.colcon_core.package_identification:_identify(src/build) ignored
[1.544s] Level 1:colcon.colcon_core.package_identification:_identify(src/install) by extensions ['ignore', 'ignore_ament_install']
[1.544s] Level 1:colcon.colcon_core.package_identification:_identify(src/install) by extension 'ignore'
[1.544s] Level 1:colcon.colcon_core.package_identification:_identify(src/install) ignored
[1.545s] Level 1:colcon.colcon_core.package_identification:_identify(src/log) by extensions ['ignore', 'ignore_ament_install']
[1.545s] Level 1:colcon.colcon_core.package_identification:_identify(src/log) by extension 'ignore'
[1.545s] Level 1:colcon.colcon_core.package_identification:_identify(src/log) ignored
[1.545s] Level 1:colcon.colcon_core.package_identification:_identify(src/robotiq_description) by extensions ['ignore', 'ignore_ament_install']
[1.545s] Level 1:colcon.colcon_core.package_identification:_identify(src/robotiq_description) by extension 'ignore'
[1.545s] Level 1:colcon.colcon_core.package_identification:_identify(src/robotiq_description) by extension 'ignore_ament_install'
[1.545s] Level 1:colcon.colcon_core.package_identification:_identify(src/robotiq_description) by extensions ['colcon_pkg']
[1.545s] Level 1:colcon.colcon_core.package_identification:_identify(src/robotiq_description) by extension 'colcon_pkg'
[1.546s] Level 1:colcon.colcon_core.package_identification:_identify(src/robotiq_description) by extensions ['colcon_meta']
[1.546s] Level 1:colcon.colcon_core.package_identification:_identify(src/robotiq_description) by extension 'colcon_meta'
[1.546s] Level 1:colcon.colcon_core.package_identification:_identify(src/robotiq_description) by extensions ['ros']
[1.546s] Level 1:colcon.colcon_core.package_identification:_identify(src/robotiq_description) by extension 'ros'
[1.554s] DEBUG:colcon.colcon_core.package_identification:Package 'src/robotiq_description' with type 'ros.ament_cmake' and name 'robotiq_description'
[1.556s] Level 1:colcon.colcon_core.package_identification:_identify(src/ur5_controller) by extensions ['ignore', 'ignore_ament_install']
[1.556s] Level 1:colcon.colcon_core.package_identification:_identify(src/ur5_controller) by extension 'ignore'
[1.557s] Level 1:colcon.colcon_core.package_identification:_identify(src/ur5_controller) by extension 'ignore_ament_install'
[1.558s] Level 1:colcon.colcon_core.package_identification:_identify(src/ur5_controller) by extensions ['colcon_pkg']
[1.558s] Level 1:colcon.colcon_core.package_identification:_identify(src/ur5_controller) by extension 'colcon_pkg'
[1.559s] Level 1:colcon.colcon_core.package_identification:_identify(src/ur5_controller) by extensions ['colcon_meta']
[1.559s] Level 1:colcon.colcon_core.package_identification:_identify(src/ur5_controller) by extension 'colcon_meta'
[1.559s] Level 1:colcon.colcon_core.package_identification:_identify(src/ur5_controller) by extensions ['ros']
[1.559s] Level 1:colcon.colcon_core.package_identification:_identify(src/ur5_controller) by extension 'ros'
[1.562s] DEBUG:colcon.colcon_core.package_identification:Package 'src/ur5_controller' with type 'ros.ament_cmake' and name 'ur5_controller'
[1.562s] Level 1:colcon.colcon_core.package_identification:_identify(src/ur5_gripper_moveit_config) by extensions ['ignore', 'ignore_ament_install']
[1.563s] Level 1:colcon.colcon_core.package_identification:_identify(src/ur5_gripper_moveit_config) by extension 'ignore'
[1.563s] Level 1:colcon.colcon_core.package_identification:_identify(src/ur5_gripper_moveit_config) by extension 'ignore_ament_install'
[1.564s] Level 1:colcon.colcon_core.package_identification:_identify(src/ur5_gripper_moveit_config) by extensions ['colcon_pkg']
[1.565s] Level 1:colcon.colcon_core.package_identification:_identify(src/ur5_gripper_moveit_config) by extension 'colcon_pkg'
[1.566s] Level 1:colcon.colcon_core.package_identification:_identify(src/ur5_gripper_moveit_config) by extensions ['colcon_meta']
[1.566s] Level 1:colcon.colcon_core.package_identification:_identify(src/ur5_gripper_moveit_config) by extension 'colcon_meta'
[1.567s] Level 1:colcon.colcon_core.package_identification:_identify(src/ur5_gripper_moveit_config) by extensions ['ros']
[1.567s] Level 1:colcon.colcon_core.package_identification:_identify(src/ur5_gripper_moveit_config) by extension 'ros'
[1.569s] DEBUG:colcon.colcon_core.package_identification:Package 'src/ur5_gripper_moveit_config' with type 'ros.ament_cmake' and name 'ur5_gripper_moveit_config'
[1.570s] Level 1:colcon.colcon_core.package_identification:_identify(src/ur5_robot_description) by extensions ['ignore', 'ignore_ament_install']
[1.570s] Level 1:colcon.colcon_core.package_identification:_identify(src/ur5_robot_description) by extension 'ignore'
[1.570s] Level 1:colcon.colcon_core.package_identification:_identify(src/ur5_robot_description) by extension 'ignore_ament_install'
[1.571s] Level 1:colcon.colcon_core.package_identification:_identify(src/ur5_robot_description) by extensions ['colcon_pkg']
[1.571s] Level 1:colcon.colcon_core.package_identification:_identify(src/ur5_robot_description) by extension 'colcon_pkg'
[1.571s] Level 1:colcon.colcon_core.package_identification:_identify(src/ur5_robot_description) by extensions ['colcon_meta']
[1.571s] Level 1:colcon.colcon_core.package_identification:_identify(src/ur5_robot_description) by extension 'colcon_meta'
[1.571s] Level 1:colcon.colcon_core.package_identification:_identify(src/ur5_robot_description) by extensions ['ros']
[1.571s] Level 1:colcon.colcon_core.package_identification:_identify(src/ur5_robot_description) by extension 'ros'
[1.579s] DEBUG:colcon.colcon_core.package_identification:Package 'src/ur5_robot_description' with type 'ros.ament_cmake' and name 'ur5_robot_description'
[1.580s] Level 1:colcon.colcon_core.package_discovery:discover_packages(recursive) using defaults
[1.580s] Level 1:colcon.colcon_core.package_discovery:discover_packages(ignore) discover
[1.580s] Level 1:colcon.colcon_core.package_discovery:discover_packages(ignore) using defaults
[1.580s] Level 1:colcon.colcon_core.package_discovery:discover_packages(path) discover
[1.580s] Level 1:colcon.colcon_core.package_discovery:discover_packages(path) using defaults
[1.678s] Level 1:colcon.colcon_core.package_discovery:discover_packages(prefix_path) check parameters
[1.679s] Level 1:colcon.colcon_core.package_discovery:discover_packages(prefix_path) discover
[1.687s] DEBUG:colcon.colcon_installed_package_information.package_discovery:Found 413 installed packages in /opt/ros/iron
[1.694s] Level 1:colcon.colcon_core.package_discovery:discover_packages(prefix_path) using defaults
[1.849s] Level 5:colcon.colcon_core.verb:set package 'robotiq_description' build argument 'cmake_args' from command line to 'None'
[1.849s] Level 5:colcon.colcon_core.verb:set package 'robotiq_description' build argument 'cmake_target' from command line to 'None'
[1.849s] Level 5:colcon.colcon_core.verb:set package 'robotiq_description' build argument 'cmake_target_skip_unavailable' from command line to 'False'
[1.849s] Level 5:colcon.colcon_core.verb:set package 'robotiq_description' build argument 'cmake_clean_cache' from command line to 'False'
[1.849s] Level 5:colcon.colcon_core.verb:set package 'robotiq_description' build argument 'cmake_clean_first' from command line to 'False'
[1.849s] Level 5:colcon.colcon_core.verb:set package 'robotiq_description' build argument 'cmake_force_configure' from command line to 'False'
[1.849s] Level 5:colcon.colcon_core.verb:set package 'robotiq_description' build argument 'ament_cmake_args' from command line to 'None'
[1.849s] Level 5:colcon.colcon_core.verb:set package 'robotiq_description' build argument 'catkin_cmake_args' from command line to 'None'
[1.849s] Level 5:colcon.colcon_core.verb:set package 'robotiq_description' build argument 'catkin_skip_building_tests' from command line to 'False'
[1.849s] DEBUG:colcon.colcon_core.verb:Building package 'robotiq_description' with the following arguments: {'ament_cmake_args': None, 'build_base': '/home/taj71/practic_ws/build/robotiq_description', 'catkin_cmake_args': None, 'catkin_skip_building_tests': False, 'cmake_args': None, 'cmake_clean_cache': False, 'cmake_clean_first': False, 'cmake_force_configure': False, 'cmake_target': None, 'cmake_target_skip_unavailable': False, 'install_base': '/home/taj71/practic_ws/install/robotiq_description', 'merge_install': False, 'path': '/home/taj71/practic_ws/src/robotiq_description', 'symlink_install': False, 'test_result_base': None}
[1.851s] Level 5:colcon.colcon_core.verb:set package 'ur5_controller' build argument 'cmake_args' from command line to 'None'
[1.851s] Level 5:colcon.colcon_core.verb:set package 'ur5_controller' build argument 'cmake_target' from command line to 'None'
[1.851s] Level 5:colcon.colcon_core.verb:set package 'ur5_controller' build argument 'cmake_target_skip_unavailable' from command line to 'False'
[1.851s] Level 5:colcon.colcon_core.verb:set package 'ur5_controller' build argument 'cmake_clean_cache' from command line to 'False'
[1.851s] Level 5:colcon.colcon_core.verb:set package 'ur5_controller' build argument 'cmake_clean_first' from command line to 'False'
[1.851s] Level 5:colcon.colcon_core.verb:set package 'ur5_controller' build argument 'cmake_force_configure' from command line to 'False'
[1.851s] Level 5:colcon.colcon_core.verb:set package 'ur5_controller' build argument 'ament_cmake_args' from command line to 'None'
[1.851s] Level 5:colcon.colcon_core.verb:set package 'ur5_controller' build argument 'catkin_cmake_args' from command line to 'None'
[1.851s] Level 5:colcon.colcon_core.verb:set package 'ur5_controller' build argument 'catkin_skip_building_tests' from command line to 'False'
[1.851s] DEBUG:colcon.colcon_core.verb:Building package 'ur5_controller' with the following arguments: {'ament_cmake_args': None, 'build_base': '/home/taj71/practic_ws/build/ur5_controller', 'catkin_cmake_args': None, 'catkin_skip_building_tests': False, 'cmake_args': None, 'cmake_clean_cache': False, 'cmake_clean_first': False, 'cmake_force_configure': False, 'cmake_target': None, 'cmake_target_skip_unavailable': False, 'install_base': '/home/taj71/practic_ws/install/ur5_controller', 'merge_install': False, 'path': '/home/taj71/practic_ws/src/ur5_controller', 'symlink_install': False, 'test_result_base': None}
[1.852s] Level 5:colcon.colcon_core.verb:set package 'ur5_robot_description' build argument 'cmake_args' from command line to 'None'
[1.853s] Level 5:colcon.colcon_core.verb:set package 'ur5_robot_description' build argument 'cmake_target' from command line to 'None'
[1.853s] Level 5:colcon.colcon_core.verb:set package 'ur5_robot_description' build argument 'cmake_target_skip_unavailable' from command line to 'False'
[1.853s] Level 5:colcon.colcon_core.verb:set package 'ur5_robot_description' build argument 'cmake_clean_cache' from command line to 'False'
[1.853s] Level 5:colcon.colcon_core.verb:set package 'ur5_robot_description' build argument 'cmake_clean_first' from command line to 'False'
[1.853s] Level 5:colcon.colcon_core.verb:set package 'ur5_robot_description' build argument 'cmake_force_configure' from command line to 'False'
[1.853s] Level 5:colcon.colcon_core.verb:set package 'ur5_robot_description' build argument 'ament_cmake_args' from command line to 'None'
[1.853s] Level 5:colcon.colcon_core.verb:set package 'ur5_robot_description' build argument 'catkin_cmake_args' from command line to 'None'
[1.853s] Level 5:colcon.colcon_core.verb:set package 'ur5_robot_description' build argument 'catkin_skip_building_tests' from command line to 'False'
[1.853s] DEBUG:colcon.colcon_core.verb:Building package 'ur5_robot_description' with the following arguments: {'ament_cmake_args': None, 'build_base': '/home/taj71/practic_ws/build/ur5_robot_description', 'catkin_cmake_args': None, 'catkin_skip_building_tests': False, 'cmake_args': None, 'cmake_clean_cache': False, 'cmake_clean_first': False, 'cmake_force_configure': False, 'cmake_target': None, 'cmake_target_skip_unavailable': False, 'install_base': '/home/taj71/practic_ws/install/ur5_robot_description', 'merge_install': False, 'path': '/home/taj71/practic_ws/src/ur5_robot_description', 'symlink_install': False, 'test_result_base': None}
[1.854s] Level 5:colcon.colcon_core.verb:set package 'ur5_gripper_moveit_config' build argument 'cmake_args' from command line to 'None'
[1.854s] Level 5:colcon.colcon_core.verb:set package 'ur5_gripper_moveit_config' build argument 'cmake_target' from command line to 'None'
[1.854s] Level 5:colcon.colcon_core.verb:set package 'ur5_gripper_moveit_config' build argument 'cmake_target_skip_unavailable' from command line to 'False'
[1.854s] Level 5:colcon.colcon_core.verb:set package 'ur5_gripper_moveit_config' build argument 'cmake_clean_cache' from command line to 'False'
[1.854s] Level 5:colcon.colcon_core.verb:set package 'ur5_gripper_moveit_config' build argument 'cmake_clean_first' from command line to 'False'
[1.854s] Level 5:colcon.colcon_core.verb:set package 'ur5_gripper_moveit_config' build argument 'cmake_force_configure' from command line to 'False'
[1.854s] Level 5:colcon.colcon_core.verb:set package 'ur5_gripper_moveit_config' build argument 'ament_cmake_args' from command line to 'None'
[1.854s] Level 5:colcon.colcon_core.verb:set package 'ur5_gripper_moveit_config' build argument 'catkin_cmake_args' from command line to 'None'
[1.855s] Level 5:colcon.colcon_core.verb:set package 'ur5_gripper_moveit_config' build argument 'catkin_skip_building_tests' from command line to 'False'
[1.855s] DEBUG:colcon.colcon_core.verb:Building package 'ur5_gripper_moveit_config' with the following arguments: {'ament_cmake_args': None, 'build_base': '/home/taj71/practic_ws/build/ur5_gripper_moveit_config', 'catkin_cmake_args': None, 'catkin_skip_building_tests': False, 'cmake_args': None, 'cmake_clean_cache': False, 'cmake_clean_first': False, 'cmake_force_configure': False, 'cmake_target': None, 'cmake_target_skip_unavailable': False, 'install_base': '/home/taj71/practic_ws/install/ur5_gripper_moveit_config', 'merge_install': False, 'path': '/home/taj71/practic_ws/src/ur5_gripper_moveit_config', 'symlink_install': False, 'test_result_base': None}
[1.855s] INFO:colcon.colcon_core.executor:Executing jobs using 'parallel' executor
[1.858s] DEBUG:colcon.colcon_parallel_executor.executor.parallel:run_until_complete
[1.860s] INFO:colcon.colcon_ros.task.ament_cmake.build:Building ROS package in '/home/taj71/practic_ws/src/ur5_robot_description' with build type 'ament_cmake'
[1.860s] INFO:colcon.colcon_cmake.task.cmake.build:Building CMake package in '/home/taj71/practic_ws/src/ur5_robot_description'
[1.868s] INFO:colcon.colcon_core.plugin_system:Skipping extension 'colcon_core.shell.bat': Not used on non-Windows systems
[1.869s] INFO:colcon.colcon_core.shell:Skip shell extension 'powershell' for command environment: Not usable outside of PowerShell
[1.869s] DEBUG:colcon.colcon_core.shell:Skip shell extension 'dsv' for command environment
[1.883s] INFO:colcon.colcon_ros.task.ament_cmake.build:Building ROS package in '/home/taj71/practic_ws/src/robotiq_description' with build type 'ament_cmake'
[1.884s] INFO:colcon.colcon_cmake.task.cmake.build:Building CMake package in '/home/taj71/practic_ws/src/robotiq_description'
[1.888s] INFO:colcon.colcon_core.shell:Skip shell extension 'powershell' for command environment: Not usable outside of PowerShell
[1.888s] DEBUG:colcon.colcon_core.shell:Skip shell extension 'dsv' for command environment
[1.923s] INFO:colcon.colcon_ros.task.ament_cmake.build:Building ROS package in '/home/taj71/practic_ws/src/ur5_controller' with build type 'ament_cmake'
[1.923s] INFO:colcon.colcon_cmake.task.cmake.build:Building CMake package in '/home/taj71/practic_ws/src/ur5_controller'
[1.924s] INFO:colcon.colcon_core.shell:Skip shell extension 'powershell' for command environment: Not usable outside of PowerShell
[1.924s] DEBUG:colcon.colcon_core.shell:Skip shell extension 'dsv' for command environment
[1.993s] DEBUG:colcon.colcon_core.event_handler.log_command:Invoking command in '/home/taj71/practic_ws/build/ur5_robot_description': CMAKE_PREFIX_PATH=/opt/ros/iron /usr/bin/cmake --build /home/taj71/practic_ws/build/ur5_robot_description -- -j8 -l8
[2.018s] DEBUG:colcon.colcon_core.event_handler.log_command:Invoking command in '/home/taj71/practic_ws/build/robotiq_description': CMAKE_PREFIX_PATH=/opt/ros/iron /usr/bin/cmake --build /home/taj71/practic_ws/build/robotiq_description -- -j8 -l8
[2.042s] DEBUG:colcon.colcon_core.event_handler.log_command:Invoking command in '/home/taj71/practic_ws/build/ur5_controller': CMAKE_PREFIX_PATH=/opt/ros/iron /usr/bin/cmake --build /home/taj71/practic_ws/build/ur5_controller -- -j8 -l8
[2.108s] DEBUG:colcon.colcon_core.event_handler.log_command:Invoked command in '/home/taj71/practic_ws/build/ur5_robot_description' returned '0': CMAKE_PREFIX_PATH=/opt/ros/iron /usr/bin/cmake --build /home/taj71/practic_ws/build/ur5_robot_description -- -j8 -l8
[2.127s] DEBUG:colcon.colcon_core.event_handler.log_command:Invoking command in '/home/taj71/practic_ws/build/ur5_robot_description': CMAKE_PREFIX_PATH=/opt/ros/iron /usr/bin/cmake --install /home/taj71/practic_ws/build/ur5_robot_description
[2.144s] DEBUG:colcon.colcon_core.event_handler.log_command:Invoked command in '/home/taj71/practic_ws/build/ur5_controller' returned '0': CMAKE_PREFIX_PATH=/opt/ros/iron /usr/bin/cmake --build /home/taj71/practic_ws/build/ur5_controller -- -j8 -l8
[2.144s] DEBUG:colcon.colcon_core.event_handler.log_command:Invoking command in '/home/taj71/practic_ws/build/ur5_controller': CMAKE_PREFIX_PATH=/opt/ros/iron /usr/bin/cmake --install /home/taj71/practic_ws/build/ur5_controller
[2.169s] DEBUG:colcon.colcon_core.event_handler.log_command:Invoked command in '/home/taj71/practic_ws/build/robotiq_description' returned '0': CMAKE_PREFIX_PATH=/opt/ros/iron /usr/bin/cmake --build /home/taj71/practic_ws/build/robotiq_description -- -j8 -l8
[2.170s] DEBUG:colcon.colcon_core.event_handler.log_command:Invoking command in '/home/taj71/practic_ws/build/robotiq_description': CMAKE_PREFIX_PATH=/opt/ros/iron /usr/bin/cmake --install /home/taj71/practic_ws/build/robotiq_description
[2.185s] Level 1:colcon.colcon_core.environment:create_environment_scripts_only(ur5_robot_description)
[2.232s] DEBUG:colcon.colcon_core.event_handler.log_command:Invoked command in '/home/taj71/practic_ws/build/ur5_robot_description' returned '0': CMAKE_PREFIX_PATH=/opt/ros/iron /usr/bin/cmake --install /home/taj71/practic_ws/build/ur5_robot_description
[2.266s] Level 1:colcon.colcon_core.environment:checking '/home/taj71/practic_ws/install/ur5_robot_description' for CMake module files
[2.268s] Level 1:colcon.colcon_core.environment:checking '/home/taj71/practic_ws/install/ur5_robot_description' for CMake config files
[2.269s] Level 1:colcon.colcon_core.shell:create_environment_hook('ur5_robot_description', 'cmake_prefix_path')
[2.270s] INFO:colcon.colcon_core.shell:Creating environment hook '/home/taj71/practic_ws/install/ur5_robot_description/share/ur5_robot_description/hook/cmake_prefix_path.ps1'
[2.272s] INFO:colcon.colcon_core.shell:Creating environment descriptor '/home/taj71/practic_ws/install/ur5_robot_description/share/ur5_robot_description/hook/cmake_prefix_path.dsv'
[2.274s] INFO:colcon.colcon_core.shell:Creating environment hook '/home/taj71/practic_ws/install/ur5_robot_description/share/ur5_robot_description/hook/cmake_prefix_path.sh'
[2.279s] Level 1:colcon.colcon_core.environment:checking '/home/taj71/practic_ws/install/ur5_robot_description/bin'
[2.279s] Level 1:colcon.colcon_core.environment:checking '/home/taj71/practic_ws/install/ur5_robot_description/lib/pkgconfig/ur5_robot_description.pc'
[2.279s] Level 1:colcon.colcon_core.environment:checking '/home/taj71/practic_ws/install/ur5_robot_description/lib/python3.10/site-packages'
[2.280s] Level 1:colcon.colcon_core.environment:checking '/home/taj71/practic_ws/install/ur5_robot_description/bin'
[2.281s] INFO:colcon.colcon_core.shell:Creating package script '/home/taj71/practic_ws/install/ur5_robot_description/share/ur5_robot_description/package.ps1'
[2.283s] INFO:colcon.colcon_core.shell:Creating package descriptor '/home/taj71/practic_ws/install/ur5_robot_description/share/ur5_robot_description/package.dsv'
[2.285s] INFO:colcon.colcon_core.shell:Creating package script '/home/taj71/practic_ws/install/ur5_robot_description/share/ur5_robot_description/package.sh'
[2.287s] INFO:colcon.colcon_core.shell:Creating package script '/home/taj71/practic_ws/install/ur5_robot_description/share/ur5_robot_description/package.bash'
[2.290s] INFO:colcon.colcon_core.shell:Creating package script '/home/taj71/practic_ws/install/ur5_robot_description/share/ur5_robot_description/package.zsh'
[2.293s] Level 1:colcon.colcon_core.environment:create_file_with_runtime_dependencies(/home/taj71/practic_ws/install/ur5_robot_description/share/colcon-core/packages/ur5_robot_description)
[2.296s] Level 1:colcon.colcon_core.environment:create_environment_scripts_only(ur5_robot_description)
[2.296s] Level 1:colcon.colcon_core.environment:checking '/home/taj71/practic_ws/install/ur5_robot_description' for CMake module files
[2.297s] Level 1:colcon.colcon_core.environment:checking '/home/taj71/practic_ws/install/ur5_robot_description' for CMake config files
[2.298s] Level 1:colcon.colcon_core.shell:create_environment_hook('ur5_robot_description', 'cmake_prefix_path')
[2.299s] INFO:colcon.colcon_core.shell:Creating environment hook '/home/taj71/practic_ws/install/ur5_robot_description/share/ur5_robot_description/hook/cmake_prefix_path.ps1'
[2.301s] INFO:colcon.colcon_core.shell:Creating environment descriptor '/home/taj71/practic_ws/install/ur5_robot_description/share/ur5_robot_description/hook/cmake_prefix_path.dsv'
[2.303s] INFO:colcon.colcon_core.shell:Creating environment hook '/home/taj71/practic_ws/install/ur5_robot_description/share/ur5_robot_description/hook/cmake_prefix_path.sh'
[2.306s] Level 1:colcon.colcon_core.environment:checking '/home/taj71/practic_ws/install/ur5_robot_description/bin'
[2.307s] Level 1:colcon.colcon_core.environment:checking '/home/taj71/practic_ws/install/ur5_robot_description/lib/pkgconfig/ur5_robot_description.pc'
[2.307s] Level 1:colcon.colcon_core.environment:checking '/home/taj71/practic_ws/install/ur5_robot_description/lib/python3.10/site-packages'
[2.310s] Level 1:colcon.colcon_core.environment:checking '/home/taj71/practic_ws/install/ur5_robot_description/bin'
[2.311s] INFO:colcon.colcon_core.shell:Creating package script '/home/taj71/practic_ws/install/ur5_robot_description/share/ur5_robot_description/package.ps1'
[2.312s] INFO:colcon.colcon_core.shell:Creating package descriptor '/home/taj71/practic_ws/install/ur5_robot_description/share/ur5_robot_description/package.dsv'
[2.314s] INFO:colcon.colcon_core.shell:Creating package script '/home/taj71/practic_ws/install/ur5_robot_description/share/ur5_robot_description/package.sh'
[2.315s] INFO:colcon.colcon_core.shell:Creating package script '/home/taj71/practic_ws/install/ur5_robot_description/share/ur5_robot_description/package.bash'
[2.316s] INFO:colcon.colcon_core.shell:Creating package script '/home/taj71/practic_ws/install/ur5_robot_description/share/ur5_robot_description/package.zsh'
[2.317s] Level 1:colcon.colcon_core.environment:create_file_with_runtime_dependencies(/home/taj71/practic_ws/install/ur5_robot_description/share/colcon-core/packages/ur5_robot_description)
[2.317s] Level 1:colcon.colcon_core.environment:create_environment_scripts_only(ur5_controller)
[2.318s] Level 1:colcon.colcon_core.environment:checking '/home/taj71/practic_ws/install/ur5_controller' for CMake module files
[2.319s] Level 1:colcon.colcon_core.environment:checking '/home/taj71/practic_ws/install/ur5_controller' for CMake config files
[2.320s] Level 1:colcon.colcon_core.shell:create_environment_hook('ur5_controller', 'cmake_prefix_path')
[2.320s] INFO:colcon.colcon_core.shell:Creating environment hook '/home/taj71/practic_ws/install/ur5_controller/share/ur5_controller/hook/cmake_prefix_path.ps1'
[2.323s] INFO:colcon.colcon_core.shell:Creating environment descriptor '/home/taj71/practic_ws/install/ur5_controller/share/ur5_controller/hook/cmake_prefix_path.dsv'
[2.325s] DEBUG:colcon.colcon_core.event_handler.log_command:Invoked command in '/home/taj71/practic_ws/build/ur5_controller' returned '0': CMAKE_PREFIX_PATH=/opt/ros/iron /usr/bin/cmake --install /home/taj71/practic_ws/build/ur5_controller
[2.330s] INFO:colcon.colcon_core.shell:Creating environment hook '/home/taj71/practic_ws/install/ur5_controller/share/ur5_controller/hook/cmake_prefix_path.sh'
[2.334s] Level 1:colcon.colcon_core.environment:checking '/home/taj71/practic_ws/install/ur5_controller/bin'
[2.334s] Level 1:colcon.colcon_core.environment:checking '/home/taj71/practic_ws/install/ur5_controller/lib/pkgconfig/ur5_controller.pc'
[2.335s] Level 1:colcon.colcon_core.environment:checking '/home/taj71/practic_ws/install/ur5_controller/lib/python3.10/site-packages'
[2.335s] Level 1:colcon.colcon_core.environment:checking '/home/taj71/practic_ws/install/ur5_controller/bin'
[2.336s] INFO:colcon.colcon_core.shell:Creating package script '/home/taj71/practic_ws/install/ur5_controller/share/ur5_controller/package.ps1'
[2.338s] INFO:colcon.colcon_core.shell:Creating package descriptor '/home/taj71/practic_ws/install/ur5_controller/share/ur5_controller/package.dsv'
[2.340s] INFO:colcon.colcon_core.shell:Creating package script '/home/taj71/practic_ws/install/ur5_controller/share/ur5_controller/package.sh'
[2.343s] INFO:colcon.colcon_core.shell:Creating package script '/home/taj71/practic_ws/install/ur5_controller/share/ur5_controller/package.bash'
[2.349s] INFO:colcon.colcon_core.shell:Creating package script '/home/taj71/practic_ws/install/ur5_controller/share/ur5_controller/package.zsh'
[2.351s] Level 1:colcon.colcon_core.environment:create_file_with_runtime_dependencies(/home/taj71/practic_ws/install/ur5_controller/share/colcon-core/packages/ur5_controller)
[2.354s] Level 1:colcon.colcon_core.environment:create_environment_scripts_only(ur5_controller)
[2.355s] Level 1:colcon.colcon_core.environment:checking '/home/taj71/practic_ws/install/ur5_controller' for CMake module files
[2.358s] Level 1:colcon.colcon_core.environment:checking '/home/taj71/practic_ws/install/ur5_controller' for CMake config files
[2.359s] Level 1:colcon.colcon_core.shell:create_environment_hook('ur5_controller', 'cmake_prefix_path')
[2.361s] INFO:colcon.colcon_core.shell:Creating environment hook '/home/taj71/practic_ws/install/ur5_controller/share/ur5_controller/hook/cmake_prefix_path.ps1'
[2.369s] INFO:colcon.colcon_core.shell:Creating environment descriptor '/home/taj71/practic_ws/install/ur5_controller/share/ur5_controller/hook/cmake_prefix_path.dsv'
[2.371s] INFO:colcon.colcon_core.shell:Creating environment hook '/home/taj71/practic_ws/install/ur5_controller/share/ur5_controller/hook/cmake_prefix_path.sh'
[2.374s] Level 1:colcon.colcon_core.environment:checking '/home/taj71/practic_ws/install/ur5_controller/bin'
[2.374s] Level 1:colcon.colcon_core.environment:checking '/home/taj71/practic_ws/install/ur5_controller/lib/pkgconfig/ur5_controller.pc'
[2.375s] Level 1:colcon.colcon_core.environment:checking '/home/taj71/practic_ws/install/ur5_controller/lib/python3.10/site-packages'
[2.376s] Level 1:colcon.colcon_core.environment:checking '/home/taj71/practic_ws/install/ur5_controller/bin'
[2.377s] INFO:colcon.colcon_core.shell:Creating package script '/home/taj71/practic_ws/install/ur5_controller/share/ur5_controller/package.ps1'
[2.380s] INFO:colcon.colcon_core.shell:Creating package descriptor '/home/taj71/practic_ws/install/ur5_controller/share/ur5_controller/package.dsv'
[2.384s] INFO:colcon.colcon_core.shell:Creating package script '/home/taj71/practic_ws/install/ur5_controller/share/ur5_controller/package.sh'
[2.388s] INFO:colcon.colcon_core.shell:Creating package script '/home/taj71/practic_ws/install/ur5_controller/share/ur5_controller/package.bash'
[2.391s] INFO:colcon.colcon_core.shell:Creating package script '/home/taj71/practic_ws/install/ur5_controller/share/ur5_controller/package.zsh'
[2.394s] Level 1:colcon.colcon_core.environment:create_file_with_runtime_dependencies(/home/taj71/practic_ws/install/ur5_controller/share/colcon-core/packages/ur5_controller)
[2.397s] INFO:colcon.colcon_ros.task.ament_cmake.build:Building ROS package in '/home/taj71/practic_ws/src/ur5_gripper_moveit_config' with build type 'ament_cmake'
[2.401s] INFO:colcon.colcon_cmake.task.cmake.build:Building CMake package in '/home/taj71/practic_ws/src/ur5_gripper_moveit_config'
[2.407s] INFO:colcon.colcon_core.shell:Skip shell extension 'powershell' for command environment: Not usable outside of PowerShell
[2.407s] DEBUG:colcon.colcon_core.shell:Skip shell extension 'dsv' for command environment
[2.427s] Level 1:colcon.colcon_core.environment:create_environment_scripts_only(robotiq_description)
[2.429s] Level 1:colcon.colcon_core.environment:checking '/home/taj71/practic_ws/install/robotiq_description' for CMake module files
[2.434s] DEBUG:colcon.colcon_core.event_handler.log_command:Invoked command in '/home/taj71/practic_ws/build/robotiq_description' returned '0': CMAKE_PREFIX_PATH=/opt/ros/iron /usr/bin/cmake --install /home/taj71/practic_ws/build/robotiq_description
[2.436s] Level 1:colcon.colcon_core.environment:checking '/home/taj71/practic_ws/install/robotiq_description' for CMake config files
[2.440s] Level 1:colcon.colcon_core.shell:create_environment_hook('robotiq_description', 'cmake_prefix_path')
[2.445s] INFO:colcon.colcon_core.shell:Creating environment hook '/home/taj71/practic_ws/install/robotiq_description/share/robotiq_description/hook/cmake_prefix_path.ps1'
[2.454s] INFO:colcon.colcon_core.shell:Creating environment descriptor '/home/taj71/practic_ws/install/robotiq_description/share/robotiq_description/hook/cmake_prefix_path.dsv'
[2.458s] INFO:colcon.colcon_core.shell:Creating environment hook '/home/taj71/practic_ws/install/robotiq_description/share/robotiq_description/hook/cmake_prefix_path.sh'
[2.471s] Level 1:colcon.colcon_core.environment:checking '/home/taj71/practic_ws/install/robotiq_description/bin'
[2.472s] Level 1:colcon.colcon_core.environment:checking '/home/taj71/practic_ws/install/robotiq_description/lib/pkgconfig/robotiq_description.pc'
[2.475s] Level 1:colcon.colcon_core.environment:checking '/home/taj71/practic_ws/install/robotiq_description/lib/python3.10/site-packages'
[2.476s] Level 1:colcon.colcon_core.environment:checking '/home/taj71/practic_ws/install/robotiq_description/bin'
[2.487s] INFO:colcon.colcon_core.shell:Creating package script '/home/taj71/practic_ws/install/robotiq_description/share/robotiq_description/package.ps1'
[2.489s] INFO:colcon.colcon_core.shell:Creating package descriptor '/home/taj71/practic_ws/install/robotiq_description/share/robotiq_description/package.dsv'
[2.491s] INFO:colcon.colcon_core.shell:Creating package script '/home/taj71/practic_ws/install/robotiq_description/share/robotiq_description/package.sh'
[2.493s] INFO:colcon.colcon_core.shell:Creating package script '/home/taj71/practic_ws/install/robotiq_description/share/robotiq_description/package.bash'
[2.495s] INFO:colcon.colcon_core.shell:Creating package script '/home/taj71/practic_ws/install/robotiq_description/share/robotiq_description/package.zsh'
[2.497s] Level 1:colcon.colcon_core.environment:create_file_with_runtime_dependencies(/home/taj71/practic_ws/install/robotiq_description/share/colcon-core/packages/robotiq_description)
[2.505s] Level 1:colcon.colcon_core.environment:create_environment_scripts_only(robotiq_description)
[2.509s] Level 1:colcon.colcon_core.environment:checking '/home/taj71/practic_ws/install/robotiq_description' for CMake module files
[2.511s] Level 1:colcon.colcon_core.environment:checking '/home/taj71/practic_ws/install/robotiq_description' for CMake config files
[2.512s] Level 1:colcon.colcon_core.shell:create_environment_hook('robotiq_description', 'cmake_prefix_path')
[2.513s] INFO:colcon.colcon_core.shell:Creating environment hook '/home/taj71/practic_ws/install/robotiq_description/share/robotiq_description/hook/cmake_prefix_path.ps1'
[2.526s] INFO:colcon.colcon_core.shell:Creating environment descriptor '/home/taj71/practic_ws/install/robotiq_description/share/robotiq_description/hook/cmake_prefix_path.dsv'
[2.528s] INFO:colcon.colcon_core.shell:Creating environment hook '/home/taj71/practic_ws/install/robotiq_description/share/robotiq_description/hook/cmake_prefix_path.sh'
[2.531s] Level 1:colcon.colcon_core.environment:checking '/home/taj71/practic_ws/install/robotiq_description/bin'
[2.532s] Level 1:colcon.colcon_core.environment:checking '/home/taj71/practic_ws/install/robotiq_description/lib/pkgconfig/robotiq_description.pc'
[2.540s] Level 1:colcon.colcon_core.environment:checking '/home/taj71/practic_ws/install/robotiq_description/lib/python3.10/site-packages'
[2.542s] Level 1:colcon.colcon_core.environment:checking '/home/taj71/practic_ws/install/robotiq_description/bin'
[2.544s] INFO:colcon.colcon_core.shell:Creating package script '/home/taj71/practic_ws/install/robotiq_description/share/robotiq_description/package.ps1'
[2.547s] INFO:colcon.colcon_core.shell:Creating package descriptor '/home/taj71/practic_ws/install/robotiq_description/share/robotiq_description/package.dsv'
[2.552s] INFO:colcon.colcon_core.shell:Creating package script '/home/taj71/practic_ws/install/robotiq_description/share/robotiq_description/package.sh'
[2.563s] INFO:colcon.colcon_core.shell:Creating package script '/home/taj71/practic_ws/install/robotiq_description/share/robotiq_description/package.bash'
[2.565s] INFO:colcon.colcon_core.shell:Creating package script '/home/taj71/practic_ws/install/robotiq_description/share/robotiq_description/package.zsh'
[2.574s] Level 1:colcon.colcon_core.environment:create_file_with_runtime_dependencies(/home/taj71/practic_ws/install/robotiq_description/share/colcon-core/packages/robotiq_description)
[2.997s] DEBUG:colcon.colcon_core.event_handler.log_command:Invoking command in '/home/taj71/practic_ws/build/ur5_gripper_moveit_config': AMENT_PREFIX_PATH=/home/taj71/practic_ws/install/ur5_robot_description:${AMENT_PREFIX_PATH} CMAKE_PREFIX_PATH=/home/taj71/practic_ws/install/ur5_robot_description:/opt/ros/iron /usr/bin/cmake --build /home/taj71/practic_ws/build/ur5_gripper_moveit_config -- -j8 -l8
[3.092s] DEBUG:colcon.colcon_core.event_handler.log_command:Invoked command in '/home/taj71/practic_ws/build/ur5_gripper_moveit_config' returned '0': AMENT_PREFIX_PATH=/home/taj71/practic_ws/install/ur5_robot_description:${AMENT_PREFIX_PATH} CMAKE_PREFIX_PATH=/home/taj71/practic_ws/install/ur5_robot_description:/opt/ros/iron /usr/bin/cmake --build /home/taj71/practic_ws/build/ur5_gripper_moveit_config -- -j8 -l8
[3.096s] DEBUG:colcon.colcon_core.event_handler.log_command:Invoking command in '/home/taj71/practic_ws/build/ur5_gripper_moveit_config': AMENT_PREFIX_PATH=/home/taj71/practic_ws/install/ur5_robot_description:${AMENT_PREFIX_PATH} CMAKE_PREFIX_PATH=/home/taj71/practic_ws/install/ur5_robot_description:/opt/ros/iron /usr/bin/cmake --install /home/taj71/practic_ws/build/ur5_gripper_moveit_config
[3.122s] Level 1:colcon.colcon_core.environment:create_environment_scripts_only(ur5_gripper_moveit_config)
[3.123s] Level 1:colcon.colcon_core.environment:checking '/home/taj71/practic_ws/install/ur5_gripper_moveit_config' for CMake module files
[3.125s] Level 1:colcon.colcon_core.environment:checking '/home/taj71/practic_ws/install/ur5_gripper_moveit_config' for CMake config files
[3.126s] Level 1:colcon.colcon_core.shell:create_environment_hook('ur5_gripper_moveit_config', 'cmake_prefix_path')
[3.128s] INFO:colcon.colcon_core.shell:Creating environment hook '/home/taj71/practic_ws/install/ur5_gripper_moveit_config/share/ur5_gripper_moveit_config/hook/cmake_prefix_path.ps1'
[3.129s] INFO:colcon.colcon_core.shell:Creating environment descriptor '/home/taj71/practic_ws/install/ur5_gripper_moveit_config/share/ur5_gripper_moveit_config/hook/cmake_prefix_path.dsv'
[3.131s] INFO:colcon.colcon_core.shell:Creating environment hook '/home/taj71/practic_ws/install/ur5_gripper_moveit_config/share/ur5_gripper_moveit_config/hook/cmake_prefix_path.sh'
[3.133s] Level 1:colcon.colcon_core.environment:checking '/home/taj71/practic_ws/install/ur5_gripper_moveit_config/bin'
[3.133s] Level 1:colcon.colcon_core.environment:checking '/home/taj71/practic_ws/install/ur5_gripper_moveit_config/lib/pkgconfig/ur5_gripper_moveit_config.pc'
[3.134s] Level 1:colcon.colcon_core.environment:checking '/home/taj71/practic_ws/install/ur5_gripper_moveit_config/lib/python3.10/site-packages'
[3.134s] Level 1:colcon.colcon_core.environment:checking '/home/taj71/practic_ws/install/ur5_gripper_moveit_config/bin'
[3.135s] INFO:colcon.colcon_core.shell:Creating package script '/home/taj71/practic_ws/install/ur5_gripper_moveit_config/share/ur5_gripper_moveit_config/package.ps1'
[3.137s] INFO:colcon.colcon_core.shell:Creating package descriptor '/home/taj71/practic_ws/install/ur5_gripper_moveit_config/share/ur5_gripper_moveit_config/package.dsv'
[3.137s] INFO:colcon.colcon_core.shell:Creating package script '/home/taj71/practic_ws/install/ur5_gripper_moveit_config/share/ur5_gripper_moveit_config/package.sh'
[3.138s] INFO:colcon.colcon_core.shell:Creating package script '/home/taj71/practic_ws/install/ur5_gripper_moveit_config/share/ur5_gripper_moveit_config/package.bash'
[3.139s] INFO:colcon.colcon_core.shell:Creating package script '/home/taj71/practic_ws/install/ur5_gripper_moveit_config/share/ur5_gripper_moveit_config/package.zsh'
[3.140s] Level 1:colcon.colcon_core.environment:create_file_with_runtime_dependencies(/home/taj71/practic_ws/install/ur5_gripper_moveit_config/share/colcon-core/packages/ur5_gripper_moveit_config)
[3.142s] Level 1:colcon.colcon_core.environment:create_environment_scripts_only(ur5_gripper_moveit_config)
[3.142s] Level 1:colcon.colcon_core.environment:checking '/home/taj71/practic_ws/install/ur5_gripper_moveit_config' for CMake module files
[3.144s] DEBUG:colcon.colcon_core.event_handler.log_command:Invoked command in '/home/taj71/practic_ws/build/ur5_gripper_moveit_config' returned '0': AMENT_PREFIX_PATH=/home/taj71/practic_ws/install/ur5_robot_description:${AMENT_PREFIX_PATH} CMAKE_PREFIX_PATH=/home/taj71/practic_ws/install/ur5_robot_description:/opt/ros/iron /usr/bin/cmake --install /home/taj71/practic_ws/build/ur5_gripper_moveit_config
[3.145s] Level 1:colcon.colcon_core.environment:checking '/home/taj71/practic_ws/install/ur5_gripper_moveit_config' for CMake config files
[3.146s] Level 1:colcon.colcon_core.shell:create_environment_hook('ur5_gripper_moveit_config', 'cmake_prefix_path')
[3.147s] INFO:colcon.colcon_core.shell:Creating environment hook '/home/taj71/practic_ws/install/ur5_gripper_moveit_config/share/ur5_gripper_moveit_config/hook/cmake_prefix_path.ps1'
[3.149s] INFO:colcon.colcon_core.shell:Creating environment descriptor '/home/taj71/practic_ws/install/ur5_gripper_moveit_config/share/ur5_gripper_moveit_config/hook/cmake_prefix_path.dsv'
[3.149s] INFO:colcon.colcon_core.shell:Creating environment hook '/home/taj71/practic_ws/install/ur5_gripper_moveit_config/share/ur5_gripper_moveit_config/hook/cmake_prefix_path.sh'
[3.150s] Level 1:colcon.colcon_core.environment:checking '/home/taj71/practic_ws/install/ur5_gripper_moveit_config/bin'
[3.151s] Level 1:colcon.colcon_core.environment:checking '/home/taj71/practic_ws/install/ur5_gripper_moveit_config/lib/pkgconfig/ur5_gripper_moveit_config.pc'
[3.151s] Level 1:colcon.colcon_core.environment:checking '/home/taj71/practic_ws/install/ur5_gripper_moveit_config/lib/python3.10/site-packages'
[3.152s] Level 1:colcon.colcon_core.environment:checking '/home/taj71/practic_ws/install/ur5_gripper_moveit_config/bin'
[3.153s] INFO:colcon.colcon_core.shell:Creating package script '/home/taj71/practic_ws/install/ur5_gripper_moveit_config/share/ur5_gripper_moveit_config/package.ps1'
[3.154s] INFO:colcon.colcon_core.shell:Creating package descriptor '/home/taj71/practic_ws/install/ur5_gripper_moveit_config/share/ur5_gripper_moveit_config/package.dsv'
[3.155s] INFO:colcon.colcon_core.shell:Creating package script '/home/taj71/practic_ws/install/ur5_gripper_moveit_config/share/ur5_gripper_moveit_config/package.sh'
[3.156s] INFO:colcon.colcon_core.shell:Creating package script '/home/taj71/practic_ws/install/ur5_gripper_moveit_config/share/ur5_gripper_moveit_config/package.bash'
[3.157s] INFO:colcon.colcon_core.shell:Creating package script '/home/taj71/practic_ws/install/ur5_gripper_moveit_config/share/ur5_gripper_moveit_config/package.zsh'
[3.158s] Level 1:colcon.colcon_core.environment:create_file_with_runtime_dependencies(/home/taj71/practic_ws/install/ur5_gripper_moveit_config/share/colcon-core/packages/ur5_gripper_moveit_config)
[3.159s] DEBUG:colcon.colcon_parallel_executor.executor.parallel:closing loop
[3.162s] DEBUG:colcon.colcon_parallel_executor.executor.parallel:loop closed
[3.163s] DEBUG:colcon.colcon_parallel_executor.executor.parallel:run_until_complete finished with '0'
[3.163s] DEBUG:colcon.colcon_core.event_reactor:joining thread
[3.484s] INFO:colcon.colcon_core.plugin_system:Skipping extension 'colcon_notification.desktop_notification.notify_send': Could not find 'notify-send'
[3.485s] INFO:colcon.colcon_core.plugin_system:Skipping extension 'colcon_notification.desktop_notification.terminal_notifier': Not used on non-Darwin systems
[3.485s] INFO:colcon.colcon_core.plugin_system:Skipping extension 'colcon_notification.desktop_notification.win32': Not used on non-Windows systems
[3.485s] INFO:colcon.colcon_notification.desktop_notification:Sending desktop notification using 'notify2'
[3.485s] DEBUG:colcon.colcon_notification.desktop_notification.notify2:Failed to initialize notify2: org.freedesktop.DBus.Error.FileNotFound: Failed to connect to socket /run/user/1000/bus: No such file or directory
[3.485s] DEBUG:colcon.colcon_core.event_reactor:joined thread
[3.486s] INFO:colcon.colcon_core.shell:Creating prefix script '/home/taj71/practic_ws/install/local_setup.ps1'
[3.489s] INFO:colcon.colcon_core.shell:Creating prefix util module '/home/taj71/practic_ws/install/_local_setup_util_ps1.py'
[3.496s] INFO:colcon.colcon_core.shell:Creating prefix chain script '/home/taj71/practic_ws/install/setup.ps1'
[3.499s] INFO:colcon.colcon_core.shell:Creating prefix script '/home/taj71/practic_ws/install/local_setup.sh'
[3.501s] INFO:colcon.colcon_core.shell:Creating prefix util module '/home/taj71/practic_ws/install/_local_setup_util_sh.py'
[3.502s] INFO:colcon.colcon_core.shell:Creating prefix chain script '/home/taj71/practic_ws/install/setup.sh'
[3.506s] INFO:colcon.colcon_core.shell:Creating prefix script '/home/taj71/practic_ws/install/local_setup.bash'
[3.509s] INFO:colcon.colcon_core.shell:Creating prefix chain script '/home/taj71/practic_ws/install/setup.bash'
[3.512s] INFO:colcon.colcon_core.shell:Creating prefix script '/home/taj71/practic_ws/install/local_setup.zsh'
[3.514s] INFO:colcon.colcon_core.shell:Creating prefix chain script '/home/taj71/practic_ws/install/setup.zsh'
