[0.720s] DEBUG:colcon:Command line arguments: ['/home/taj71/.local/bin/colcon', 'build']
[0.721s] DEBUG:colcon:Parsed command line arguments: Namespace(log_base=None, log_level=None, verb_name='build', build_base='build', install_base='install', merge_install=False, symlink_install=False, test_result_base=None, continue_on_error=False, executor='parallel', parallel_workers=8, event_handlers=None, ignore_user_meta=False, metas=['./colcon.meta'], base_paths=['.'], packages_ignore=None, packages_ignore_regex=None, paths=None, packages_up_to=None, packages_up_to_regex=None, packages_above=None, packages_above_and_dependencies=None, packages_above_depth=None, packages_select_by_dep=None, packages_skip_by_dep=None, packages_skip_up_to=None, packages_select_build_failed=False, packages_skip_build_finished=False, packages_select_test_failures=False, packages_skip_test_passed=False, packages_select=None, packages_skip=None, packages_select_regex=None, packages_skip_regex=None, packages_start=None, packages_end=None, allow_overriding=[], cmake_args=None, cmake_target=None, cmake_target_skip_unavailable=False, cmake_clean_cache=False, cmake_clean_first=False, cmake_force_configure=False, ament_cmake_args=None, catkin_cmake_args=None, catkin_skip_building_tests=False, mixin_files=None, mixin=None, verb_parser=<colcon_mixin.mixin.mixin_argument.MixinArgumentDecorator object at 0x7f26b0354fd0>, verb_extension=<colcon_core.verb.build.BuildVerb object at 0x7f26b0455f60>, main=<bound method BuildVerb.main of <colcon_core.verb.build.BuildVerb object at 0x7f26b0455f60>>, mixin_verb=('build',))
[1.148s] Level 1:colcon.colcon_core.package_discovery:discover_packages(colcon_meta) check parameters
[1.149s] Level 1:colcon.colcon_core.package_discovery:discover_packages(recursive) check parameters
[1.149s] Level 1:colcon.colcon_core.package_discovery:discover_packages(ignore) check parameters
[1.149s] Level 1:colcon.colcon_core.package_discovery:discover_packages(path) check parameters
[1.149s] Level 1:colcon.colcon_core.package_discovery:discover_packages(colcon_meta) discover
[1.149s] Level 1:colcon.colcon_core.package_discovery:discover_packages(recursive) discover
[1.149s] INFO:colcon.colcon_core.package_discovery:Crawling recursively for packages in '/home/taj71/octo_ws/src'
[1.150s] Level 1:colcon.colcon_core.package_identification:_identify(.) by extensions ['ignore', 'ignore_ament_install']
[1.150s] Level 1:colcon.colcon_core.package_identification:_identify(.) by extension 'ignore'
[1.150s] Level 1:colcon.colcon_core.package_identification:_identify(.) by extension 'ignore_ament_install'
[1.150s] Level 1:colcon.colcon_core.package_identification:_identify(.) by extensions ['colcon_pkg']
[1.150s] Level 1:colcon.colcon_core.package_identification:_identify(.) by extension 'colcon_pkg'
[1.150s] Level 1:colcon.colcon_core.package_identification:_identify(.) by extensions ['colcon_meta']
[1.151s] Level 1:colcon.colcon_core.package_identification:_identify(.) by extension 'colcon_meta'
[1.151s] Level 1:colcon.colcon_core.package_identification:_identify(.) by extensions ['ros']
[1.151s] Level 1:colcon.colcon_core.package_identification:_identify(.) by extension 'ros'
[1.211s] Level 1:colcon.colcon_core.package_identification:_identify(.) by extensions ['cmake', 'python']
[1.212s] Level 1:colcon.colcon_core.package_identification:_identify(.) by extension 'cmake'
[1.212s] Level 1:colcon.colcon_core.package_identification:_identify(.) by extension 'python'
[1.212s] Level 1:colcon.colcon_core.package_identification:_identify(.) by extensions ['python_setup_py']
[1.212s] Level 1:colcon.colcon_core.package_identification:_identify(.) by extension 'python_setup_py'
[1.213s] Level 1:colcon.colcon_core.package_identification:_identify(build) by extensions ['ignore', 'ignore_ament_install']
[1.213s] Level 1:colcon.colcon_core.package_identification:_identify(build) by extension 'ignore'
[1.213s] Level 1:colcon.colcon_core.package_identification:_identify(build) ignored
[1.213s] Level 1:colcon.colcon_core.package_identification:_identify(install) by extensions ['ignore', 'ignore_ament_install']
[1.214s] Level 1:colcon.colcon_core.package_identification:_identify(install) by extension 'ignore'
[1.214s] Level 1:colcon.colcon_core.package_identification:_identify(install) ignored
[1.214s] Level 1:colcon.colcon_core.package_identification:_identify(log) by extensions ['ignore', 'ignore_ament_install']
[1.214s] Level 1:colcon.colcon_core.package_identification:_identify(log) by extension 'ignore'
[1.215s] Level 1:colcon.colcon_core.package_identification:_identify(log) ignored
[1.215s] Level 1:colcon.colcon_core.package_identification:_identify(robotiq_description) by extensions ['ignore', 'ignore_ament_install']
[1.215s] Level 1:colcon.colcon_core.package_identification:_identify(robotiq_description) by extension 'ignore'
[1.215s] Level 1:colcon.colcon_core.package_identification:_identify(robotiq_description) by extension 'ignore_ament_install'
[1.215s] Level 1:colcon.colcon_core.package_identification:_identify(robotiq_description) by extensions ['colcon_pkg']
[1.216s] Level 1:colcon.colcon_core.package_identification:_identify(robotiq_description) by extension 'colcon_pkg'
[1.216s] Level 1:colcon.colcon_core.package_identification:_identify(robotiq_description) by extensions ['colcon_meta']
[1.216s] Level 1:colcon.colcon_core.package_identification:_identify(robotiq_description) by extension 'colcon_meta'
[1.216s] Level 1:colcon.colcon_core.package_identification:_identify(robotiq_description) by extensions ['ros']
[1.216s] Level 1:colcon.colcon_core.package_identification:_identify(robotiq_description) by extension 'ros'
[1.222s] DEBUG:colcon.colcon_core.package_identification:Package 'robotiq_description' with type 'ros.ament_cmake' and name 'robotiq_description'
[1.222s] Level 1:colcon.colcon_core.package_identification:_identify(ur5_controller) by extensions ['ignore', 'ignore_ament_install']
[1.222s] Level 1:colcon.colcon_core.package_identification:_identify(ur5_controller) by extension 'ignore'
[1.223s] Level 1:colcon.colcon_core.package_identification:_identify(ur5_controller) by extension 'ignore_ament_install'
[1.223s] Level 1:colcon.colcon_core.package_identification:_identify(ur5_controller) by extensions ['colcon_pkg']
[1.223s] Level 1:colcon.colcon_core.package_identification:_identify(ur5_controller) by extension 'colcon_pkg'
[1.223s] Level 1:colcon.colcon_core.package_identification:_identify(ur5_controller) by extensions ['colcon_meta']
[1.223s] Level 1:colcon.colcon_core.package_identification:_identify(ur5_controller) by extension 'colcon_meta'
[1.223s] Level 1:colcon.colcon_core.package_identification:_identify(ur5_controller) by extensions ['ros']
[1.223s] Level 1:colcon.colcon_core.package_identification:_identify(ur5_controller) by extension 'ros'
[1.225s] DEBUG:colcon.colcon_core.package_identification:Package 'ur5_controller' with type 'ros.ament_cmake' and name 'ur5_controller'
[1.225s] Level 1:colcon.colcon_core.package_identification:_identify(ur5_robot_description) by extensions ['ignore', 'ignore_ament_install']
[1.225s] Level 1:colcon.colcon_core.package_identification:_identify(ur5_robot_description) by extension 'ignore'
[1.225s] Level 1:colcon.colcon_core.package_identification:_identify(ur5_robot_description) by extension 'ignore_ament_install'
[1.225s] Level 1:colcon.colcon_core.package_identification:_identify(ur5_robot_description) by extensions ['colcon_pkg']
[1.226s] Level 1:colcon.colcon_core.package_identification:_identify(ur5_robot_description) by extension 'colcon_pkg'
[1.226s] Level 1:colcon.colcon_core.package_identification:_identify(ur5_robot_description) by extensions ['colcon_meta']
[1.226s] Level 1:colcon.colcon_core.package_identification:_identify(ur5_robot_description) by extension 'colcon_meta'
[1.226s] Level 1:colcon.colcon_core.package_identification:_identify(ur5_robot_description) by extensions ['ros']
[1.226s] Level 1:colcon.colcon_core.package_identification:_identify(ur5_robot_description) by extension 'ros'
[1.231s] DEBUG:colcon.colcon_core.package_identification:Package 'ur5_robot_description' with type 'ros.ament_cmake' and name 'ur5_robot_description'
[1.231s] Level 1:colcon.colcon_core.package_discovery:discover_packages(recursive) using defaults
[1.231s] Level 1:colcon.colcon_core.package_discovery:discover_packages(ignore) discover
[1.232s] Level 1:colcon.colcon_core.package_discovery:discover_packages(ignore) using defaults
[1.232s] Level 1:colcon.colcon_core.package_discovery:discover_packages(path) discover
[1.232s] Level 1:colcon.colcon_core.package_discovery:discover_packages(path) using defaults
[1.268s] Level 1:colcon.colcon_core.package_discovery:discover_packages(prefix_path) check parameters
[1.269s] Level 1:colcon.colcon_core.package_discovery:discover_packages(prefix_path) discover
[1.272s] DEBUG:colcon.colcon_installed_package_information.package_discovery:Found 3 installed packages in /home/taj71/octo_ws/src/install
[1.273s] DEBUG:colcon.colcon_installed_package_information.package_discovery:Found 3 installed packages in /home/taj71/octo_ws/install
[1.276s] DEBUG:colcon.colcon_installed_package_information.package_discovery:Found 412 installed packages in /opt/ros/iron
[1.286s] DEBUG:colcon.colcon_installed_package_information.package_discovery:Found 414 installed packages in /opt/ros/humble
[1.314s] Level 1:colcon.colcon_core.package_discovery:discover_packages(prefix_path) using defaults
[1.545s] Level 5:colcon.colcon_core.verb:set package 'robotiq_description' build argument 'cmake_args' from command line to 'None'
[1.546s] Level 5:colcon.colcon_core.verb:set package 'robotiq_description' build argument 'cmake_target' from command line to 'None'
[1.546s] Level 5:colcon.colcon_core.verb:set package 'robotiq_description' build argument 'cmake_target_skip_unavailable' from command line to 'False'
[1.546s] Level 5:colcon.colcon_core.verb:set package 'robotiq_description' build argument 'cmake_clean_cache' from command line to 'False'
[1.546s] Level 5:colcon.colcon_core.verb:set package 'robotiq_description' build argument 'cmake_clean_first' from command line to 'False'
[1.546s] Level 5:colcon.colcon_core.verb:set package 'robotiq_description' build argument 'cmake_force_configure' from command line to 'False'
[1.546s] Level 5:colcon.colcon_core.verb:set package 'robotiq_description' build argument 'ament_cmake_args' from command line to 'None'
[1.546s] Level 5:colcon.colcon_core.verb:set package 'robotiq_description' build argument 'catkin_cmake_args' from command line to 'None'
[1.546s] Level 5:colcon.colcon_core.verb:set package 'robotiq_description' build argument 'catkin_skip_building_tests' from command line to 'False'
[1.546s] DEBUG:colcon.colcon_core.verb:Building package 'robotiq_description' with the following arguments: {'ament_cmake_args': None, 'build_base': '/home/taj71/octo_ws/src/build/robotiq_description', 'catkin_cmake_args': None, 'catkin_skip_building_tests': False, 'cmake_args': None, 'cmake_clean_cache': False, 'cmake_clean_first': False, 'cmake_force_configure': False, 'cmake_target': None, 'cmake_target_skip_unavailable': False, 'install_base': '/home/taj71/octo_ws/src/install/robotiq_description', 'merge_install': False, 'path': '/home/taj71/octo_ws/src/robotiq_description', 'symlink_install': False, 'test_result_base': None}
[1.547s] Level 5:colcon.colcon_core.verb:set package 'ur5_controller' build argument 'cmake_args' from command line to 'None'
[1.547s] Level 5:colcon.colcon_core.verb:set package 'ur5_controller' build argument 'cmake_target' from command line to 'None'
[1.547s] Level 5:colcon.colcon_core.verb:set package 'ur5_controller' build argument 'cmake_target_skip_unavailable' from command line to 'False'
[1.547s] Level 5:colcon.colcon_core.verb:set package 'ur5_controller' build argument 'cmake_clean_cache' from command line to 'False'
[1.547s] Level 5:colcon.colcon_core.verb:set package 'ur5_controller' build argument 'cmake_clean_first' from command line to 'False'
[1.547s] Level 5:colcon.colcon_core.verb:set package 'ur5_controller' build argument 'cmake_force_configure' from command line to 'False'
[1.547s] Level 5:colcon.colcon_core.verb:set package 'ur5_controller' build argument 'ament_cmake_args' from command line to 'None'
[1.547s] Level 5:colcon.colcon_core.verb:set package 'ur5_controller' build argument 'catkin_cmake_args' from command line to 'None'
[1.547s] Level 5:colcon.colcon_core.verb:set package 'ur5_controller' build argument 'catkin_skip_building_tests' from command line to 'False'
[1.547s] DEBUG:colcon.colcon_core.verb:Building package 'ur5_controller' with the following arguments: {'ament_cmake_args': None, 'build_base': '/home/taj71/octo_ws/src/build/ur5_controller', 'catkin_cmake_args': None, 'catkin_skip_building_tests': False, 'cmake_args': None, 'cmake_clean_cache': False, 'cmake_clean_first': False, 'cmake_force_configure': False, 'cmake_target': None, 'cmake_target_skip_unavailable': False, 'install_base': '/home/taj71/octo_ws/src/install/ur5_controller', 'merge_install': False, 'path': '/home/taj71/octo_ws/src/ur5_controller', 'symlink_install': False, 'test_result_base': None}
[1.549s] Level 5:colcon.colcon_core.verb:set package 'ur5_robot_description' build argument 'cmake_args' from command line to 'None'
[1.549s] Level 5:colcon.colcon_core.verb:set package 'ur5_robot_description' build argument 'cmake_target' from command line to 'None'
[1.549s] Level 5:colcon.colcon_core.verb:set package 'ur5_robot_description' build argument 'cmake_target_skip_unavailable' from command line to 'False'
[1.550s] Level 5:colcon.colcon_core.verb:set package 'ur5_robot_description' build argument 'cmake_clean_cache' from command line to 'False'
[1.550s] Level 5:colcon.colcon_core.verb:set package 'ur5_robot_description' build argument 'cmake_clean_first' from command line to 'False'
[1.550s] Level 5:colcon.colcon_core.verb:set package 'ur5_robot_description' build argument 'cmake_force_configure' from command line to 'False'
[1.550s] Level 5:colcon.colcon_core.verb:set package 'ur5_robot_description' build argument 'ament_cmake_args' from command line to 'None'
[1.550s] Level 5:colcon.colcon_core.verb:set package 'ur5_robot_description' build argument 'catkin_cmake_args' from command line to 'None'
[1.550s] Level 5:colcon.colcon_core.verb:set package 'ur5_robot_description' build argument 'catkin_skip_building_tests' from command line to 'False'
[1.550s] DEBUG:colcon.colcon_core.verb:Building package 'ur5_robot_description' with the following arguments: {'ament_cmake_args': None, 'build_base': '/home/taj71/octo_ws/src/build/ur5_robot_description', 'catkin_cmake_args': None, 'catkin_skip_building_tests': False, 'cmake_args': None, 'cmake_clean_cache': False, 'cmake_clean_first': False, 'cmake_force_configure': False, 'cmake_target': None, 'cmake_target_skip_unavailable': False, 'install_base': '/home/taj71/octo_ws/src/install/ur5_robot_description', 'merge_install': False, 'path': '/home/taj71/octo_ws/src/ur5_robot_description', 'symlink_install': False, 'test_result_base': None}
[1.551s] INFO:colcon.colcon_core.executor:Executing jobs using 'parallel' executor
[1.555s] DEBUG:colcon.colcon_parallel_executor.executor.parallel:run_until_complete
[1.556s] INFO:colcon.colcon_ros.task.ament_cmake.build:Building ROS package in '/home/taj71/octo_ws/src/robotiq_description' with build type 'ament_cmake'
[1.557s] INFO:colcon.colcon_cmake.task.cmake.build:Building CMake package in '/home/taj71/octo_ws/src/robotiq_description'
[1.561s] INFO:colcon.colcon_core.plugin_system:Skipping extension 'colcon_core.shell.bat': Not used on non-Windows systems
[1.562s] INFO:colcon.colcon_core.shell:Skip shell extension 'powershell' for command environment: Not usable outside of PowerShell
[1.562s] DEBUG:colcon.colcon_core.shell:Skip shell extension 'dsv' for command environment
[1.574s] INFO:colcon.colcon_ros.task.ament_cmake.build:Building ROS package in '/home/taj71/octo_ws/src/ur5_controller' with build type 'ament_cmake'
[1.574s] INFO:colcon.colcon_cmake.task.cmake.build:Building CMake package in '/home/taj71/octo_ws/src/ur5_controller'
[1.575s] INFO:colcon.colcon_core.shell:Skip shell extension 'powershell' for command environment: Not usable outside of PowerShell
[1.576s] DEBUG:colcon.colcon_core.shell:Skip shell extension 'dsv' for command environment
[1.590s] INFO:colcon.colcon_ros.task.ament_cmake.build:Building ROS package in '/home/taj71/octo_ws/src/ur5_robot_description' with build type 'ament_cmake'
[1.591s] INFO:colcon.colcon_cmake.task.cmake.build:Building CMake package in '/home/taj71/octo_ws/src/ur5_robot_description'
[1.592s] INFO:colcon.colcon_core.shell:Skip shell extension 'powershell' for command environment: Not usable outside of PowerShell
[1.593s] DEBUG:colcon.colcon_core.shell:Skip shell extension 'dsv' for command environment
[1.632s] DEBUG:colcon.colcon_core.event_handler.log_command:Invoking command in '/home/taj71/octo_ws/src/build/robotiq_description': CMAKE_PREFIX_PATH=${CMAKE_PREFIX_PATH}:/opt/ros/iron:/opt/ros/humble /usr/bin/cmake --build /home/taj71/octo_ws/src/build/robotiq_description -- -j8 -l8
[1.656s] DEBUG:colcon.colcon_core.event_handler.log_command:Invoking command in '/home/taj71/octo_ws/src/build/ur5_controller': CMAKE_PREFIX_PATH=${CMAKE_PREFIX_PATH}:/opt/ros/iron:/opt/ros/humble /usr/bin/cmake --build /home/taj71/octo_ws/src/build/ur5_controller -- -j8 -l8
[1.674s] DEBUG:colcon.colcon_core.event_handler.log_command:Invoking command in '/home/taj71/octo_ws/src/build/ur5_robot_description': CMAKE_PREFIX_PATH=${CMAKE_PREFIX_PATH}:/opt/ros/iron:/opt/ros/humble /usr/bin/cmake --build /home/taj71/octo_ws/src/build/ur5_robot_description -- -j8 -l8
[2.644s] DEBUG:colcon.colcon_core.event_handler.log_command:Invoked command in '/home/taj71/octo_ws/src/build/robotiq_description' returned '0': CMAKE_PREFIX_PATH=${CMAKE_PREFIX_PATH}:/opt/ros/iron:/opt/ros/humble /usr/bin/cmake --build /home/taj71/octo_ws/src/build/robotiq_description -- -j8 -l8
[2.664s] DEBUG:colcon.colcon_core.event_handler.log_command:Invoking command in '/home/taj71/octo_ws/src/build/robotiq_description': CMAKE_PREFIX_PATH=${CMAKE_PREFIX_PATH}:/opt/ros/iron:/opt/ros/humble /usr/bin/cmake --install /home/taj71/octo_ws/src/build/robotiq_description
[2.666s] DEBUG:colcon.colcon_core.event_handler.log_command:Invoked command in '/home/taj71/octo_ws/src/build/ur5_robot_description' returned '0': CMAKE_PREFIX_PATH=${CMAKE_PREFIX_PATH}:/opt/ros/iron:/opt/ros/humble /usr/bin/cmake --build /home/taj71/octo_ws/src/build/ur5_robot_description -- -j8 -l8
[2.676s] DEBUG:colcon.colcon_core.event_handler.log_command:Invoking command in '/home/taj71/octo_ws/src/build/ur5_robot_description': CMAKE_PREFIX_PATH=${CMAKE_PREFIX_PATH}:/opt/ros/iron:/opt/ros/humble /usr/bin/cmake --install /home/taj71/octo_ws/src/build/ur5_robot_description
[2.681s] DEBUG:colcon.colcon_core.event_handler.log_command:Invoked command in '/home/taj71/octo_ws/src/build/ur5_controller' returned '0': CMAKE_PREFIX_PATH=${CMAKE_PREFIX_PATH}:/opt/ros/iron:/opt/ros/humble /usr/bin/cmake --build /home/taj71/octo_ws/src/build/ur5_controller -- -j8 -l8
[2.700s] DEBUG:colcon.colcon_core.event_handler.log_command:Invoking command in '/home/taj71/octo_ws/src/build/ur5_controller': CMAKE_PREFIX_PATH=${CMAKE_PREFIX_PATH}:/opt/ros/iron:/opt/ros/humble /usr/bin/cmake --install /home/taj71/octo_ws/src/build/ur5_controller
[2.714s] Level 1:colcon.colcon_core.environment:create_environment_scripts_only(robotiq_description)
[2.741s] Level 1:colcon.colcon_core.environment:checking '/home/taj71/octo_ws/src/install/robotiq_description' for CMake module files
[2.748s] Level 1:colcon.colcon_core.environment:checking '/home/taj71/octo_ws/src/install/robotiq_description' for CMake config files
[2.760s] Level 1:colcon.colcon_core.shell:create_environment_hook('robotiq_description', 'cmake_prefix_path')
[2.760s] INFO:colcon.colcon_core.shell:Creating environment hook '/home/taj71/octo_ws/src/install/robotiq_description/share/robotiq_description/hook/cmake_prefix_path.ps1'
[2.765s] INFO:colcon.colcon_core.shell:Creating environment descriptor '/home/taj71/octo_ws/src/install/robotiq_description/share/robotiq_description/hook/cmake_prefix_path.dsv'
[2.770s] INFO:colcon.colcon_core.shell:Creating environment hook '/home/taj71/octo_ws/src/install/robotiq_description/share/robotiq_description/hook/cmake_prefix_path.sh'
[2.777s] Level 1:colcon.colcon_core.environment:checking '/home/taj71/octo_ws/src/install/robotiq_description/bin'
[2.777s] Level 1:colcon.colcon_core.environment:checking '/home/taj71/octo_ws/src/install/robotiq_description/lib/pkgconfig/robotiq_description.pc'
[2.778s] Level 1:colcon.colcon_core.environment:checking '/home/taj71/octo_ws/src/install/robotiq_description/lib/python3.10/site-packages'
[2.778s] Level 1:colcon.colcon_core.environment:checking '/home/taj71/octo_ws/src/install/robotiq_description/bin'
[2.779s] INFO:colcon.colcon_core.shell:Creating package script '/home/taj71/octo_ws/src/install/robotiq_description/share/robotiq_description/package.ps1'
[2.782s] DEBUG:colcon.colcon_core.event_handler.log_command:Invoked command in '/home/taj71/octo_ws/src/build/robotiq_description' returned '0': CMAKE_PREFIX_PATH=${CMAKE_PREFIX_PATH}:/opt/ros/iron:/opt/ros/humble /usr/bin/cmake --install /home/taj71/octo_ws/src/build/robotiq_description
[2.783s] INFO:colcon.colcon_core.shell:Creating package descriptor '/home/taj71/octo_ws/src/install/robotiq_description/share/robotiq_description/package.dsv'
[2.785s] INFO:colcon.colcon_core.shell:Creating package script '/home/taj71/octo_ws/src/install/robotiq_description/share/robotiq_description/package.sh'
[2.786s] INFO:colcon.colcon_core.shell:Creating package script '/home/taj71/octo_ws/src/install/robotiq_description/share/robotiq_description/package.bash'
[2.788s] INFO:colcon.colcon_core.shell:Creating package script '/home/taj71/octo_ws/src/install/robotiq_description/share/robotiq_description/package.zsh'
[2.789s] Level 1:colcon.colcon_core.environment:create_file_with_runtime_dependencies(/home/taj71/octo_ws/src/install/robotiq_description/share/colcon-core/packages/robotiq_description)
[2.791s] Level 1:colcon.colcon_core.environment:create_environment_scripts_only(robotiq_description)
[2.791s] Level 1:colcon.colcon_core.environment:checking '/home/taj71/octo_ws/src/install/robotiq_description' for CMake module files
[2.792s] Level 1:colcon.colcon_core.environment:checking '/home/taj71/octo_ws/src/install/robotiq_description' for CMake config files
[2.793s] Level 1:colcon.colcon_core.shell:create_environment_hook('robotiq_description', 'cmake_prefix_path')
[2.794s] INFO:colcon.colcon_core.shell:Creating environment hook '/home/taj71/octo_ws/src/install/robotiq_description/share/robotiq_description/hook/cmake_prefix_path.ps1'
[2.795s] INFO:colcon.colcon_core.shell:Creating environment descriptor '/home/taj71/octo_ws/src/install/robotiq_description/share/robotiq_description/hook/cmake_prefix_path.dsv'
[2.796s] INFO:colcon.colcon_core.shell:Creating environment hook '/home/taj71/octo_ws/src/install/robotiq_description/share/robotiq_description/hook/cmake_prefix_path.sh'
[2.798s] Level 1:colcon.colcon_core.environment:checking '/home/taj71/octo_ws/src/install/robotiq_description/bin'
[2.799s] Level 1:colcon.colcon_core.environment:checking '/home/taj71/octo_ws/src/install/robotiq_description/lib/pkgconfig/robotiq_description.pc'
[2.800s] Level 1:colcon.colcon_core.environment:checking '/home/taj71/octo_ws/src/install/robotiq_description/lib/python3.10/site-packages'
[2.800s] Level 1:colcon.colcon_core.environment:checking '/home/taj71/octo_ws/src/install/robotiq_description/bin'
[2.801s] INFO:colcon.colcon_core.shell:Creating package script '/home/taj71/octo_ws/src/install/robotiq_description/share/robotiq_description/package.ps1'
[2.802s] INFO:colcon.colcon_core.shell:Creating package descriptor '/home/taj71/octo_ws/src/install/robotiq_description/share/robotiq_description/package.dsv'
[2.803s] INFO:colcon.colcon_core.shell:Creating package script '/home/taj71/octo_ws/src/install/robotiq_description/share/robotiq_description/package.sh'
[2.804s] INFO:colcon.colcon_core.shell:Creating package script '/home/taj71/octo_ws/src/install/robotiq_description/share/robotiq_description/package.bash'
[2.805s] INFO:colcon.colcon_core.shell:Creating package script '/home/taj71/octo_ws/src/install/robotiq_description/share/robotiq_description/package.zsh'
[2.807s] Level 1:colcon.colcon_core.environment:create_file_with_runtime_dependencies(/home/taj71/octo_ws/src/install/robotiq_description/share/colcon-core/packages/robotiq_description)
[2.814s] Level 1:colcon.colcon_core.environment:create_environment_scripts_only(ur5_robot_description)
[2.818s] Level 1:colcon.colcon_core.environment:checking '/home/taj71/octo_ws/src/install/ur5_robot_description' for CMake module files
[2.820s] DEBUG:colcon.colcon_core.event_handler.log_command:Invoked command in '/home/taj71/octo_ws/src/build/ur5_robot_description' returned '0': CMAKE_PREFIX_PATH=${CMAKE_PREFIX_PATH}:/opt/ros/iron:/opt/ros/humble /usr/bin/cmake --install /home/taj71/octo_ws/src/build/ur5_robot_description
[2.821s] Level 1:colcon.colcon_core.environment:checking '/home/taj71/octo_ws/src/install/ur5_robot_description' for CMake config files
[2.822s] Level 1:colcon.colcon_core.shell:create_environment_hook('ur5_robot_description', 'cmake_prefix_path')
[2.823s] INFO:colcon.colcon_core.shell:Creating environment hook '/home/taj71/octo_ws/src/install/ur5_robot_description/share/ur5_robot_description/hook/cmake_prefix_path.ps1'
[2.824s] INFO:colcon.colcon_core.shell:Creating environment descriptor '/home/taj71/octo_ws/src/install/ur5_robot_description/share/ur5_robot_description/hook/cmake_prefix_path.dsv'
[2.825s] INFO:colcon.colcon_core.shell:Creating environment hook '/home/taj71/octo_ws/src/install/ur5_robot_description/share/ur5_robot_description/hook/cmake_prefix_path.sh'
[2.827s] Level 1:colcon.colcon_core.environment:checking '/home/taj71/octo_ws/src/install/ur5_robot_description/bin'
[2.828s] Level 1:colcon.colcon_core.environment:checking '/home/taj71/octo_ws/src/install/ur5_robot_description/lib/pkgconfig/ur5_robot_description.pc'
[2.828s] Level 1:colcon.colcon_core.environment:checking '/home/taj71/octo_ws/src/install/ur5_robot_description/lib/python3.10/site-packages'
[2.829s] Level 1:colcon.colcon_core.environment:checking '/home/taj71/octo_ws/src/install/ur5_robot_description/bin'
[2.830s] INFO:colcon.colcon_core.shell:Creating package script '/home/taj71/octo_ws/src/install/ur5_robot_description/share/ur5_robot_description/package.ps1'
[2.831s] INFO:colcon.colcon_core.shell:Creating package descriptor '/home/taj71/octo_ws/src/install/ur5_robot_description/share/ur5_robot_description/package.dsv'
[2.832s] INFO:colcon.colcon_core.shell:Creating package script '/home/taj71/octo_ws/src/install/ur5_robot_description/share/ur5_robot_description/package.sh'
[2.833s] INFO:colcon.colcon_core.shell:Creating package script '/home/taj71/octo_ws/src/install/ur5_robot_description/share/ur5_robot_description/package.bash'
[2.834s] INFO:colcon.colcon_core.shell:Creating package script '/home/taj71/octo_ws/src/install/ur5_robot_description/share/ur5_robot_description/package.zsh'
[2.835s] Level 1:colcon.colcon_core.environment:create_file_with_runtime_dependencies(/home/taj71/octo_ws/src/install/ur5_robot_description/share/colcon-core/packages/ur5_robot_description)
[2.837s] Level 1:colcon.colcon_core.environment:create_environment_scripts_only(ur5_robot_description)
[2.837s] Level 1:colcon.colcon_core.environment:checking '/home/taj71/octo_ws/src/install/ur5_robot_description' for CMake module files
[2.838s] Level 1:colcon.colcon_core.environment:checking '/home/taj71/octo_ws/src/install/ur5_robot_description' for CMake config files
[2.839s] Level 1:colcon.colcon_core.shell:create_environment_hook('ur5_robot_description', 'cmake_prefix_path')
[2.840s] INFO:colcon.colcon_core.shell:Creating environment hook '/home/taj71/octo_ws/src/install/ur5_robot_description/share/ur5_robot_description/hook/cmake_prefix_path.ps1'
[2.842s] INFO:colcon.colcon_core.shell:Creating environment descriptor '/home/taj71/octo_ws/src/install/ur5_robot_description/share/ur5_robot_description/hook/cmake_prefix_path.dsv'
[2.844s] INFO:colcon.colcon_core.shell:Creating environment hook '/home/taj71/octo_ws/src/install/ur5_robot_description/share/ur5_robot_description/hook/cmake_prefix_path.sh'
[2.849s] Level 1:colcon.colcon_core.environment:checking '/home/taj71/octo_ws/src/install/ur5_robot_description/bin'
[2.849s] Level 1:colcon.colcon_core.environment:checking '/home/taj71/octo_ws/src/install/ur5_robot_description/lib/pkgconfig/ur5_robot_description.pc'
[2.849s] Level 1:colcon.colcon_core.environment:checking '/home/taj71/octo_ws/src/install/ur5_robot_description/lib/python3.10/site-packages'
[2.850s] Level 1:colcon.colcon_core.environment:checking '/home/taj71/octo_ws/src/install/ur5_robot_description/bin'
[2.851s] INFO:colcon.colcon_core.shell:Creating package script '/home/taj71/octo_ws/src/install/ur5_robot_description/share/ur5_robot_description/package.ps1'
[2.852s] INFO:colcon.colcon_core.shell:Creating package descriptor '/home/taj71/octo_ws/src/install/ur5_robot_description/share/ur5_robot_description/package.dsv'
[2.853s] INFO:colcon.colcon_core.shell:Creating package script '/home/taj71/octo_ws/src/install/ur5_robot_description/share/ur5_robot_description/package.sh'
[2.854s] INFO:colcon.colcon_core.shell:Creating package script '/home/taj71/octo_ws/src/install/ur5_robot_description/share/ur5_robot_description/package.bash'
[2.855s] INFO:colcon.colcon_core.shell:Creating package script '/home/taj71/octo_ws/src/install/ur5_robot_description/share/ur5_robot_description/package.zsh'
[2.857s] Level 1:colcon.colcon_core.environment:create_file_with_runtime_dependencies(/home/taj71/octo_ws/src/install/ur5_robot_description/share/colcon-core/packages/ur5_robot_description)
[2.859s] Level 1:colcon.colcon_core.environment:create_environment_scripts_only(ur5_controller)
[2.861s] Level 1:colcon.colcon_core.environment:checking '/home/taj71/octo_ws/src/install/ur5_controller' for CMake module files
[2.865s] Level 1:colcon.colcon_core.environment:checking '/home/taj71/octo_ws/src/install/ur5_controller' for CMake config files
[2.865s] DEBUG:colcon.colcon_core.event_handler.log_command:Invoked command in '/home/taj71/octo_ws/src/build/ur5_controller' returned '0': CMAKE_PREFIX_PATH=${CMAKE_PREFIX_PATH}:/opt/ros/iron:/opt/ros/humble /usr/bin/cmake --install /home/taj71/octo_ws/src/build/ur5_controller
[2.866s] Level 1:colcon.colcon_core.shell:create_environment_hook('ur5_controller', 'cmake_prefix_path')
[2.867s] INFO:colcon.colcon_core.shell:Creating environment hook '/home/taj71/octo_ws/src/install/ur5_controller/share/ur5_controller/hook/cmake_prefix_path.ps1'
[2.869s] INFO:colcon.colcon_core.shell:Creating environment descriptor '/home/taj71/octo_ws/src/install/ur5_controller/share/ur5_controller/hook/cmake_prefix_path.dsv'
[2.871s] INFO:colcon.colcon_core.shell:Creating environment hook '/home/taj71/octo_ws/src/install/ur5_controller/share/ur5_controller/hook/cmake_prefix_path.sh'
[2.874s] Level 1:colcon.colcon_core.environment:checking '/home/taj71/octo_ws/src/install/ur5_controller/bin'
[2.874s] Level 1:colcon.colcon_core.environment:checking '/home/taj71/octo_ws/src/install/ur5_controller/lib/pkgconfig/ur5_controller.pc'
[2.875s] Level 1:colcon.colcon_core.environment:checking '/home/taj71/octo_ws/src/install/ur5_controller/lib/python3.10/site-packages'
[2.876s] Level 1:colcon.colcon_core.environment:checking '/home/taj71/octo_ws/src/install/ur5_controller/bin'
[2.877s] INFO:colcon.colcon_core.shell:Creating package script '/home/taj71/octo_ws/src/install/ur5_controller/share/ur5_controller/package.ps1'
[2.879s] INFO:colcon.colcon_core.shell:Creating package descriptor '/home/taj71/octo_ws/src/install/ur5_controller/share/ur5_controller/package.dsv'
[2.881s] INFO:colcon.colcon_core.shell:Creating package script '/home/taj71/octo_ws/src/install/ur5_controller/share/ur5_controller/package.sh'
[2.883s] INFO:colcon.colcon_core.shell:Creating package script '/home/taj71/octo_ws/src/install/ur5_controller/share/ur5_controller/package.bash'
[2.884s] INFO:colcon.colcon_core.shell:Creating package script '/home/taj71/octo_ws/src/install/ur5_controller/share/ur5_controller/package.zsh'
[2.885s] Level 1:colcon.colcon_core.environment:create_file_with_runtime_dependencies(/home/taj71/octo_ws/src/install/ur5_controller/share/colcon-core/packages/ur5_controller)
[2.888s] Level 1:colcon.colcon_core.environment:create_environment_scripts_only(ur5_controller)
[2.889s] Level 1:colcon.colcon_core.environment:checking '/home/taj71/octo_ws/src/install/ur5_controller' for CMake module files
[2.893s] Level 1:colcon.colcon_core.environment:checking '/home/taj71/octo_ws/src/install/ur5_controller' for CMake config files
[2.894s] Level 1:colcon.colcon_core.shell:create_environment_hook('ur5_controller', 'cmake_prefix_path')
[2.896s] INFO:colcon.colcon_core.shell:Creating environment hook '/home/taj71/octo_ws/src/install/ur5_controller/share/ur5_controller/hook/cmake_prefix_path.ps1'
[2.900s] INFO:colcon.colcon_core.shell:Creating environment descriptor '/home/taj71/octo_ws/src/install/ur5_controller/share/ur5_controller/hook/cmake_prefix_path.dsv'
[2.902s] INFO:colcon.colcon_core.shell:Creating environment hook '/home/taj71/octo_ws/src/install/ur5_controller/share/ur5_controller/hook/cmake_prefix_path.sh'
[2.904s] Level 1:colcon.colcon_core.environment:checking '/home/taj71/octo_ws/src/install/ur5_controller/bin'
[2.905s] Level 1:colcon.colcon_core.environment:checking '/home/taj71/octo_ws/src/install/ur5_controller/lib/pkgconfig/ur5_controller.pc'
[2.907s] Level 1:colcon.colcon_core.environment:checking '/home/taj71/octo_ws/src/install/ur5_controller/lib/python3.10/site-packages'
[2.908s] Level 1:colcon.colcon_core.environment:checking '/home/taj71/octo_ws/src/install/ur5_controller/bin'
[2.910s] INFO:colcon.colcon_core.shell:Creating package script '/home/taj71/octo_ws/src/install/ur5_controller/share/ur5_controller/package.ps1'
[2.915s] INFO:colcon.colcon_core.shell:Creating package descriptor '/home/taj71/octo_ws/src/install/ur5_controller/share/ur5_controller/package.dsv'
[2.917s] INFO:colcon.colcon_core.shell:Creating package script '/home/taj71/octo_ws/src/install/ur5_controller/share/ur5_controller/package.sh'
[2.919s] INFO:colcon.colcon_core.shell:Creating package script '/home/taj71/octo_ws/src/install/ur5_controller/share/ur5_controller/package.bash'
[2.921s] INFO:colcon.colcon_core.shell:Creating package script '/home/taj71/octo_ws/src/install/ur5_controller/share/ur5_controller/package.zsh'
[2.923s] Level 1:colcon.colcon_core.environment:create_file_with_runtime_dependencies(/home/taj71/octo_ws/src/install/ur5_controller/share/colcon-core/packages/ur5_controller)
[2.924s] DEBUG:colcon.colcon_parallel_executor.executor.parallel:closing loop
[2.926s] DEBUG:colcon.colcon_parallel_executor.executor.parallel:loop closed
[2.927s] DEBUG:colcon.colcon_parallel_executor.executor.parallel:run_until_complete finished with '0'
[2.928s] DEBUG:colcon.colcon_core.event_reactor:joining thread
[3.251s] INFO:colcon.colcon_core.plugin_system:Skipping extension 'colcon_notification.desktop_notification.notify_send': Could not find 'notify-send'
[3.252s] INFO:colcon.colcon_core.plugin_system:Skipping extension 'colcon_notification.desktop_notification.terminal_notifier': Not used on non-Darwin systems
[3.252s] INFO:colcon.colcon_core.plugin_system:Skipping extension 'colcon_notification.desktop_notification.win32': Not used on non-Windows systems
[3.252s] INFO:colcon.colcon_notification.desktop_notification:Sending desktop notification using 'notify2'
[3.252s] DEBUG:colcon.colcon_notification.desktop_notification.notify2:Failed to initialize notify2: org.freedesktop.DBus.Error.FileNotFound: Failed to connect to socket /run/user/1000/bus: No such file or directory
[3.253s] DEBUG:colcon.colcon_core.event_reactor:joined thread
[3.254s] INFO:colcon.colcon_core.shell:Creating prefix script '/home/taj71/octo_ws/src/install/local_setup.ps1'
[3.257s] INFO:colcon.colcon_core.shell:Creating prefix util module '/home/taj71/octo_ws/src/install/_local_setup_util_ps1.py'
[3.260s] INFO:colcon.colcon_core.shell:Creating prefix chain script '/home/taj71/octo_ws/src/install/setup.ps1'
[3.262s] INFO:colcon.colcon_core.shell:Creating prefix script '/home/taj71/octo_ws/src/install/local_setup.sh'
[3.264s] INFO:colcon.colcon_core.shell:Creating prefix util module '/home/taj71/octo_ws/src/install/_local_setup_util_sh.py'
[3.265s] INFO:colcon.colcon_core.shell:Creating prefix chain script '/home/taj71/octo_ws/src/install/setup.sh'
[3.268s] INFO:colcon.colcon_core.shell:Creating prefix script '/home/taj71/octo_ws/src/install/local_setup.bash'
[3.269s] INFO:colcon.colcon_core.shell:Creating prefix chain script '/home/taj71/octo_ws/src/install/setup.bash'
[3.273s] INFO:colcon.colcon_core.shell:Creating prefix script '/home/taj71/octo_ws/src/install/local_setup.zsh'
[3.274s] INFO:colcon.colcon_core.shell:Creating prefix chain script '/home/taj71/octo_ws/src/install/setup.zsh'
